[1.924s] Invoking command in '/home/ductrung/bumperbot_ws/src/bumperbot_py_examples': AMENT_PREFIX_PATH=/home/ductrung/bumperbot_ws/install/bumperbot_msgs:${AMENT_PREFIX_PATH} CMAKE_PREFIX_PATH=/home/ductrung/bumperbot_ws/install/bumperbot_msgs:${CMAKE_PREFIX_PATH} LD_LIBRARY_PATH=/home/ductrung/bumperbot_ws/install/bumperbot_msgs/lib:/usr/lib/x86_64-linux-gnu/gazebo-11/plugins:/opt/ros/humble/opt/rviz_ogre_vendor/lib:/opt/ros/humble/lib/x86_64-linux-gnu:/opt/ros/humble/lib:/usr/share/gazebo/../../lib/x86_64-linux-gnu/gazebo-11/plugins PYTHONPATH=/home/ductrung/bumperbot_ws/build/bumperbot_py_examples/prefix_override:/usr/lib/python3/dist-packages/colcon_core/task/python/colcon_distutils_commands:/home/ductrung/bumperbot_ws/install/bumperbot_py_examples/lib/python3.10/site-packages:/home/ductrung/bumperbot_ws/install/bumperbot_msgs/local/lib/python3.10/dist-packages:${PYTHONPATH} /usr/bin/python3 -W ignore:setup.py install is deprecated setup.py egg_info --egg-base ../../build/bumperbot_py_examples build --build-base /home/ductrung/bumperbot_ws/build/bumperbot_py_examples/build install --record /home/ductrung/bumperbot_ws/build/bumperbot_py_examples/install.log --single-version-externally-managed install_data
[2.220s] running egg_info
[2.220s] creating ../../build/bumperbot_py_examples/bumperbot_py_examples.egg-info
[2.221s] writing ../../build/bumperbot_py_examples/bumperbot_py_examples.egg-info/PKG-INFO
[2.221s] writing dependency_links to ../../build/bumperbot_py_examples/bumperbot_py_examples.egg-info/dependency_links.txt
[2.221s] writing entry points to ../../build/bumperbot_py_examples/bumperbot_py_examples.egg-info/entry_points.txt
[2.221s] writing requirements to ../../build/bumperbot_py_examples/bumperbot_py_examples.egg-info/requires.txt
[2.221s] writing top-level names to ../../build/bumperbot_py_examples/bumperbot_py_examples.egg-info/top_level.txt
[2.221s] writing manifest file '../../build/bumperbot_py_examples/bumperbot_py_examples.egg-info/SOURCES.txt'
[2.223s] reading manifest file '../../build/bumperbot_py_examples/bumperbot_py_examples.egg-info/SOURCES.txt'
[2.224s] writing manifest file '../../build/bumperbot_py_examples/bumperbot_py_examples.egg-info/SOURCES.txt'
[2.224s] running build
[2.224s] running build_py
[2.225s] creating /home/ductrung/bumperbot_ws/build/bumperbot_py_examples/build
[2.225s] creating /home/ductrung/bumperbot_ws/build/bumperbot_py_examples/build/lib
[2.225s] creating /home/ductrung/bumperbot_ws/build/bumperbot_py_examples/build/lib/bumperbot_py_examples
[2.225s] copying bumperbot_py_examples/simple_service_server.py -> /home/ductrung/bumperbot_ws/build/bumperbot_py_examples/build/lib/bumperbot_py_examples
[2.225s] copying bumperbot_py_examples/simple_turtlesim_kinematics.py -> /home/ductrung/bumperbot_ws/build/bumperbot_py_examples/build/lib/bumperbot_py_examples
[2.225s] copying bumperbot_py_examples/simple_parameter.py -> /home/ductrung/bumperbot_ws/build/bumperbot_py_examples/build/lib/bumperbot_py_examples
[2.225s] copying bumperbot_py_examples/simple_publisher.py -> /home/ductrung/bumperbot_ws/build/bumperbot_py_examples/build/lib/bumperbot_py_examples
[2.225s] copying bumperbot_py_examples/__init__.py -> /home/ductrung/bumperbot_ws/build/bumperbot_py_examples/build/lib/bumperbot_py_examples
[2.225s] copying bumperbot_py_examples/simple_service_client.py -> /home/ductrung/bumperbot_ws/build/bumperbot_py_examples/build/lib/bumperbot_py_examples
[2.225s] copying bumperbot_py_examples/simple_tf_kinematics.py -> /home/ductrung/bumperbot_ws/build/bumperbot_py_examples/build/lib/bumperbot_py_examples
[2.226s] copying bumperbot_py_examples/simple_subscriber.py -> /home/ductrung/bumperbot_ws/build/bumperbot_py_examples/build/lib/bumperbot_py_examples
[2.226s] running install
[2.226s] running install_lib
[2.227s] creating /home/ductrung/bumperbot_ws/install/bumperbot_py_examples/lib/python3.10/site-packages/bumperbot_py_examples
[2.227s] copying /home/ductrung/bumperbot_ws/build/bumperbot_py_examples/build/lib/bumperbot_py_examples/simple_service_server.py -> /home/ductrung/bumperbot_ws/install/bumperbot_py_examples/lib/python3.10/site-packages/bumperbot_py_examples
[2.227s] copying /home/ductrung/bumperbot_ws/build/bumperbot_py_examples/build/lib/bumperbot_py_examples/simple_turtlesim_kinematics.py -> /home/ductrung/bumperbot_ws/install/bumperbot_py_examples/lib/python3.10/site-packages/bumperbot_py_examples
[2.227s] copying /home/ductrung/bumperbot_ws/build/bumperbot_py_examples/build/lib/bumperbot_py_examples/simple_parameter.py -> /home/ductrung/bumperbot_ws/install/bumperbot_py_examples/lib/python3.10/site-packages/bumperbot_py_examples
[2.227s] copying /home/ductrung/bumperbot_ws/build/bumperbot_py_examples/build/lib/bumperbot_py_examples/simple_publisher.py -> /home/ductrung/bumperbot_ws/install/bumperbot_py_examples/lib/python3.10/site-packages/bumperbot_py_examples
[2.227s] copying /home/ductrung/bumperbot_ws/build/bumperbot_py_examples/build/lib/bumperbot_py_examples/__init__.py -> /home/ductrung/bumperbot_ws/install/bumperbot_py_examples/lib/python3.10/site-packages/bumperbot_py_examples
[2.227s] copying /home/ductrung/bumperbot_ws/build/bumperbot_py_examples/build/lib/bumperbot_py_examples/simple_service_client.py -> /home/ductrung/bumperbot_ws/install/bumperbot_py_examples/lib/python3.10/site-packages/bumperbot_py_examples
[2.227s] copying /home/ductrung/bumperbot_ws/build/bumperbot_py_examples/build/lib/bumperbot_py_examples/simple_tf_kinematics.py -> /home/ductrung/bumperbot_ws/install/bumperbot_py_examples/lib/python3.10/site-packages/bumperbot_py_examples
[2.228s] copying /home/ductrung/bumperbot_ws/build/bumperbot_py_examples/build/lib/bumperbot_py_examples/simple_subscriber.py -> /home/ductrung/bumperbot_ws/install/bumperbot_py_examples/lib/python3.10/site-packages/bumperbot_py_examples
[2.228s] byte-compiling /home/ductrung/bumperbot_ws/install/bumperbot_py_examples/lib/python3.10/site-packages/bumperbot_py_examples/simple_service_server.py to simple_service_server.cpython-310.pyc
[2.228s] byte-compiling /home/ductrung/bumperbot_ws/install/bumperbot_py_examples/lib/python3.10/site-packages/bumperbot_py_examples/simple_turtlesim_kinematics.py to simple_turtlesim_kinematics.cpython-310.pyc
[2.229s] byte-compiling /home/ductrung/bumperbot_ws/install/bumperbot_py_examples/lib/python3.10/site-packages/bumperbot_py_examples/simple_parameter.py to simple_parameter.cpython-310.pyc
[2.232s] byte-compiling /home/ductrung/bumperbot_ws/install/bumperbot_py_examples/lib/python3.10/site-packages/bumperbot_py_examples/simple_publisher.py to simple_publisher.cpython-310.pyc
[2.232s] byte-compiling /home/ductrung/bumperbot_ws/install/bumperbot_py_examples/lib/python3.10/site-packages/bumperbot_py_examples/__init__.py to __init__.cpython-310.pyc
[2.232s] byte-compiling /home/ductrung/bumperbot_ws/install/bumperbot_py_examples/lib/python3.10/site-packages/bumperbot_py_examples/simple_service_client.py to simple_service_client.cpython-310.pyc
[2.236s] byte-compiling /home/ductrung/bumperbot_ws/install/bumperbot_py_examples/lib/python3.10/site-packages/bumperbot_py_examples/simple_tf_kinematics.py to simple_tf_kinematics.cpython-310.pyc
[2.236s] byte-compiling /home/ductrung/bumperbot_ws/install/bumperbot_py_examples/lib/python3.10/site-packages/bumperbot_py_examples/simple_subscriber.py to simple_subscriber.cpython-310.pyc
[2.236s] running install_data
[2.236s] creating /home/ductrung/bumperbot_ws/install/bumperbot_py_examples/share/ament_index
[2.236s] creating /home/ductrung/bumperbot_ws/install/bumperbot_py_examples/share/ament_index/resource_index
[2.236s] creating /home/ductrung/bumperbot_ws/install/bumperbot_py_examples/share/ament_index/resource_index/packages
[2.236s] copying resource/bumperbot_py_examples -> /home/ductrung/bumperbot_ws/install/bumperbot_py_examples/share/ament_index/resource_index/packages
[2.237s] copying package.xml -> /home/ductrung/bumperbot_ws/install/bumperbot_py_examples/share/bumperbot_py_examples
[2.237s] running install_egg_info
[2.237s] Copying ../../build/bumperbot_py_examples/bumperbot_py_examples.egg-info to /home/ductrung/bumperbot_ws/install/bumperbot_py_examples/lib/python3.10/site-packages/bumperbot_py_examples-0.0.0-py3.10.egg-info
[2.238s] running install_scripts
[2.262s] Installing simple_parameter script to /home/ductrung/bumperbot_ws/install/bumperbot_py_examples/lib/bumperbot_py_examples
[2.263s] Installing simple_publisher script to /home/ductrung/bumperbot_ws/install/bumperbot_py_examples/lib/bumperbot_py_examples
[2.263s] Installing simple_service_client script to /home/ductrung/bumperbot_ws/install/bumperbot_py_examples/lib/bumperbot_py_examples
[2.263s] Installing simple_service_server script to /home/ductrung/bumperbot_ws/install/bumperbot_py_examples/lib/bumperbot_py_examples
[2.263s] Installing simple_subscriber script to /home/ductrung/bumperbot_ws/install/bumperbot_py_examples/lib/bumperbot_py_examples
[2.263s] Installing simple_tf_kinematics script to /home/ductrung/bumperbot_ws/install/bumperbot_py_examples/lib/bumperbot_py_examples
[2.266s] Installing simple_turtlesim_kinematics script to /home/ductrung/bumperbot_ws/install/bumperbot_py_examples/lib/bumperbot_py_examples
[2.266s] writing list of installed files to '/home/ductrung/bumperbot_ws/build/bumperbot_py_examples/install.log'
[2.315s] Invoked command in '/home/ductrung/bumperbot_ws/src/bumperbot_py_examples' returned '0': AMENT_PREFIX_PATH=/home/ductrung/bumperbot_ws/install/bumperbot_msgs:${AMENT_PREFIX_PATH} CMAKE_PREFIX_PATH=/home/ductrung/bumperbot_ws/install/bumperbot_msgs:${CMAKE_PREFIX_PATH} LD_LIBRARY_PATH=/home/ductrung/bumperbot_ws/install/bumperbot_msgs/lib:/usr/lib/x86_64-linux-gnu/gazebo-11/plugins:/opt/ros/humble/opt/rviz_ogre_vendor/lib:/opt/ros/humble/lib/x86_64-linux-gnu:/opt/ros/humble/lib:/usr/share/gazebo/../../lib/x86_64-linux-gnu/gazebo-11/plugins PYTHONPATH=/home/ductrung/bumperbot_ws/build/bumperbot_py_examples/prefix_override:/usr/lib/python3/dist-packages/colcon_core/task/python/colcon_distutils_commands:/home/ductrung/bumperbot_ws/install/bumperbot_py_examples/lib/python3.10/site-packages:/home/ductrung/bumperbot_ws/install/bumperbot_msgs/local/lib/python3.10/dist-packages:${PYTHONPATH} /usr/bin/python3 -W ignore:setup.py install is deprecated setup.py egg_info --egg-base ../../build/bumperbot_py_examples build --build-base /home/ductrung/bumperbot_ws/build/bumperbot_py_examples/build install --record /home/ductrung/bumperbot_ws/build/bumperbot_py_examples/install.log --single-version-externally-managed install_data
