[0.060s] Invoking command in '/home/ductrung/bumperbot_ws/build/bumperbot_navigation': /usr/bin/cmake --build /home/ductrung/bumperbot_ws/build/bumperbot_navigation -- -j4 -l4
[0.154s] -- Found ament_cmake: 1.3.10 (/opt/ros/humble/share/ament_cmake/cmake)
[0.680s] -- Found rclcpp: 16.0.10 (/opt/ros/humble/share/rclcpp/cmake)
[0.739s] -- Found rosidl_generator_c: 3.1.5 (/opt/ros/humble/share/rosidl_generator_c/cmake)
[0.742s] -- Found rosidl_adapter: 3.1.5 (/opt/ros/humble/share/rosidl_adapter/cmake)
[0.784s] -- Found rosidl_generator_cpp: 3.1.5 (/opt/ros/humble/share/rosidl_generator_cpp/cmake)
[0.801s] -- Using all available rosidl_typesupport_c: rosidl_typesupport_fastrtps_c;rosidl_typesupport_introspection_c
[0.828s] -- Using all available rosidl_typesupport_cpp: rosidl_typesupport_fastrtps_cpp;rosidl_typesupport_introspection_cpp
[0.898s] -- Found rmw_implementation_cmake: 6.1.2 (/opt/ros/humble/share/rmw_implementation_cmake/cmake)
[0.898s] -- Found rmw_fastrtps_cpp: 6.2.7 (/opt/ros/humble/share/rmw_fastrtps_cpp/cmake)
[1.004s] -- Using RMW implementation 'rmw_fastrtps_cpp' as default
[1.115s] -- Found nav2_costmap_2d: 1.1.16 (/opt/ros/humble/share/nav2_costmap_2d/cmake)
[1.395s] -- Ensuring Eigen3 include directory is part of orocos-kdl CMake target
[1.671s] [31mCMake Error at CMakeLists.txt:8 (find_package):
[1.706s]   By not providing "Findlaunch.cmake" in CMAKE_MODULE_PATH this project has
[1.737s]   asked CMake to find a package configuration file provided by "launch", but
[1.755s]   CMake did not find one.
[1.755s] 
[1.755s]   Could not find a package configuration file provided by "launch" with any
[1.755s]   of the following names:
[1.755s] 
[1.755s]     launchConfig.cmake
[1.755s]     launch-config.cmake
[1.755s] 
[1.755s]   Add the installation prefix of "launch" to CMAKE_PREFIX_PATH or set
[1.755s]   "launch_DIR" to a directory containing one of the above files.  If "launch"
[1.755s]   provides a separate development package or SDK, be sure it has been
[1.755s]   installed.
[1.755s] 
[1.755s] [0m
[1.755s] -- Configuring incomplete, errors occurred!
[1.757s] See also "/home/ductrung/bumperbot_ws/build/bumperbot_navigation/CMakeFiles/CMakeOutput.log".
[1.762s] gmake: *** [Makefile:138: cmake_check_build_system] Error 1
[1.775s] Invoked command in '/home/ductrung/bumperbot_ws/build/bumperbot_navigation' returned '2': /usr/bin/cmake --build /home/ductrung/bumperbot_ws/build/bumperbot_navigation -- -j4 -l4
