[0.083s] DEBUG:colcon:Command line arguments: ['/usr/bin/colcon', 'build']
[0.083s] DEBUG:colcon:Parsed command line arguments: Namespace(log_base=None, log_level=None, verb_name='build', build_base='build', install_base='install', merge_install=False, symlink_install=False, test_result_base=None, continue_on_error=False, executor='parallel', parallel_workers=4, event_handlers=None, ignore_user_meta=False, metas=['./colcon.meta'], base_paths=['.'], packages_ignore=None, packages_ignore_regex=None, paths=None, packages_up_to=None, packages_up_to_regex=None, packages_above=None, packages_above_and_dependencies=None, packages_above_depth=None, packages_select_by_dep=None, packages_skip_by_dep=None, packages_skip_up_to=None, packages_select_build_failed=False, packages_skip_build_finished=False, packages_select_test_failures=False, packages_skip_test_passed=False, packages_select=None, packages_skip=None, packages_select_regex=None, packages_skip_regex=None, packages_start=None, packages_end=None, allow_overriding=[], cmake_args=None, cmake_target=None, cmake_target_skip_unavailable=False, cmake_clean_cache=False, cmake_clean_first=False, cmake_force_configure=False, ament_cmake_args=None, catkin_cmake_args=None, catkin_skip_building_tests=False, mixin_files=None, mixin=None, verb_parser=<colcon_mixin.mixin.mixin_argument.MixinArgumentDecorator object at 0x7717cb05ace0>, verb_extension=<colcon_core.verb.build.BuildVerb object at 0x7717cb05a800>, main=<bound method BuildVerb.main of <colcon_core.verb.build.BuildVerb object at 0x7717cb05a800>>, mixin_verb=('build',))
[0.215s] Level 1:colcon.colcon_core.package_discovery:discover_packages(colcon_meta) check parameters
[0.215s] Level 1:colcon.colcon_core.package_discovery:discover_packages(recursive) check parameters
[0.215s] Level 1:colcon.colcon_core.package_discovery:discover_packages(ignore) check parameters
[0.215s] Level 1:colcon.colcon_core.package_discovery:discover_packages(path) check parameters
[0.215s] Level 1:colcon.colcon_core.package_discovery:discover_packages(colcon_meta) discover
[0.215s] Level 1:colcon.colcon_core.package_discovery:discover_packages(recursive) discover
[0.215s] INFO:colcon.colcon_core.package_discovery:Crawling recursively for packages in '/home/ductrung/bumperbot_ws'
[0.215s] Level 1:colcon.colcon_core.package_identification:_identify(.) by extensions ['ignore', 'ignore_ament_install']
[0.215s] Level 1:colcon.colcon_core.package_identification:_identify(.) by extension 'ignore'
[0.215s] Level 1:colcon.colcon_core.package_identification:_identify(.) by extension 'ignore_ament_install'
[0.215s] Level 1:colcon.colcon_core.package_identification:_identify(.) by extensions ['colcon_pkg']
[0.215s] Level 1:colcon.colcon_core.package_identification:_identify(.) by extension 'colcon_pkg'
[0.215s] Level 1:colcon.colcon_core.package_identification:_identify(.) by extensions ['colcon_meta']
[0.216s] Level 1:colcon.colcon_core.package_identification:_identify(.) by extension 'colcon_meta'
[0.216s] Level 1:colcon.colcon_core.package_identification:_identify(.) by extensions ['ros']
[0.216s] Level 1:colcon.colcon_core.package_identification:_identify(.) by extension 'ros'
[0.224s] Level 1:colcon.colcon_core.package_identification:_identify(.) by extensions ['cmake', 'python']
[0.224s] Level 1:colcon.colcon_core.package_identification:_identify(.) by extension 'cmake'
[0.225s] Level 1:colcon.colcon_core.package_identification:_identify(.) by extension 'python'
[0.225s] Level 1:colcon.colcon_core.package_identification:_identify(.) by extensions ['python_setup_py']
[0.225s] Level 1:colcon.colcon_core.package_identification:_identify(.) by extension 'python_setup_py'
[0.225s] Level 1:colcon.colcon_core.package_identification:_identify(build) by extensions ['ignore', 'ignore_ament_install']
[0.225s] Level 1:colcon.colcon_core.package_identification:_identify(build) by extension 'ignore'
[0.225s] Level 1:colcon.colcon_core.package_identification:_identify(build) ignored
[0.225s] Level 1:colcon.colcon_core.package_identification:_identify(install) by extensions ['ignore', 'ignore_ament_install']
[0.225s] Level 1:colcon.colcon_core.package_identification:_identify(install) by extension 'ignore'
[0.225s] Level 1:colcon.colcon_core.package_identification:_identify(install) ignored
[0.225s] Level 1:colcon.colcon_core.package_identification:_identify(log) by extensions ['ignore', 'ignore_ament_install']
[0.225s] Level 1:colcon.colcon_core.package_identification:_identify(log) by extension 'ignore'
[0.225s] Level 1:colcon.colcon_core.package_identification:_identify(log) ignored
[0.225s] Level 1:colcon.colcon_core.package_identification:_identify(src) by extensions ['ignore', 'ignore_ament_install']
[0.225s] Level 1:colcon.colcon_core.package_identification:_identify(src) by extension 'ignore'
[0.225s] Level 1:colcon.colcon_core.package_identification:_identify(src) by extension 'ignore_ament_install'
[0.225s] Level 1:colcon.colcon_core.package_identification:_identify(src) by extensions ['colcon_pkg']
[0.225s] Level 1:colcon.colcon_core.package_identification:_identify(src) by extension 'colcon_pkg'
[0.225s] Level 1:colcon.colcon_core.package_identification:_identify(src) by extensions ['colcon_meta']
[0.225s] Level 1:colcon.colcon_core.package_identification:_identify(src) by extension 'colcon_meta'
[0.225s] Level 1:colcon.colcon_core.package_identification:_identify(src) by extensions ['ros']
[0.225s] Level 1:colcon.colcon_core.package_identification:_identify(src) by extension 'ros'
[0.225s] Level 1:colcon.colcon_core.package_identification:_identify(src) by extensions ['cmake', 'python']
[0.225s] Level 1:colcon.colcon_core.package_identification:_identify(src) by extension 'cmake'
[0.226s] Level 1:colcon.colcon_core.package_identification:_identify(src) by extension 'python'
[0.226s] Level 1:colcon.colcon_core.package_identification:_identify(src) by extensions ['python_setup_py']
[0.226s] Level 1:colcon.colcon_core.package_identification:_identify(src) by extension 'python_setup_py'
[0.226s] Level 1:colcon.colcon_core.package_identification:_identify(src/bumperbot_bringup) by extensions ['ignore', 'ignore_ament_install']
[0.226s] Level 1:colcon.colcon_core.package_identification:_identify(src/bumperbot_bringup) by extension 'ignore'
[0.226s] Level 1:colcon.colcon_core.package_identification:_identify(src/bumperbot_bringup) by extension 'ignore_ament_install'
[0.226s] Level 1:colcon.colcon_core.package_identification:_identify(src/bumperbot_bringup) by extensions ['colcon_pkg']
[0.226s] Level 1:colcon.colcon_core.package_identification:_identify(src/bumperbot_bringup) by extension 'colcon_pkg'
[0.226s] Level 1:colcon.colcon_core.package_identification:_identify(src/bumperbot_bringup) by extensions ['colcon_meta']
[0.226s] Level 1:colcon.colcon_core.package_identification:_identify(src/bumperbot_bringup) by extension 'colcon_meta'
[0.226s] Level 1:colcon.colcon_core.package_identification:_identify(src/bumperbot_bringup) by extensions ['ros']
[0.226s] Level 1:colcon.colcon_core.package_identification:_identify(src/bumperbot_bringup) by extension 'ros'
[0.228s] DEBUG:colcon.colcon_core.package_identification:Package 'src/bumperbot_bringup' with type 'ros.ament_cmake' and name 'bumperbot_bringup'
[0.228s] Level 1:colcon.colcon_core.package_identification:_identify(src/bumperbot_controller) by extensions ['ignore', 'ignore_ament_install']
[0.228s] Level 1:colcon.colcon_core.package_identification:_identify(src/bumperbot_controller) by extension 'ignore'
[0.228s] Level 1:colcon.colcon_core.package_identification:_identify(src/bumperbot_controller) by extension 'ignore_ament_install'
[0.228s] Level 1:colcon.colcon_core.package_identification:_identify(src/bumperbot_controller) by extensions ['colcon_pkg']
[0.228s] Level 1:colcon.colcon_core.package_identification:_identify(src/bumperbot_controller) by extension 'colcon_pkg'
[0.228s] Level 1:colcon.colcon_core.package_identification:_identify(src/bumperbot_controller) by extensions ['colcon_meta']
[0.228s] Level 1:colcon.colcon_core.package_identification:_identify(src/bumperbot_controller) by extension 'colcon_meta'
[0.228s] Level 1:colcon.colcon_core.package_identification:_identify(src/bumperbot_controller) by extensions ['ros']
[0.228s] Level 1:colcon.colcon_core.package_identification:_identify(src/bumperbot_controller) by extension 'ros'
[0.229s] DEBUG:colcon.colcon_core.package_identification:Package 'src/bumperbot_controller' with type 'ros.ament_cmake' and name 'bumperbot_controller'
[0.229s] Level 1:colcon.colcon_core.package_identification:_identify(src/bumperbot_cpp_examples) by extensions ['ignore', 'ignore_ament_install']
[0.229s] Level 1:colcon.colcon_core.package_identification:_identify(src/bumperbot_cpp_examples) by extension 'ignore'
[0.229s] Level 1:colcon.colcon_core.package_identification:_identify(src/bumperbot_cpp_examples) by extension 'ignore_ament_install'
[0.229s] Level 1:colcon.colcon_core.package_identification:_identify(src/bumperbot_cpp_examples) by extensions ['colcon_pkg']
[0.229s] Level 1:colcon.colcon_core.package_identification:_identify(src/bumperbot_cpp_examples) by extension 'colcon_pkg'
[0.229s] Level 1:colcon.colcon_core.package_identification:_identify(src/bumperbot_cpp_examples) by extensions ['colcon_meta']
[0.229s] Level 1:colcon.colcon_core.package_identification:_identify(src/bumperbot_cpp_examples) by extension 'colcon_meta'
[0.229s] Level 1:colcon.colcon_core.package_identification:_identify(src/bumperbot_cpp_examples) by extensions ['ros']
[0.229s] Level 1:colcon.colcon_core.package_identification:_identify(src/bumperbot_cpp_examples) by extension 'ros'
[0.230s] DEBUG:colcon.colcon_core.package_identification:Package 'src/bumperbot_cpp_examples' with type 'ros.ament_cmake' and name 'bumperbot_cpp_examples'
[0.230s] Level 1:colcon.colcon_core.package_identification:_identify(src/bumperbot_description) by extensions ['ignore', 'ignore_ament_install']
[0.231s] Level 1:colcon.colcon_core.package_identification:_identify(src/bumperbot_description) by extension 'ignore'
[0.231s] Level 1:colcon.colcon_core.package_identification:_identify(src/bumperbot_description) by extension 'ignore_ament_install'
[0.231s] Level 1:colcon.colcon_core.package_identification:_identify(src/bumperbot_description) by extensions ['colcon_pkg']
[0.231s] Level 1:colcon.colcon_core.package_identification:_identify(src/bumperbot_description) by extension 'colcon_pkg'
[0.231s] Level 1:colcon.colcon_core.package_identification:_identify(src/bumperbot_description) by extensions ['colcon_meta']
[0.231s] Level 1:colcon.colcon_core.package_identification:_identify(src/bumperbot_description) by extension 'colcon_meta'
[0.231s] Level 1:colcon.colcon_core.package_identification:_identify(src/bumperbot_description) by extensions ['ros']
[0.231s] Level 1:colcon.colcon_core.package_identification:_identify(src/bumperbot_description) by extension 'ros'
[0.231s] DEBUG:colcon.colcon_core.package_identification:Package 'src/bumperbot_description' with type 'ros.ament_cmake' and name 'bumperbot_description'
[0.231s] Level 1:colcon.colcon_core.package_identification:_identify(src/bumperbot_firmware) by extensions ['ignore', 'ignore_ament_install']
[0.231s] Level 1:colcon.colcon_core.package_identification:_identify(src/bumperbot_firmware) by extension 'ignore'
[0.232s] Level 1:colcon.colcon_core.package_identification:_identify(src/bumperbot_firmware) by extension 'ignore_ament_install'
[0.232s] Level 1:colcon.colcon_core.package_identification:_identify(src/bumperbot_firmware) by extensions ['colcon_pkg']
[0.232s] Level 1:colcon.colcon_core.package_identification:_identify(src/bumperbot_firmware) by extension 'colcon_pkg'
[0.232s] Level 1:colcon.colcon_core.package_identification:_identify(src/bumperbot_firmware) by extensions ['colcon_meta']
[0.232s] Level 1:colcon.colcon_core.package_identification:_identify(src/bumperbot_firmware) by extension 'colcon_meta'
[0.232s] Level 1:colcon.colcon_core.package_identification:_identify(src/bumperbot_firmware) by extensions ['ros']
[0.232s] Level 1:colcon.colcon_core.package_identification:_identify(src/bumperbot_firmware) by extension 'ros'
[0.232s] DEBUG:colcon.colcon_core.package_identification:Package 'src/bumperbot_firmware' with type 'ros.ament_cmake' and name 'bumperbot_firmware'
[0.232s] Level 1:colcon.colcon_core.package_identification:_identify(src/bumperbot_localization) by extensions ['ignore', 'ignore_ament_install']
[0.232s] Level 1:colcon.colcon_core.package_identification:_identify(src/bumperbot_localization) by extension 'ignore'
[0.233s] Level 1:colcon.colcon_core.package_identification:_identify(src/bumperbot_localization) by extension 'ignore_ament_install'
[0.233s] Level 1:colcon.colcon_core.package_identification:_identify(src/bumperbot_localization) by extensions ['colcon_pkg']
[0.233s] Level 1:colcon.colcon_core.package_identification:_identify(src/bumperbot_localization) by extension 'colcon_pkg'
[0.233s] Level 1:colcon.colcon_core.package_identification:_identify(src/bumperbot_localization) by extensions ['colcon_meta']
[0.233s] Level 1:colcon.colcon_core.package_identification:_identify(src/bumperbot_localization) by extension 'colcon_meta'
[0.233s] Level 1:colcon.colcon_core.package_identification:_identify(src/bumperbot_localization) by extensions ['ros']
[0.233s] Level 1:colcon.colcon_core.package_identification:_identify(src/bumperbot_localization) by extension 'ros'
[0.233s] DEBUG:colcon.colcon_core.package_identification:Package 'src/bumperbot_localization' with type 'ros.ament_cmake' and name 'bumperbot_localization'
[0.233s] Level 1:colcon.colcon_core.package_identification:_identify(src/bumperbot_msgs) by extensions ['ignore', 'ignore_ament_install']
[0.233s] Level 1:colcon.colcon_core.package_identification:_identify(src/bumperbot_msgs) by extension 'ignore'
[0.234s] Level 1:colcon.colcon_core.package_identification:_identify(src/bumperbot_msgs) by extension 'ignore_ament_install'
[0.234s] Level 1:colcon.colcon_core.package_identification:_identify(src/bumperbot_msgs) by extensions ['colcon_pkg']
[0.234s] Level 1:colcon.colcon_core.package_identification:_identify(src/bumperbot_msgs) by extension 'colcon_pkg'
[0.234s] Level 1:colcon.colcon_core.package_identification:_identify(src/bumperbot_msgs) by extensions ['colcon_meta']
[0.234s] Level 1:colcon.colcon_core.package_identification:_identify(src/bumperbot_msgs) by extension 'colcon_meta'
[0.234s] Level 1:colcon.colcon_core.package_identification:_identify(src/bumperbot_msgs) by extensions ['ros']
[0.234s] Level 1:colcon.colcon_core.package_identification:_identify(src/bumperbot_msgs) by extension 'ros'
[0.234s] DEBUG:colcon.colcon_core.package_identification:Package 'src/bumperbot_msgs' with type 'ros.ament_cmake' and name 'bumperbot_msgs'
[0.234s] Level 1:colcon.colcon_core.package_identification:_identify(src/bumperbot_py_examples) by extensions ['ignore', 'ignore_ament_install']
[0.234s] Level 1:colcon.colcon_core.package_identification:_identify(src/bumperbot_py_examples) by extension 'ignore'
[0.234s] Level 1:colcon.colcon_core.package_identification:_identify(src/bumperbot_py_examples) by extension 'ignore_ament_install'
[0.234s] Level 1:colcon.colcon_core.package_identification:_identify(src/bumperbot_py_examples) by extensions ['colcon_pkg']
[0.234s] Level 1:colcon.colcon_core.package_identification:_identify(src/bumperbot_py_examples) by extension 'colcon_pkg'
[0.234s] Level 1:colcon.colcon_core.package_identification:_identify(src/bumperbot_py_examples) by extensions ['colcon_meta']
[0.234s] Level 1:colcon.colcon_core.package_identification:_identify(src/bumperbot_py_examples) by extension 'colcon_meta'
[0.235s] Level 1:colcon.colcon_core.package_identification:_identify(src/bumperbot_py_examples) by extensions ['ros']
[0.235s] Level 1:colcon.colcon_core.package_identification:_identify(src/bumperbot_py_examples) by extension 'ros'
[0.235s] DEBUG:colcon.colcon_core.package_identification:Package 'src/bumperbot_py_examples' with type 'ros.ament_python' and name 'bumperbot_py_examples'
[0.236s] Level 1:colcon.colcon_core.package_discovery:discover_packages(recursive) using defaults
[0.236s] Level 1:colcon.colcon_core.package_discovery:discover_packages(ignore) discover
[0.236s] Level 1:colcon.colcon_core.package_discovery:discover_packages(ignore) using defaults
[0.236s] Level 1:colcon.colcon_core.package_discovery:discover_packages(path) discover
[0.236s] Level 1:colcon.colcon_core.package_discovery:discover_packages(path) using defaults
[0.261s] Level 1:colcon.colcon_core.package_discovery:discover_packages(prefix_path) check parameters
[0.261s] Level 1:colcon.colcon_core.package_discovery:discover_packages(prefix_path) discover
[0.262s] DEBUG:colcon.colcon_installed_package_information.package_discovery:Found 2 installed packages in /home/ductrung/ros2_ws/install
[0.264s] DEBUG:colcon.colcon_installed_package_information.package_discovery:Found 374 installed packages in /opt/ros/humble
[0.265s] Level 1:colcon.colcon_core.package_discovery:discover_packages(prefix_path) using defaults
[0.298s] Level 5:colcon.colcon_core.verb:set package 'bumperbot_controller' build argument 'cmake_args' from command line to 'None'
[0.299s] Level 5:colcon.colcon_core.verb:set package 'bumperbot_controller' build argument 'cmake_target' from command line to 'None'
[0.299s] Level 5:colcon.colcon_core.verb:set package 'bumperbot_controller' build argument 'cmake_target_skip_unavailable' from command line to 'False'
[0.299s] Level 5:colcon.colcon_core.verb:set package 'bumperbot_controller' build argument 'cmake_clean_cache' from command line to 'False'
[0.299s] Level 5:colcon.colcon_core.verb:set package 'bumperbot_controller' build argument 'cmake_clean_first' from command line to 'False'
[0.299s] Level 5:colcon.colcon_core.verb:set package 'bumperbot_controller' build argument 'cmake_force_configure' from command line to 'False'
[0.299s] Level 5:colcon.colcon_core.verb:set package 'bumperbot_controller' build argument 'ament_cmake_args' from command line to 'None'
[0.299s] Level 5:colcon.colcon_core.verb:set package 'bumperbot_controller' build argument 'catkin_cmake_args' from command line to 'None'
[0.299s] Level 5:colcon.colcon_core.verb:set package 'bumperbot_controller' build argument 'catkin_skip_building_tests' from command line to 'False'
[0.299s] DEBUG:colcon.colcon_core.verb:Building package 'bumperbot_controller' with the following arguments: {'ament_cmake_args': None, 'build_base': '/home/ductrung/bumperbot_ws/build/bumperbot_controller', 'catkin_cmake_args': None, 'catkin_skip_building_tests': False, 'cmake_args': None, 'cmake_clean_cache': False, 'cmake_clean_first': False, 'cmake_force_configure': False, 'cmake_target': None, 'cmake_target_skip_unavailable': False, 'install_base': '/home/ductrung/bumperbot_ws/install/bumperbot_controller', 'merge_install': False, 'path': '/home/ductrung/bumperbot_ws/src/bumperbot_controller', 'symlink_install': False, 'test_result_base': None}
[0.299s] Level 5:colcon.colcon_core.verb:set package 'bumperbot_description' build argument 'cmake_args' from command line to 'None'
[0.299s] Level 5:colcon.colcon_core.verb:set package 'bumperbot_description' build argument 'cmake_target' from command line to 'None'
[0.299s] Level 5:colcon.colcon_core.verb:set package 'bumperbot_description' build argument 'cmake_target_skip_unavailable' from command line to 'False'
[0.299s] Level 5:colcon.colcon_core.verb:set package 'bumperbot_description' build argument 'cmake_clean_cache' from command line to 'False'
[0.299s] Level 5:colcon.colcon_core.verb:set package 'bumperbot_description' build argument 'cmake_clean_first' from command line to 'False'
[0.299s] Level 5:colcon.colcon_core.verb:set package 'bumperbot_description' build argument 'cmake_force_configure' from command line to 'False'
[0.299s] Level 5:colcon.colcon_core.verb:set package 'bumperbot_description' build argument 'ament_cmake_args' from command line to 'None'
[0.299s] Level 5:colcon.colcon_core.verb:set package 'bumperbot_description' build argument 'catkin_cmake_args' from command line to 'None'
[0.299s] Level 5:colcon.colcon_core.verb:set package 'bumperbot_description' build argument 'catkin_skip_building_tests' from command line to 'False'
[0.299s] DEBUG:colcon.colcon_core.verb:Building package 'bumperbot_description' with the following arguments: {'ament_cmake_args': None, 'build_base': '/home/ductrung/bumperbot_ws/build/bumperbot_description', 'catkin_cmake_args': None, 'catkin_skip_building_tests': False, 'cmake_args': None, 'cmake_clean_cache': False, 'cmake_clean_first': False, 'cmake_force_configure': False, 'cmake_target': None, 'cmake_target_skip_unavailable': False, 'install_base': '/home/ductrung/bumperbot_ws/install/bumperbot_description', 'merge_install': False, 'path': '/home/ductrung/bumperbot_ws/src/bumperbot_description', 'symlink_install': False, 'test_result_base': None}
[0.299s] Level 5:colcon.colcon_core.verb:set package 'bumperbot_firmware' build argument 'cmake_args' from command line to 'None'
[0.299s] Level 5:colcon.colcon_core.verb:set package 'bumperbot_firmware' build argument 'cmake_target' from command line to 'None'
[0.299s] Level 5:colcon.colcon_core.verb:set package 'bumperbot_firmware' build argument 'cmake_target_skip_unavailable' from command line to 'False'
[0.300s] Level 5:colcon.colcon_core.verb:set package 'bumperbot_firmware' build argument 'cmake_clean_cache' from command line to 'False'
[0.300s] Level 5:colcon.colcon_core.verb:set package 'bumperbot_firmware' build argument 'cmake_clean_first' from command line to 'False'
[0.300s] Level 5:colcon.colcon_core.verb:set package 'bumperbot_firmware' build argument 'cmake_force_configure' from command line to 'False'
[0.300s] Level 5:colcon.colcon_core.verb:set package 'bumperbot_firmware' build argument 'ament_cmake_args' from command line to 'None'
[0.300s] Level 5:colcon.colcon_core.verb:set package 'bumperbot_firmware' build argument 'catkin_cmake_args' from command line to 'None'
[0.300s] Level 5:colcon.colcon_core.verb:set package 'bumperbot_firmware' build argument 'catkin_skip_building_tests' from command line to 'False'
[0.300s] DEBUG:colcon.colcon_core.verb:Building package 'bumperbot_firmware' with the following arguments: {'ament_cmake_args': None, 'build_base': '/home/ductrung/bumperbot_ws/build/bumperbot_firmware', 'catkin_cmake_args': None, 'catkin_skip_building_tests': False, 'cmake_args': None, 'cmake_clean_cache': False, 'cmake_clean_first': False, 'cmake_force_configure': False, 'cmake_target': None, 'cmake_target_skip_unavailable': False, 'install_base': '/home/ductrung/bumperbot_ws/install/bumperbot_firmware', 'merge_install': False, 'path': '/home/ductrung/bumperbot_ws/src/bumperbot_firmware', 'symlink_install': False, 'test_result_base': None}
[0.300s] Level 5:colcon.colcon_core.verb:set package 'bumperbot_localization' build argument 'cmake_args' from command line to 'None'
[0.300s] Level 5:colcon.colcon_core.verb:set package 'bumperbot_localization' build argument 'cmake_target' from command line to 'None'
[0.300s] Level 5:colcon.colcon_core.verb:set package 'bumperbot_localization' build argument 'cmake_target_skip_unavailable' from command line to 'False'
[0.300s] Level 5:colcon.colcon_core.verb:set package 'bumperbot_localization' build argument 'cmake_clean_cache' from command line to 'False'
[0.300s] Level 5:colcon.colcon_core.verb:set package 'bumperbot_localization' build argument 'cmake_clean_first' from command line to 'False'
[0.300s] Level 5:colcon.colcon_core.verb:set package 'bumperbot_localization' build argument 'cmake_force_configure' from command line to 'False'
[0.300s] Level 5:colcon.colcon_core.verb:set package 'bumperbot_localization' build argument 'ament_cmake_args' from command line to 'None'
[0.300s] Level 5:colcon.colcon_core.verb:set package 'bumperbot_localization' build argument 'catkin_cmake_args' from command line to 'None'
[0.300s] Level 5:colcon.colcon_core.verb:set package 'bumperbot_localization' build argument 'catkin_skip_building_tests' from command line to 'False'
[0.300s] DEBUG:colcon.colcon_core.verb:Building package 'bumperbot_localization' with the following arguments: {'ament_cmake_args': None, 'build_base': '/home/ductrung/bumperbot_ws/build/bumperbot_localization', 'catkin_cmake_args': None, 'catkin_skip_building_tests': False, 'cmake_args': None, 'cmake_clean_cache': False, 'cmake_clean_first': False, 'cmake_force_configure': False, 'cmake_target': None, 'cmake_target_skip_unavailable': False, 'install_base': '/home/ductrung/bumperbot_ws/install/bumperbot_localization', 'merge_install': False, 'path': '/home/ductrung/bumperbot_ws/src/bumperbot_localization', 'symlink_install': False, 'test_result_base': None}
[0.300s] Level 5:colcon.colcon_core.verb:set package 'bumperbot_msgs' build argument 'cmake_args' from command line to 'None'
[0.300s] Level 5:colcon.colcon_core.verb:set package 'bumperbot_msgs' build argument 'cmake_target' from command line to 'None'
[0.300s] Level 5:colcon.colcon_core.verb:set package 'bumperbot_msgs' build argument 'cmake_target_skip_unavailable' from command line to 'False'
[0.300s] Level 5:colcon.colcon_core.verb:set package 'bumperbot_msgs' build argument 'cmake_clean_cache' from command line to 'False'
[0.300s] Level 5:colcon.colcon_core.verb:set package 'bumperbot_msgs' build argument 'cmake_clean_first' from command line to 'False'
[0.300s] Level 5:colcon.colcon_core.verb:set package 'bumperbot_msgs' build argument 'cmake_force_configure' from command line to 'False'
[0.300s] Level 5:colcon.colcon_core.verb:set package 'bumperbot_msgs' build argument 'ament_cmake_args' from command line to 'None'
[0.300s] Level 5:colcon.colcon_core.verb:set package 'bumperbot_msgs' build argument 'catkin_cmake_args' from command line to 'None'
[0.300s] Level 5:colcon.colcon_core.verb:set package 'bumperbot_msgs' build argument 'catkin_skip_building_tests' from command line to 'False'
[0.300s] DEBUG:colcon.colcon_core.verb:Building package 'bumperbot_msgs' with the following arguments: {'ament_cmake_args': None, 'build_base': '/home/ductrung/bumperbot_ws/build/bumperbot_msgs', 'catkin_cmake_args': None, 'catkin_skip_building_tests': False, 'cmake_args': None, 'cmake_clean_cache': False, 'cmake_clean_first': False, 'cmake_force_configure': False, 'cmake_target': None, 'cmake_target_skip_unavailable': False, 'install_base': '/home/ductrung/bumperbot_ws/install/bumperbot_msgs', 'merge_install': False, 'path': '/home/ductrung/bumperbot_ws/src/bumperbot_msgs', 'symlink_install': False, 'test_result_base': None}
[0.301s] Level 5:colcon.colcon_core.verb:set package 'bumperbot_bringup' build argument 'cmake_args' from command line to 'None'
[0.301s] Level 5:colcon.colcon_core.verb:set package 'bumperbot_bringup' build argument 'cmake_target' from command line to 'None'
[0.301s] Level 5:colcon.colcon_core.verb:set package 'bumperbot_bringup' build argument 'cmake_target_skip_unavailable' from command line to 'False'
[0.301s] Level 5:colcon.colcon_core.verb:set package 'bumperbot_bringup' build argument 'cmake_clean_cache' from command line to 'False'
[0.301s] Level 5:colcon.colcon_core.verb:set package 'bumperbot_bringup' build argument 'cmake_clean_first' from command line to 'False'
[0.301s] Level 5:colcon.colcon_core.verb:set package 'bumperbot_bringup' build argument 'cmake_force_configure' from command line to 'False'
[0.301s] Level 5:colcon.colcon_core.verb:set package 'bumperbot_bringup' build argument 'ament_cmake_args' from command line to 'None'
[0.301s] Level 5:colcon.colcon_core.verb:set package 'bumperbot_bringup' build argument 'catkin_cmake_args' from command line to 'None'
[0.301s] Level 5:colcon.colcon_core.verb:set package 'bumperbot_bringup' build argument 'catkin_skip_building_tests' from command line to 'False'
[0.301s] DEBUG:colcon.colcon_core.verb:Building package 'bumperbot_bringup' with the following arguments: {'ament_cmake_args': None, 'build_base': '/home/ductrung/bumperbot_ws/build/bumperbot_bringup', 'catkin_cmake_args': None, 'catkin_skip_building_tests': False, 'cmake_args': None, 'cmake_clean_cache': False, 'cmake_clean_first': False, 'cmake_force_configure': False, 'cmake_target': None, 'cmake_target_skip_unavailable': False, 'install_base': '/home/ductrung/bumperbot_ws/install/bumperbot_bringup', 'merge_install': False, 'path': '/home/ductrung/bumperbot_ws/src/bumperbot_bringup', 'symlink_install': False, 'test_result_base': None}
[0.301s] Level 5:colcon.colcon_core.verb:set package 'bumperbot_cpp_examples' build argument 'cmake_args' from command line to 'None'
[0.301s] Level 5:colcon.colcon_core.verb:set package 'bumperbot_cpp_examples' build argument 'cmake_target' from command line to 'None'
[0.301s] Level 5:colcon.colcon_core.verb:set package 'bumperbot_cpp_examples' build argument 'cmake_target_skip_unavailable' from command line to 'False'
[0.301s] Level 5:colcon.colcon_core.verb:set package 'bumperbot_cpp_examples' build argument 'cmake_clean_cache' from command line to 'False'
[0.301s] Level 5:colcon.colcon_core.verb:set package 'bumperbot_cpp_examples' build argument 'cmake_clean_first' from command line to 'False'
[0.301s] Level 5:colcon.colcon_core.verb:set package 'bumperbot_cpp_examples' build argument 'cmake_force_configure' from command line to 'False'
[0.301s] Level 5:colcon.colcon_core.verb:set package 'bumperbot_cpp_examples' build argument 'ament_cmake_args' from command line to 'None'
[0.301s] Level 5:colcon.colcon_core.verb:set package 'bumperbot_cpp_examples' build argument 'catkin_cmake_args' from command line to 'None'
[0.301s] Level 5:colcon.colcon_core.verb:set package 'bumperbot_cpp_examples' build argument 'catkin_skip_building_tests' from command line to 'False'
[0.301s] DEBUG:colcon.colcon_core.verb:Building package 'bumperbot_cpp_examples' with the following arguments: {'ament_cmake_args': None, 'build_base': '/home/ductrung/bumperbot_ws/build/bumperbot_cpp_examples', 'catkin_cmake_args': None, 'catkin_skip_building_tests': False, 'cmake_args': None, 'cmake_clean_cache': False, 'cmake_clean_first': False, 'cmake_force_configure': False, 'cmake_target': None, 'cmake_target_skip_unavailable': False, 'install_base': '/home/ductrung/bumperbot_ws/install/bumperbot_cpp_examples', 'merge_install': False, 'path': '/home/ductrung/bumperbot_ws/src/bumperbot_cpp_examples', 'symlink_install': False, 'test_result_base': None}
[0.302s] Level 5:colcon.colcon_core.verb:set package 'bumperbot_py_examples' build argument 'cmake_args' from command line to 'None'
[0.302s] Level 5:colcon.colcon_core.verb:set package 'bumperbot_py_examples' build argument 'cmake_target' from command line to 'None'
[0.302s] Level 5:colcon.colcon_core.verb:set package 'bumperbot_py_examples' build argument 'cmake_target_skip_unavailable' from command line to 'False'
[0.302s] Level 5:colcon.colcon_core.verb:set package 'bumperbot_py_examples' build argument 'cmake_clean_cache' from command line to 'False'
[0.302s] Level 5:colcon.colcon_core.verb:set package 'bumperbot_py_examples' build argument 'cmake_clean_first' from command line to 'False'
[0.302s] Level 5:colcon.colcon_core.verb:set package 'bumperbot_py_examples' build argument 'cmake_force_configure' from command line to 'False'
[0.302s] Level 5:colcon.colcon_core.verb:set package 'bumperbot_py_examples' build argument 'ament_cmake_args' from command line to 'None'
[0.302s] Level 5:colcon.colcon_core.verb:set package 'bumperbot_py_examples' build argument 'catkin_cmake_args' from command line to 'None'
[0.302s] Level 5:colcon.colcon_core.verb:set package 'bumperbot_py_examples' build argument 'catkin_skip_building_tests' from command line to 'False'
[0.302s] DEBUG:colcon.colcon_core.verb:Building package 'bumperbot_py_examples' with the following arguments: {'ament_cmake_args': None, 'build_base': '/home/ductrung/bumperbot_ws/build/bumperbot_py_examples', 'catkin_cmake_args': None, 'catkin_skip_building_tests': False, 'cmake_args': None, 'cmake_clean_cache': False, 'cmake_clean_first': False, 'cmake_force_configure': False, 'cmake_target': None, 'cmake_target_skip_unavailable': False, 'install_base': '/home/ductrung/bumperbot_ws/install/bumperbot_py_examples', 'merge_install': False, 'path': '/home/ductrung/bumperbot_ws/src/bumperbot_py_examples', 'symlink_install': False, 'test_result_base': None}
[0.302s] INFO:colcon.colcon_core.executor:Executing jobs using 'parallel' executor
[0.303s] DEBUG:colcon.colcon_parallel_executor.executor.parallel:run_until_complete
[0.303s] INFO:colcon.colcon_ros.task.ament_cmake.build:Building ROS package in '/home/ductrung/bumperbot_ws/src/bumperbot_msgs' with build type 'ament_cmake'
[0.304s] INFO:colcon.colcon_cmake.task.cmake.build:Building CMake package in '/home/ductrung/bumperbot_ws/src/bumperbot_msgs'
[0.305s] INFO:colcon.colcon_core.plugin_system:Skipping extension 'colcon_core.shell.bat': Not used on non-Windows systems
[0.306s] INFO:colcon.colcon_core.shell:Skip shell extension 'powershell' for command environment: Not usable outside of PowerShell
[0.306s] DEBUG:colcon.colcon_core.shell:Skip shell extension 'dsv' for command environment
[0.309s] INFO:colcon.colcon_ros.task.ament_cmake.build:Building ROS package in '/home/ductrung/bumperbot_ws/src/bumperbot_controller' with build type 'ament_cmake'
[0.309s] INFO:colcon.colcon_cmake.task.cmake.build:Building CMake package in '/home/ductrung/bumperbot_ws/src/bumperbot_controller'
[0.310s] INFO:colcon.colcon_core.shell:Skip shell extension 'powershell' for command environment: Not usable outside of PowerShell
[0.310s] DEBUG:colcon.colcon_core.shell:Skip shell extension 'dsv' for command environment
[0.314s] INFO:colcon.colcon_ros.task.ament_cmake.build:Building ROS package in '/home/ductrung/bumperbot_ws/src/bumperbot_description' with build type 'ament_cmake'
[0.314s] INFO:colcon.colcon_cmake.task.cmake.build:Building CMake package in '/home/ductrung/bumperbot_ws/src/bumperbot_description'
[0.314s] INFO:colcon.colcon_core.shell:Skip shell extension 'powershell' for command environment: Not usable outside of PowerShell
[0.314s] DEBUG:colcon.colcon_core.shell:Skip shell extension 'dsv' for command environment
[0.318s] INFO:colcon.colcon_ros.task.ament_cmake.build:Building ROS package in '/home/ductrung/bumperbot_ws/src/bumperbot_firmware' with build type 'ament_cmake'
[0.318s] INFO:colcon.colcon_cmake.task.cmake.build:Building CMake package in '/home/ductrung/bumperbot_ws/src/bumperbot_firmware'
[0.318s] INFO:colcon.colcon_core.shell:Skip shell extension 'powershell' for command environment: Not usable outside of PowerShell
[0.318s] DEBUG:colcon.colcon_core.shell:Skip shell extension 'dsv' for command environment
[0.346s] DEBUG:colcon.colcon_core.event_handler.log_command:Invoking command in '/home/ductrung/bumperbot_ws/build/bumperbot_msgs': CMAKE_PREFIX_PATH=${CMAKE_PREFIX_PATH}:/opt/ros/humble /usr/bin/cmake --build /home/ductrung/bumperbot_ws/build/bumperbot_msgs -- -j4 -l4
[0.391s] DEBUG:colcon.colcon_core.event_handler.log_command:Invoking command in '/home/ductrung/bumperbot_ws/build/bumperbot_controller': CMAKE_PREFIX_PATH=${CMAKE_PREFIX_PATH}:/opt/ros/humble /usr/bin/cmake --build /home/ductrung/bumperbot_ws/build/bumperbot_controller -- -j4 -l4
[0.397s] DEBUG:colcon.colcon_core.event_handler.log_command:Invoking command in '/home/ductrung/bumperbot_ws/build/bumperbot_description': CMAKE_PREFIX_PATH=${CMAKE_PREFIX_PATH}:/opt/ros/humble /usr/bin/cmake --build /home/ductrung/bumperbot_ws/build/bumperbot_description -- -j4 -l4
[0.414s] DEBUG:colcon.colcon_core.event_handler.log_command:Invoking command in '/home/ductrung/bumperbot_ws/build/bumperbot_firmware': CMAKE_PREFIX_PATH=${CMAKE_PREFIX_PATH}:/opt/ros/humble /usr/bin/cmake --build /home/ductrung/bumperbot_ws/build/bumperbot_firmware -- -j4 -l4
[0.468s] DEBUG:colcon.colcon_core.event_handler.log_command:Invoked command in '/home/ductrung/bumperbot_ws/build/bumperbot_description' returned '0': CMAKE_PREFIX_PATH=${CMAKE_PREFIX_PATH}:/opt/ros/humble /usr/bin/cmake --build /home/ductrung/bumperbot_ws/build/bumperbot_description -- -j4 -l4
[0.558s] DEBUG:colcon.colcon_core.event_handler.log_command:Invoking command in '/home/ductrung/bumperbot_ws/build/bumperbot_description': CMAKE_PREFIX_PATH=${CMAKE_PREFIX_PATH}:/opt/ros/humble /usr/bin/cmake --install /home/ductrung/bumperbot_ws/build/bumperbot_description
[0.622s] Level 1:colcon.colcon_core.environment:create_environment_scripts_only(bumperbot_description)
[0.623s] Level 1:colcon.colcon_core.environment:checking '/home/ductrung/bumperbot_ws/install/bumperbot_description' for CMake module files
[0.624s] Level 1:colcon.colcon_core.environment:checking '/home/ductrung/bumperbot_ws/install/bumperbot_description' for CMake config files
[0.626s] Level 1:colcon.colcon_core.shell:create_environment_hook('bumperbot_description', 'cmake_prefix_path')
[0.627s] INFO:colcon.colcon_core.shell:Creating environment hook '/home/ductrung/bumperbot_ws/install/bumperbot_description/share/bumperbot_description/hook/cmake_prefix_path.ps1'
[0.628s] INFO:colcon.colcon_core.shell:Creating environment descriptor '/home/ductrung/bumperbot_ws/install/bumperbot_description/share/bumperbot_description/hook/cmake_prefix_path.dsv'
[0.631s] DEBUG:colcon.colcon_core.event_handler.log_command:Invoked command in '/home/ductrung/bumperbot_ws/build/bumperbot_description' returned '0': CMAKE_PREFIX_PATH=${CMAKE_PREFIX_PATH}:/opt/ros/humble /usr/bin/cmake --install /home/ductrung/bumperbot_ws/build/bumperbot_description
[0.632s] INFO:colcon.colcon_core.shell:Creating environment hook '/home/ductrung/bumperbot_ws/install/bumperbot_description/share/bumperbot_description/hook/cmake_prefix_path.sh'
[0.633s] Level 1:colcon.colcon_core.environment:checking '/home/ductrung/bumperbot_ws/install/bumperbot_description/bin'
[0.633s] Level 1:colcon.colcon_core.environment:checking '/home/ductrung/bumperbot_ws/install/bumperbot_description/lib/pkgconfig/bumperbot_description.pc'
[0.633s] Level 1:colcon.colcon_core.environment:checking '/home/ductrung/bumperbot_ws/install/bumperbot_description/lib/python3.10/site-packages'
[0.633s] Level 1:colcon.colcon_core.environment:checking '/home/ductrung/bumperbot_ws/install/bumperbot_description/bin'
[0.634s] INFO:colcon.colcon_core.shell:Creating package script '/home/ductrung/bumperbot_ws/install/bumperbot_description/share/bumperbot_description/package.ps1'
[0.634s] INFO:colcon.colcon_core.shell:Creating package descriptor '/home/ductrung/bumperbot_ws/install/bumperbot_description/share/bumperbot_description/package.dsv'
[0.635s] INFO:colcon.colcon_core.shell:Creating package script '/home/ductrung/bumperbot_ws/install/bumperbot_description/share/bumperbot_description/package.sh'
[0.636s] INFO:colcon.colcon_core.shell:Creating package script '/home/ductrung/bumperbot_ws/install/bumperbot_description/share/bumperbot_description/package.bash'
[0.637s] INFO:colcon.colcon_core.shell:Creating package script '/home/ductrung/bumperbot_ws/install/bumperbot_description/share/bumperbot_description/package.zsh'
[0.637s] Level 1:colcon.colcon_core.environment:create_file_with_runtime_dependencies(/home/ductrung/bumperbot_ws/install/bumperbot_description/share/colcon-core/packages/bumperbot_description)
[0.834s] Level 1:colcon.colcon_core.environment:create_environment_scripts_only(bumperbot_description)
[0.835s] Level 1:colcon.colcon_core.environment:checking '/home/ductrung/bumperbot_ws/install/bumperbot_description' for CMake module files
[0.837s] Level 1:colcon.colcon_core.environment:checking '/home/ductrung/bumperbot_ws/install/bumperbot_description' for CMake config files
[0.840s] Level 1:colcon.colcon_core.shell:create_environment_hook('bumperbot_description', 'cmake_prefix_path')
[0.841s] INFO:colcon.colcon_core.shell:Creating environment hook '/home/ductrung/bumperbot_ws/install/bumperbot_description/share/bumperbot_description/hook/cmake_prefix_path.ps1'
[0.841s] INFO:colcon.colcon_core.shell:Creating environment descriptor '/home/ductrung/bumperbot_ws/install/bumperbot_description/share/bumperbot_description/hook/cmake_prefix_path.dsv'
[0.842s] INFO:colcon.colcon_core.shell:Creating environment hook '/home/ductrung/bumperbot_ws/install/bumperbot_description/share/bumperbot_description/hook/cmake_prefix_path.sh'
[0.843s] Level 1:colcon.colcon_core.environment:checking '/home/ductrung/bumperbot_ws/install/bumperbot_description/bin'
[0.843s] Level 1:colcon.colcon_core.environment:checking '/home/ductrung/bumperbot_ws/install/bumperbot_description/lib/pkgconfig/bumperbot_description.pc'
[0.843s] Level 1:colcon.colcon_core.environment:checking '/home/ductrung/bumperbot_ws/install/bumperbot_description/lib/python3.10/site-packages'
[0.844s] Level 1:colcon.colcon_core.environment:checking '/home/ductrung/bumperbot_ws/install/bumperbot_description/bin'
[0.844s] INFO:colcon.colcon_core.shell:Creating package script '/home/ductrung/bumperbot_ws/install/bumperbot_description/share/bumperbot_description/package.ps1'
[0.845s] INFO:colcon.colcon_core.shell:Creating package descriptor '/home/ductrung/bumperbot_ws/install/bumperbot_description/share/bumperbot_description/package.dsv'
[0.846s] INFO:colcon.colcon_core.shell:Creating package script '/home/ductrung/bumperbot_ws/install/bumperbot_description/share/bumperbot_description/package.sh'
[0.847s] INFO:colcon.colcon_core.shell:Creating package script '/home/ductrung/bumperbot_ws/install/bumperbot_description/share/bumperbot_description/package.bash'
[0.847s] INFO:colcon.colcon_core.shell:Creating package script '/home/ductrung/bumperbot_ws/install/bumperbot_description/share/bumperbot_description/package.zsh'
[0.848s] Level 1:colcon.colcon_core.environment:create_file_with_runtime_dependencies(/home/ductrung/bumperbot_ws/install/bumperbot_description/share/colcon-core/packages/bumperbot_description)
[0.849s] INFO:colcon.colcon_ros.task.ament_cmake.build:Building ROS package in '/home/ductrung/bumperbot_ws/src/bumperbot_localization' with build type 'ament_cmake'
[0.850s] INFO:colcon.colcon_cmake.task.cmake.build:Building CMake package in '/home/ductrung/bumperbot_ws/src/bumperbot_localization'
[0.850s] INFO:colcon.colcon_core.shell:Skip shell extension 'powershell' for command environment: Not usable outside of PowerShell
[0.850s] DEBUG:colcon.colcon_core.shell:Skip shell extension 'dsv' for command environment
[0.900s] DEBUG:colcon.colcon_core.event_handler.log_command:Invoking command in '/home/ductrung/bumperbot_ws/build/bumperbot_localization': CMAKE_PREFIX_PATH=${CMAKE_PREFIX_PATH}:/opt/ros/humble /usr/bin/cmake --build /home/ductrung/bumperbot_ws/build/bumperbot_localization -- -j4 -l4
[0.901s] DEBUG:colcon.colcon_core.event_handler.log_command:Invoked command in '/home/ductrung/bumperbot_ws/build/bumperbot_controller' returned '0': CMAKE_PREFIX_PATH=${CMAKE_PREFIX_PATH}:/opt/ros/humble /usr/bin/cmake --build /home/ductrung/bumperbot_ws/build/bumperbot_controller -- -j4 -l4
[0.945s] DEBUG:colcon.colcon_core.event_handler.log_command:Invoked command in '/home/ductrung/bumperbot_ws/build/bumperbot_firmware' returned '0': CMAKE_PREFIX_PATH=${CMAKE_PREFIX_PATH}:/opt/ros/humble /usr/bin/cmake --build /home/ductrung/bumperbot_ws/build/bumperbot_firmware -- -j4 -l4
[0.976s] DEBUG:colcon.colcon_core.event_handler.log_command:Invoking command in '/home/ductrung/bumperbot_ws/build/bumperbot_controller': CMAKE_PREFIX_PATH=${CMAKE_PREFIX_PATH}:/opt/ros/humble /usr/bin/cmake --install /home/ductrung/bumperbot_ws/build/bumperbot_controller
[1.032s] Level 1:colcon.colcon_core.environment:create_environment_scripts_only(bumperbot_controller)
[1.033s] Level 1:colcon.colcon_core.environment:checking '/home/ductrung/bumperbot_ws/install/bumperbot_controller' for CMake module files
[1.033s] Level 1:colcon.colcon_core.environment:checking '/home/ductrung/bumperbot_ws/install/bumperbot_controller' for CMake config files
[1.033s] Level 1:colcon.colcon_core.shell:create_environment_hook('bumperbot_controller', 'cmake_prefix_path')
[1.033s] INFO:colcon.colcon_core.shell:Creating environment hook '/home/ductrung/bumperbot_ws/install/bumperbot_controller/share/bumperbot_controller/hook/cmake_prefix_path.ps1'
[1.037s] INFO:colcon.colcon_core.shell:Creating environment descriptor '/home/ductrung/bumperbot_ws/install/bumperbot_controller/share/bumperbot_controller/hook/cmake_prefix_path.dsv'
[1.038s] DEBUG:colcon.colcon_core.event_handler.log_command:Invoked command in '/home/ductrung/bumperbot_ws/build/bumperbot_controller' returned '0': CMAKE_PREFIX_PATH=${CMAKE_PREFIX_PATH}:/opt/ros/humble /usr/bin/cmake --install /home/ductrung/bumperbot_ws/build/bumperbot_controller
[1.039s] INFO:colcon.colcon_core.shell:Creating environment hook '/home/ductrung/bumperbot_ws/install/bumperbot_controller/share/bumperbot_controller/hook/cmake_prefix_path.sh'
[1.040s] Level 1:colcon.colcon_core.environment:checking '/home/ductrung/bumperbot_ws/install/bumperbot_controller/lib'
[1.040s] Level 1:colcon.colcon_core.environment:checking '/home/ductrung/bumperbot_ws/install/bumperbot_controller/bin'
[1.040s] Level 1:colcon.colcon_core.environment:checking '/home/ductrung/bumperbot_ws/install/bumperbot_controller/lib/pkgconfig/bumperbot_controller.pc'
[1.040s] Level 1:colcon.colcon_core.environment:checking '/home/ductrung/bumperbot_ws/install/bumperbot_controller/lib/python3.10/site-packages'
[1.040s] Level 1:colcon.colcon_core.environment:checking '/home/ductrung/bumperbot_ws/install/bumperbot_controller/bin'
[1.041s] INFO:colcon.colcon_core.shell:Creating package script '/home/ductrung/bumperbot_ws/install/bumperbot_controller/share/bumperbot_controller/package.ps1'
[1.041s] INFO:colcon.colcon_core.shell:Creating package descriptor '/home/ductrung/bumperbot_ws/install/bumperbot_controller/share/bumperbot_controller/package.dsv'
[1.042s] INFO:colcon.colcon_core.shell:Creating package script '/home/ductrung/bumperbot_ws/install/bumperbot_controller/share/bumperbot_controller/package.sh'
[1.043s] INFO:colcon.colcon_core.shell:Creating package script '/home/ductrung/bumperbot_ws/install/bumperbot_controller/share/bumperbot_controller/package.bash'
[1.043s] INFO:colcon.colcon_core.shell:Creating package script '/home/ductrung/bumperbot_ws/install/bumperbot_controller/share/bumperbot_controller/package.zsh'
[1.044s] Level 1:colcon.colcon_core.environment:create_file_with_runtime_dependencies(/home/ductrung/bumperbot_ws/install/bumperbot_controller/share/colcon-core/packages/bumperbot_controller)
[1.061s] DEBUG:colcon.colcon_core.event_handler.log_command:Invoking command in '/home/ductrung/bumperbot_ws/build/bumperbot_firmware': CMAKE_PREFIX_PATH=${CMAKE_PREFIX_PATH}:/opt/ros/humble /usr/bin/cmake --install /home/ductrung/bumperbot_ws/build/bumperbot_firmware
[1.154s] Level 1:colcon.colcon_core.environment:create_environment_scripts_only(bumperbot_firmware)
[1.154s] Level 1:colcon.colcon_core.environment:checking '/home/ductrung/bumperbot_ws/install/bumperbot_firmware' for CMake module files
[1.155s] DEBUG:colcon.colcon_core.event_handler.log_command:Invoked command in '/home/ductrung/bumperbot_ws/build/bumperbot_firmware' returned '0': CMAKE_PREFIX_PATH=${CMAKE_PREFIX_PATH}:/opt/ros/humble /usr/bin/cmake --install /home/ductrung/bumperbot_ws/build/bumperbot_firmware
[1.156s] Level 1:colcon.colcon_core.environment:checking '/home/ductrung/bumperbot_ws/install/bumperbot_firmware' for CMake config files
[1.156s] Level 1:colcon.colcon_core.shell:create_environment_hook('bumperbot_firmware', 'cmake_prefix_path')
[1.156s] INFO:colcon.colcon_core.shell:Creating environment hook '/home/ductrung/bumperbot_ws/install/bumperbot_firmware/share/bumperbot_firmware/hook/cmake_prefix_path.ps1'
[1.158s] INFO:colcon.colcon_core.shell:Creating environment descriptor '/home/ductrung/bumperbot_ws/install/bumperbot_firmware/share/bumperbot_firmware/hook/cmake_prefix_path.dsv'
[1.160s] INFO:colcon.colcon_core.shell:Creating environment hook '/home/ductrung/bumperbot_ws/install/bumperbot_firmware/share/bumperbot_firmware/hook/cmake_prefix_path.sh'
[1.161s] Level 1:colcon.colcon_core.environment:checking '/home/ductrung/bumperbot_ws/install/bumperbot_firmware/lib'
[1.161s] Level 1:colcon.colcon_core.shell:create_environment_hook('bumperbot_firmware', 'ld_library_path_lib')
[1.162s] INFO:colcon.colcon_core.shell:Creating environment hook '/home/ductrung/bumperbot_ws/install/bumperbot_firmware/share/bumperbot_firmware/hook/ld_library_path_lib.ps1'
[1.162s] INFO:colcon.colcon_core.shell:Creating environment descriptor '/home/ductrung/bumperbot_ws/install/bumperbot_firmware/share/bumperbot_firmware/hook/ld_library_path_lib.dsv'
[1.162s] INFO:colcon.colcon_core.shell:Creating environment hook '/home/ductrung/bumperbot_ws/install/bumperbot_firmware/share/bumperbot_firmware/hook/ld_library_path_lib.sh'
[1.164s] Level 1:colcon.colcon_core.environment:checking '/home/ductrung/bumperbot_ws/install/bumperbot_firmware/bin'
[1.164s] Level 1:colcon.colcon_core.environment:checking '/home/ductrung/bumperbot_ws/install/bumperbot_firmware/lib/pkgconfig/bumperbot_firmware.pc'
[1.164s] Level 1:colcon.colcon_core.environment:checking '/home/ductrung/bumperbot_ws/install/bumperbot_firmware/lib/python3.10/site-packages'
[1.164s] Level 1:colcon.colcon_core.environment:checking '/home/ductrung/bumperbot_ws/install/bumperbot_firmware/bin'
[1.165s] INFO:colcon.colcon_core.shell:Creating package script '/home/ductrung/bumperbot_ws/install/bumperbot_firmware/share/bumperbot_firmware/package.ps1'
[1.165s] INFO:colcon.colcon_core.shell:Creating package descriptor '/home/ductrung/bumperbot_ws/install/bumperbot_firmware/share/bumperbot_firmware/package.dsv'
[1.166s] INFO:colcon.colcon_core.shell:Creating package script '/home/ductrung/bumperbot_ws/install/bumperbot_firmware/share/bumperbot_firmware/package.sh'
[1.166s] INFO:colcon.colcon_core.shell:Creating package script '/home/ductrung/bumperbot_ws/install/bumperbot_firmware/share/bumperbot_firmware/package.bash'
[1.167s] INFO:colcon.colcon_core.shell:Creating package script '/home/ductrung/bumperbot_ws/install/bumperbot_firmware/share/bumperbot_firmware/package.zsh'
[1.168s] Level 1:colcon.colcon_core.environment:create_file_with_runtime_dependencies(/home/ductrung/bumperbot_ws/install/bumperbot_firmware/share/colcon-core/packages/bumperbot_firmware)
[1.169s] Level 1:colcon.colcon_core.environment:create_environment_scripts_only(bumperbot_controller)
[1.170s] Level 1:colcon.colcon_core.environment:checking '/home/ductrung/bumperbot_ws/install/bumperbot_controller' for CMake module files
[1.170s] Level 1:colcon.colcon_core.environment:checking '/home/ductrung/bumperbot_ws/install/bumperbot_controller' for CMake config files
[1.171s] Level 1:colcon.colcon_core.shell:create_environment_hook('bumperbot_controller', 'cmake_prefix_path')
[1.171s] INFO:colcon.colcon_core.shell:Creating environment hook '/home/ductrung/bumperbot_ws/install/bumperbot_controller/share/bumperbot_controller/hook/cmake_prefix_path.ps1'
[1.171s] INFO:colcon.colcon_core.shell:Creating environment descriptor '/home/ductrung/bumperbot_ws/install/bumperbot_controller/share/bumperbot_controller/hook/cmake_prefix_path.dsv'
[1.172s] INFO:colcon.colcon_core.shell:Creating environment hook '/home/ductrung/bumperbot_ws/install/bumperbot_controller/share/bumperbot_controller/hook/cmake_prefix_path.sh'
[1.172s] Level 1:colcon.colcon_core.environment:checking '/home/ductrung/bumperbot_ws/install/bumperbot_controller/lib'
[1.173s] Level 1:colcon.colcon_core.environment:checking '/home/ductrung/bumperbot_ws/install/bumperbot_controller/bin'
[1.173s] Level 1:colcon.colcon_core.environment:checking '/home/ductrung/bumperbot_ws/install/bumperbot_controller/lib/pkgconfig/bumperbot_controller.pc'
[1.173s] Level 1:colcon.colcon_core.environment:checking '/home/ductrung/bumperbot_ws/install/bumperbot_controller/lib/python3.10/site-packages'
[1.173s] Level 1:colcon.colcon_core.environment:checking '/home/ductrung/bumperbot_ws/install/bumperbot_controller/bin'
[1.174s] INFO:colcon.colcon_core.shell:Creating package script '/home/ductrung/bumperbot_ws/install/bumperbot_controller/share/bumperbot_controller/package.ps1'
[1.174s] INFO:colcon.colcon_core.shell:Creating package descriptor '/home/ductrung/bumperbot_ws/install/bumperbot_controller/share/bumperbot_controller/package.dsv'
[1.175s] INFO:colcon.colcon_core.shell:Creating package script '/home/ductrung/bumperbot_ws/install/bumperbot_controller/share/bumperbot_controller/package.sh'
[1.175s] INFO:colcon.colcon_core.shell:Creating package script '/home/ductrung/bumperbot_ws/install/bumperbot_controller/share/bumperbot_controller/package.bash'
[1.175s] INFO:colcon.colcon_core.shell:Creating package script '/home/ductrung/bumperbot_ws/install/bumperbot_controller/share/bumperbot_controller/package.zsh'
[1.176s] Level 1:colcon.colcon_core.environment:create_file_with_runtime_dependencies(/home/ductrung/bumperbot_ws/install/bumperbot_controller/share/colcon-core/packages/bumperbot_controller)
[1.253s] Level 1:colcon.colcon_core.environment:create_environment_scripts_only(bumperbot_firmware)
[1.253s] Level 1:colcon.colcon_core.environment:checking '/home/ductrung/bumperbot_ws/install/bumperbot_firmware' for CMake module files
[1.253s] Level 1:colcon.colcon_core.environment:checking '/home/ductrung/bumperbot_ws/install/bumperbot_firmware' for CMake config files
[1.255s] Level 1:colcon.colcon_core.shell:create_environment_hook('bumperbot_firmware', 'cmake_prefix_path')
[1.255s] INFO:colcon.colcon_core.shell:Creating environment hook '/home/ductrung/bumperbot_ws/install/bumperbot_firmware/share/bumperbot_firmware/hook/cmake_prefix_path.ps1'
[1.256s] INFO:colcon.colcon_core.shell:Creating environment descriptor '/home/ductrung/bumperbot_ws/install/bumperbot_firmware/share/bumperbot_firmware/hook/cmake_prefix_path.dsv'
[1.256s] INFO:colcon.colcon_core.shell:Creating environment hook '/home/ductrung/bumperbot_ws/install/bumperbot_firmware/share/bumperbot_firmware/hook/cmake_prefix_path.sh'
[1.257s] Level 1:colcon.colcon_core.environment:checking '/home/ductrung/bumperbot_ws/install/bumperbot_firmware/lib'
[1.257s] Level 1:colcon.colcon_core.shell:create_environment_hook('bumperbot_firmware', 'ld_library_path_lib')
[1.257s] INFO:colcon.colcon_core.shell:Creating environment hook '/home/ductrung/bumperbot_ws/install/bumperbot_firmware/share/bumperbot_firmware/hook/ld_library_path_lib.ps1'
[1.258s] INFO:colcon.colcon_core.shell:Creating environment descriptor '/home/ductrung/bumperbot_ws/install/bumperbot_firmware/share/bumperbot_firmware/hook/ld_library_path_lib.dsv'
[1.258s] INFO:colcon.colcon_core.shell:Creating environment hook '/home/ductrung/bumperbot_ws/install/bumperbot_firmware/share/bumperbot_firmware/hook/ld_library_path_lib.sh'
[1.258s] Level 1:colcon.colcon_core.environment:checking '/home/ductrung/bumperbot_ws/install/bumperbot_firmware/bin'
[1.258s] Level 1:colcon.colcon_core.environment:checking '/home/ductrung/bumperbot_ws/install/bumperbot_firmware/lib/pkgconfig/bumperbot_firmware.pc'
[1.259s] Level 1:colcon.colcon_core.environment:checking '/home/ductrung/bumperbot_ws/install/bumperbot_firmware/lib/python3.10/site-packages'
[1.260s] Level 1:colcon.colcon_core.environment:checking '/home/ductrung/bumperbot_ws/install/bumperbot_firmware/bin'
[1.260s] INFO:colcon.colcon_core.shell:Creating package script '/home/ductrung/bumperbot_ws/install/bumperbot_firmware/share/bumperbot_firmware/package.ps1'
[1.264s] INFO:colcon.colcon_core.shell:Creating package descriptor '/home/ductrung/bumperbot_ws/install/bumperbot_firmware/share/bumperbot_firmware/package.dsv'
[1.265s] INFO:colcon.colcon_core.shell:Creating package script '/home/ductrung/bumperbot_ws/install/bumperbot_firmware/share/bumperbot_firmware/package.sh'
[1.266s] INFO:colcon.colcon_core.shell:Creating package script '/home/ductrung/bumperbot_ws/install/bumperbot_firmware/share/bumperbot_firmware/package.bash'
[1.266s] INFO:colcon.colcon_core.shell:Creating package script '/home/ductrung/bumperbot_ws/install/bumperbot_firmware/share/bumperbot_firmware/package.zsh'
[1.267s] Level 1:colcon.colcon_core.environment:create_file_with_runtime_dependencies(/home/ductrung/bumperbot_ws/install/bumperbot_firmware/share/colcon-core/packages/bumperbot_firmware)
[1.268s] INFO:colcon.colcon_ros.task.ament_cmake.build:Building ROS package in '/home/ductrung/bumperbot_ws/src/bumperbot_bringup' with build type 'ament_cmake'
[1.268s] INFO:colcon.colcon_cmake.task.cmake.build:Building CMake package in '/home/ductrung/bumperbot_ws/src/bumperbot_bringup'
[1.268s] INFO:colcon.colcon_core.shell:Skip shell extension 'powershell' for command environment: Not usable outside of PowerShell
[1.268s] DEBUG:colcon.colcon_core.shell:Skip shell extension 'dsv' for command environment
[1.314s] DEBUG:colcon.colcon_core.event_handler.log_command:Invoking command in '/home/ductrung/bumperbot_ws/build/bumperbot_bringup': AMENT_PREFIX_PATH=/home/ductrung/bumperbot_ws/install/bumperbot_firmware:/home/ductrung/bumperbot_ws/install/bumperbot_description:/home/ductrung/bumperbot_ws/install/bumperbot_controller:${AMENT_PREFIX_PATH} CMAKE_PREFIX_PATH=/home/ductrung/bumperbot_ws/install/bumperbot_firmware:/home/ductrung/bumperbot_ws/install/bumperbot_description:/home/ductrung/bumperbot_ws/install/bumperbot_controller:/home/ductrung/ros2_ws/install/my_robot_bringup:/home/ductrung/ros2_ws/install/my_robot_description:/opt/ros/humble LD_LIBRARY_PATH=/home/ductrung/bumperbot_ws/install/bumperbot_firmware/lib:/usr/lib/x86_64-linux-gnu/gazebo-11/plugins:/opt/ros/humble/opt/rviz_ogre_vendor/lib:/opt/ros/humble/lib/x86_64-linux-gnu:/opt/ros/humble/lib:/usr/share/gazebo/../../lib/x86_64-linux-gnu/gazebo-11/plugins PYTHONPATH=/home/ductrung/bumperbot_ws/install/bumperbot_firmware/local/lib/python3.10/dist-packages:/home/ductrung/bumperbot_ws/install/bumperbot_controller/local/lib/python3.10/dist-packages:${PYTHONPATH} /usr/bin/cmake --build /home/ductrung/bumperbot_ws/build/bumperbot_bringup -- -j4 -l4
[1.383s] DEBUG:colcon.colcon_core.event_handler.log_command:Invoked command in '/home/ductrung/bumperbot_ws/build/bumperbot_bringup' returned '0': AMENT_PREFIX_PATH=/home/ductrung/bumperbot_ws/install/bumperbot_firmware:/home/ductrung/bumperbot_ws/install/bumperbot_description:/home/ductrung/bumperbot_ws/install/bumperbot_controller:${AMENT_PREFIX_PATH} CMAKE_PREFIX_PATH=/home/ductrung/bumperbot_ws/install/bumperbot_firmware:/home/ductrung/bumperbot_ws/install/bumperbot_description:/home/ductrung/bumperbot_ws/install/bumperbot_controller:/home/ductrung/ros2_ws/install/my_robot_bringup:/home/ductrung/ros2_ws/install/my_robot_description:/opt/ros/humble LD_LIBRARY_PATH=/home/ductrung/bumperbot_ws/install/bumperbot_firmware/lib:/usr/lib/x86_64-linux-gnu/gazebo-11/plugins:/opt/ros/humble/opt/rviz_ogre_vendor/lib:/opt/ros/humble/lib/x86_64-linux-gnu:/opt/ros/humble/lib:/usr/share/gazebo/../../lib/x86_64-linux-gnu/gazebo-11/plugins PYTHONPATH=/home/ductrung/bumperbot_ws/install/bumperbot_firmware/local/lib/python3.10/dist-packages:/home/ductrung/bumperbot_ws/install/bumperbot_controller/local/lib/python3.10/dist-packages:${PYTHONPATH} /usr/bin/cmake --build /home/ductrung/bumperbot_ws/build/bumperbot_bringup -- -j4 -l4
[1.392s] DEBUG:colcon.colcon_core.event_handler.log_command:Invoked command in '/home/ductrung/bumperbot_ws/build/bumperbot_msgs' returned '0': CMAKE_PREFIX_PATH=${CMAKE_PREFIX_PATH}:/opt/ros/humble /usr/bin/cmake --build /home/ductrung/bumperbot_ws/build/bumperbot_msgs -- -j4 -l4
[1.448s] DEBUG:colcon.colcon_core.event_handler.log_command:Invoked command in '/home/ductrung/bumperbot_ws/build/bumperbot_localization' returned '0': CMAKE_PREFIX_PATH=${CMAKE_PREFIX_PATH}:/opt/ros/humble /usr/bin/cmake --build /home/ductrung/bumperbot_ws/build/bumperbot_localization -- -j4 -l4
[1.469s] DEBUG:colcon.colcon_core.event_handler.log_command:Invoking command in '/home/ductrung/bumperbot_ws/build/bumperbot_bringup': AMENT_PREFIX_PATH=/home/ductrung/bumperbot_ws/install/bumperbot_firmware:/home/ductrung/bumperbot_ws/install/bumperbot_description:/home/ductrung/bumperbot_ws/install/bumperbot_controller:${AMENT_PREFIX_PATH} CMAKE_PREFIX_PATH=/home/ductrung/bumperbot_ws/install/bumperbot_firmware:/home/ductrung/bumperbot_ws/install/bumperbot_description:/home/ductrung/bumperbot_ws/install/bumperbot_controller:/home/ductrung/ros2_ws/install/my_robot_bringup:/home/ductrung/ros2_ws/install/my_robot_description:/opt/ros/humble LD_LIBRARY_PATH=/home/ductrung/bumperbot_ws/install/bumperbot_firmware/lib:/usr/lib/x86_64-linux-gnu/gazebo-11/plugins:/opt/ros/humble/opt/rviz_ogre_vendor/lib:/opt/ros/humble/lib/x86_64-linux-gnu:/opt/ros/humble/lib:/usr/share/gazebo/../../lib/x86_64-linux-gnu/gazebo-11/plugins PYTHONPATH=/home/ductrung/bumperbot_ws/install/bumperbot_firmware/local/lib/python3.10/dist-packages:/home/ductrung/bumperbot_ws/install/bumperbot_controller/local/lib/python3.10/dist-packages:${PYTHONPATH} /usr/bin/cmake --install /home/ductrung/bumperbot_ws/build/bumperbot_bringup
[1.482s] Level 1:colcon.colcon_core.environment:create_environment_scripts_only(bumperbot_bringup)
[1.482s] Level 1:colcon.colcon_core.environment:checking '/home/ductrung/bumperbot_ws/install/bumperbot_bringup' for CMake module files
[1.483s] DEBUG:colcon.colcon_core.event_handler.log_command:Invoked command in '/home/ductrung/bumperbot_ws/build/bumperbot_bringup' returned '0': AMENT_PREFIX_PATH=/home/ductrung/bumperbot_ws/install/bumperbot_firmware:/home/ductrung/bumperbot_ws/install/bumperbot_description:/home/ductrung/bumperbot_ws/install/bumperbot_controller:${AMENT_PREFIX_PATH} CMAKE_PREFIX_PATH=/home/ductrung/bumperbot_ws/install/bumperbot_firmware:/home/ductrung/bumperbot_ws/install/bumperbot_description:/home/ductrung/bumperbot_ws/install/bumperbot_controller:/home/ductrung/ros2_ws/install/my_robot_bringup:/home/ductrung/ros2_ws/install/my_robot_description:/opt/ros/humble LD_LIBRARY_PATH=/home/ductrung/bumperbot_ws/install/bumperbot_firmware/lib:/usr/lib/x86_64-linux-gnu/gazebo-11/plugins:/opt/ros/humble/opt/rviz_ogre_vendor/lib:/opt/ros/humble/lib/x86_64-linux-gnu:/opt/ros/humble/lib:/usr/share/gazebo/../../lib/x86_64-linux-gnu/gazebo-11/plugins PYTHONPATH=/home/ductrung/bumperbot_ws/install/bumperbot_firmware/local/lib/python3.10/dist-packages:/home/ductrung/bumperbot_ws/install/bumperbot_controller/local/lib/python3.10/dist-packages:${PYTHONPATH} /usr/bin/cmake --install /home/ductrung/bumperbot_ws/build/bumperbot_bringup
[1.484s] Level 1:colcon.colcon_core.environment:checking '/home/ductrung/bumperbot_ws/install/bumperbot_bringup' for CMake config files
[1.484s] Level 1:colcon.colcon_core.shell:create_environment_hook('bumperbot_bringup', 'cmake_prefix_path')
[1.484s] INFO:colcon.colcon_core.shell:Creating environment hook '/home/ductrung/bumperbot_ws/install/bumperbot_bringup/share/bumperbot_bringup/hook/cmake_prefix_path.ps1'
[1.484s] INFO:colcon.colcon_core.shell:Creating environment descriptor '/home/ductrung/bumperbot_ws/install/bumperbot_bringup/share/bumperbot_bringup/hook/cmake_prefix_path.dsv'
[1.485s] INFO:colcon.colcon_core.shell:Creating environment hook '/home/ductrung/bumperbot_ws/install/bumperbot_bringup/share/bumperbot_bringup/hook/cmake_prefix_path.sh'
[1.486s] Level 1:colcon.colcon_core.environment:checking '/home/ductrung/bumperbot_ws/install/bumperbot_bringup/bin'
[1.486s] Level 1:colcon.colcon_core.environment:checking '/home/ductrung/bumperbot_ws/install/bumperbot_bringup/lib/pkgconfig/bumperbot_bringup.pc'
[1.486s] Level 1:colcon.colcon_core.environment:checking '/home/ductrung/bumperbot_ws/install/bumperbot_bringup/lib/python3.10/site-packages'
[1.486s] Level 1:colcon.colcon_core.environment:checking '/home/ductrung/bumperbot_ws/install/bumperbot_bringup/bin'
[1.488s] INFO:colcon.colcon_core.shell:Creating package script '/home/ductrung/bumperbot_ws/install/bumperbot_bringup/share/bumperbot_bringup/package.ps1'
[1.489s] INFO:colcon.colcon_core.shell:Creating package descriptor '/home/ductrung/bumperbot_ws/install/bumperbot_bringup/share/bumperbot_bringup/package.dsv'
[1.490s] INFO:colcon.colcon_core.shell:Creating package script '/home/ductrung/bumperbot_ws/install/bumperbot_bringup/share/bumperbot_bringup/package.sh'
[1.490s] INFO:colcon.colcon_core.shell:Creating package script '/home/ductrung/bumperbot_ws/install/bumperbot_bringup/share/bumperbot_bringup/package.bash'
[1.491s] INFO:colcon.colcon_core.shell:Creating package script '/home/ductrung/bumperbot_ws/install/bumperbot_bringup/share/bumperbot_bringup/package.zsh'
[1.491s] Level 1:colcon.colcon_core.environment:create_file_with_runtime_dependencies(/home/ductrung/bumperbot_ws/install/bumperbot_bringup/share/colcon-core/packages/bumperbot_bringup)
[1.533s] DEBUG:colcon.colcon_core.event_handler.log_command:Invoking command in '/home/ductrung/bumperbot_ws/build/bumperbot_localization': CMAKE_PREFIX_PATH=${CMAKE_PREFIX_PATH}:/opt/ros/humble /usr/bin/cmake --install /home/ductrung/bumperbot_ws/build/bumperbot_localization
[1.552s] Level 1:colcon.colcon_core.environment:create_environment_scripts_only(bumperbot_bringup)
[1.552s] Level 1:colcon.colcon_core.environment:checking '/home/ductrung/bumperbot_ws/install/bumperbot_bringup' for CMake module files
[1.552s] Level 1:colcon.colcon_core.environment:checking '/home/ductrung/bumperbot_ws/install/bumperbot_bringup' for CMake config files
[1.552s] Level 1:colcon.colcon_core.shell:create_environment_hook('bumperbot_bringup', 'cmake_prefix_path')
[1.552s] INFO:colcon.colcon_core.shell:Creating environment hook '/home/ductrung/bumperbot_ws/install/bumperbot_bringup/share/bumperbot_bringup/hook/cmake_prefix_path.ps1'
[1.553s] INFO:colcon.colcon_core.shell:Creating environment descriptor '/home/ductrung/bumperbot_ws/install/bumperbot_bringup/share/bumperbot_bringup/hook/cmake_prefix_path.dsv'
[1.554s] INFO:colcon.colcon_core.shell:Creating environment hook '/home/ductrung/bumperbot_ws/install/bumperbot_bringup/share/bumperbot_bringup/hook/cmake_prefix_path.sh'
[1.555s] Level 1:colcon.colcon_core.environment:checking '/home/ductrung/bumperbot_ws/install/bumperbot_bringup/bin'
[1.555s] Level 1:colcon.colcon_core.environment:checking '/home/ductrung/bumperbot_ws/install/bumperbot_bringup/lib/pkgconfig/bumperbot_bringup.pc'
[1.555s] Level 1:colcon.colcon_core.environment:checking '/home/ductrung/bumperbot_ws/install/bumperbot_bringup/lib/python3.10/site-packages'
[1.555s] Level 1:colcon.colcon_core.environment:checking '/home/ductrung/bumperbot_ws/install/bumperbot_bringup/bin'
[1.556s] INFO:colcon.colcon_core.shell:Creating package script '/home/ductrung/bumperbot_ws/install/bumperbot_bringup/share/bumperbot_bringup/package.ps1'
[1.557s] INFO:colcon.colcon_core.shell:Creating package descriptor '/home/ductrung/bumperbot_ws/install/bumperbot_bringup/share/bumperbot_bringup/package.dsv'
[1.558s] INFO:colcon.colcon_core.shell:Creating package script '/home/ductrung/bumperbot_ws/install/bumperbot_bringup/share/bumperbot_bringup/package.sh'
[1.559s] INFO:colcon.colcon_core.shell:Creating package script '/home/ductrung/bumperbot_ws/install/bumperbot_bringup/share/bumperbot_bringup/package.bash'
[1.560s] INFO:colcon.colcon_core.shell:Creating package script '/home/ductrung/bumperbot_ws/install/bumperbot_bringup/share/bumperbot_bringup/package.zsh'
[1.561s] Level 1:colcon.colcon_core.environment:create_file_with_runtime_dependencies(/home/ductrung/bumperbot_ws/install/bumperbot_bringup/share/colcon-core/packages/bumperbot_bringup)
[1.599s] Level 1:colcon.colcon_core.environment:create_environment_scripts_only(bumperbot_localization)
[1.599s] Level 1:colcon.colcon_core.environment:checking '/home/ductrung/bumperbot_ws/install/bumperbot_localization' for CMake module files
[1.600s] Level 1:colcon.colcon_core.environment:checking '/home/ductrung/bumperbot_ws/install/bumperbot_localization' for CMake config files
[1.600s] Level 1:colcon.colcon_core.shell:create_environment_hook('bumperbot_localization', 'cmake_prefix_path')
[1.601s] INFO:colcon.colcon_core.shell:Creating environment hook '/home/ductrung/bumperbot_ws/install/bumperbot_localization/share/bumperbot_localization/hook/cmake_prefix_path.ps1'
[1.602s] DEBUG:colcon.colcon_core.event_handler.log_command:Invoked command in '/home/ductrung/bumperbot_ws/build/bumperbot_localization' returned '0': CMAKE_PREFIX_PATH=${CMAKE_PREFIX_PATH}:/opt/ros/humble /usr/bin/cmake --install /home/ductrung/bumperbot_ws/build/bumperbot_localization
[1.603s] INFO:colcon.colcon_core.shell:Creating environment descriptor '/home/ductrung/bumperbot_ws/install/bumperbot_localization/share/bumperbot_localization/hook/cmake_prefix_path.dsv'
[1.604s] INFO:colcon.colcon_core.shell:Creating environment hook '/home/ductrung/bumperbot_ws/install/bumperbot_localization/share/bumperbot_localization/hook/cmake_prefix_path.sh'
[1.606s] Level 1:colcon.colcon_core.environment:checking '/home/ductrung/bumperbot_ws/install/bumperbot_localization/lib'
[1.606s] Level 1:colcon.colcon_core.environment:checking '/home/ductrung/bumperbot_ws/install/bumperbot_localization/bin'
[1.606s] Level 1:colcon.colcon_core.environment:checking '/home/ductrung/bumperbot_ws/install/bumperbot_localization/lib/pkgconfig/bumperbot_localization.pc'
[1.606s] Level 1:colcon.colcon_core.environment:checking '/home/ductrung/bumperbot_ws/install/bumperbot_localization/lib/python3.10/site-packages'
[1.607s] Level 1:colcon.colcon_core.environment:checking '/home/ductrung/bumperbot_ws/install/bumperbot_localization/bin'
[1.607s] INFO:colcon.colcon_core.shell:Creating package script '/home/ductrung/bumperbot_ws/install/bumperbot_localization/share/bumperbot_localization/package.ps1'
[1.609s] INFO:colcon.colcon_core.shell:Creating package descriptor '/home/ductrung/bumperbot_ws/install/bumperbot_localization/share/bumperbot_localization/package.dsv'
[1.610s] INFO:colcon.colcon_core.shell:Creating package script '/home/ductrung/bumperbot_ws/install/bumperbot_localization/share/bumperbot_localization/package.sh'
[1.611s] INFO:colcon.colcon_core.shell:Creating package script '/home/ductrung/bumperbot_ws/install/bumperbot_localization/share/bumperbot_localization/package.bash'
[1.624s] INFO:colcon.colcon_core.shell:Creating package script '/home/ductrung/bumperbot_ws/install/bumperbot_localization/share/bumperbot_localization/package.zsh'
[1.626s] Level 1:colcon.colcon_core.environment:create_file_with_runtime_dependencies(/home/ductrung/bumperbot_ws/install/bumperbot_localization/share/colcon-core/packages/bumperbot_localization)
[1.681s] DEBUG:colcon.colcon_core.event_handler.log_command:Invoking command in '/home/ductrung/bumperbot_ws/build/bumperbot_msgs': CMAKE_PREFIX_PATH=${CMAKE_PREFIX_PATH}:/opt/ros/humble /usr/bin/cmake --install /home/ductrung/bumperbot_ws/build/bumperbot_msgs
[1.700s] Level 1:colcon.colcon_core.environment:create_environment_scripts_only(bumperbot_localization)
[1.701s] Level 1:colcon.colcon_core.environment:checking '/home/ductrung/bumperbot_ws/install/bumperbot_localization' for CMake module files
[1.710s] Level 1:colcon.colcon_core.environment:checking '/home/ductrung/bumperbot_ws/install/bumperbot_localization' for CMake config files
[1.710s] Level 1:colcon.colcon_core.shell:create_environment_hook('bumperbot_localization', 'cmake_prefix_path')
[1.710s] INFO:colcon.colcon_core.shell:Creating environment hook '/home/ductrung/bumperbot_ws/install/bumperbot_localization/share/bumperbot_localization/hook/cmake_prefix_path.ps1'
[1.711s] INFO:colcon.colcon_core.shell:Creating environment descriptor '/home/ductrung/bumperbot_ws/install/bumperbot_localization/share/bumperbot_localization/hook/cmake_prefix_path.dsv'
[1.712s] INFO:colcon.colcon_core.shell:Creating environment hook '/home/ductrung/bumperbot_ws/install/bumperbot_localization/share/bumperbot_localization/hook/cmake_prefix_path.sh'
[1.712s] Level 1:colcon.colcon_core.environment:checking '/home/ductrung/bumperbot_ws/install/bumperbot_localization/lib'
[1.712s] Level 1:colcon.colcon_core.environment:checking '/home/ductrung/bumperbot_ws/install/bumperbot_localization/bin'
[1.713s] Level 1:colcon.colcon_core.environment:checking '/home/ductrung/bumperbot_ws/install/bumperbot_localization/lib/pkgconfig/bumperbot_localization.pc'
[1.713s] Level 1:colcon.colcon_core.environment:checking '/home/ductrung/bumperbot_ws/install/bumperbot_localization/lib/python3.10/site-packages'
[1.713s] Level 1:colcon.colcon_core.environment:checking '/home/ductrung/bumperbot_ws/install/bumperbot_localization/bin'
[1.713s] INFO:colcon.colcon_core.shell:Creating package script '/home/ductrung/bumperbot_ws/install/bumperbot_localization/share/bumperbot_localization/package.ps1'
[1.714s] INFO:colcon.colcon_core.shell:Creating package descriptor '/home/ductrung/bumperbot_ws/install/bumperbot_localization/share/bumperbot_localization/package.dsv'
[1.714s] INFO:colcon.colcon_core.shell:Creating package script '/home/ductrung/bumperbot_ws/install/bumperbot_localization/share/bumperbot_localization/package.sh'
[1.715s] INFO:colcon.colcon_core.shell:Creating package script '/home/ductrung/bumperbot_ws/install/bumperbot_localization/share/bumperbot_localization/package.bash'
[1.716s] INFO:colcon.colcon_core.shell:Creating package script '/home/ductrung/bumperbot_ws/install/bumperbot_localization/share/bumperbot_localization/package.zsh'
[1.716s] Level 1:colcon.colcon_core.environment:create_file_with_runtime_dependencies(/home/ductrung/bumperbot_ws/install/bumperbot_localization/share/colcon-core/packages/bumperbot_localization)
[1.752s] Level 1:colcon.colcon_core.environment:create_environment_scripts_only(bumperbot_msgs)
[1.752s] Level 1:colcon.colcon_core.environment:checking '/home/ductrung/bumperbot_ws/install/bumperbot_msgs' for CMake module files
[1.753s] DEBUG:colcon.colcon_core.event_handler.log_command:Invoked command in '/home/ductrung/bumperbot_ws/build/bumperbot_msgs' returned '0': CMAKE_PREFIX_PATH=${CMAKE_PREFIX_PATH}:/opt/ros/humble /usr/bin/cmake --install /home/ductrung/bumperbot_ws/build/bumperbot_msgs
[1.754s] Level 1:colcon.colcon_core.environment:checking '/home/ductrung/bumperbot_ws/install/bumperbot_msgs' for CMake config files
[1.754s] Level 1:colcon.colcon_core.shell:create_environment_hook('bumperbot_msgs', 'cmake_prefix_path')
[1.754s] INFO:colcon.colcon_core.shell:Creating environment hook '/home/ductrung/bumperbot_ws/install/bumperbot_msgs/share/bumperbot_msgs/hook/cmake_prefix_path.ps1'
[1.755s] INFO:colcon.colcon_core.shell:Creating environment descriptor '/home/ductrung/bumperbot_ws/install/bumperbot_msgs/share/bumperbot_msgs/hook/cmake_prefix_path.dsv'
[1.756s] INFO:colcon.colcon_core.shell:Creating environment hook '/home/ductrung/bumperbot_ws/install/bumperbot_msgs/share/bumperbot_msgs/hook/cmake_prefix_path.sh'
[1.756s] Level 1:colcon.colcon_core.environment:checking '/home/ductrung/bumperbot_ws/install/bumperbot_msgs/lib'
[1.756s] Level 1:colcon.colcon_core.shell:create_environment_hook('bumperbot_msgs', 'ld_library_path_lib')
[1.757s] INFO:colcon.colcon_core.shell:Creating environment hook '/home/ductrung/bumperbot_ws/install/bumperbot_msgs/share/bumperbot_msgs/hook/ld_library_path_lib.ps1'
[1.757s] INFO:colcon.colcon_core.shell:Creating environment descriptor '/home/ductrung/bumperbot_ws/install/bumperbot_msgs/share/bumperbot_msgs/hook/ld_library_path_lib.dsv'
[1.758s] INFO:colcon.colcon_core.shell:Creating environment hook '/home/ductrung/bumperbot_ws/install/bumperbot_msgs/share/bumperbot_msgs/hook/ld_library_path_lib.sh'
[1.759s] Level 1:colcon.colcon_core.environment:checking '/home/ductrung/bumperbot_ws/install/bumperbot_msgs/bin'
[1.759s] Level 1:colcon.colcon_core.environment:checking '/home/ductrung/bumperbot_ws/install/bumperbot_msgs/lib/pkgconfig/bumperbot_msgs.pc'
[1.759s] Level 1:colcon.colcon_core.environment:checking '/home/ductrung/bumperbot_ws/install/bumperbot_msgs/lib/python3.10/site-packages'
[1.759s] Level 1:colcon.colcon_core.environment:checking '/home/ductrung/bumperbot_ws/install/bumperbot_msgs/bin'
[1.762s] INFO:colcon.colcon_core.shell:Creating package script '/home/ductrung/bumperbot_ws/install/bumperbot_msgs/share/bumperbot_msgs/package.ps1'
[1.776s] INFO:colcon.colcon_core.shell:Creating package descriptor '/home/ductrung/bumperbot_ws/install/bumperbot_msgs/share/bumperbot_msgs/package.dsv'
[1.781s] INFO:colcon.colcon_core.shell:Creating package script '/home/ductrung/bumperbot_ws/install/bumperbot_msgs/share/bumperbot_msgs/package.sh'
[1.785s] INFO:colcon.colcon_core.shell:Creating package script '/home/ductrung/bumperbot_ws/install/bumperbot_msgs/share/bumperbot_msgs/package.bash'
[1.785s] INFO:colcon.colcon_core.shell:Creating package script '/home/ductrung/bumperbot_ws/install/bumperbot_msgs/share/bumperbot_msgs/package.zsh'
[1.788s] Level 1:colcon.colcon_core.environment:create_file_with_runtime_dependencies(/home/ductrung/bumperbot_ws/install/bumperbot_msgs/share/colcon-core/packages/bumperbot_msgs)
[1.979s] Level 1:colcon.colcon_core.environment:create_environment_scripts_only(bumperbot_msgs)
[1.979s] Level 1:colcon.colcon_core.environment:checking '/home/ductrung/bumperbot_ws/install/bumperbot_msgs' for CMake module files
[1.980s] Level 1:colcon.colcon_core.environment:checking '/home/ductrung/bumperbot_ws/install/bumperbot_msgs' for CMake config files
[1.980s] Level 1:colcon.colcon_core.shell:create_environment_hook('bumperbot_msgs', 'cmake_prefix_path')
[1.980s] INFO:colcon.colcon_core.shell:Creating environment hook '/home/ductrung/bumperbot_ws/install/bumperbot_msgs/share/bumperbot_msgs/hook/cmake_prefix_path.ps1'
[1.981s] INFO:colcon.colcon_core.shell:Creating environment descriptor '/home/ductrung/bumperbot_ws/install/bumperbot_msgs/share/bumperbot_msgs/hook/cmake_prefix_path.dsv'
[1.982s] INFO:colcon.colcon_core.shell:Creating environment hook '/home/ductrung/bumperbot_ws/install/bumperbot_msgs/share/bumperbot_msgs/hook/cmake_prefix_path.sh'
[1.983s] Level 1:colcon.colcon_core.environment:checking '/home/ductrung/bumperbot_ws/install/bumperbot_msgs/lib'
[1.983s] Level 1:colcon.colcon_core.shell:create_environment_hook('bumperbot_msgs', 'ld_library_path_lib')
[1.983s] INFO:colcon.colcon_core.shell:Creating environment hook '/home/ductrung/bumperbot_ws/install/bumperbot_msgs/share/bumperbot_msgs/hook/ld_library_path_lib.ps1'
[1.984s] INFO:colcon.colcon_core.shell:Creating environment descriptor '/home/ductrung/bumperbot_ws/install/bumperbot_msgs/share/bumperbot_msgs/hook/ld_library_path_lib.dsv'
[1.985s] INFO:colcon.colcon_core.shell:Creating environment hook '/home/ductrung/bumperbot_ws/install/bumperbot_msgs/share/bumperbot_msgs/hook/ld_library_path_lib.sh'
[1.985s] Level 1:colcon.colcon_core.environment:checking '/home/ductrung/bumperbot_ws/install/bumperbot_msgs/bin'
[1.986s] Level 1:colcon.colcon_core.environment:checking '/home/ductrung/bumperbot_ws/install/bumperbot_msgs/lib/pkgconfig/bumperbot_msgs.pc'
[1.986s] Level 1:colcon.colcon_core.environment:checking '/home/ductrung/bumperbot_ws/install/bumperbot_msgs/lib/python3.10/site-packages'
[1.986s] Level 1:colcon.colcon_core.environment:checking '/home/ductrung/bumperbot_ws/install/bumperbot_msgs/bin'
[1.986s] INFO:colcon.colcon_core.shell:Creating package script '/home/ductrung/bumperbot_ws/install/bumperbot_msgs/share/bumperbot_msgs/package.ps1'
[1.987s] INFO:colcon.colcon_core.shell:Creating package descriptor '/home/ductrung/bumperbot_ws/install/bumperbot_msgs/share/bumperbot_msgs/package.dsv'
[1.988s] INFO:colcon.colcon_core.shell:Creating package script '/home/ductrung/bumperbot_ws/install/bumperbot_msgs/share/bumperbot_msgs/package.sh'
[1.989s] INFO:colcon.colcon_core.shell:Creating package script '/home/ductrung/bumperbot_ws/install/bumperbot_msgs/share/bumperbot_msgs/package.bash'
[1.989s] INFO:colcon.colcon_core.shell:Creating package script '/home/ductrung/bumperbot_ws/install/bumperbot_msgs/share/bumperbot_msgs/package.zsh'
[1.990s] Level 1:colcon.colcon_core.environment:create_file_with_runtime_dependencies(/home/ductrung/bumperbot_ws/install/bumperbot_msgs/share/colcon-core/packages/bumperbot_msgs)
[1.991s] INFO:colcon.colcon_ros.task.ament_cmake.build:Building ROS package in '/home/ductrung/bumperbot_ws/src/bumperbot_cpp_examples' with build type 'ament_cmake'
[1.991s] INFO:colcon.colcon_cmake.task.cmake.build:Building CMake package in '/home/ductrung/bumperbot_ws/src/bumperbot_cpp_examples'
[1.991s] INFO:colcon.colcon_core.shell:Skip shell extension 'powershell' for command environment: Not usable outside of PowerShell
[1.991s] DEBUG:colcon.colcon_core.shell:Skip shell extension 'dsv' for command environment
[1.997s] INFO:colcon.colcon_ros.task.ament_python.build:Building ROS package in '/home/ductrung/bumperbot_ws/src/bumperbot_py_examples' with build type 'ament_python'
[1.998s] Level 1:colcon.colcon_core.shell:create_environment_hook('bumperbot_py_examples', 'ament_prefix_path')
[1.998s] INFO:colcon.colcon_core.shell:Creating environment hook '/home/ductrung/bumperbot_ws/install/bumperbot_py_examples/share/bumperbot_py_examples/hook/ament_prefix_path.ps1'
[1.999s] INFO:colcon.colcon_core.shell:Creating environment descriptor '/home/ductrung/bumperbot_ws/install/bumperbot_py_examples/share/bumperbot_py_examples/hook/ament_prefix_path.dsv'
[2.000s] INFO:colcon.colcon_core.shell:Creating environment hook '/home/ductrung/bumperbot_ws/install/bumperbot_py_examples/share/bumperbot_py_examples/hook/ament_prefix_path.sh'
[2.000s] INFO:colcon.colcon_core.shell:Skip shell extension 'powershell' for command environment: Not usable outside of PowerShell
[2.000s] DEBUG:colcon.colcon_core.shell:Skip shell extension 'dsv' for command environment
[2.025s] DEBUG:colcon.colcon_core.event_handler.log_command:Invoking command in '/home/ductrung/bumperbot_ws/build/bumperbot_cpp_examples': AMENT_PREFIX_PATH=/home/ductrung/bumperbot_ws/install/bumperbot_msgs:${AMENT_PREFIX_PATH} CMAKE_PREFIX_PATH=/home/ductrung/bumperbot_ws/install/bumperbot_msgs:/home/ductrung/ros2_ws/install/my_robot_bringup:/home/ductrung/ros2_ws/install/my_robot_description:/opt/ros/humble LD_LIBRARY_PATH=/home/ductrung/bumperbot_ws/install/bumperbot_msgs/lib:/usr/lib/x86_64-linux-gnu/gazebo-11/plugins:/opt/ros/humble/opt/rviz_ogre_vendor/lib:/opt/ros/humble/lib/x86_64-linux-gnu:/opt/ros/humble/lib:/usr/share/gazebo/../../lib/x86_64-linux-gnu/gazebo-11/plugins PYTHONPATH=/home/ductrung/bumperbot_ws/install/bumperbot_msgs/local/lib/python3.10/dist-packages:${PYTHONPATH} /usr/bin/cmake --build /home/ductrung/bumperbot_ws/build/bumperbot_cpp_examples -- -j4 -l4
[2.230s] INFO:colcon.colcon_core.task.python.build:Building Python package in '/home/ductrung/bumperbot_ws/src/bumperbot_py_examples'
[2.230s] INFO:colcon.colcon_core.shell:Skip shell extension 'powershell' for command environment: Not usable outside of PowerShell
[2.230s] DEBUG:colcon.colcon_core.shell:Skip shell extension 'dsv' for command environment
[2.350s] DEBUG:colcon.colcon_core.event_handler.log_command:Invoked command in '/home/ductrung/bumperbot_ws/build/bumperbot_cpp_examples' returned '0': AMENT_PREFIX_PATH=/home/ductrung/bumperbot_ws/install/bumperbot_msgs:${AMENT_PREFIX_PATH} CMAKE_PREFIX_PATH=/home/ductrung/bumperbot_ws/install/bumperbot_msgs:/home/ductrung/ros2_ws/install/my_robot_bringup:/home/ductrung/ros2_ws/install/my_robot_description:/opt/ros/humble LD_LIBRARY_PATH=/home/ductrung/bumperbot_ws/install/bumperbot_msgs/lib:/usr/lib/x86_64-linux-gnu/gazebo-11/plugins:/opt/ros/humble/opt/rviz_ogre_vendor/lib:/opt/ros/humble/lib/x86_64-linux-gnu:/opt/ros/humble/lib:/usr/share/gazebo/../../lib/x86_64-linux-gnu/gazebo-11/plugins PYTHONPATH=/home/ductrung/bumperbot_ws/install/bumperbot_msgs/local/lib/python3.10/dist-packages:${PYTHONPATH} /usr/bin/cmake --build /home/ductrung/bumperbot_ws/build/bumperbot_cpp_examples -- -j4 -l4
[2.509s] DEBUG:colcon.colcon_core.event_handler.log_command:Invoking command in '/home/ductrung/bumperbot_ws/build/bumperbot_cpp_examples': AMENT_PREFIX_PATH=/home/ductrung/bumperbot_ws/install/bumperbot_msgs:${AMENT_PREFIX_PATH} CMAKE_PREFIX_PATH=/home/ductrung/bumperbot_ws/install/bumperbot_msgs:/home/ductrung/ros2_ws/install/my_robot_bringup:/home/ductrung/ros2_ws/install/my_robot_description:/opt/ros/humble LD_LIBRARY_PATH=/home/ductrung/bumperbot_ws/install/bumperbot_msgs/lib:/usr/lib/x86_64-linux-gnu/gazebo-11/plugins:/opt/ros/humble/opt/rviz_ogre_vendor/lib:/opt/ros/humble/lib/x86_64-linux-gnu:/opt/ros/humble/lib:/usr/share/gazebo/../../lib/x86_64-linux-gnu/gazebo-11/plugins PYTHONPATH=/home/ductrung/bumperbot_ws/install/bumperbot_msgs/local/lib/python3.10/dist-packages:${PYTHONPATH} /usr/bin/cmake --install /home/ductrung/bumperbot_ws/build/bumperbot_cpp_examples
[2.521s] Level 1:colcon.colcon_core.environment:create_environment_scripts_only(bumperbot_cpp_examples)
[2.522s] Level 1:colcon.colcon_core.environment:checking '/home/ductrung/bumperbot_ws/install/bumperbot_cpp_examples' for CMake module files
[2.522s] Level 1:colcon.colcon_core.environment:checking '/home/ductrung/bumperbot_ws/install/bumperbot_cpp_examples' for CMake config files
[2.522s] Level 1:colcon.colcon_core.shell:create_environment_hook('bumperbot_cpp_examples', 'cmake_prefix_path')
[2.522s] INFO:colcon.colcon_core.shell:Creating environment hook '/home/ductrung/bumperbot_ws/install/bumperbot_cpp_examples/share/bumperbot_cpp_examples/hook/cmake_prefix_path.ps1'
[2.523s] INFO:colcon.colcon_core.shell:Creating environment descriptor '/home/ductrung/bumperbot_ws/install/bumperbot_cpp_examples/share/bumperbot_cpp_examples/hook/cmake_prefix_path.dsv'
[2.523s] INFO:colcon.colcon_core.shell:Creating environment hook '/home/ductrung/bumperbot_ws/install/bumperbot_cpp_examples/share/bumperbot_cpp_examples/hook/cmake_prefix_path.sh'
[2.524s] Level 1:colcon.colcon_core.environment:checking '/home/ductrung/bumperbot_ws/install/bumperbot_cpp_examples/lib'
[2.524s] Level 1:colcon.colcon_core.environment:checking '/home/ductrung/bumperbot_ws/install/bumperbot_cpp_examples/bin'
[2.524s] Level 1:colcon.colcon_core.environment:checking '/home/ductrung/bumperbot_ws/install/bumperbot_cpp_examples/lib/pkgconfig/bumperbot_cpp_examples.pc'
[2.524s] Level 1:colcon.colcon_core.environment:checking '/home/ductrung/bumperbot_ws/install/bumperbot_cpp_examples/lib/python3.10/site-packages'
[2.524s] Level 1:colcon.colcon_core.environment:checking '/home/ductrung/bumperbot_ws/install/bumperbot_cpp_examples/bin'
[2.524s] INFO:colcon.colcon_core.shell:Creating package script '/home/ductrung/bumperbot_ws/install/bumperbot_cpp_examples/share/bumperbot_cpp_examples/package.ps1'
[2.525s] INFO:colcon.colcon_core.shell:Creating package descriptor '/home/ductrung/bumperbot_ws/install/bumperbot_cpp_examples/share/bumperbot_cpp_examples/package.dsv'
[2.525s] INFO:colcon.colcon_core.shell:Creating package script '/home/ductrung/bumperbot_ws/install/bumperbot_cpp_examples/share/bumperbot_cpp_examples/package.sh'
[2.525s] INFO:colcon.colcon_core.shell:Creating package script '/home/ductrung/bumperbot_ws/install/bumperbot_cpp_examples/share/bumperbot_cpp_examples/package.bash'
[2.526s] INFO:colcon.colcon_core.shell:Creating package script '/home/ductrung/bumperbot_ws/install/bumperbot_cpp_examples/share/bumperbot_cpp_examples/package.zsh'
[2.526s] Level 1:colcon.colcon_core.environment:create_file_with_runtime_dependencies(/home/ductrung/bumperbot_ws/install/bumperbot_cpp_examples/share/colcon-core/packages/bumperbot_cpp_examples)
[2.527s] DEBUG:colcon.colcon_core.event_handler.log_command:Invoked command in '/home/ductrung/bumperbot_ws/build/bumperbot_cpp_examples' returned '0': AMENT_PREFIX_PATH=/home/ductrung/bumperbot_ws/install/bumperbot_msgs:${AMENT_PREFIX_PATH} CMAKE_PREFIX_PATH=/home/ductrung/bumperbot_ws/install/bumperbot_msgs:/home/ductrung/ros2_ws/install/my_robot_bringup:/home/ductrung/ros2_ws/install/my_robot_description:/opt/ros/humble LD_LIBRARY_PATH=/home/ductrung/bumperbot_ws/install/bumperbot_msgs/lib:/usr/lib/x86_64-linux-gnu/gazebo-11/plugins:/opt/ros/humble/opt/rviz_ogre_vendor/lib:/opt/ros/humble/lib/x86_64-linux-gnu:/opt/ros/humble/lib:/usr/share/gazebo/../../lib/x86_64-linux-gnu/gazebo-11/plugins PYTHONPATH=/home/ductrung/bumperbot_ws/install/bumperbot_msgs/local/lib/python3.10/dist-packages:${PYTHONPATH} /usr/bin/cmake --install /home/ductrung/bumperbot_ws/build/bumperbot_cpp_examples
[2.557s] DEBUG:colcon.colcon_core.event_handler.log_command:Invoking command in '/home/ductrung/bumperbot_ws/src/bumperbot_py_examples': AMENT_PREFIX_PATH=/home/ductrung/bumperbot_ws/install/bumperbot_msgs:${AMENT_PREFIX_PATH} CMAKE_PREFIX_PATH=/home/ductrung/bumperbot_ws/install/bumperbot_msgs:${CMAKE_PREFIX_PATH} LD_LIBRARY_PATH=/home/ductrung/bumperbot_ws/install/bumperbot_msgs/lib:/usr/lib/x86_64-linux-gnu/gazebo-11/plugins:/opt/ros/humble/opt/rviz_ogre_vendor/lib:/opt/ros/humble/lib/x86_64-linux-gnu:/opt/ros/humble/lib:/usr/share/gazebo/../../lib/x86_64-linux-gnu/gazebo-11/plugins PYTHONPATH=/home/ductrung/bumperbot_ws/build/bumperbot_py_examples/prefix_override:/usr/lib/python3/dist-packages/colcon_core/task/python/colcon_distutils_commands:/home/ductrung/bumperbot_ws/install/bumperbot_py_examples/lib/python3.10/site-packages:/home/ductrung/bumperbot_ws/install/bumperbot_msgs/local/lib/python3.10/dist-packages:${PYTHONPATH} /usr/bin/python3 -W ignore:setup.py install is deprecated setup.py egg_info --egg-base ../../build/bumperbot_py_examples build --build-base /home/ductrung/bumperbot_ws/build/bumperbot_py_examples/build install --record /home/ductrung/bumperbot_ws/build/bumperbot_py_examples/install.log --single-version-externally-managed install_data
[2.662s] Level 1:colcon.colcon_core.environment:create_environment_scripts_only(bumperbot_cpp_examples)
[2.662s] Level 1:colcon.colcon_core.environment:checking '/home/ductrung/bumperbot_ws/install/bumperbot_cpp_examples' for CMake module files
[2.662s] Level 1:colcon.colcon_core.environment:checking '/home/ductrung/bumperbot_ws/install/bumperbot_cpp_examples' for CMake config files
[2.662s] Level 1:colcon.colcon_core.shell:create_environment_hook('bumperbot_cpp_examples', 'cmake_prefix_path')
[2.663s] INFO:colcon.colcon_core.shell:Creating environment hook '/home/ductrung/bumperbot_ws/install/bumperbot_cpp_examples/share/bumperbot_cpp_examples/hook/cmake_prefix_path.ps1'
[2.663s] INFO:colcon.colcon_core.shell:Creating environment descriptor '/home/ductrung/bumperbot_ws/install/bumperbot_cpp_examples/share/bumperbot_cpp_examples/hook/cmake_prefix_path.dsv'
[2.664s] INFO:colcon.colcon_core.shell:Creating environment hook '/home/ductrung/bumperbot_ws/install/bumperbot_cpp_examples/share/bumperbot_cpp_examples/hook/cmake_prefix_path.sh'
[2.664s] Level 1:colcon.colcon_core.environment:checking '/home/ductrung/bumperbot_ws/install/bumperbot_cpp_examples/lib'
[2.664s] Level 1:colcon.colcon_core.environment:checking '/home/ductrung/bumperbot_ws/install/bumperbot_cpp_examples/bin'
[2.664s] Level 1:colcon.colcon_core.environment:checking '/home/ductrung/bumperbot_ws/install/bumperbot_cpp_examples/lib/pkgconfig/bumperbot_cpp_examples.pc'
[2.665s] Level 1:colcon.colcon_core.environment:checking '/home/ductrung/bumperbot_ws/install/bumperbot_cpp_examples/lib/python3.10/site-packages'
[2.665s] Level 1:colcon.colcon_core.environment:checking '/home/ductrung/bumperbot_ws/install/bumperbot_cpp_examples/bin'
[2.665s] INFO:colcon.colcon_core.shell:Creating package script '/home/ductrung/bumperbot_ws/install/bumperbot_cpp_examples/share/bumperbot_cpp_examples/package.ps1'
[2.666s] INFO:colcon.colcon_core.shell:Creating package descriptor '/home/ductrung/bumperbot_ws/install/bumperbot_cpp_examples/share/bumperbot_cpp_examples/package.dsv'
[2.666s] INFO:colcon.colcon_core.shell:Creating package script '/home/ductrung/bumperbot_ws/install/bumperbot_cpp_examples/share/bumperbot_cpp_examples/package.sh'
[2.667s] INFO:colcon.colcon_core.shell:Creating package script '/home/ductrung/bumperbot_ws/install/bumperbot_cpp_examples/share/bumperbot_cpp_examples/package.bash'
[2.667s] INFO:colcon.colcon_core.shell:Creating package script '/home/ductrung/bumperbot_ws/install/bumperbot_cpp_examples/share/bumperbot_cpp_examples/package.zsh'
[2.668s] Level 1:colcon.colcon_core.environment:create_file_with_runtime_dependencies(/home/ductrung/bumperbot_ws/install/bumperbot_cpp_examples/share/colcon-core/packages/bumperbot_cpp_examples)
[2.813s] Level 1:colcon.colcon_core.environment:checking '/home/ductrung/bumperbot_ws/install/bumperbot_py_examples' for CMake module files
[2.813s] DEBUG:colcon.colcon_core.event_handler.log_command:Invoked command in '/home/ductrung/bumperbot_ws/src/bumperbot_py_examples' returned '0': AMENT_PREFIX_PATH=/home/ductrung/bumperbot_ws/install/bumperbot_msgs:${AMENT_PREFIX_PATH} CMAKE_PREFIX_PATH=/home/ductrung/bumperbot_ws/install/bumperbot_msgs:${CMAKE_PREFIX_PATH} LD_LIBRARY_PATH=/home/ductrung/bumperbot_ws/install/bumperbot_msgs/lib:/usr/lib/x86_64-linux-gnu/gazebo-11/plugins:/opt/ros/humble/opt/rviz_ogre_vendor/lib:/opt/ros/humble/lib/x86_64-linux-gnu:/opt/ros/humble/lib:/usr/share/gazebo/../../lib/x86_64-linux-gnu/gazebo-11/plugins PYTHONPATH=/home/ductrung/bumperbot_ws/build/bumperbot_py_examples/prefix_override:/usr/lib/python3/dist-packages/colcon_core/task/python/colcon_distutils_commands:/home/ductrung/bumperbot_ws/install/bumperbot_py_examples/lib/python3.10/site-packages:/home/ductrung/bumperbot_ws/install/bumperbot_msgs/local/lib/python3.10/dist-packages:${PYTHONPATH} /usr/bin/python3 -W ignore:setup.py install is deprecated setup.py egg_info --egg-base ../../build/bumperbot_py_examples build --build-base /home/ductrung/bumperbot_ws/build/bumperbot_py_examples/build install --record /home/ductrung/bumperbot_ws/build/bumperbot_py_examples/install.log --single-version-externally-managed install_data
[2.814s] Level 1:colcon.colcon_core.environment:checking '/home/ductrung/bumperbot_ws/install/bumperbot_py_examples' for CMake config files
[2.814s] Level 1:colcon.colcon_core.environment:checking '/home/ductrung/bumperbot_ws/install/bumperbot_py_examples/lib'
[2.814s] Level 1:colcon.colcon_core.environment:checking '/home/ductrung/bumperbot_ws/install/bumperbot_py_examples/bin'
[2.814s] Level 1:colcon.colcon_core.environment:checking '/home/ductrung/bumperbot_ws/install/bumperbot_py_examples/lib/pkgconfig/bumperbot_py_examples.pc'
[2.814s] Level 1:colcon.colcon_core.environment:checking '/home/ductrung/bumperbot_ws/install/bumperbot_py_examples/lib/python3.10/site-packages'
[2.815s] Level 1:colcon.colcon_core.shell:create_environment_hook('bumperbot_py_examples', 'pythonpath')
[2.815s] INFO:colcon.colcon_core.shell:Creating environment hook '/home/ductrung/bumperbot_ws/install/bumperbot_py_examples/share/bumperbot_py_examples/hook/pythonpath.ps1'
[2.815s] INFO:colcon.colcon_core.shell:Creating environment descriptor '/home/ductrung/bumperbot_ws/install/bumperbot_py_examples/share/bumperbot_py_examples/hook/pythonpath.dsv'
[2.816s] INFO:colcon.colcon_core.shell:Creating environment hook '/home/ductrung/bumperbot_ws/install/bumperbot_py_examples/share/bumperbot_py_examples/hook/pythonpath.sh'
[2.816s] Level 1:colcon.colcon_core.environment:checking '/home/ductrung/bumperbot_ws/install/bumperbot_py_examples/bin'
[2.816s] Level 1:colcon.colcon_core.environment:create_environment_scripts_only(bumperbot_py_examples)
[2.817s] INFO:colcon.colcon_core.shell:Creating package script '/home/ductrung/bumperbot_ws/install/bumperbot_py_examples/share/bumperbot_py_examples/package.ps1'
[2.817s] INFO:colcon.colcon_core.shell:Creating package descriptor '/home/ductrung/bumperbot_ws/install/bumperbot_py_examples/share/bumperbot_py_examples/package.dsv'
[2.818s] INFO:colcon.colcon_core.shell:Creating package script '/home/ductrung/bumperbot_ws/install/bumperbot_py_examples/share/bumperbot_py_examples/package.sh'
[2.818s] INFO:colcon.colcon_core.shell:Creating package script '/home/ductrung/bumperbot_ws/install/bumperbot_py_examples/share/bumperbot_py_examples/package.bash'
[2.819s] INFO:colcon.colcon_core.shell:Creating package script '/home/ductrung/bumperbot_ws/install/bumperbot_py_examples/share/bumperbot_py_examples/package.zsh'
[2.820s] Level 1:colcon.colcon_core.environment:create_file_with_runtime_dependencies(/home/ductrung/bumperbot_ws/install/bumperbot_py_examples/share/colcon-core/packages/bumperbot_py_examples)
[2.820s] DEBUG:colcon.colcon_parallel_executor.executor.parallel:closing loop
[2.821s] DEBUG:colcon.colcon_parallel_executor.executor.parallel:loop closed
[2.821s] DEBUG:colcon.colcon_parallel_executor.executor.parallel:run_until_complete finished with '0'
[2.821s] DEBUG:colcon.colcon_core.event_reactor:joining thread
[2.828s] INFO:colcon.colcon_core.plugin_system:Skipping extension 'colcon_notification.desktop_notification.terminal_notifier': Not used on non-Darwin systems
[2.828s] INFO:colcon.colcon_core.plugin_system:Skipping extension 'colcon_notification.desktop_notification.win32': Not used on non-Windows systems
[2.828s] INFO:colcon.colcon_notification.desktop_notification:Sending desktop notification using 'notify2'
[2.849s] DEBUG:colcon.colcon_core.event_reactor:joined thread
[2.849s] INFO:colcon.colcon_core.shell:Creating prefix script '/home/ductrung/bumperbot_ws/install/local_setup.ps1'
[2.850s] INFO:colcon.colcon_core.shell:Creating prefix util module '/home/ductrung/bumperbot_ws/install/_local_setup_util_ps1.py'
[2.859s] INFO:colcon.colcon_core.shell:Creating prefix chain script '/home/ductrung/bumperbot_ws/install/setup.ps1'
[2.859s] INFO:colcon.colcon_core.shell:Creating prefix script '/home/ductrung/bumperbot_ws/install/local_setup.sh'
[2.860s] INFO:colcon.colcon_core.shell:Creating prefix util module '/home/ductrung/bumperbot_ws/install/_local_setup_util_sh.py'
[2.861s] INFO:colcon.colcon_core.shell:Creating prefix chain script '/home/ductrung/bumperbot_ws/install/setup.sh'
[2.862s] INFO:colcon.colcon_core.shell:Creating prefix script '/home/ductrung/bumperbot_ws/install/local_setup.bash'
[2.862s] INFO:colcon.colcon_core.shell:Creating prefix chain script '/home/ductrung/bumperbot_ws/install/setup.bash'
[2.863s] INFO:colcon.colcon_core.shell:Creating prefix script '/home/ductrung/bumperbot_ws/install/local_setup.zsh'
[2.863s] INFO:colcon.colcon_core.shell:Creating prefix chain script '/home/ductrung/bumperbot_ws/install/setup.zsh'
