[0.084s] Invoking command in '/home/ductrung/bumperbot_ws/build/bumperbot_utils': CMAKE_PREFIX_PATH=${CMAKE_PREFIX_PATH}:/opt/ros/humble /usr/bin/cmake --build /home/ductrung/bumperbot_ws/build/bumperbot_utils -- -j4 -l4
[0.191s] Built target ament_cmake_python_copy_bumperbot_utils
[0.603s] running egg_info
[0.603s] writing bumperbot_utils.egg-info/PKG-INFO
[0.603s] writing dependency_links to bumperbot_utils.egg-info/dependency_links.txt
[0.603s] writing top-level names to bumperbot_utils.egg-info/top_level.txt
[0.603s] reading manifest file 'bumperbot_utils.egg-info/SOURCES.txt'
[0.604s] writing manifest file 'bumperbot_utils.egg-info/SOURCES.txt'
[0.620s] Built target ament_cmake_python_build_bumperbot_utils_egg
[0.948s] Invoked command in '/home/ductrung/bumperbot_ws/build/bumperbot_utils' returned '0': CMAKE_PREFIX_PATH=${CMAKE_PREFIX_PATH}:/opt/ros/humble /usr/bin/cmake --build /home/ductrung/bumperbot_ws/build/bumperbot_utils -- -j4 -l4
[1.027s] Invoking command in '/home/ductrung/bumperbot_ws/build/bumperbot_utils': CMAKE_PREFIX_PATH=${CMAKE_PREFIX_PATH}:/opt/ros/humble /usr/bin/cmake --install /home/ductrung/bumperbot_ws/build/bumperbot_utils
[1.035s] -- Install configuration: ""
[1.035s] -- Up-to-date: /home/ductrung/bumperbot_ws/install/bumperbot_utils/share/bumperbot_utils/environment/pythonpath.sh
[1.036s] -- Up-to-date: /home/ductrung/bumperbot_ws/install/bumperbot_utils/share/bumperbot_utils/environment/pythonpath.dsv
[1.036s] -- Up-to-date: /home/ductrung/bumperbot_ws/install/bumperbot_utils/local/lib/python3.10/dist-packages/bumperbot_utils-0.0.0-py3.10.egg-info
[1.036s] -- Installing: /home/ductrung/bumperbot_ws/install/bumperbot_utils/local/lib/python3.10/dist-packages/bumperbot_utils-0.0.0-py3.10.egg-info/dependency_links.txt
[1.036s] -- Installing: /home/ductrung/bumperbot_ws/install/bumperbot_utils/local/lib/python3.10/dist-packages/bumperbot_utils-0.0.0-py3.10.egg-info/top_level.txt
[1.036s] -- Installing: /home/ductrung/bumperbot_ws/install/bumperbot_utils/local/lib/python3.10/dist-packages/bumperbot_utils-0.0.0-py3.10.egg-info/SOURCES.txt
[1.037s] -- Installing: /home/ductrung/bumperbot_ws/install/bumperbot_utils/local/lib/python3.10/dist-packages/bumperbot_utils-0.0.0-py3.10.egg-info/PKG-INFO
[1.037s] -- Up-to-date: /home/ductrung/bumperbot_ws/install/bumperbot_utils/local/lib/python3.10/dist-packages/bumperbot_utils
[1.037s] -- Up-to-date: /home/ductrung/bumperbot_ws/install/bumperbot_utils/local/lib/python3.10/dist-packages/bumperbot_utils/__init__.py
[1.038s] -- Up-to-date: /home/ductrung/bumperbot_ws/install/bumperbot_utils/local/lib/python3.10/dist-packages/bumperbot_utils/safety_stop.py
[1.097s] Listing '/home/ductrung/bumperbot_ws/install/bumperbot_utils/local/lib/python3.10/dist-packages/bumperbot_utils'...
[1.100s] -- Up-to-date: /home/ductrung/bumperbot_ws/install/bumperbot_utils/lib/bumperbot_utils/safety_stop.py
[1.100s] -- Up-to-date: /home/ductrung/bumperbot_ws/install/bumperbot_utils/share/ament_index/resource_index/package_run_dependencies/bumperbot_utils
[1.101s] -- Up-to-date: /home/ductrung/bumperbot_ws/install/bumperbot_utils/share/ament_index/resource_index/parent_prefix_path/bumperbot_utils
[1.101s] -- Up-to-date: /home/ductrung/bumperbot_ws/install/bumperbot_utils/share/bumperbot_utils/environment/ament_prefix_path.sh
[1.101s] -- Up-to-date: /home/ductrung/bumperbot_ws/install/bumperbot_utils/share/bumperbot_utils/environment/ament_prefix_path.dsv
[1.102s] -- Up-to-date: /home/ductrung/bumperbot_ws/install/bumperbot_utils/share/bumperbot_utils/environment/path.sh
[1.102s] -- Up-to-date: /home/ductrung/bumperbot_ws/install/bumperbot_utils/share/bumperbot_utils/environment/path.dsv
[1.102s] -- Up-to-date: /home/ductrung/bumperbot_ws/install/bumperbot_utils/share/bumperbot_utils/local_setup.bash
[1.102s] -- Up-to-date: /home/ductrung/bumperbot_ws/install/bumperbot_utils/share/bumperbot_utils/local_setup.sh
[1.102s] -- Up-to-date: /home/ductrung/bumperbot_ws/install/bumperbot_utils/share/bumperbot_utils/local_setup.zsh
[1.104s] -- Up-to-date: /home/ductrung/bumperbot_ws/install/bumperbot_utils/share/bumperbot_utils/local_setup.dsv
[1.105s] -- Installing: /home/ductrung/bumperbot_ws/install/bumperbot_utils/share/bumperbot_utils/package.dsv
[1.105s] -- Up-to-date: /home/ductrung/bumperbot_ws/install/bumperbot_utils/share/ament_index/resource_index/packages/bumperbot_utils
[1.105s] -- Up-to-date: /home/ductrung/bumperbot_ws/install/bumperbot_utils/share/bumperbot_utils/cmake/bumperbot_utilsConfig.cmake
[1.105s] -- Up-to-date: /home/ductrung/bumperbot_ws/install/bumperbot_utils/share/bumperbot_utils/cmake/bumperbot_utilsConfig-version.cmake
[1.105s] -- Up-to-date: /home/ductrung/bumperbot_ws/install/bumperbot_utils/share/bumperbot_utils/package.xml
[1.110s] Invoked command in '/home/ductrung/bumperbot_ws/build/bumperbot_utils' returned '0': CMAKE_PREFIX_PATH=${CMAKE_PREFIX_PATH}:/opt/ros/humble /usr/bin/cmake --install /home/ductrung/bumperbot_ws/build/bumperbot_utils
