[0.063s] Invoking command in '/home/ductrung/bumperbot_ws/build/bumperbot_navigation': /usr/bin/cmake --build /home/ductrung/bumperbot_ws/build/bumperbot_navigation -- -j4 -l4
[0.181s] -- Found ament_cmake: 1.3.10 (/opt/ros/humble/share/ament_cmake/cmake)
[0.723s] -- Found rclcpp: 16.0.10 (/opt/ros/humble/share/rclcpp/cmake)
[0.963s] -- Found rosidl_generator_c: 3.1.5 (/opt/ros/humble/share/rosidl_generator_c/cmake)
[0.963s] -- Found rosidl_adapter: 3.1.5 (/opt/ros/humble/share/rosidl_adapter/cmake)
[0.972s] -- Found rosidl_generator_cpp: 3.1.5 (/opt/ros/humble/share/rosidl_generator_cpp/cmake)
[0.995s] -- Using all available rosidl_typesupport_c: rosidl_typesupport_fastrtps_c;rosidl_typesupport_introspection_c
[1.094s] -- Using all available rosidl_typesupport_cpp: rosidl_typesupport_fastrtps_cpp;rosidl_typesupport_introspection_cpp
[1.332s] -- Found rmw_implementation_cmake: 6.1.2 (/opt/ros/humble/share/rmw_implementation_cmake/cmake)
[1.355s] -- Found rmw_fastrtps_cpp: 6.2.7 (/opt/ros/humble/share/rmw_fastrtps_cpp/cmake)
[1.686s] -- Using RMW implementation 'rmw_fastrtps_cpp' as default
[1.998s] -- Found rclpy: 3.3.14 (/opt/ros/humble/share/rclpy/cmake)
[1.998s] -- Found nav2_costmap_2d: 1.1.16 (/opt/ros/humble/share/nav2_costmap_2d/cmake)
[2.758s] -- Ensuring Eigen3 include directory is part of orocos-kdl CMake target
[3.299s] [31mCMake Error at CMakeLists.txt:9 (find_package):
[3.299s]   By not providing "Findlaunch.cmake" in CMAKE_MODULE_PATH this project has
[3.299s]   asked CMake to find a package configuration file provided by "launch", but
[3.299s]   CMake did not find one.
[3.299s] 
[3.300s]   Could not find a package configuration file provided by "launch" with any
[3.300s]   of the following names:
[3.300s] 
[3.300s]     launchConfig.cmake
[3.300s]     launch-config.cmake
[3.300s] 
[3.300s]   Add the installation prefix of "launch" to CMAKE_PREFIX_PATH or set
[3.300s]   "launch_DIR" to a directory containing one of the above files.  If "launch"
[3.300s]   provides a separate development package or SDK, be sure it has been
[3.300s]   installed.
[3.300s] 
[3.300s] [0m
[3.300s] -- Configuring incomplete, errors occurred!
[3.300s] See also "/home/ductrung/bumperbot_ws/build/bumperbot_navigation/CMakeFiles/CMakeOutput.log".
[3.316s] gmake: *** [Makefile:138: cmake_check_build_system] Error 1
[3.319s] Invoked command in '/home/ductrung/bumperbot_ws/build/bumperbot_navigation' returned '2': /usr/bin/cmake --build /home/ductrung/bumperbot_ws/build/bumperbot_navigation -- -j4 -l4
