[0.045s] Invoking command in '/home/ductrung/bumperbot_ws/build/bumperbot_msgs': CMAKE_PREFIX_PATH=${CMAKE_PREFIX_PATH}:/opt/ros/humble /usr/bin/cmake --build /home/ductrung/bumperbot_ws/build/bumperbot_msgs -- -j4 -l4
[0.106s] -- Found ament_cmake: 1.3.10 (/opt/ros/humble/share/ament_cmake/cmake)
[0.306s] -- Found geometry_msgs: 4.2.4 (/opt/ros/humble/share/geometry_msgs/cmake)
[0.371s] -- Found rosidl_generator_c: 3.1.5 (/opt/ros/humble/share/rosidl_generator_c/cmake)
[0.376s] -- Found rosidl_adapter: 3.1.5 (/opt/ros/humble/share/rosidl_adapter/cmake)
[0.401s] -- Found rosidl_generator_cpp: 3.1.5 (/opt/ros/humble/share/rosidl_generator_cpp/cmake)
[0.427s] -- Using all available rosidl_typesupport_c: rosidl_typesupport_fastrtps_c;rosidl_typesupport_introspection_c
[0.452s] -- Using all available rosidl_typesupport_cpp: rosidl_typesupport_fastrtps_cpp;rosidl_typesupport_introspection_cpp
[0.614s] -- Found rosidl_default_generators: 1.2.0 (/opt/ros/humble/share/rosidl_default_generators/cmake)
[1.045s] -- Found ament_cmake_ros: 0.10.0 (/opt/ros/humble/share/ament_cmake_ros/cmake)
[1.583s] -- Using all available rosidl_typesupport_c: rosidl_typesupport_fastrtps_c;rosidl_typesupport_introspection_c
[1.730s] -- Using all available rosidl_typesupport_cpp: rosidl_typesupport_fastrtps_cpp;rosidl_typesupport_introspection_cpp
[1.754s] -- Found python_cmake_module: 0.10.0 (/opt/ros/humble/share/python_cmake_module/cmake)
[1.777s] -- Using PYTHON_EXECUTABLE: /usr/bin/python3
[1.777s] -- Using PYTHON_INCLUDE_DIRS: /usr/include/python3.10
[1.777s] -- Using PYTHON_LIBRARIES: /usr/lib/x86_64-linux-gnu/libpython3.10.so
[1.852s] -- Configuring done
[1.917s] -- Generating done
[1.926s] -- Build files have been written to: /home/ductrung/bumperbot_ws/build/bumperbot_msgs
[1.960s] [35m[1mConsolidate compiler generated dependencies of target bumperbot_msgs__rosidl_generator_c[0m
[1.977s] [  2%] Built target bumperbot_msgs__cpp
[1.977s] [ 12%] Built target bumperbot_msgs__rosidl_generator_c
[1.989s] [ 12%] Built target ament_cmake_python_copy_bumperbot_msgs
[1.993s] [35m[1mConsolidate compiler generated dependencies of target bumperbot_msgs__rosidl_typesupport_fastrtps_cpp[0m
[1.994s] [35m[1mConsolidate compiler generated dependencies of target bumperbot_msgs__rosidl_typesupport_introspection_cpp[0m
[2.010s] [35m[1mConsolidate compiler generated dependencies of target bumperbot_msgs__rosidl_typesupport_cpp[0m
[2.013s] [35m[1mConsolidate compiler generated dependencies of target bumperbot_msgs__rosidl_typesupport_fastrtps_c[0m
[2.021s] [ 23%] Built target bumperbot_msgs__rosidl_typesupport_introspection_cpp
[2.026s] [ 33%] Built target bumperbot_msgs__rosidl_typesupport_fastrtps_cpp
[2.029s] [ 43%] Built target bumperbot_msgs__rosidl_typesupport_fastrtps_c
[2.030s] [ 53%] Built target bumperbot_msgs__rosidl_typesupport_cpp
[2.044s] [35m[1mConsolidate compiler generated dependencies of target bumperbot_msgs__rosidl_typesupport_introspection_c[0m
[2.044s] [35m[1mConsolidate compiler generated dependencies of target bumperbot_msgs__rosidl_typesupport_c[0m
[2.060s] [ 64%] Built target bumperbot_msgs__rosidl_typesupport_introspection_c
[2.062s] [ 74%] Built target bumperbot_msgs__rosidl_typesupport_c
[2.085s] [ 74%] Built target bumperbot_msgs
[2.111s] [ 76%] Built target bumperbot_msgs__py
[2.126s] [35m[1mConsolidate compiler generated dependencies of target bumperbot_msgs__rosidl_generator_py[0m
[2.138s] [ 84%] Built target bumperbot_msgs__rosidl_generator_py
[2.152s] [35m[1mConsolidate compiler generated dependencies of target bumperbot_msgs__rosidl_typesupport_c__pyext[0m
[2.152s] [35m[1mConsolidate compiler generated dependencies of target bumperbot_msgs__rosidl_typesupport_fastrtps_c__pyext[0m
[2.152s] [35m[1mConsolidate compiler generated dependencies of target bumperbot_msgs__rosidl_typesupport_introspection_c__pyext[0m
[2.164s] [ 89%] Built target bumperbot_msgs__rosidl_typesupport_c__pyext
[2.166s] [ 94%] Built target bumperbot_msgs__rosidl_typesupport_introspection_c__pyext
[2.166s] [100%] Built target bumperbot_msgs__rosidl_typesupport_fastrtps_c__pyext
[2.218s] running egg_info
[2.219s] writing bumperbot_msgs.egg-info/PKG-INFO
[2.220s] writing dependency_links to bumperbot_msgs.egg-info/dependency_links.txt
[2.221s] writing top-level names to bumperbot_msgs.egg-info/top_level.txt
[2.224s] reading manifest file 'bumperbot_msgs.egg-info/SOURCES.txt'
[2.224s] writing manifest file 'bumperbot_msgs.egg-info/SOURCES.txt'
[2.248s] [100%] Built target ament_cmake_python_build_bumperbot_msgs_egg
