[0.154s] DEBUG:colcon:Command line arguments: ['/usr/bin/colcon', 'list', '-p', '--base-paths', '/home/ductrung/bumperbot_ws']
[0.154s] DEBUG:colcon:Parsed command line arguments: Namespace(log_base=None, log_level=None, verb_name='list', build_base='build', ignore_user_meta=False, metas=['./colcon.meta'], base_paths=['/home/ductrung/bumperbot_ws'], packages_ignore=None, packages_ignore_regex=None, paths=None, packages_up_to=None, packages_up_to_regex=None, packages_above=None, packages_above_and_dependencies=None, packages_above_depth=None, packages_select_by_dep=None, packages_skip_by_dep=None, packages_skip_up_to=None, packages_select_build_failed=False, packages_skip_build_finished=False, packages_select_test_failures=False, packages_skip_test_passed=False, packages_select=None, packages_skip=None, packages_select_regex=None, packages_skip_regex=None, packages_start=None, packages_end=None, allow_overriding=[], topological_order=False, names_only=False, paths_only=True, topological_graph=False, topological_graph_dot=False, topological_graph_density=False, topological_graph_legend=False, topological_graph_dot_cluster=False, topological_graph_dot_include_skipped=False, mixin_files=None, mixin=None, verb_parser=<colcon_mixin.mixin.mixin_argument.MixinArgumentDecorator object at 0x7e5345e439a0>, verb_extension=<colcon_package_information.verb.list.ListVerb object at 0x7e5345e428f0>, main=<bound method ListVerb.main of <colcon_package_information.verb.list.ListVerb object at 0x7e5345e428f0>>, mixin_verb=('list',))
[0.718s] Level 1:colcon.colcon_core.package_discovery:discover_packages(colcon_meta) check parameters
[0.718s] Level 1:colcon.colcon_core.package_discovery:discover_packages(recursive) check parameters
[0.718s] Level 1:colcon.colcon_core.package_discovery:discover_packages(ignore) check parameters
[0.718s] Level 1:colcon.colcon_core.package_discovery:discover_packages(path) check parameters
[0.718s] Level 1:colcon.colcon_core.package_discovery:discover_packages(recursive) discover
[0.718s] INFO:colcon.colcon_core.package_discovery:Crawling recursively for packages in '/home/ductrung/bumperbot_ws'
[0.719s] Level 1:colcon.colcon_core.package_identification:_identify(/home/ductrung/bumperbot_ws) by extensions ['ignore', 'ignore_ament_install']
[0.719s] Level 1:colcon.colcon_core.package_identification:_identify(/home/ductrung/bumperbot_ws) by extension 'ignore'
[0.719s] Level 1:colcon.colcon_core.package_identification:_identify(/home/ductrung/bumperbot_ws) by extension 'ignore_ament_install'
[0.719s] Level 1:colcon.colcon_core.package_identification:_identify(/home/ductrung/bumperbot_ws) by extensions ['colcon_pkg']
[0.719s] Level 1:colcon.colcon_core.package_identification:_identify(/home/ductrung/bumperbot_ws) by extension 'colcon_pkg'
[0.719s] Level 1:colcon.colcon_core.package_identification:_identify(/home/ductrung/bumperbot_ws) by extensions ['colcon_meta']
[0.719s] Level 1:colcon.colcon_core.package_identification:_identify(/home/ductrung/bumperbot_ws) by extension 'colcon_meta'
[0.719s] Level 1:colcon.colcon_core.package_identification:_identify(/home/ductrung/bumperbot_ws) by extensions ['ros']
[0.719s] Level 1:colcon.colcon_core.package_identification:_identify(/home/ductrung/bumperbot_ws) by extension 'ros'
[0.763s] Level 1:colcon.colcon_core.package_identification:_identify(/home/ductrung/bumperbot_ws) by extensions ['cmake', 'python']
[0.764s] Level 1:colcon.colcon_core.package_identification:_identify(/home/ductrung/bumperbot_ws) by extension 'cmake'
[0.764s] Level 1:colcon.colcon_core.package_identification:_identify(/home/ductrung/bumperbot_ws) by extension 'python'
[0.764s] Level 1:colcon.colcon_core.package_identification:_identify(/home/ductrung/bumperbot_ws) by extensions ['python_setup_py']
[0.764s] Level 1:colcon.colcon_core.package_identification:_identify(/home/ductrung/bumperbot_ws) by extension 'python_setup_py'
[0.768s] Level 1:colcon.colcon_core.package_identification:_identify(/home/ductrung/bumperbot_ws/build) by extensions ['ignore', 'ignore_ament_install']
[0.768s] Level 1:colcon.colcon_core.package_identification:_identify(/home/ductrung/bumperbot_ws/build) by extension 'ignore'
[0.768s] Level 1:colcon.colcon_core.package_identification:_identify(/home/ductrung/bumperbot_ws/build) ignored
[0.769s] Level 1:colcon.colcon_core.package_identification:_identify(/home/ductrung/bumperbot_ws/install) by extensions ['ignore', 'ignore_ament_install']
[0.769s] Level 1:colcon.colcon_core.package_identification:_identify(/home/ductrung/bumperbot_ws/install) by extension 'ignore'
[0.769s] Level 1:colcon.colcon_core.package_identification:_identify(/home/ductrung/bumperbot_ws/install) ignored
[0.769s] Level 1:colcon.colcon_core.package_identification:_identify(/home/ductrung/bumperbot_ws/log) by extensions ['ignore', 'ignore_ament_install']
[0.769s] Level 1:colcon.colcon_core.package_identification:_identify(/home/ductrung/bumperbot_ws/log) by extension 'ignore'
[0.769s] Level 1:colcon.colcon_core.package_identification:_identify(/home/ductrung/bumperbot_ws/log) ignored
[0.769s] Level 1:colcon.colcon_core.package_identification:_identify(/home/ductrung/bumperbot_ws/src) by extensions ['ignore', 'ignore_ament_install']
[0.769s] Level 1:colcon.colcon_core.package_identification:_identify(/home/ductrung/bumperbot_ws/src) by extension 'ignore'
[0.769s] Level 1:colcon.colcon_core.package_identification:_identify(/home/ductrung/bumperbot_ws/src) by extension 'ignore_ament_install'
[0.770s] Level 1:colcon.colcon_core.package_identification:_identify(/home/ductrung/bumperbot_ws/src) by extensions ['colcon_pkg']
[0.770s] Level 1:colcon.colcon_core.package_identification:_identify(/home/ductrung/bumperbot_ws/src) by extension 'colcon_pkg'
[0.770s] Level 1:colcon.colcon_core.package_identification:_identify(/home/ductrung/bumperbot_ws/src) by extensions ['colcon_meta']
[0.770s] Level 1:colcon.colcon_core.package_identification:_identify(/home/ductrung/bumperbot_ws/src) by extension 'colcon_meta'
[0.770s] Level 1:colcon.colcon_core.package_identification:_identify(/home/ductrung/bumperbot_ws/src) by extensions ['ros']
[0.770s] Level 1:colcon.colcon_core.package_identification:_identify(/home/ductrung/bumperbot_ws/src) by extension 'ros'
[0.770s] Level 1:colcon.colcon_core.package_identification:_identify(/home/ductrung/bumperbot_ws/src) by extensions ['cmake', 'python']
[0.770s] Level 1:colcon.colcon_core.package_identification:_identify(/home/ductrung/bumperbot_ws/src) by extension 'cmake'
[0.770s] Level 1:colcon.colcon_core.package_identification:_identify(/home/ductrung/bumperbot_ws/src) by extension 'python'
[0.770s] Level 1:colcon.colcon_core.package_identification:_identify(/home/ductrung/bumperbot_ws/src) by extensions ['python_setup_py']
[0.770s] Level 1:colcon.colcon_core.package_identification:_identify(/home/ductrung/bumperbot_ws/src) by extension 'python_setup_py'
[0.775s] Level 1:colcon.colcon_core.package_identification:_identify(/home/ductrung/bumperbot_ws/src/bumperbot_bringup) by extensions ['ignore', 'ignore_ament_install']
[0.775s] Level 1:colcon.colcon_core.package_identification:_identify(/home/ductrung/bumperbot_ws/src/bumperbot_bringup) by extension 'ignore'
[0.775s] Level 1:colcon.colcon_core.package_identification:_identify(/home/ductrung/bumperbot_ws/src/bumperbot_bringup) by extension 'ignore_ament_install'
[0.775s] Level 1:colcon.colcon_core.package_identification:_identify(/home/ductrung/bumperbot_ws/src/bumperbot_bringup) by extensions ['colcon_pkg']
[0.775s] Level 1:colcon.colcon_core.package_identification:_identify(/home/ductrung/bumperbot_ws/src/bumperbot_bringup) by extension 'colcon_pkg'
[0.775s] Level 1:colcon.colcon_core.package_identification:_identify(/home/ductrung/bumperbot_ws/src/bumperbot_bringup) by extensions ['colcon_meta']
[0.775s] Level 1:colcon.colcon_core.package_identification:_identify(/home/ductrung/bumperbot_ws/src/bumperbot_bringup) by extension 'colcon_meta'
[0.775s] Level 1:colcon.colcon_core.package_identification:_identify(/home/ductrung/bumperbot_ws/src/bumperbot_bringup) by extensions ['ros']
[0.775s] Level 1:colcon.colcon_core.package_identification:_identify(/home/ductrung/bumperbot_ws/src/bumperbot_bringup) by extension 'ros'
[0.794s] DEBUG:colcon.colcon_core.package_identification:Package '/home/ductrung/bumperbot_ws/src/bumperbot_bringup' with type 'ros.ament_cmake' and name 'bumperbot_bringup'
[0.794s] Level 1:colcon.colcon_core.package_identification:_identify(/home/ductrung/bumperbot_ws/src/bumperbot_controller) by extensions ['ignore', 'ignore_ament_install']
[0.794s] Level 1:colcon.colcon_core.package_identification:_identify(/home/ductrung/bumperbot_ws/src/bumperbot_controller) by extension 'ignore'
[0.794s] Level 1:colcon.colcon_core.package_identification:_identify(/home/ductrung/bumperbot_ws/src/bumperbot_controller) by extension 'ignore_ament_install'
[0.794s] Level 1:colcon.colcon_core.package_identification:_identify(/home/ductrung/bumperbot_ws/src/bumperbot_controller) by extensions ['colcon_pkg']
[0.794s] Level 1:colcon.colcon_core.package_identification:_identify(/home/ductrung/bumperbot_ws/src/bumperbot_controller) by extension 'colcon_pkg'
[0.795s] Level 1:colcon.colcon_core.package_identification:_identify(/home/ductrung/bumperbot_ws/src/bumperbot_controller) by extensions ['colcon_meta']
[0.795s] Level 1:colcon.colcon_core.package_identification:_identify(/home/ductrung/bumperbot_ws/src/bumperbot_controller) by extension 'colcon_meta'
[0.795s] Level 1:colcon.colcon_core.package_identification:_identify(/home/ductrung/bumperbot_ws/src/bumperbot_controller) by extensions ['ros']
[0.795s] Level 1:colcon.colcon_core.package_identification:_identify(/home/ductrung/bumperbot_ws/src/bumperbot_controller) by extension 'ros'
[0.796s] DEBUG:colcon.colcon_core.package_identification:Package '/home/ductrung/bumperbot_ws/src/bumperbot_controller' with type 'ros.ament_cmake' and name 'bumperbot_controller'
[0.796s] Level 1:colcon.colcon_core.package_identification:_identify(/home/ductrung/bumperbot_ws/src/bumperbot_cpp_examples) by extensions ['ignore', 'ignore_ament_install']
[0.796s] Level 1:colcon.colcon_core.package_identification:_identify(/home/ductrung/bumperbot_ws/src/bumperbot_cpp_examples) by extension 'ignore'
[0.796s] Level 1:colcon.colcon_core.package_identification:_identify(/home/ductrung/bumperbot_ws/src/bumperbot_cpp_examples) by extension 'ignore_ament_install'
[0.797s] Level 1:colcon.colcon_core.package_identification:_identify(/home/ductrung/bumperbot_ws/src/bumperbot_cpp_examples) by extensions ['colcon_pkg']
[0.797s] Level 1:colcon.colcon_core.package_identification:_identify(/home/ductrung/bumperbot_ws/src/bumperbot_cpp_examples) by extension 'colcon_pkg'
[0.797s] Level 1:colcon.colcon_core.package_identification:_identify(/home/ductrung/bumperbot_ws/src/bumperbot_cpp_examples) by extensions ['colcon_meta']
[0.797s] Level 1:colcon.colcon_core.package_identification:_identify(/home/ductrung/bumperbot_ws/src/bumperbot_cpp_examples) by extension 'colcon_meta'
[0.807s] Level 1:colcon.colcon_core.package_identification:_identify(/home/ductrung/bumperbot_ws/src/bumperbot_cpp_examples) by extensions ['ros']
[0.807s] Level 1:colcon.colcon_core.package_identification:_identify(/home/ductrung/bumperbot_ws/src/bumperbot_cpp_examples) by extension 'ros'
[0.817s] DEBUG:colcon.colcon_core.package_identification:Package '/home/ductrung/bumperbot_ws/src/bumperbot_cpp_examples' with type 'ros.ament_cmake' and name 'bumperbot_cpp_examples'
[0.817s] Level 1:colcon.colcon_core.package_identification:_identify(/home/ductrung/bumperbot_ws/src/bumperbot_description) by extensions ['ignore', 'ignore_ament_install']
[0.817s] Level 1:colcon.colcon_core.package_identification:_identify(/home/ductrung/bumperbot_ws/src/bumperbot_description) by extension 'ignore'
[0.817s] Level 1:colcon.colcon_core.package_identification:_identify(/home/ductrung/bumperbot_ws/src/bumperbot_description) by extension 'ignore_ament_install'
[0.817s] Level 1:colcon.colcon_core.package_identification:_identify(/home/ductrung/bumperbot_ws/src/bumperbot_description) by extensions ['colcon_pkg']
[0.817s] Level 1:colcon.colcon_core.package_identification:_identify(/home/ductrung/bumperbot_ws/src/bumperbot_description) by extension 'colcon_pkg'
[0.819s] Level 1:colcon.colcon_core.package_identification:_identify(/home/ductrung/bumperbot_ws/src/bumperbot_description) by extensions ['colcon_meta']
[0.819s] Level 1:colcon.colcon_core.package_identification:_identify(/home/ductrung/bumperbot_ws/src/bumperbot_description) by extension 'colcon_meta'
[0.819s] Level 1:colcon.colcon_core.package_identification:_identify(/home/ductrung/bumperbot_ws/src/bumperbot_description) by extensions ['ros']
[0.819s] Level 1:colcon.colcon_core.package_identification:_identify(/home/ductrung/bumperbot_ws/src/bumperbot_description) by extension 'ros'
[0.824s] DEBUG:colcon.colcon_core.package_identification:Package '/home/ductrung/bumperbot_ws/src/bumperbot_description' with type 'ros.ament_cmake' and name 'bumperbot_description'
[0.824s] Level 1:colcon.colcon_core.package_identification:_identify(/home/ductrung/bumperbot_ws/src/bumperbot_firmware) by extensions ['ignore', 'ignore_ament_install']
[0.824s] Level 1:colcon.colcon_core.package_identification:_identify(/home/ductrung/bumperbot_ws/src/bumperbot_firmware) by extension 'ignore'
[0.824s] Level 1:colcon.colcon_core.package_identification:_identify(/home/ductrung/bumperbot_ws/src/bumperbot_firmware) by extension 'ignore_ament_install'
[0.824s] Level 1:colcon.colcon_core.package_identification:_identify(/home/ductrung/bumperbot_ws/src/bumperbot_firmware) by extensions ['colcon_pkg']
[0.824s] Level 1:colcon.colcon_core.package_identification:_identify(/home/ductrung/bumperbot_ws/src/bumperbot_firmware) by extension 'colcon_pkg'
[0.824s] Level 1:colcon.colcon_core.package_identification:_identify(/home/ductrung/bumperbot_ws/src/bumperbot_firmware) by extensions ['colcon_meta']
[0.824s] Level 1:colcon.colcon_core.package_identification:_identify(/home/ductrung/bumperbot_ws/src/bumperbot_firmware) by extension 'colcon_meta'
[0.825s] Level 1:colcon.colcon_core.package_identification:_identify(/home/ductrung/bumperbot_ws/src/bumperbot_firmware) by extensions ['ros']
[0.825s] Level 1:colcon.colcon_core.package_identification:_identify(/home/ductrung/bumperbot_ws/src/bumperbot_firmware) by extension 'ros'
[0.840s] DEBUG:colcon.colcon_core.package_identification:Package '/home/ductrung/bumperbot_ws/src/bumperbot_firmware' with type 'ros.ament_cmake' and name 'bumperbot_firmware'
[0.841s] Level 1:colcon.colcon_core.package_identification:_identify(/home/ductrung/bumperbot_ws/src/bumperbot_localization) by extensions ['ignore', 'ignore_ament_install']
[0.841s] Level 1:colcon.colcon_core.package_identification:_identify(/home/ductrung/bumperbot_ws/src/bumperbot_localization) by extension 'ignore'
[0.841s] Level 1:colcon.colcon_core.package_identification:_identify(/home/ductrung/bumperbot_ws/src/bumperbot_localization) by extension 'ignore_ament_install'
[0.841s] Level 1:colcon.colcon_core.package_identification:_identify(/home/ductrung/bumperbot_ws/src/bumperbot_localization) by extensions ['colcon_pkg']
[0.841s] Level 1:colcon.colcon_core.package_identification:_identify(/home/ductrung/bumperbot_ws/src/bumperbot_localization) by extension 'colcon_pkg'
[0.841s] Level 1:colcon.colcon_core.package_identification:_identify(/home/ductrung/bumperbot_ws/src/bumperbot_localization) by extensions ['colcon_meta']
[0.841s] Level 1:colcon.colcon_core.package_identification:_identify(/home/ductrung/bumperbot_ws/src/bumperbot_localization) by extension 'colcon_meta'
[0.841s] Level 1:colcon.colcon_core.package_identification:_identify(/home/ductrung/bumperbot_ws/src/bumperbot_localization) by extensions ['ros']
[0.841s] Level 1:colcon.colcon_core.package_identification:_identify(/home/ductrung/bumperbot_ws/src/bumperbot_localization) by extension 'ros'
[0.842s] DEBUG:colcon.colcon_core.package_identification:Package '/home/ductrung/bumperbot_ws/src/bumperbot_localization' with type 'ros.ament_cmake' and name 'bumperbot_localization'
[0.854s] Level 1:colcon.colcon_core.package_identification:_identify(/home/ductrung/bumperbot_ws/src/bumperbot_msgs) by extensions ['ignore', 'ignore_ament_install']
[0.854s] Level 1:colcon.colcon_core.package_identification:_identify(/home/ductrung/bumperbot_ws/src/bumperbot_msgs) by extension 'ignore'
[0.855s] Level 1:colcon.colcon_core.package_identification:_identify(/home/ductrung/bumperbot_ws/src/bumperbot_msgs) by extension 'ignore_ament_install'
[0.855s] Level 1:colcon.colcon_core.package_identification:_identify(/home/ductrung/bumperbot_ws/src/bumperbot_msgs) by extensions ['colcon_pkg']
[0.855s] Level 1:colcon.colcon_core.package_identification:_identify(/home/ductrung/bumperbot_ws/src/bumperbot_msgs) by extension 'colcon_pkg'
[0.855s] Level 1:colcon.colcon_core.package_identification:_identify(/home/ductrung/bumperbot_ws/src/bumperbot_msgs) by extensions ['colcon_meta']
[0.855s] Level 1:colcon.colcon_core.package_identification:_identify(/home/ductrung/bumperbot_ws/src/bumperbot_msgs) by extension 'colcon_meta'
[0.855s] Level 1:colcon.colcon_core.package_identification:_identify(/home/ductrung/bumperbot_ws/src/bumperbot_msgs) by extensions ['ros']
[0.855s] Level 1:colcon.colcon_core.package_identification:_identify(/home/ductrung/bumperbot_ws/src/bumperbot_msgs) by extension 'ros'
[0.860s] DEBUG:colcon.colcon_core.package_identification:Package '/home/ductrung/bumperbot_ws/src/bumperbot_msgs' with type 'ros.ament_cmake' and name 'bumperbot_msgs'
[0.860s] Level 1:colcon.colcon_core.package_identification:_identify(/home/ductrung/bumperbot_ws/src/bumperbot_py_examples) by extensions ['ignore', 'ignore_ament_install']
[0.860s] Level 1:colcon.colcon_core.package_identification:_identify(/home/ductrung/bumperbot_ws/src/bumperbot_py_examples) by extension 'ignore'
[0.860s] Level 1:colcon.colcon_core.package_identification:_identify(/home/ductrung/bumperbot_ws/src/bumperbot_py_examples) by extension 'ignore_ament_install'
[0.860s] Level 1:colcon.colcon_core.package_identification:_identify(/home/ductrung/bumperbot_ws/src/bumperbot_py_examples) by extensions ['colcon_pkg']
[0.860s] Level 1:colcon.colcon_core.package_identification:_identify(/home/ductrung/bumperbot_ws/src/bumperbot_py_examples) by extension 'colcon_pkg'
[0.860s] Level 1:colcon.colcon_core.package_identification:_identify(/home/ductrung/bumperbot_ws/src/bumperbot_py_examples) by extensions ['colcon_meta']
[0.860s] Level 1:colcon.colcon_core.package_identification:_identify(/home/ductrung/bumperbot_ws/src/bumperbot_py_examples) by extension 'colcon_meta'
[0.860s] Level 1:colcon.colcon_core.package_identification:_identify(/home/ductrung/bumperbot_ws/src/bumperbot_py_examples) by extensions ['ros']
[0.860s] Level 1:colcon.colcon_core.package_identification:_identify(/home/ductrung/bumperbot_ws/src/bumperbot_py_examples) by extension 'ros'
[0.862s] DEBUG:colcon.colcon_core.package_identification:Package '/home/ductrung/bumperbot_ws/src/bumperbot_py_examples' with type 'ros.ament_python' and name 'bumperbot_py_examples'
[0.862s] Level 1:colcon.colcon_core.package_discovery:discover_packages(recursive) using defaults
