[0.057s] Invoking command in '/home/ductrung/bumperbot_ws/build/bumperbot_navigation': CMAKE_PREFIX_PATH=${CMAKE_PREFIX_PATH}:/opt/ros/humble /usr/bin/cmake --build /home/ductrung/bumperbot_ws/build/bumperbot_navigation -- -j4 -l4
[0.145s] -- Found ament_cmake: 1.3.10 (/opt/ros/humble/share/ament_cmake/cmake)
[0.563s] -- Found rclcpp: 16.0.10 (/opt/ros/humble/share/rclcpp/cmake)
[0.689s] -- Found rosidl_generator_c: 3.1.5 (/opt/ros/humble/share/rosidl_generator_c/cmake)
[0.713s] -- Found rosidl_adapter: 3.1.5 (/opt/ros/humble/share/rosidl_adapter/cmake)
[0.714s] -- Found rosidl_generator_cpp: 3.1.5 (/opt/ros/humble/share/rosidl_generator_cpp/cmake)
[0.734s] -- Using all available rosidl_typesupport_c: rosidl_typesupport_fastrtps_c;rosidl_typesupport_introspection_c
[0.766s] -- Using all available rosidl_typesupport_cpp: rosidl_typesupport_fastrtps_cpp;rosidl_typesupport_introspection_cpp
[0.846s] -- Found rmw_implementation_cmake: 6.1.2 (/opt/ros/humble/share/rmw_implementation_cmake/cmake)
[0.851s] -- Found rmw_fastrtps_cpp: 6.2.7 (/opt/ros/humble/share/rmw_fastrtps_cpp/cmake)
[1.297s] -- Found OpenSSL: /usr/lib/x86_64-linux-gnu/libcrypto.so (found version "3.0.2")  
[1.338s] -- Found FastRTPS: /opt/ros/humble/include  
[1.496s] -- Using RMW implementation 'rmw_fastrtps_cpp' as default
[1.552s] -- Looking for pthread.h
[1.895s] -- Looking for pthread.h - found
[1.905s] -- Performing Test CMAKE_HAVE_LIBC_PTHREAD
[2.183s] -- Performing Test CMAKE_HAVE_LIBC_PTHREAD - Success
[2.184s] -- Found Threads: TRUE  
[2.341s] -- Found nav2_costmap_2d: 1.1.16 (/opt/ros/humble/share/nav2_costmap_2d/cmake)
[2.973s] -- Found Eigen3: TRUE (found version "3.4.0") 
[2.974s] -- Ensuring Eigen3 include directory is part of orocos-kdl CMake target
[3.299s] [31mCMake Error at CMakeLists.txt:8 (find_package):
[3.302s]   By not providing "Findlaunch.cmake" in CMAKE_MODULE_PATH this project has
[3.302s]   asked CMake to find a package configuration file provided by "launch", but
[3.302s]   CMake did not find one.
[3.302s] 
[3.302s]   Could not find a package configuration file provided by "launch" with any
[3.302s]   of the following names:
[3.302s] 
[3.302s]     launchConfig.cmake
[3.323s]     launch-config.cmake
[3.323s] 
[3.323s]   Add the installation prefix of "launch" to CMAKE_PREFIX_PATH or set
[3.323s]   "launch_DIR" to a directory containing one of the above files.  If "launch"
[3.323s]   provides a separate development package or SDK, be sure it has been
[3.323s]   installed.
[3.323s] 
[3.323s] [0m
[3.323s] -- Configuring incomplete, errors occurred!
[3.323s] See also "/home/ductrung/bumperbot_ws/build/bumperbot_navigation/CMakeFiles/CMakeOutput.log".
[3.342s] gmake: *** [Makefile:226: cmake_check_build_system] Error 1
[3.343s] Invoked command in '/home/ductrung/bumperbot_ws/build/bumperbot_navigation' returned '2': CMAKE_PREFIX_PATH=${CMAKE_PREFIX_PATH}:/opt/ros/humble /usr/bin/cmake --build /home/ductrung/bumperbot_ws/build/bumperbot_navigation -- -j4 -l4
