[0.035s] Invoking command in '/home/ductrung/bumperbot_ws/build/navigation': /usr/bin/cmake /home/ductrung/bumperbot_ws/src/navigation/navigation -DCATKIN_INSTALL_INTO_PREFIX_ROOT=0 -DCMAKE_INSTALL_PREFIX=/home/ductrung/bumperbot_ws/install/navigation
[0.341s] -- The C compiler identification is GNU 11.4.0
[0.703s] -- The CXX compiler identification is GNU 11.4.0
[0.722s] -- Detecting C compiler ABI info
[0.901s] -- Detecting C compiler ABI info - done
[0.920s] -- Check for working C compiler: /usr/bin/cc - skipped
[0.925s] -- Detecting C compile features
[0.926s] -- Detecting C compile features - done
[0.932s] -- Detecting CXX compiler ABI info
[1.062s] -- Detecting CXX compiler ABI info - done
[1.076s] -- Check for working CXX compiler: /usr/bin/c++ - skipped
[1.076s] -- Detecting CXX compile features
[1.078s] -- Detecting CXX compile features - done
[1.107s] [31mCMake Error at CMakeLists.txt:10 (find_package):
[1.107s]   By not providing "Findcatkin.cmake" in CMAKE_MODULE_PATH this project has
[1.107s]   asked CMake to find a package configuration file provided by "catkin", but
[1.107s]   CMake did not find one.
[1.107s] 
[1.107s]   Could not find a package configuration file provided by "catkin" with any
[1.107s]   of the following names:
[1.107s] 
[1.107s]     catkinConfig.cmake
[1.107s]     catkin-config.cmake
[1.107s] 
[1.107s]   Add the installation prefix of "catkin" to CMAKE_PREFIX_PATH or set
[1.107s]   "catkin_DIR" to a directory containing one of the above files.  If "catkin"
[1.107s]   provides a separate development package or SDK, be sure it has been
[1.107s]   installed.
[1.108s] 
[1.108s] [0m
[1.108s] -- Configuring incomplete, errors occurred!
[1.108s] See also "/home/ductrung/bumperbot_ws/build/navigation/CMakeFiles/CMakeOutput.log".
[1.111s] Invoked command in '/home/ductrung/bumperbot_ws/build/navigation' returned '1': /usr/bin/cmake /home/ductrung/bumperbot_ws/src/navigation/navigation -DCATKIN_INSTALL_INTO_PREFIX_ROOT=0 -DCMAKE_INSTALL_PREFIX=/home/ductrung/bumperbot_ws/install/navigation
