[0.009s] Invoking command in '/home/ductrung/bumperbot_ws/build/turtlebot3_navigation': /usr/bin/cmake /home/ductrung/bumperbot_ws/src/turtlebot3_navigation -DCATKIN_INSTALL_INTO_PREFIX_ROOT=0 -DCMAKE_INSTALL_PREFIX=/home/ductrung/bumperbot_ws/install/turtlebot3_navigation
[0.115s] -- The C compiler identification is GNU 11.4.0
[0.197s] -- The CXX compiler identification is GNU 11.4.0
[0.212s] -- Detecting C compiler ABI info
[0.327s] -- Detecting C compiler ABI info - done
[0.356s] -- Check for working C compiler: /usr/bin/cc - skipped
[0.356s] -- Detecting C compile features
[0.356s] -- Detecting C compile features - done
[0.356s] -- Detecting CXX compiler ABI info
[0.486s] -- Detecting CXX compiler ABI info - done
[0.501s] -- Check for working CXX compiler: /usr/bin/c++ - skipped
[0.501s] -- Detecting CXX compile features
[0.501s] -- Detecting CXX compile features - done
[0.513s] -- Configuring incomplete, errors occurred!
[0.513s] See also "/home/ductrung/bumperbot_ws/build/turtlebot3_navigation/CMakeFiles/CMakeOutput.log".
[0.513s] [31mCMake Error at CMakeLists.txt:10 (find_package):
[0.513s]   By not providing "Findcatkin.cmake" in CMAKE_MODULE_PATH this project has
[0.513s]   asked CMake to find a package configuration file provided by "catkin", but
[0.513s]   CMake did not find one.
[0.513s] 
[0.513s]   Could not find a package configuration file provided by "catkin" with any
[0.513s]   of the following names:
[0.513s] 
[0.513s]     catkinConfig.cmake
[0.513s]     catkin-config.cmake
[0.513s] 
[0.513s]   Add the installation prefix of "catkin" to CMAKE_PREFIX_PATH or set
[0.513s]   "catkin_DIR" to a directory containing one of the above files.  If "catkin"
[0.513s]   provides a separate development package or SDK, be sure it has been
[0.513s]   installed.
[0.513s] 
[0.513s] [0m
[0.543s] Invoked command in '/home/ductrung/bumperbot_ws/build/turtlebot3_navigation' returned '1': /usr/bin/cmake /home/ductrung/bumperbot_ws/src/turtlebot3_navigation -DCATKIN_INSTALL_INTO_PREFIX_ROOT=0 -DCMAKE_INSTALL_PREFIX=/home/ductrung/bumperbot_ws/install/turtlebot3_navigation
