[0.123s] Invoking command in '/home/ductrung/bumperbot_ws/build/bumperbot_controller': CMAKE_PREFIX_PATH=${CMAKE_PREFIX_PATH}:/opt/ros/humble /usr/bin/cmake --build /home/ductrung/bumperbot_ws/build/bumperbot_controller -- -j4 -l4
[0.369s] [ 50%] Built target simple_controller
[0.422s] [100%] Built target noisy_controller
[0.471s] [100%] Built target ament_cmake_python_copy_bumperbot_controller
[1.289s] running egg_info
[1.289s] writing bumperbot_controller.egg-info/PKG-INFO
[1.292s] writing dependency_links to bumperbot_controller.egg-info/dependency_links.txt
[1.306s] writing top-level names to bumperbot_controller.egg-info/top_level.txt
[1.315s] reading manifest file 'bumperbot_controller.egg-info/SOURCES.txt'
[1.315s] writing manifest file 'bumperbot_controller.egg-info/SOURCES.txt'
[1.394s] [100%] Built target ament_cmake_python_build_bumperbot_controller_egg
[1.492s] Invoked command in '/home/ductrung/bumperbot_ws/build/bumperbot_controller' returned '0': CMAKE_PREFIX_PATH=${CMAKE_PREFIX_PATH}:/opt/ros/humble /usr/bin/cmake --build /home/ductrung/bumperbot_ws/build/bumperbot_controller -- -j4 -l4
[1.841s] Invoking command in '/home/ductrung/bumperbot_ws/build/bumperbot_controller': CMAKE_PREFIX_PATH=${CMAKE_PREFIX_PATH}:/opt/ros/humble /usr/bin/cmake --install /home/ductrung/bumperbot_ws/build/bumperbot_controller
[1.859s] -- Install configuration: ""
[1.859s] -- Up-to-date: /home/ductrung/bumperbot_ws/install/bumperbot_controller/share/bumperbot_controller/environment/pythonpath.sh
[1.859s] -- Up-to-date: /home/ductrung/bumperbot_ws/install/bumperbot_controller/share/bumperbot_controller/environment/pythonpath.dsv
[1.859s] -- Up-to-date: /home/ductrung/bumperbot_ws/install/bumperbot_controller/local/lib/python3.10/dist-packages/bumperbot_controller-0.0.0-py3.10.egg-info
[1.859s] -- Installing: /home/ductrung/bumperbot_ws/install/bumperbot_controller/local/lib/python3.10/dist-packages/bumperbot_controller-0.0.0-py3.10.egg-info/dependency_links.txt
[1.859s] -- Installing: /home/ductrung/bumperbot_ws/install/bumperbot_controller/local/lib/python3.10/dist-packages/bumperbot_controller-0.0.0-py3.10.egg-info/top_level.txt
[1.859s] -- Installing: /home/ductrung/bumperbot_ws/install/bumperbot_controller/local/lib/python3.10/dist-packages/bumperbot_controller-0.0.0-py3.10.egg-info/SOURCES.txt
[1.861s] -- Installing: /home/ductrung/bumperbot_ws/install/bumperbot_controller/local/lib/python3.10/dist-packages/bumperbot_controller-0.0.0-py3.10.egg-info/PKG-INFO
[1.861s] -- Up-to-date: /home/ductrung/bumperbot_ws/install/bumperbot_controller/local/lib/python3.10/dist-packages/bumperbot_controller
[1.861s] -- Up-to-date: /home/ductrung/bumperbot_ws/install/bumperbot_controller/local/lib/python3.10/dist-packages/bumperbot_controller/noisy_controller.py
[1.861s] -- Up-to-date: /home/ductrung/bumperbot_ws/install/bumperbot_controller/local/lib/python3.10/dist-packages/bumperbot_controller/__init__.py
[1.861s] -- Up-to-date: /home/ductrung/bumperbot_ws/install/bumperbot_controller/local/lib/python3.10/dist-packages/bumperbot_controller/twist_relay.py
[1.861s] -- Up-to-date: /home/ductrung/bumperbot_ws/install/bumperbot_controller/local/lib/python3.10/dist-packages/bumperbot_controller/simple_controller.py
[1.944s] Listing '/home/ductrung/bumperbot_ws/install/bumperbot_controller/local/lib/python3.10/dist-packages/bumperbot_controller'...
[1.966s] -- Up-to-date: /home/ductrung/bumperbot_ws/install/bumperbot_controller/include/include
[1.966s] -- Up-to-date: /home/ductrung/bumperbot_ws/install/bumperbot_controller/include/include/bumperbot_controller
[1.966s] -- Up-to-date: /home/ductrung/bumperbot_ws/install/bumperbot_controller/include/include/bumperbot_controller/simple_controller.hpp
[1.967s] -- Up-to-date: /home/ductrung/bumperbot_ws/install/bumperbot_controller/include/include/bumperbot_controller/noisy_controller.hpp
[1.967s] -- Up-to-date: /home/ductrung/bumperbot_ws/install/bumperbot_controller/lib/bumperbot_controller/simple_controller
[1.967s] -- Up-to-date: /home/ductrung/bumperbot_ws/install/bumperbot_controller/lib/bumperbot_controller/noisy_controller
[1.967s] -- Up-to-date: /home/ductrung/bumperbot_ws/install/bumperbot_controller/share/bumperbot_controller/launch
[1.967s] -- Up-to-date: /home/ductrung/bumperbot_ws/install/bumperbot_controller/share/bumperbot_controller/launch/joystick_teleop.launch.py
[1.967s] -- Up-to-date: /home/ductrung/bumperbot_ws/install/bumperbot_controller/share/bumperbot_controller/launch/controller.launch.py
[1.967s] -- Up-to-date: /home/ductrung/bumperbot_ws/install/bumperbot_controller/share/bumperbot_controller/config
[1.967s] -- Up-to-date: /home/ductrung/bumperbot_ws/install/bumperbot_controller/share/bumperbot_controller/config/joy_config.yaml
[1.967s] -- Up-to-date: /home/ductrung/bumperbot_ws/install/bumperbot_controller/share/bumperbot_controller/config/joy_teleop.yaml
[1.967s] -- Up-to-date: /home/ductrung/bumperbot_ws/install/bumperbot_controller/share/bumperbot_controller/config/bumperbot_controllers.yaml
[1.967s] -- Up-to-date: /home/ductrung/bumperbot_ws/install/bumperbot_controller/share/bumperbot_controller/config/twist_mux_topics.yaml
[1.967s] -- Up-to-date: /home/ductrung/bumperbot_ws/install/bumperbot_controller/share/bumperbot_controller/config/twist_mux_locks.yaml
[1.967s] -- Up-to-date: /home/ductrung/bumperbot_ws/install/bumperbot_controller/share/bumperbot_controller/config/twist_mux_joy.yaml
[1.967s] -- Up-to-date: /home/ductrung/bumperbot_ws/install/bumperbot_controller/lib/bumperbot_controller/simple_controller.py
[1.967s] -- Up-to-date: /home/ductrung/bumperbot_ws/install/bumperbot_controller/lib/bumperbot_controller/noisy_controller.py
[1.967s] -- Up-to-date: /home/ductrung/bumperbot_ws/install/bumperbot_controller/lib/bumperbot_controller/twist_relay.py
[1.967s] -- Up-to-date: /home/ductrung/bumperbot_ws/install/bumperbot_controller/share/ament_index/resource_index/package_run_dependencies/bumperbot_controller
[1.967s] -- Up-to-date: /home/ductrung/bumperbot_ws/install/bumperbot_controller/share/ament_index/resource_index/parent_prefix_path/bumperbot_controller
[1.967s] -- Up-to-date: /home/ductrung/bumperbot_ws/install/bumperbot_controller/share/bumperbot_controller/environment/ament_prefix_path.sh
[1.967s] -- Up-to-date: /home/ductrung/bumperbot_ws/install/bumperbot_controller/share/bumperbot_controller/environment/ament_prefix_path.dsv
[1.967s] -- Up-to-date: /home/ductrung/bumperbot_ws/install/bumperbot_controller/share/bumperbot_controller/environment/path.sh
[1.967s] -- Up-to-date: /home/ductrung/bumperbot_ws/install/bumperbot_controller/share/bumperbot_controller/environment/path.dsv
[1.967s] -- Up-to-date: /home/ductrung/bumperbot_ws/install/bumperbot_controller/share/bumperbot_controller/local_setup.bash
[1.967s] -- Up-to-date: /home/ductrung/bumperbot_ws/install/bumperbot_controller/share/bumperbot_controller/local_setup.sh
[1.967s] -- Up-to-date: /home/ductrung/bumperbot_ws/install/bumperbot_controller/share/bumperbot_controller/local_setup.zsh
[1.968s] -- Up-to-date: /home/ductrung/bumperbot_ws/install/bumperbot_controller/share/bumperbot_controller/local_setup.dsv
[1.968s] -- Installing: /home/ductrung/bumperbot_ws/install/bumperbot_controller/share/bumperbot_controller/package.dsv
[1.970s] -- Up-to-date: /home/ductrung/bumperbot_ws/install/bumperbot_controller/share/ament_index/resource_index/packages/bumperbot_controller
[1.970s] -- Up-to-date: /home/ductrung/bumperbot_ws/install/bumperbot_controller/share/bumperbot_controller/cmake/bumperbot_controllerConfig.cmake
[1.970s] -- Up-to-date: /home/ductrung/bumperbot_ws/install/bumperbot_controller/share/bumperbot_controller/cmake/bumperbot_controllerConfig-version.cmake
[1.970s] -- Up-to-date: /home/ductrung/bumperbot_ws/install/bumperbot_controller/share/bumperbot_controller/package.xml
[2.006s] Invoked command in '/home/ductrung/bumperbot_ws/build/bumperbot_controller' returned '0': CMAKE_PREFIX_PATH=${CMAKE_PREFIX_PATH}:/opt/ros/humble /usr/bin/cmake --install /home/ductrung/bumperbot_ws/build/bumperbot_controller
