[0.034s] Invoking command in '/home/ductrung/bumperbot_ws/build/bumperbot_bringup': CMAKE_PREFIX_PATH=/home/ductrung/bumperbot_ws/install/bumperbot_firmware:/home/ductrung/bumperbot_ws/install/bumperbot_description:/home/ductrung/bumperbot_ws/install/bumperbot_controller:/home/ductrung/bumperbot_ws/install/bumperbot_cpp_examples:/home/ductrung/bumperbot_ws/install/bumperbot_msgs:/home/ductrung/bumperbot_ws/install/bumperbot_localization:/home/ductrung/bumperbot_ws/install/bumperbot_bringup:/home/ductrung/ros2_ws/install/my_robot_bringup:/home/ductrung/ros2_ws/install/my_robot_description:/home/ductrung/bumperbot_ws/install/bumperbot_py_examples:/opt/ros/humble LD_LIBRARY_PATH=/home/ductrung/bumperbot_ws/install/bumperbot_firmware/lib:/home/ductrung/bumperbot_ws/install/bumperbot_msgs/lib:/usr/lib/x86_64-linux-gnu/gazebo-11/plugins:/opt/ros/humble/opt/rviz_ogre_vendor/lib:/opt/ros/humble/lib/x86_64-linux-gnu:/opt/ros/humble/lib:/usr/share/gazebo/../../lib/x86_64-linux-gnu/gazebo-11/plugins /usr/bin/cmake --build /home/ductrung/bumperbot_ws/build/bumperbot_bringup -- -j4 -l4
[0.109s] Invoked command in '/home/ductrung/bumperbot_ws/build/bumperbot_bringup' returned '0': CMAKE_PREFIX_PATH=/home/ductrung/bumperbot_ws/install/bumperbot_firmware:/home/ductrung/bumperbot_ws/install/bumperbot_description:/home/ductrung/bumperbot_ws/install/bumperbot_controller:/home/ductrung/bumperbot_ws/install/bumperbot_cpp_examples:/home/ductrung/bumperbot_ws/install/bumperbot_msgs:/home/ductrung/bumperbot_ws/install/bumperbot_localization:/home/ductrung/bumperbot_ws/install/bumperbot_bringup:/home/ductrung/ros2_ws/install/my_robot_bringup:/home/ductrung/ros2_ws/install/my_robot_description:/home/ductrung/bumperbot_ws/install/bumperbot_py_examples:/opt/ros/humble LD_LIBRARY_PATH=/home/ductrung/bumperbot_ws/install/bumperbot_firmware/lib:/home/ductrung/bumperbot_ws/install/bumperbot_msgs/lib:/usr/lib/x86_64-linux-gnu/gazebo-11/plugins:/opt/ros/humble/opt/rviz_ogre_vendor/lib:/opt/ros/humble/lib/x86_64-linux-gnu:/opt/ros/humble/lib:/usr/share/gazebo/../../lib/x86_64-linux-gnu/gazebo-11/plugins /usr/bin/cmake --build /home/ductrung/bumperbot_ws/build/bumperbot_bringup -- -j4 -l4
[0.172s] Invoking command in '/home/ductrung/bumperbot_ws/build/bumperbot_bringup': CMAKE_PREFIX_PATH=/home/ductrung/bumperbot_ws/install/bumperbot_firmware:/home/ductrung/bumperbot_ws/install/bumperbot_description:/home/ductrung/bumperbot_ws/install/bumperbot_controller:/home/ductrung/bumperbot_ws/install/bumperbot_cpp_examples:/home/ductrung/bumperbot_ws/install/bumperbot_msgs:/home/ductrung/bumperbot_ws/install/bumperbot_localization:/home/ductrung/bumperbot_ws/install/bumperbot_bringup:/home/ductrung/ros2_ws/install/my_robot_bringup:/home/ductrung/ros2_ws/install/my_robot_description:/home/ductrung/bumperbot_ws/install/bumperbot_py_examples:/opt/ros/humble LD_LIBRARY_PATH=/home/ductrung/bumperbot_ws/install/bumperbot_firmware/lib:/home/ductrung/bumperbot_ws/install/bumperbot_msgs/lib:/usr/lib/x86_64-linux-gnu/gazebo-11/plugins:/opt/ros/humble/opt/rviz_ogre_vendor/lib:/opt/ros/humble/lib/x86_64-linux-gnu:/opt/ros/humble/lib:/usr/share/gazebo/../../lib/x86_64-linux-gnu/gazebo-11/plugins /usr/bin/cmake --install /home/ductrung/bumperbot_ws/build/bumperbot_bringup
[0.183s] -- Install configuration: ""
[0.183s] -- Up-to-date: /home/ductrung/bumperbot_ws/install/bumperbot_bringup/share/bumperbot_bringup/launch
[0.183s] -- Up-to-date: /home/ductrung/bumperbot_ws/install/bumperbot_bringup/share/bumperbot_bringup/launch/real_robot.launch.py
[0.183s] -- Up-to-date: /home/ductrung/bumperbot_ws/install/bumperbot_bringup/share/bumperbot_bringup/launch/simulated_robot.launch.py
[0.183s] -- Up-to-date: /home/ductrung/bumperbot_ws/install/bumperbot_bringup/share/ament_index/resource_index/package_run_dependencies/bumperbot_bringup
[0.183s] -- Up-to-date: /home/ductrung/bumperbot_ws/install/bumperbot_bringup/share/ament_index/resource_index/parent_prefix_path/bumperbot_bringup
[0.184s] -- Up-to-date: /home/ductrung/bumperbot_ws/install/bumperbot_bringup/share/bumperbot_bringup/environment/ament_prefix_path.sh
[0.184s] -- Up-to-date: /home/ductrung/bumperbot_ws/install/bumperbot_bringup/share/bumperbot_bringup/environment/ament_prefix_path.dsv
[0.184s] -- Up-to-date: /home/ductrung/bumperbot_ws/install/bumperbot_bringup/share/bumperbot_bringup/environment/path.sh
[0.184s] -- Up-to-date: /home/ductrung/bumperbot_ws/install/bumperbot_bringup/share/bumperbot_bringup/environment/path.dsv
[0.184s] -- Up-to-date: /home/ductrung/bumperbot_ws/install/bumperbot_bringup/share/bumperbot_bringup/local_setup.bash
[0.184s] -- Up-to-date: /home/ductrung/bumperbot_ws/install/bumperbot_bringup/share/bumperbot_bringup/local_setup.sh
[0.184s] -- Up-to-date: /home/ductrung/bumperbot_ws/install/bumperbot_bringup/share/bumperbot_bringup/local_setup.zsh
[0.184s] -- Up-to-date: /home/ductrung/bumperbot_ws/install/bumperbot_bringup/share/bumperbot_bringup/local_setup.dsv
[0.184s] -- Installing: /home/ductrung/bumperbot_ws/install/bumperbot_bringup/share/bumperbot_bringup/package.dsv
[0.184s] -- Up-to-date: /home/ductrung/bumperbot_ws/install/bumperbot_bringup/share/ament_index/resource_index/packages/bumperbot_bringup
[0.184s] -- Up-to-date: /home/ductrung/bumperbot_ws/install/bumperbot_bringup/share/bumperbot_bringup/cmake/bumperbot_bringupConfig.cmake
[0.184s] -- Up-to-date: /home/ductrung/bumperbot_ws/install/bumperbot_bringup/share/bumperbot_bringup/cmake/bumperbot_bringupConfig-version.cmake
[0.184s] -- Up-to-date: /home/ductrung/bumperbot_ws/install/bumperbot_bringup/share/bumperbot_bringup/package.xml
[0.190s] Invoked command in '/home/ductrung/bumperbot_ws/build/bumperbot_bringup' returned '0': CMAKE_PREFIX_PATH=/home/ductrung/bumperbot_ws/install/bumperbot_firmware:/home/ductrung/bumperbot_ws/install/bumperbot_description:/home/ductrung/bumperbot_ws/install/bumperbot_controller:/home/ductrung/bumperbot_ws/install/bumperbot_cpp_examples:/home/ductrung/bumperbot_ws/install/bumperbot_msgs:/home/ductrung/bumperbot_ws/install/bumperbot_localization:/home/ductrung/bumperbot_ws/install/bumperbot_bringup:/home/ductrung/ros2_ws/install/my_robot_bringup:/home/ductrung/ros2_ws/install/my_robot_description:/home/ductrung/bumperbot_ws/install/bumperbot_py_examples:/opt/ros/humble LD_LIBRARY_PATH=/home/ductrung/bumperbot_ws/install/bumperbot_firmware/lib:/home/ductrung/bumperbot_ws/install/bumperbot_msgs/lib:/usr/lib/x86_64-linux-gnu/gazebo-11/plugins:/opt/ros/humble/opt/rviz_ogre_vendor/lib:/opt/ros/humble/lib/x86_64-linux-gnu:/opt/ros/humble/lib:/usr/share/gazebo/../../lib/x86_64-linux-gnu/gazebo-11/plugins /usr/bin/cmake --install /home/ductrung/bumperbot_ws/build/bumperbot_bringup
