[0.001s] Invoking command in '/home/ductrung/bumperbot_ws/build/bumperbot_mapping': CMAKE_PREFIX_PATH=${CMAKE_PREFIX_PATH}:/opt/ros/humble /usr/bin/cmake --build /home/ductrung/bumperbot_ws/build/bumperbot_mapping -- -j4 -l4
[0.018s] -- Found ament_cmake: 1.3.10 (/opt/ros/humble/share/ament_cmake/cmake)
[0.195s] -- Found rclpy: 3.3.14 (/opt/ros/humble/share/rclpy/cmake)
[0.195s] -- Found sensor_msgs: 4.2.4 (/opt/ros/humble/share/sensor_msgs/cmake)
[0.220s] -- Found rosidl_generator_c: 3.1.5 (/opt/ros/humble/share/rosidl_generator_c/cmake)
[0.225s] -- Found rosidl_adapter: 3.1.5 (/opt/ros/humble/share/rosidl_adapter/cmake)
[0.231s] -- Found rosidl_generator_cpp: 3.1.5 (/opt/ros/humble/share/rosidl_generator_cpp/cmake)
[0.248s] -- Using all available rosidl_typesupport_c: rosidl_typesupport_fastrtps_c;rosidl_typesupport_introspection_c
[0.262s] -- Using all available rosidl_typesupport_cpp: rosidl_typesupport_fastrtps_cpp;rosidl_typesupport_introspection_cpp
[0.314s] -- Found nav_msgs: 4.2.4 (/opt/ros/humble/share/nav_msgs/cmake)
[0.328s] -- Found tf2_ros: 0.25.8 (/opt/ros/humble/share/tf2_ros/cmake)
[0.376s] -- Found rmw_implementation_cmake: 6.1.2 (/opt/ros/humble/share/rmw_implementation_cmake/cmake)
[0.378s] -- Found rmw_fastrtps_cpp: 6.2.7 (/opt/ros/humble/share/rmw_fastrtps_cpp/cmake)
[0.510s] -- Using RMW implementation 'rmw_fastrtps_cpp' as default
[0.825s] -- Configuring done
[0.842s] -- Generating done
[0.845s] -- Build files have been written to: /home/ductrung/bumperbot_ws/build/bumperbot_mapping
[0.909s] Built target ament_cmake_python_copy_bumperbot_mapping
[1.157s] running egg_info
[1.157s] creating bumperbot_mapping.egg-info
[1.158s] writing bumperbot_mapping.egg-info/PKG-INFO
[1.158s] writing dependency_links to bumperbot_mapping.egg-info/dependency_links.txt
[1.158s] writing top-level names to bumperbot_mapping.egg-info/top_level.txt
[1.159s] writing manifest file 'bumperbot_mapping.egg-info/SOURCES.txt'
[1.163s] reading manifest file 'bumperbot_mapping.egg-info/SOURCES.txt'
[1.164s] writing manifest file 'bumperbot_mapping.egg-info/SOURCES.txt'
[1.203s] Built target ament_cmake_python_build_bumperbot_mapping_egg
[1.220s] Invoked command in '/home/ductrung/bumperbot_ws/build/bumperbot_mapping' returned '0': CMAKE_PREFIX_PATH=${CMAKE_PREFIX_PATH}:/opt/ros/humble /usr/bin/cmake --build /home/ductrung/bumperbot_ws/build/bumperbot_mapping -- -j4 -l4
[1.296s] Invoking command in '/home/ductrung/bumperbot_ws/build/bumperbot_mapping': CMAKE_PREFIX_PATH=${CMAKE_PREFIX_PATH}:/opt/ros/humble /usr/bin/cmake --install /home/ductrung/bumperbot_ws/build/bumperbot_mapping
[1.300s] -- Install configuration: ""
[1.300s] -- Installing: /home/ductrung/bumperbot_ws/install/bumperbot_mapping/share/bumperbot_mapping/environment/pythonpath.sh
[1.300s] -- Installing: /home/ductrung/bumperbot_ws/install/bumperbot_mapping/share/bumperbot_mapping/environment/pythonpath.dsv
[1.301s] -- Installing: /home/ductrung/bumperbot_ws/install/bumperbot_mapping/local/lib/python3.10/dist-packages/bumperbot_mapping-0.0.0-py3.10.egg-info
[1.301s] -- Installing: /home/ductrung/bumperbot_ws/install/bumperbot_mapping/local/lib/python3.10/dist-packages/bumperbot_mapping-0.0.0-py3.10.egg-info/dependency_links.txt
[1.301s] -- Installing: /home/ductrung/bumperbot_ws/install/bumperbot_mapping/local/lib/python3.10/dist-packages/bumperbot_mapping-0.0.0-py3.10.egg-info/top_level.txt
[1.301s] -- Installing: /home/ductrung/bumperbot_ws/install/bumperbot_mapping/local/lib/python3.10/dist-packages/bumperbot_mapping-0.0.0-py3.10.egg-info/SOURCES.txt
[1.301s] -- Installing: /home/ductrung/bumperbot_ws/install/bumperbot_mapping/local/lib/python3.10/dist-packages/bumperbot_mapping-0.0.0-py3.10.egg-info/PKG-INFO
[1.301s] -- Installing: /home/ductrung/bumperbot_ws/install/bumperbot_mapping/local/lib/python3.10/dist-packages/bumperbot_mapping
[1.301s] -- Installing: /home/ductrung/bumperbot_ws/install/bumperbot_mapping/local/lib/python3.10/dist-packages/bumperbot_mapping/__init__.py
[1.301s] -- Installing: /home/ductrung/bumperbot_ws/install/bumperbot_mapping/local/lib/python3.10/dist-packages/bumperbot_mapping/mapping_with_known_poses.py
[1.336s] Listing '/home/ductrung/bumperbot_ws/install/bumperbot_mapping/local/lib/python3.10/dist-packages/bumperbot_mapping'...
[1.336s] Compiling '/home/ductrung/bumperbot_ws/install/bumperbot_mapping/local/lib/python3.10/dist-packages/bumperbot_mapping/__init__.py'...
[1.336s] Compiling '/home/ductrung/bumperbot_ws/install/bumperbot_mapping/local/lib/python3.10/dist-packages/bumperbot_mapping/mapping_with_known_poses.py'...
[1.345s] -- Up-to-date: /home/ductrung/bumperbot_ws/install/bumperbot_mapping/share/bumperbot_mapping/maps
[1.345s] -- Up-to-date: /home/ductrung/bumperbot_ws/install/bumperbot_mapping/share/bumperbot_mapping/maps/small_house
[1.346s] -- Up-to-date: /home/ductrung/bumperbot_ws/install/bumperbot_mapping/share/bumperbot_mapping/maps/small_house/map.pgm
[1.347s] -- Up-to-date: /home/ductrung/bumperbot_ws/install/bumperbot_mapping/share/bumperbot_mapping/maps/small_house/map.yaml
[1.348s] -- Installing: /home/ductrung/bumperbot_ws/install/bumperbot_mapping/lib/bumperbot_mapping/mapping_with_known_poses.py
[1.348s] -- Installing: /home/ductrung/bumperbot_ws/install/bumperbot_mapping/share/ament_index/resource_index/package_run_dependencies/bumperbot_mapping
[1.348s] -- Up-to-date: /home/ductrung/bumperbot_ws/install/bumperbot_mapping/share/ament_index/resource_index/parent_prefix_path/bumperbot_mapping
[1.348s] -- Up-to-date: /home/ductrung/bumperbot_ws/install/bumperbot_mapping/share/bumperbot_mapping/environment/ament_prefix_path.sh
[1.348s] -- Installing: /home/ductrung/bumperbot_ws/install/bumperbot_mapping/share/bumperbot_mapping/environment/ament_prefix_path.dsv
[1.348s] -- Up-to-date: /home/ductrung/bumperbot_ws/install/bumperbot_mapping/share/bumperbot_mapping/environment/path.sh
[1.348s] -- Installing: /home/ductrung/bumperbot_ws/install/bumperbot_mapping/share/bumperbot_mapping/environment/path.dsv
[1.348s] -- Up-to-date: /home/ductrung/bumperbot_ws/install/bumperbot_mapping/share/bumperbot_mapping/local_setup.bash
[1.348s] -- Installing: /home/ductrung/bumperbot_ws/install/bumperbot_mapping/share/bumperbot_mapping/local_setup.sh
[1.348s] -- Up-to-date: /home/ductrung/bumperbot_ws/install/bumperbot_mapping/share/bumperbot_mapping/local_setup.zsh
[1.348s] -- Installing: /home/ductrung/bumperbot_ws/install/bumperbot_mapping/share/bumperbot_mapping/local_setup.dsv
[1.348s] -- Installing: /home/ductrung/bumperbot_ws/install/bumperbot_mapping/share/bumperbot_mapping/package.dsv
[1.350s] -- Up-to-date: /home/ductrung/bumperbot_ws/install/bumperbot_mapping/share/ament_index/resource_index/packages/bumperbot_mapping
[1.350s] -- Up-to-date: /home/ductrung/bumperbot_ws/install/bumperbot_mapping/share/bumperbot_mapping/cmake/bumperbot_mappingConfig.cmake
[1.351s] -- Up-to-date: /home/ductrung/bumperbot_ws/install/bumperbot_mapping/share/bumperbot_mapping/cmake/bumperbot_mappingConfig-version.cmake
[1.351s] -- Installing: /home/ductrung/bumperbot_ws/install/bumperbot_mapping/share/bumperbot_mapping/package.xml
[1.353s] Invoked command in '/home/ductrung/bumperbot_ws/build/bumperbot_mapping' returned '0': CMAKE_PREFIX_PATH=${CMAKE_PREFIX_PATH}:/opt/ros/humble /usr/bin/cmake --install /home/ductrung/bumperbot_ws/build/bumperbot_mapping
