[0.048s] Invoking command in '/home/ductrung/bumperbot_ws/build/bumperbot_navigation': /usr/bin/cmake --build /home/ductrung/bumperbot_ws/build/bumperbot_navigation -- -j4 -l4
[0.167s] -- Found ament_cmake: 1.3.10 (/opt/ros/humble/share/ament_cmake/cmake)
[0.523s] -- Found rclcpp: 16.0.10 (/opt/ros/humble/share/rclcpp/cmake)
[0.584s] -- Found rosidl_generator_c: 3.1.5 (/opt/ros/humble/share/rosidl_generator_c/cmake)
[0.609s] -- Found rosidl_adapter: 3.1.5 (/opt/ros/humble/share/rosidl_adapter/cmake)
[0.610s] -- Found rosidl_generator_cpp: 3.1.5 (/opt/ros/humble/share/rosidl_generator_cpp/cmake)
[0.610s] -- Using all available rosidl_typesupport_c: rosidl_typesupport_fastrtps_c;rosidl_typesupport_introspection_c
[0.621s] -- Using all available rosidl_typesupport_cpp: rosidl_typesupport_fastrtps_cpp;rosidl_typesupport_introspection_cpp
[0.679s] -- Found rmw_implementation_cmake: 6.1.2 (/opt/ros/humble/share/rmw_implementation_cmake/cmake)
[0.686s] -- Found rmw_fastrtps_cpp: 6.2.7 (/opt/ros/humble/share/rmw_fastrtps_cpp/cmake)
[0.918s] -- Using RMW implementation 'rmw_fastrtps_cpp' as default
[1.020s] -- Found nav2_costmap_2d: 1.1.16 (/opt/ros/humble/share/nav2_costmap_2d/cmake)
[1.318s] -- Ensuring Eigen3 include directory is part of orocos-kdl CMake target
[1.454s] -- Configuring incomplete, errors occurred!
[1.454s] See also "/home/ductrung/bumperbot_ws/build/bumperbot_navigation/CMakeFiles/CMakeOutput.log".
[1.458s] [31mCMake Error at CMakeLists.txt:9 (find_package):
[1.458s]   By not providing "Findlaunch_ros.cmake" in CMAKE_MODULE_PATH this project
[1.458s]   has asked CMake to find a package configuration file provided by
[1.464s]   "launch_ros", but CMake did not find one.
[1.464s] 
[1.464s]   Could not find a package configuration file provided by "launch_ros" with
[1.464s]   any of the following names:
[1.464s] 
[1.464s]     launch_rosConfig.cmake
[1.464s]     launch_ros-config.cmake
[1.464s] 
[1.464s]   Add the installation prefix of "launch_ros" to CMAKE_PREFIX_PATH or set
[1.464s]   "launch_ros_DIR" to a directory containing one of the above files.  If
[1.464s]   "launch_ros" provides a separate development package or SDK, be sure it has
[1.464s]   been installed.
[1.464s] 
[1.464s] [0m
[1.489s] gmake: *** [Makefile:138: cmake_check_build_system] Error 1
[1.546s] Invoked command in '/home/ductrung/bumperbot_ws/build/bumperbot_navigation' returned '2': /usr/bin/cmake --build /home/ductrung/bumperbot_ws/build/bumperbot_navigation -- -j4 -l4
