[1.082s] Invoking command in '/home/ductrung/bumperbot_ws/src/bumperbot_py_examples': AMENT_PREFIX_PATH=/home/ductrung/bumperbot_ws/install/bumperbot_msgs:${AMENT_PREFIX_PATH} CMAKE_PREFIX_PATH=/home/ductrung/bumperbot_ws/install/bumperbot_msgs:${CMAKE_PREFIX_PATH} LD_LIBRARY_PATH=/home/ductrung/bumperbot_ws/install/bumperbot_msgs/lib:/usr/lib/x86_64-linux-gnu/gazebo-11/plugins:/opt/ros/humble/opt/rviz_ogre_vendor/lib:/opt/ros/humble/lib/x86_64-linux-gnu:/opt/ros/humble/lib:/usr/share/gazebo/../../lib/x86_64-linux-gnu/gazebo-11/plugins PYTHONPATH=/home/ductrung/bumperbot_ws/build/bumperbot_py_examples/prefix_override:/usr/lib/python3/dist-packages/colcon_core/task/python/colcon_distutils_commands:/home/ductrung/bumperbot_ws/install/bumperbot_py_examples/lib/python3.10/site-packages:/home/ductrung/bumperbot_ws/install/bumperbot_msgs/local/lib/python3.10/dist-packages:${PYTHONPATH} /usr/bin/python3 -W ignore:setup.py install is deprecated setup.py egg_info --egg-base ../../build/bumperbot_py_examples build --build-base /home/ductrung/bumperbot_ws/build/bumperbot_py_examples/build install --record /home/ductrung/bumperbot_ws/build/bumperbot_py_examples/install.log --single-version-externally-managed install_data
[1.263s] running egg_info
[1.264s] writing ../../build/bumperbot_py_examples/bumperbot_py_examples.egg-info/PKG-INFO
[1.265s] writing dependency_links to ../../build/bumperbot_py_examples/bumperbot_py_examples.egg-info/dependency_links.txt
[1.266s] writing entry points to ../../build/bumperbot_py_examples/bumperbot_py_examples.egg-info/entry_points.txt
[1.266s] writing requirements to ../../build/bumperbot_py_examples/bumperbot_py_examples.egg-info/requires.txt
[1.267s] writing top-level names to ../../build/bumperbot_py_examples/bumperbot_py_examples.egg-info/top_level.txt
[1.270s] reading manifest file '../../build/bumperbot_py_examples/bumperbot_py_examples.egg-info/SOURCES.txt'
[1.272s] writing manifest file '../../build/bumperbot_py_examples/bumperbot_py_examples.egg-info/SOURCES.txt'
[1.272s] running build
[1.272s] running build_py
[1.286s] running install
[1.298s] running install_lib
[1.313s] running install_data
[1.313s] running install_egg_info
[1.313s] removing '/home/ductrung/bumperbot_ws/install/bumperbot_py_examples/lib/python3.10/site-packages/bumperbot_py_examples-0.0.0-py3.10.egg-info' (and everything under it)
[1.315s] Copying ../../build/bumperbot_py_examples/bumperbot_py_examples.egg-info to /home/ductrung/bumperbot_ws/install/bumperbot_py_examples/lib/python3.10/site-packages/bumperbot_py_examples-0.0.0-py3.10.egg-info
[1.316s] running install_scripts
[1.335s] Installing simple_parameter script to /home/ductrung/bumperbot_ws/install/bumperbot_py_examples/lib/bumperbot_py_examples
[1.337s] Installing simple_publisher script to /home/ductrung/bumperbot_ws/install/bumperbot_py_examples/lib/bumperbot_py_examples
[1.338s] Installing simple_service_client script to /home/ductrung/bumperbot_ws/install/bumperbot_py_examples/lib/bumperbot_py_examples
[1.339s] Installing simple_service_server script to /home/ductrung/bumperbot_ws/install/bumperbot_py_examples/lib/bumperbot_py_examples
[1.339s] Installing simple_subscriber script to /home/ductrung/bumperbot_ws/install/bumperbot_py_examples/lib/bumperbot_py_examples
[1.340s] Installing simple_tf_kinematics script to /home/ductrung/bumperbot_ws/install/bumperbot_py_examples/lib/bumperbot_py_examples
[1.341s] Installing simple_turtlesim_kinematics script to /home/ductrung/bumperbot_ws/install/bumperbot_py_examples/lib/bumperbot_py_examples
[1.342s] writing list of installed files to '/home/ductrung/bumperbot_ws/build/bumperbot_py_examples/install.log'
[1.363s] Invoked command in '/home/ductrung/bumperbot_ws/src/bumperbot_py_examples' returned '0': AMENT_PREFIX_PATH=/home/ductrung/bumperbot_ws/install/bumperbot_msgs:${AMENT_PREFIX_PATH} CMAKE_PREFIX_PATH=/home/ductrung/bumperbot_ws/install/bumperbot_msgs:${CMAKE_PREFIX_PATH} LD_LIBRARY_PATH=/home/ductrung/bumperbot_ws/install/bumperbot_msgs/lib:/usr/lib/x86_64-linux-gnu/gazebo-11/plugins:/opt/ros/humble/opt/rviz_ogre_vendor/lib:/opt/ros/humble/lib/x86_64-linux-gnu:/opt/ros/humble/lib:/usr/share/gazebo/../../lib/x86_64-linux-gnu/gazebo-11/plugins PYTHONPATH=/home/ductrung/bumperbot_ws/build/bumperbot_py_examples/prefix_override:/usr/lib/python3/dist-packages/colcon_core/task/python/colcon_distutils_commands:/home/ductrung/bumperbot_ws/install/bumperbot_py_examples/lib/python3.10/site-packages:/home/ductrung/bumperbot_ws/install/bumperbot_msgs/local/lib/python3.10/dist-packages:${PYTHONPATH} /usr/bin/python3 -W ignore:setup.py install is deprecated setup.py egg_info --egg-base ../../build/bumperbot_py_examples build --build-base /home/ductrung/bumperbot_ws/build/bumperbot_py_examples/build install --record /home/ductrung/bumperbot_ws/build/bumperbot_py_examples/install.log --single-version-externally-managed install_data
