[0.015s] Invoking command in '/home/ductrung/bumperbot_ws/build/bumperbot_utils': CMAKE_PREFIX_PATH=${CMAKE_PREFIX_PATH}:/opt/ros/humble /usr/bin/cmake --build /home/ductrung/bumperbot_ws/build/bumperbot_utils -- -j4 -l4
[0.125s] Built target ament_cmake_python_copy_bumperbot_utils
[0.424s] running egg_info
[0.424s] writing bumperbot_utils.egg-info/PKG-INFO
[0.425s] writing dependency_links to bumperbot_utils.egg-info/dependency_links.txt
[0.426s] writing top-level names to bumperbot_utils.egg-info/top_level.txt
[0.431s] reading manifest file 'bumperbot_utils.egg-info/SOURCES.txt'
[0.432s] writing manifest file 'bumperbot_utils.egg-info/SOURCES.txt'
[0.495s] Built target ament_cmake_python_build_bumperbot_utils_egg
[0.536s] Invoked command in '/home/ductrung/bumperbot_ws/build/bumperbot_utils' returned '0': CMAKE_PREFIX_PATH=${CMAKE_PREFIX_PATH}:/opt/ros/humble /usr/bin/cmake --build /home/ductrung/bumperbot_ws/build/bumperbot_utils -- -j4 -l4
[0.626s] Invoking command in '/home/ductrung/bumperbot_ws/build/bumperbot_utils': CMAKE_PREFIX_PATH=${CMAKE_PREFIX_PATH}:/opt/ros/humble /usr/bin/cmake --install /home/ductrung/bumperbot_ws/build/bumperbot_utils
[0.628s] -- Install configuration: ""
[0.629s] -- Up-to-date: /home/ductrung/bumperbot_ws/install/bumperbot_utils/share/bumperbot_utils/environment/pythonpath.sh
[0.629s] -- Up-to-date: /home/ductrung/bumperbot_ws/install/bumperbot_utils/share/bumperbot_utils/environment/pythonpath.dsv
[0.629s] -- Up-to-date: /home/ductrung/bumperbot_ws/install/bumperbot_utils/local/lib/python3.10/dist-packages/bumperbot_utils-0.0.0-py3.10.egg-info
[0.638s] -- Installing: /home/ductrung/bumperbot_ws/install/bumperbot_utils/local/lib/python3.10/dist-packages/bumperbot_utils-0.0.0-py3.10.egg-info/dependency_links.txt
[0.638s] -- Installing: /home/ductrung/bumperbot_ws/install/bumperbot_utils/local/lib/python3.10/dist-packages/bumperbot_utils-0.0.0-py3.10.egg-info/top_level.txt
[0.638s] -- Installing: /home/ductrung/bumperbot_ws/install/bumperbot_utils/local/lib/python3.10/dist-packages/bumperbot_utils-0.0.0-py3.10.egg-info/SOURCES.txt
[0.638s] -- Installing: /home/ductrung/bumperbot_ws/install/bumperbot_utils/local/lib/python3.10/dist-packages/bumperbot_utils-0.0.0-py3.10.egg-info/PKG-INFO
[0.638s] -- Up-to-date: /home/ductrung/bumperbot_ws/install/bumperbot_utils/local/lib/python3.10/dist-packages/bumperbot_utils
[0.638s] -- Up-to-date: /home/ductrung/bumperbot_ws/install/bumperbot_utils/local/lib/python3.10/dist-packages/bumperbot_utils/__init__.py
[0.638s] -- Up-to-date: /home/ductrung/bumperbot_ws/install/bumperbot_utils/local/lib/python3.10/dist-packages/bumperbot_utils/safety_stop.py
[0.671s] Listing '/home/ductrung/bumperbot_ws/install/bumperbot_utils/local/lib/python3.10/dist-packages/bumperbot_utils'...
[0.699s] -- Up-to-date: /home/ductrung/bumperbot_ws/install/bumperbot_utils/lib/bumperbot_utils/safety_stop.py
[0.700s] -- Up-to-date: /home/ductrung/bumperbot_ws/install/bumperbot_utils/share/ament_index/resource_index/package_run_dependencies/bumperbot_utils
[0.700s] -- Up-to-date: /home/ductrung/bumperbot_ws/install/bumperbot_utils/share/ament_index/resource_index/parent_prefix_path/bumperbot_utils
[0.701s] -- Up-to-date: /home/ductrung/bumperbot_ws/install/bumperbot_utils/share/bumperbot_utils/environment/ament_prefix_path.sh
[0.703s] -- Up-to-date: /home/ductrung/bumperbot_ws/install/bumperbot_utils/share/bumperbot_utils/environment/ament_prefix_path.dsv
[0.703s] -- Up-to-date: /home/ductrung/bumperbot_ws/install/bumperbot_utils/share/bumperbot_utils/environment/path.sh
[0.703s] -- Up-to-date: /home/ductrung/bumperbot_ws/install/bumperbot_utils/share/bumperbot_utils/environment/path.dsv
[0.703s] -- Up-to-date: /home/ductrung/bumperbot_ws/install/bumperbot_utils/share/bumperbot_utils/local_setup.bash
[0.705s] -- Up-to-date: /home/ductrung/bumperbot_ws/install/bumperbot_utils/share/bumperbot_utils/local_setup.sh
[0.705s] -- Up-to-date: /home/ductrung/bumperbot_ws/install/bumperbot_utils/share/bumperbot_utils/local_setup.zsh
[0.705s] -- Up-to-date: /home/ductrung/bumperbot_ws/install/bumperbot_utils/share/bumperbot_utils/local_setup.dsv
[0.705s] -- Installing: /home/ductrung/bumperbot_ws/install/bumperbot_utils/share/bumperbot_utils/package.dsv
[0.706s] -- Up-to-date: /home/ductrung/bumperbot_ws/install/bumperbot_utils/share/ament_index/resource_index/packages/bumperbot_utils
[0.706s] -- Up-to-date: /home/ductrung/bumperbot_ws/install/bumperbot_utils/share/bumperbot_utils/cmake/bumperbot_utilsConfig.cmake
[0.706s] -- Up-to-date: /home/ductrung/bumperbot_ws/install/bumperbot_utils/share/bumperbot_utils/cmake/bumperbot_utilsConfig-version.cmake
[0.706s] -- Up-to-date: /home/ductrung/bumperbot_ws/install/bumperbot_utils/share/bumperbot_utils/package.xml
[0.719s] Invoked command in '/home/ductrung/bumperbot_ws/build/bumperbot_utils' returned '0': CMAKE_PREFIX_PATH=${CMAKE_PREFIX_PATH}:/opt/ros/humble /usr/bin/cmake --install /home/ductrung/bumperbot_ws/build/bumperbot_utils
