[0.049s] Invoking command in '/home/ductrung/bumperbot_ws/build/bumperbot_navigation': /usr/bin/cmake --build /home/ductrung/bumperbot_ws/build/bumperbot_navigation -- -j4 -l4
[0.184s] -- Found ament_cmake: 1.3.10 (/opt/ros/humble/share/ament_cmake/cmake)
[0.621s] -- Found rclcpp: 16.0.10 (/opt/ros/humble/share/rclcpp/cmake)
[0.735s] -- Found rosidl_generator_c: 3.1.5 (/opt/ros/humble/share/rosidl_generator_c/cmake)
[0.746s] -- Found rosidl_adapter: 3.1.5 (/opt/ros/humble/share/rosidl_adapter/cmake)
[0.755s] -- Found rosidl_generator_cpp: 3.1.5 (/opt/ros/humble/share/rosidl_generator_cpp/cmake)
[0.761s] -- Using all available rosidl_typesupport_c: rosidl_typesupport_fastrtps_c;rosidl_typesupport_introspection_c
[0.787s] -- Using all available rosidl_typesupport_cpp: rosidl_typesupport_fastrtps_cpp;rosidl_typesupport_introspection_cpp
[0.891s] -- Found rmw_implementation_cmake: 6.1.2 (/opt/ros/humble/share/rmw_implementation_cmake/cmake)
[0.891s] -- Found rmw_fastrtps_cpp: 6.2.7 (/opt/ros/humble/share/rmw_fastrtps_cpp/cmake)
[1.166s] -- Using RMW implementation 'rmw_fastrtps_cpp' as default
[1.358s] -- Found nav2_costmap_2d: 1.1.16 (/opt/ros/humble/share/nav2_costmap_2d/cmake)
[2.104s] -- Ensuring Eigen3 include directory is part of orocos-kdl CMake target
[2.359s] [31mCMake Error at CMakeLists.txt:8 (find_package):
[2.360s]   By not providing "Findlaunch.cmake" in CMAKE_MODULE_PATH this project has
[2.360s]   asked CMake to find a package configuration file provided by "launch", but
[2.361s]   CMake did not find one.
[2.361s] 
[2.361s]   Could not find a package configuration file provided by "launch" with any
[2.361s]   of the following names:
[2.361s] 
[2.361s]     launchConfig.cmake
[2.361s]     launch-config.cmake
[2.362s] 
[2.362s]   Add the installation prefix of "launch" to CMAKE_PREFIX_PATH or set
[2.362s]   "launch_DIR" to a directory containing one of the above files.  If "launch"
[2.365s]   provides a separate development package or SDK, be sure it has been
[2.366s]   installed.
[2.366s] 
[2.366s] [0m
[2.373s] -- Configuring incomplete, errors occurred!
[2.373s] See also "/home/ductrung/bumperbot_ws/build/bumperbot_navigation/CMakeFiles/CMakeOutput.log".
[2.417s] gmake: *** [Makefile:138: cmake_check_build_system] Error 1
[2.601s] Invoked command in '/home/ductrung/bumperbot_ws/build/bumperbot_navigation' returned '2': /usr/bin/cmake --build /home/ductrung/bumperbot_ws/build/bumperbot_navigation -- -j4 -l4
