[0.085s] Invoking command in '/home/ductrung/bumperbot_ws/build/bumperbot_cpp_examples': AMENT_PREFIX_PATH=/home/ductrung/bumperbot_ws/install/bumperbot_msgs:${AMENT_PREFIX_PATH} CMAKE_PREFIX_PATH=/home/ductrung/bumperbot_ws/install/bumperbot_msgs:/home/ductrung/ros2_ws/install/my_robot_bringup:/home/ductrung/ros2_ws/install/my_robot_description:/opt/ros/humble LD_LIBRARY_PATH=/home/ductrung/bumperbot_ws/install/bumperbot_msgs/lib:/usr/lib/x86_64-linux-gnu/gazebo-11/plugins:/opt/ros/humble/opt/rviz_ogre_vendor/lib:/opt/ros/humble/lib/x86_64-linux-gnu:/opt/ros/humble/lib:/usr/share/gazebo/../../lib/x86_64-linux-gnu/gazebo-11/plugins PYTHONPATH=/home/ductrung/bumperbot_ws/install/bumperbot_msgs/local/lib/python3.10/dist-packages:${PYTHONPATH} /usr/bin/cmake --build /home/ductrung/bumperbot_ws/build/bumperbot_cpp_examples -- -j4 -l4
[0.183s] [ 12%] Built target simple_publisher
[0.219s] [ 25%] Built target simple_turtlesim_kinematics
[0.265s] [ 37%] Built target simple_service_server
[0.402s] [ 50%] Built target simple_service_client
[0.503s] [ 62%] Built target simple_tf_kinematics
[0.656s] [ 75%] Built target simple_lifecycle_node
[0.756s] [ 87%] Built target simple_parameter
[0.866s] [100%] Built target simple_subscriber
[0.890s] Invoked command in '/home/ductrung/bumperbot_ws/build/bumperbot_cpp_examples' returned '0': AMENT_PREFIX_PATH=/home/ductrung/bumperbot_ws/install/bumperbot_msgs:${AMENT_PREFIX_PATH} CMAKE_PREFIX_PATH=/home/ductrung/bumperbot_ws/install/bumperbot_msgs:/home/ductrung/ros2_ws/install/my_robot_bringup:/home/ductrung/ros2_ws/install/my_robot_description:/opt/ros/humble LD_LIBRARY_PATH=/home/ductrung/bumperbot_ws/install/bumperbot_msgs/lib:/usr/lib/x86_64-linux-gnu/gazebo-11/plugins:/opt/ros/humble/opt/rviz_ogre_vendor/lib:/opt/ros/humble/lib/x86_64-linux-gnu:/opt/ros/humble/lib:/usr/share/gazebo/../../lib/x86_64-linux-gnu/gazebo-11/plugins PYTHONPATH=/home/ductrung/bumperbot_ws/install/bumperbot_msgs/local/lib/python3.10/dist-packages:${PYTHONPATH} /usr/bin/cmake --build /home/ductrung/bumperbot_ws/build/bumperbot_cpp_examples -- -j4 -l4
[1.199s] Invoking command in '/home/ductrung/bumperbot_ws/build/bumperbot_cpp_examples': AMENT_PREFIX_PATH=/home/ductrung/bumperbot_ws/install/bumperbot_msgs:${AMENT_PREFIX_PATH} CMAKE_PREFIX_PATH=/home/ductrung/bumperbot_ws/install/bumperbot_msgs:/home/ductrung/ros2_ws/install/my_robot_bringup:/home/ductrung/ros2_ws/install/my_robot_description:/opt/ros/humble LD_LIBRARY_PATH=/home/ductrung/bumperbot_ws/install/bumperbot_msgs/lib:/usr/lib/x86_64-linux-gnu/gazebo-11/plugins:/opt/ros/humble/opt/rviz_ogre_vendor/lib:/opt/ros/humble/lib/x86_64-linux-gnu:/opt/ros/humble/lib:/usr/share/gazebo/../../lib/x86_64-linux-gnu/gazebo-11/plugins PYTHONPATH=/home/ductrung/bumperbot_ws/install/bumperbot_msgs/local/lib/python3.10/dist-packages:${PYTHONPATH} /usr/bin/cmake --install /home/ductrung/bumperbot_ws/build/bumperbot_cpp_examples
[1.217s] -- Install configuration: ""
[1.217s] -- Up-to-date: /home/ductrung/bumperbot_ws/install/bumperbot_cpp_examples/include/include
[1.217s] -- Up-to-date: /home/ductrung/bumperbot_ws/install/bumperbot_cpp_examples/include/include/bumperbot_cpp_examples
[1.217s] -- Up-to-date: /home/ductrung/bumperbot_ws/install/bumperbot_cpp_examples/include/include/bumperbot_cpp_examples/simple_tf_kinematics.hpp
[1.217s] -- Up-to-date: /home/ductrung/bumperbot_ws/install/bumperbot_cpp_examples/include/include/bumperbot_cpp_examples/simple_turtlesim_kinematics.hpp
[1.217s] -- Up-to-date: /home/ductrung/bumperbot_ws/install/bumperbot_cpp_examples/lib/bumperbot_cpp_examples/simple_publisher
[1.217s] -- Up-to-date: /home/ductrung/bumperbot_ws/install/bumperbot_cpp_examples/lib/bumperbot_cpp_examples/simple_subscriber
[1.217s] -- Up-to-date: /home/ductrung/bumperbot_ws/install/bumperbot_cpp_examples/lib/bumperbot_cpp_examples/simple_parameter
[1.218s] -- Up-to-date: /home/ductrung/bumperbot_ws/install/bumperbot_cpp_examples/lib/bumperbot_cpp_examples/simple_turtlesim_kinematics
[1.218s] -- Up-to-date: /home/ductrung/bumperbot_ws/install/bumperbot_cpp_examples/lib/bumperbot_cpp_examples/simple_service_server
[1.219s] -- Up-to-date: /home/ductrung/bumperbot_ws/install/bumperbot_cpp_examples/lib/bumperbot_cpp_examples/simple_service_client
[1.219s] -- Up-to-date: /home/ductrung/bumperbot_ws/install/bumperbot_cpp_examples/lib/bumperbot_cpp_examples/simple_tf_kinematics
[1.219s] -- Up-to-date: /home/ductrung/bumperbot_ws/install/bumperbot_cpp_examples/lib/bumperbot_cpp_examples/simple_lifecycle_node
[1.219s] -- Up-to-date: /home/ductrung/bumperbot_ws/install/bumperbot_cpp_examples/share/ament_index/resource_index/package_run_dependencies/bumperbot_cpp_examples
[1.220s] -- Up-to-date: /home/ductrung/bumperbot_ws/install/bumperbot_cpp_examples/share/ament_index/resource_index/parent_prefix_path/bumperbot_cpp_examples
[1.220s] -- Up-to-date: /home/ductrung/bumperbot_ws/install/bumperbot_cpp_examples/share/bumperbot_cpp_examples/environment/ament_prefix_path.sh
[1.220s] -- Up-to-date: /home/ductrung/bumperbot_ws/install/bumperbot_cpp_examples/share/bumperbot_cpp_examples/environment/ament_prefix_path.dsv
[1.220s] -- Up-to-date: /home/ductrung/bumperbot_ws/install/bumperbot_cpp_examples/share/bumperbot_cpp_examples/environment/path.sh
[1.220s] -- Up-to-date: /home/ductrung/bumperbot_ws/install/bumperbot_cpp_examples/share/bumperbot_cpp_examples/environment/path.dsv
[1.220s] -- Up-to-date: /home/ductrung/bumperbot_ws/install/bumperbot_cpp_examples/share/bumperbot_cpp_examples/local_setup.bash
[1.220s] -- Up-to-date: /home/ductrung/bumperbot_ws/install/bumperbot_cpp_examples/share/bumperbot_cpp_examples/local_setup.sh
[1.220s] -- Up-to-date: /home/ductrung/bumperbot_ws/install/bumperbot_cpp_examples/share/bumperbot_cpp_examples/local_setup.zsh
[1.220s] -- Up-to-date: /home/ductrung/bumperbot_ws/install/bumperbot_cpp_examples/share/bumperbot_cpp_examples/local_setup.dsv
[1.221s] -- Installing: /home/ductrung/bumperbot_ws/install/bumperbot_cpp_examples/share/bumperbot_cpp_examples/package.dsv
[1.221s] -- Up-to-date: /home/ductrung/bumperbot_ws/install/bumperbot_cpp_examples/share/ament_index/resource_index/packages/bumperbot_cpp_examples
[1.221s] -- Up-to-date: /home/ductrung/bumperbot_ws/install/bumperbot_cpp_examples/share/bumperbot_cpp_examples/cmake/bumperbot_cpp_examplesConfig.cmake
[1.221s] -- Up-to-date: /home/ductrung/bumperbot_ws/install/bumperbot_cpp_examples/share/bumperbot_cpp_examples/cmake/bumperbot_cpp_examplesConfig-version.cmake
[1.223s] -- Up-to-date: /home/ductrung/bumperbot_ws/install/bumperbot_cpp_examples/share/bumperbot_cpp_examples/package.xml
[1.241s] Invoked command in '/home/ductrung/bumperbot_ws/build/bumperbot_cpp_examples' returned '0': AMENT_PREFIX_PATH=/home/ductrung/bumperbot_ws/install/bumperbot_msgs:${AMENT_PREFIX_PATH} CMAKE_PREFIX_PATH=/home/ductrung/bumperbot_ws/install/bumperbot_msgs:/home/ductrung/ros2_ws/install/my_robot_bringup:/home/ductrung/ros2_ws/install/my_robot_description:/opt/ros/humble LD_LIBRARY_PATH=/home/ductrung/bumperbot_ws/install/bumperbot_msgs/lib:/usr/lib/x86_64-linux-gnu/gazebo-11/plugins:/opt/ros/humble/opt/rviz_ogre_vendor/lib:/opt/ros/humble/lib/x86_64-linux-gnu:/opt/ros/humble/lib:/usr/share/gazebo/../../lib/x86_64-linux-gnu/gazebo-11/plugins PYTHONPATH=/home/ductrung/bumperbot_ws/install/bumperbot_msgs/local/lib/python3.10/dist-packages:${PYTHONPATH} /usr/bin/cmake --install /home/ductrung/bumperbot_ws/build/bumperbot_cpp_examples
