[0.078s] Invoking command in '/home/ductrung/bumperbot_ws/build/bumperbot_localization': CMAKE_PREFIX_PATH=${CMAKE_PREFIX_PATH}:/home/ductrung/bumperbot_ws/install/bumperbot_py_examples:/opt/ros/humble /usr/bin/cmake --build /home/ductrung/bumperbot_ws/build/bumperbot_localization -- -j4 -l4
[0.527s] [ 50%] Built target kalman_filter
[0.623s] [ 50%] Built target ament_cmake_python_copy_bumperbot_localization
[0.823s] [100%] Built target imu_republisher
[1.944s] running egg_info
[1.980s] writing bumperbot_localization.egg-info/PKG-INFO
[1.980s] writing dependency_links to bumperbot_localization.egg-info/dependency_links.txt
[1.980s] writing top-level names to bumperbot_localization.egg-info/top_level.txt
[1.980s] reading manifest file 'bumperbot_localization.egg-info/SOURCES.txt'
[1.980s] writing manifest file 'bumperbot_localization.egg-info/SOURCES.txt'
[2.069s] [100%] Built target ament_cmake_python_build_bumperbot_localization_egg
[2.163s] Invoked command in '/home/ductrung/bumperbot_ws/build/bumperbot_localization' returned '0': CMAKE_PREFIX_PATH=${CMAKE_PREFIX_PATH}:/home/ductrung/bumperbot_ws/install/bumperbot_py_examples:/opt/ros/humble /usr/bin/cmake --build /home/ductrung/bumperbot_ws/build/bumperbot_localization -- -j4 -l4
[2.475s] Invoking command in '/home/ductrung/bumperbot_ws/build/bumperbot_localization': CMAKE_PREFIX_PATH=${CMAKE_PREFIX_PATH}:/home/ductrung/bumperbot_ws/install/bumperbot_py_examples:/opt/ros/humble /usr/bin/cmake --install /home/ductrung/bumperbot_ws/build/bumperbot_localization
[2.513s] -- Install configuration: ""
[2.517s] -- Up-to-date: /home/ductrung/bumperbot_ws/install/bumperbot_localization/share/bumperbot_localization/environment/pythonpath.sh
[2.517s] -- Up-to-date: /home/ductrung/bumperbot_ws/install/bumperbot_localization/share/bumperbot_localization/environment/pythonpath.dsv
[2.517s] -- Up-to-date: /home/ductrung/bumperbot_ws/install/bumperbot_localization/local/lib/python3.10/dist-packages/bumperbot_localization-0.0.0-py3.10.egg-info
[2.517s] -- Installing: /home/ductrung/bumperbot_ws/install/bumperbot_localization/local/lib/python3.10/dist-packages/bumperbot_localization-0.0.0-py3.10.egg-info/dependency_links.txt
[2.517s] -- Installing: /home/ductrung/bumperbot_ws/install/bumperbot_localization/local/lib/python3.10/dist-packages/bumperbot_localization-0.0.0-py3.10.egg-info/top_level.txt
[2.517s] -- Installing: /home/ductrung/bumperbot_ws/install/bumperbot_localization/local/lib/python3.10/dist-packages/bumperbot_localization-0.0.0-py3.10.egg-info/SOURCES.txt
[2.517s] -- Installing: /home/ductrung/bumperbot_ws/install/bumperbot_localization/local/lib/python3.10/dist-packages/bumperbot_localization-0.0.0-py3.10.egg-info/PKG-INFO
[2.517s] -- Up-to-date: /home/ductrung/bumperbot_ws/install/bumperbot_localization/local/lib/python3.10/dist-packages/bumperbot_localization
[2.517s] -- Up-to-date: /home/ductrung/bumperbot_ws/install/bumperbot_localization/local/lib/python3.10/dist-packages/bumperbot_localization/kalman_filter.py
[2.517s] -- Up-to-date: /home/ductrung/bumperbot_ws/install/bumperbot_localization/local/lib/python3.10/dist-packages/bumperbot_localization/__init__.py
[2.517s] -- Up-to-date: /home/ductrung/bumperbot_ws/install/bumperbot_localization/local/lib/python3.10/dist-packages/bumperbot_localization/imu_republisher.py
[2.517s] -- Up-to-date: /home/ductrung/bumperbot_ws/install/bumperbot_localization/local/lib/python3.10/dist-packages/bumperbot_localization/odometry_motion_model.py
[2.655s] Listing '/home/ductrung/bumperbot_ws/install/bumperbot_localization/local/lib/python3.10/dist-packages/bumperbot_localization'...
[2.704s] -- Up-to-date: /home/ductrung/bumperbot_ws/install/bumperbot_localization/include/include
[2.704s] -- Up-to-date: /home/ductrung/bumperbot_ws/install/bumperbot_localization/include/include/bumperbot_localization
[2.704s] -- Up-to-date: /home/ductrung/bumperbot_ws/install/bumperbot_localization/include/include/bumperbot_localization/kalman_filter.hpp
[2.704s] -- Up-to-date: /home/ductrung/bumperbot_ws/install/bumperbot_localization/lib/bumperbot_localization/kalman_filter
[2.706s] -- Up-to-date: /home/ductrung/bumperbot_ws/install/bumperbot_localization/lib/bumperbot_localization/imu_republisher
[2.706s] -- Up-to-date: /home/ductrung/bumperbot_ws/install/bumperbot_localization/share/bumperbot_localization/launch
[2.706s] -- Up-to-date: /home/ductrung/bumperbot_ws/install/bumperbot_localization/share/bumperbot_localization/launch/global_localization.launch.py
[2.706s] -- Up-to-date: /home/ductrung/bumperbot_ws/install/bumperbot_localization/share/bumperbot_localization/launch/local_localization.launch.py
[2.706s] -- Up-to-date: /home/ductrung/bumperbot_ws/install/bumperbot_localization/share/bumperbot_localization/config
[2.706s] -- Up-to-date: /home/ductrung/bumperbot_ws/install/bumperbot_localization/share/bumperbot_localization/config/ekf.yaml
[2.706s] -- Up-to-date: /home/ductrung/bumperbot_ws/install/bumperbot_localization/lib/bumperbot_localization/kalman_filter.py
[2.706s] -- Up-to-date: /home/ductrung/bumperbot_ws/install/bumperbot_localization/lib/bumperbot_localization/imu_republisher.py
[2.706s] -- Up-to-date: /home/ductrung/bumperbot_ws/install/bumperbot_localization/lib/bumperbot_localization/odometry_motion_model.py
[2.706s] -- Up-to-date: /home/ductrung/bumperbot_ws/install/bumperbot_localization/share/ament_index/resource_index/package_run_dependencies/bumperbot_localization
[2.706s] -- Up-to-date: /home/ductrung/bumperbot_ws/install/bumperbot_localization/share/ament_index/resource_index/parent_prefix_path/bumperbot_localization
[2.706s] -- Up-to-date: /home/ductrung/bumperbot_ws/install/bumperbot_localization/share/bumperbot_localization/environment/ament_prefix_path.sh
[2.706s] -- Up-to-date: /home/ductrung/bumperbot_ws/install/bumperbot_localization/share/bumperbot_localization/environment/ament_prefix_path.dsv
[2.706s] -- Up-to-date: /home/ductrung/bumperbot_ws/install/bumperbot_localization/share/bumperbot_localization/environment/path.sh
[2.707s] -- Up-to-date: /home/ductrung/bumperbot_ws/install/bumperbot_localization/share/bumperbot_localization/environment/path.dsv
[2.734s] -- Up-to-date: /home/ductrung/bumperbot_ws/install/bumperbot_localization/share/bumperbot_localization/local_setup.bash
[2.734s] -- Up-to-date: /home/ductrung/bumperbot_ws/install/bumperbot_localization/share/bumperbot_localization/local_setup.sh
[2.734s] -- Up-to-date: /home/ductrung/bumperbot_ws/install/bumperbot_localization/share/bumperbot_localization/local_setup.zsh
[2.736s] -- Up-to-date: /home/ductrung/bumperbot_ws/install/bumperbot_localization/share/bumperbot_localization/local_setup.dsv
[2.736s] -- Installing: /home/ductrung/bumperbot_ws/install/bumperbot_localization/share/bumperbot_localization/package.dsv
[2.736s] -- Up-to-date: /home/ductrung/bumperbot_ws/install/bumperbot_localization/share/ament_index/resource_index/packages/bumperbot_localization
[2.736s] -- Up-to-date: /home/ductrung/bumperbot_ws/install/bumperbot_localization/share/bumperbot_localization/cmake/bumperbot_localizationConfig.cmake
[2.736s] -- Up-to-date: /home/ductrung/bumperbot_ws/install/bumperbot_localization/share/bumperbot_localization/cmake/bumperbot_localizationConfig-version.cmake
[2.736s] -- Up-to-date: /home/ductrung/bumperbot_ws/install/bumperbot_localization/share/bumperbot_localization/package.xml
[2.745s] Invoked command in '/home/ductrung/bumperbot_ws/build/bumperbot_localization' returned '0': CMAKE_PREFIX_PATH=${CMAKE_PREFIX_PATH}:/home/ductrung/bumperbot_ws/install/bumperbot_py_examples:/opt/ros/humble /usr/bin/cmake --install /home/ductrung/bumperbot_ws/build/bumperbot_localization
