[0.356s] DEBUG:colcon:Command line arguments: ['/usr/bin/colcon', 'list', '-p', '--base-paths', '/home/ductrung/bumperbot_ws']
[0.356s] DEBUG:colcon:Parsed command line arguments: Namespace(log_base=None, log_level=None, verb_name='list', build_base='build', ignore_user_meta=False, metas=['./colcon.meta'], base_paths=['/home/ductrung/bumperbot_ws'], packages_ignore=None, packages_ignore_regex=None, paths=None, packages_up_to=None, packages_up_to_regex=None, packages_above=None, packages_above_and_dependencies=None, packages_above_depth=None, packages_select_by_dep=None, packages_skip_by_dep=None, packages_skip_up_to=None, packages_select_build_failed=False, packages_skip_build_finished=False, packages_select_test_failures=False, packages_skip_test_passed=False, packages_select=None, packages_skip=None, packages_select_regex=None, packages_skip_regex=None, packages_start=None, packages_end=None, allow_overriding=[], topological_order=False, names_only=False, paths_only=True, topological_graph=False, topological_graph_dot=False, topological_graph_density=False, topological_graph_legend=False, topological_graph_dot_cluster=False, topological_graph_dot_include_skipped=False, mixin_files=None, mixin=None, verb_parser=<colcon_mixin.mixin.mixin_argument.MixinArgumentDecorator object at 0x7e8383a5c1f0>, verb_extension=<colcon_package_information.verb.list.ListVerb object at 0x7e8383a2afe0>, main=<bound method ListVerb.main of <colcon_package_information.verb.list.ListVerb object at 0x7e8383a2afe0>>, mixin_verb=('list',))
[0.937s] Level 1:colcon.colcon_core.package_discovery:discover_packages(colcon_meta) check parameters
[0.943s] Level 1:colcon.colcon_core.package_discovery:discover_packages(recursive) check parameters
[0.945s] Level 1:colcon.colcon_core.package_discovery:discover_packages(ignore) check parameters
[0.945s] Level 1:colcon.colcon_core.package_discovery:discover_packages(path) check parameters
[0.946s] Level 1:colcon.colcon_core.package_discovery:discover_packages(recursive) discover
[0.946s] INFO:colcon.colcon_core.package_discovery:Crawling recursively for packages in '/home/ductrung/bumperbot_ws'
[0.946s] Level 1:colcon.colcon_core.package_identification:_identify(/home/ductrung/bumperbot_ws) by extensions ['ignore', 'ignore_ament_install']
[0.946s] Level 1:colcon.colcon_core.package_identification:_identify(/home/ductrung/bumperbot_ws) by extension 'ignore'
[0.946s] Level 1:colcon.colcon_core.package_identification:_identify(/home/ductrung/bumperbot_ws) by extension 'ignore_ament_install'
[0.948s] Level 1:colcon.colcon_core.package_identification:_identify(/home/ductrung/bumperbot_ws) by extensions ['colcon_pkg']
[0.948s] Level 1:colcon.colcon_core.package_identification:_identify(/home/ductrung/bumperbot_ws) by extension 'colcon_pkg'
[0.948s] Level 1:colcon.colcon_core.package_identification:_identify(/home/ductrung/bumperbot_ws) by extensions ['colcon_meta']
[0.948s] Level 1:colcon.colcon_core.package_identification:_identify(/home/ductrung/bumperbot_ws) by extension 'colcon_meta'
[0.948s] Level 1:colcon.colcon_core.package_identification:_identify(/home/ductrung/bumperbot_ws) by extensions ['ros']
[0.949s] Level 1:colcon.colcon_core.package_identification:_identify(/home/ductrung/bumperbot_ws) by extension 'ros'
[0.996s] Level 1:colcon.colcon_core.package_identification:_identify(/home/ductrung/bumperbot_ws) by extensions ['cmake', 'python']
[0.996s] Level 1:colcon.colcon_core.package_identification:_identify(/home/ductrung/bumperbot_ws) by extension 'cmake'
[0.996s] Level 1:colcon.colcon_core.package_identification:_identify(/home/ductrung/bumperbot_ws) by extension 'python'
[0.997s] Level 1:colcon.colcon_core.package_identification:_identify(/home/ductrung/bumperbot_ws) by extensions ['python_setup_py']
[0.997s] Level 1:colcon.colcon_core.package_identification:_identify(/home/ductrung/bumperbot_ws) by extension 'python_setup_py'
[0.997s] Level 1:colcon.colcon_core.package_identification:_identify(/home/ductrung/bumperbot_ws/build) by extensions ['ignore', 'ignore_ament_install']
[0.997s] Level 1:colcon.colcon_core.package_identification:_identify(/home/ductrung/bumperbot_ws/build) by extension 'ignore'
[0.998s] Level 1:colcon.colcon_core.package_identification:_identify(/home/ductrung/bumperbot_ws/build) ignored
[0.998s] Level 1:colcon.colcon_core.package_identification:_identify(/home/ductrung/bumperbot_ws/install) by extensions ['ignore', 'ignore_ament_install']
[0.998s] Level 1:colcon.colcon_core.package_identification:_identify(/home/ductrung/bumperbot_ws/install) by extension 'ignore'
[0.998s] Level 1:colcon.colcon_core.package_identification:_identify(/home/ductrung/bumperbot_ws/install) ignored
[0.998s] Level 1:colcon.colcon_core.package_identification:_identify(/home/ductrung/bumperbot_ws/log) by extensions ['ignore', 'ignore_ament_install']
[0.998s] Level 1:colcon.colcon_core.package_identification:_identify(/home/ductrung/bumperbot_ws/log) by extension 'ignore'
[0.998s] Level 1:colcon.colcon_core.package_identification:_identify(/home/ductrung/bumperbot_ws/log) ignored
[0.998s] Level 1:colcon.colcon_core.package_identification:_identify(/home/ductrung/bumperbot_ws/src) by extensions ['ignore', 'ignore_ament_install']
[0.999s] Level 1:colcon.colcon_core.package_identification:_identify(/home/ductrung/bumperbot_ws/src) by extension 'ignore'
[1.000s] Level 1:colcon.colcon_core.package_identification:_identify(/home/ductrung/bumperbot_ws/src) by extension 'ignore_ament_install'
[1.000s] Level 1:colcon.colcon_core.package_identification:_identify(/home/ductrung/bumperbot_ws/src) by extensions ['colcon_pkg']
[1.001s] Level 1:colcon.colcon_core.package_identification:_identify(/home/ductrung/bumperbot_ws/src) by extension 'colcon_pkg'
[1.001s] Level 1:colcon.colcon_core.package_identification:_identify(/home/ductrung/bumperbot_ws/src) by extensions ['colcon_meta']
[1.001s] Level 1:colcon.colcon_core.package_identification:_identify(/home/ductrung/bumperbot_ws/src) by extension 'colcon_meta'
[1.001s] Level 1:colcon.colcon_core.package_identification:_identify(/home/ductrung/bumperbot_ws/src) by extensions ['ros']
[1.001s] Level 1:colcon.colcon_core.package_identification:_identify(/home/ductrung/bumperbot_ws/src) by extension 'ros'
[1.001s] Level 1:colcon.colcon_core.package_identification:_identify(/home/ductrung/bumperbot_ws/src) by extensions ['cmake', 'python']
[1.001s] Level 1:colcon.colcon_core.package_identification:_identify(/home/ductrung/bumperbot_ws/src) by extension 'cmake'
[1.001s] Level 1:colcon.colcon_core.package_identification:_identify(/home/ductrung/bumperbot_ws/src) by extension 'python'
[1.001s] Level 1:colcon.colcon_core.package_identification:_identify(/home/ductrung/bumperbot_ws/src) by extensions ['python_setup_py']
[1.001s] Level 1:colcon.colcon_core.package_identification:_identify(/home/ductrung/bumperbot_ws/src) by extension 'python_setup_py'
[1.001s] Level 1:colcon.colcon_core.package_identification:_identify(/home/ductrung/bumperbot_ws/src/bumperbot_bringup) by extensions ['ignore', 'ignore_ament_install']
[1.005s] Level 1:colcon.colcon_core.package_identification:_identify(/home/ductrung/bumperbot_ws/src/bumperbot_bringup) by extension 'ignore'
[1.005s] Level 1:colcon.colcon_core.package_identification:_identify(/home/ductrung/bumperbot_ws/src/bumperbot_bringup) by extension 'ignore_ament_install'
[1.006s] Level 1:colcon.colcon_core.package_identification:_identify(/home/ductrung/bumperbot_ws/src/bumperbot_bringup) by extensions ['colcon_pkg']
[1.006s] Level 1:colcon.colcon_core.package_identification:_identify(/home/ductrung/bumperbot_ws/src/bumperbot_bringup) by extension 'colcon_pkg'
[1.006s] Level 1:colcon.colcon_core.package_identification:_identify(/home/ductrung/bumperbot_ws/src/bumperbot_bringup) by extensions ['colcon_meta']
[1.006s] Level 1:colcon.colcon_core.package_identification:_identify(/home/ductrung/bumperbot_ws/src/bumperbot_bringup) by extension 'colcon_meta'
[1.006s] Level 1:colcon.colcon_core.package_identification:_identify(/home/ductrung/bumperbot_ws/src/bumperbot_bringup) by extensions ['ros']
[1.006s] Level 1:colcon.colcon_core.package_identification:_identify(/home/ductrung/bumperbot_ws/src/bumperbot_bringup) by extension 'ros'
[1.013s] DEBUG:colcon.colcon_core.package_identification:Package '/home/ductrung/bumperbot_ws/src/bumperbot_bringup' with type 'ros.ament_cmake' and name 'bumperbot_bringup'
[1.014s] Level 1:colcon.colcon_core.package_identification:_identify(/home/ductrung/bumperbot_ws/src/bumperbot_controller) by extensions ['ignore', 'ignore_ament_install']
[1.015s] Level 1:colcon.colcon_core.package_identification:_identify(/home/ductrung/bumperbot_ws/src/bumperbot_controller) by extension 'ignore'
[1.015s] Level 1:colcon.colcon_core.package_identification:_identify(/home/ductrung/bumperbot_ws/src/bumperbot_controller) by extension 'ignore_ament_install'
[1.015s] Level 1:colcon.colcon_core.package_identification:_identify(/home/ductrung/bumperbot_ws/src/bumperbot_controller) by extensions ['colcon_pkg']
[1.015s] Level 1:colcon.colcon_core.package_identification:_identify(/home/ductrung/bumperbot_ws/src/bumperbot_controller) by extension 'colcon_pkg'
[1.015s] Level 1:colcon.colcon_core.package_identification:_identify(/home/ductrung/bumperbot_ws/src/bumperbot_controller) by extensions ['colcon_meta']
[1.015s] Level 1:colcon.colcon_core.package_identification:_identify(/home/ductrung/bumperbot_ws/src/bumperbot_controller) by extension 'colcon_meta'
[1.015s] Level 1:colcon.colcon_core.package_identification:_identify(/home/ductrung/bumperbot_ws/src/bumperbot_controller) by extensions ['ros']
[1.015s] Level 1:colcon.colcon_core.package_identification:_identify(/home/ductrung/bumperbot_ws/src/bumperbot_controller) by extension 'ros'
[1.019s] DEBUG:colcon.colcon_core.package_identification:Package '/home/ductrung/bumperbot_ws/src/bumperbot_controller' with type 'ros.ament_cmake' and name 'bumperbot_controller'
[1.019s] Level 1:colcon.colcon_core.package_identification:_identify(/home/ductrung/bumperbot_ws/src/bumperbot_cpp_examples) by extensions ['ignore', 'ignore_ament_install']
[1.019s] Level 1:colcon.colcon_core.package_identification:_identify(/home/ductrung/bumperbot_ws/src/bumperbot_cpp_examples) by extension 'ignore'
[1.019s] Level 1:colcon.colcon_core.package_identification:_identify(/home/ductrung/bumperbot_ws/src/bumperbot_cpp_examples) by extension 'ignore_ament_install'
[1.019s] Level 1:colcon.colcon_core.package_identification:_identify(/home/ductrung/bumperbot_ws/src/bumperbot_cpp_examples) by extensions ['colcon_pkg']
[1.019s] Level 1:colcon.colcon_core.package_identification:_identify(/home/ductrung/bumperbot_ws/src/bumperbot_cpp_examples) by extension 'colcon_pkg'
[1.019s] Level 1:colcon.colcon_core.package_identification:_identify(/home/ductrung/bumperbot_ws/src/bumperbot_cpp_examples) by extensions ['colcon_meta']
[1.019s] Level 1:colcon.colcon_core.package_identification:_identify(/home/ductrung/bumperbot_ws/src/bumperbot_cpp_examples) by extension 'colcon_meta'
[1.019s] Level 1:colcon.colcon_core.package_identification:_identify(/home/ductrung/bumperbot_ws/src/bumperbot_cpp_examples) by extensions ['ros']
[1.019s] Level 1:colcon.colcon_core.package_identification:_identify(/home/ductrung/bumperbot_ws/src/bumperbot_cpp_examples) by extension 'ros'
[1.020s] DEBUG:colcon.colcon_core.package_identification:Package '/home/ductrung/bumperbot_ws/src/bumperbot_cpp_examples' with type 'ros.ament_cmake' and name 'bumperbot_cpp_examples'
[1.021s] Level 1:colcon.colcon_core.package_identification:_identify(/home/ductrung/bumperbot_ws/src/bumperbot_description) by extensions ['ignore', 'ignore_ament_install']
[1.021s] Level 1:colcon.colcon_core.package_identification:_identify(/home/ductrung/bumperbot_ws/src/bumperbot_description) by extension 'ignore'
[1.021s] Level 1:colcon.colcon_core.package_identification:_identify(/home/ductrung/bumperbot_ws/src/bumperbot_description) by extension 'ignore_ament_install'
[1.021s] Level 1:colcon.colcon_core.package_identification:_identify(/home/ductrung/bumperbot_ws/src/bumperbot_description) by extensions ['colcon_pkg']
[1.021s] Level 1:colcon.colcon_core.package_identification:_identify(/home/ductrung/bumperbot_ws/src/bumperbot_description) by extension 'colcon_pkg'
[1.021s] Level 1:colcon.colcon_core.package_identification:_identify(/home/ductrung/bumperbot_ws/src/bumperbot_description) by extensions ['colcon_meta']
[1.021s] Level 1:colcon.colcon_core.package_identification:_identify(/home/ductrung/bumperbot_ws/src/bumperbot_description) by extension 'colcon_meta'
[1.021s] Level 1:colcon.colcon_core.package_identification:_identify(/home/ductrung/bumperbot_ws/src/bumperbot_description) by extensions ['ros']
[1.021s] Level 1:colcon.colcon_core.package_identification:_identify(/home/ductrung/bumperbot_ws/src/bumperbot_description) by extension 'ros'
[1.021s] DEBUG:colcon.colcon_core.package_identification:Package '/home/ductrung/bumperbot_ws/src/bumperbot_description' with type 'ros.ament_cmake' and name 'bumperbot_description'
[1.021s] Level 1:colcon.colcon_core.package_identification:_identify(/home/ductrung/bumperbot_ws/src/bumperbot_firmware) by extensions ['ignore', 'ignore_ament_install']
[1.022s] Level 1:colcon.colcon_core.package_identification:_identify(/home/ductrung/bumperbot_ws/src/bumperbot_firmware) by extension 'ignore'
[1.022s] Level 1:colcon.colcon_core.package_identification:_identify(/home/ductrung/bumperbot_ws/src/bumperbot_firmware) by extension 'ignore_ament_install'
[1.022s] Level 1:colcon.colcon_core.package_identification:_identify(/home/ductrung/bumperbot_ws/src/bumperbot_firmware) by extensions ['colcon_pkg']
[1.022s] Level 1:colcon.colcon_core.package_identification:_identify(/home/ductrung/bumperbot_ws/src/bumperbot_firmware) by extension 'colcon_pkg'
[1.022s] Level 1:colcon.colcon_core.package_identification:_identify(/home/ductrung/bumperbot_ws/src/bumperbot_firmware) by extensions ['colcon_meta']
[1.022s] Level 1:colcon.colcon_core.package_identification:_identify(/home/ductrung/bumperbot_ws/src/bumperbot_firmware) by extension 'colcon_meta'
[1.022s] Level 1:colcon.colcon_core.package_identification:_identify(/home/ductrung/bumperbot_ws/src/bumperbot_firmware) by extensions ['ros']
[1.022s] Level 1:colcon.colcon_core.package_identification:_identify(/home/ductrung/bumperbot_ws/src/bumperbot_firmware) by extension 'ros'
[1.023s] DEBUG:colcon.colcon_core.package_identification:Package '/home/ductrung/bumperbot_ws/src/bumperbot_firmware' with type 'ros.ament_cmake' and name 'bumperbot_firmware'
[1.023s] Level 1:colcon.colcon_core.package_identification:_identify(/home/ductrung/bumperbot_ws/src/bumperbot_localization) by extensions ['ignore', 'ignore_ament_install']
[1.023s] Level 1:colcon.colcon_core.package_identification:_identify(/home/ductrung/bumperbot_ws/src/bumperbot_localization) by extension 'ignore'
[1.023s] Level 1:colcon.colcon_core.package_identification:_identify(/home/ductrung/bumperbot_ws/src/bumperbot_localization) by extension 'ignore_ament_install'
[1.023s] Level 1:colcon.colcon_core.package_identification:_identify(/home/ductrung/bumperbot_ws/src/bumperbot_localization) by extensions ['colcon_pkg']
[1.023s] Level 1:colcon.colcon_core.package_identification:_identify(/home/ductrung/bumperbot_ws/src/bumperbot_localization) by extension 'colcon_pkg'
[1.023s] Level 1:colcon.colcon_core.package_identification:_identify(/home/ductrung/bumperbot_ws/src/bumperbot_localization) by extensions ['colcon_meta']
[1.023s] Level 1:colcon.colcon_core.package_identification:_identify(/home/ductrung/bumperbot_ws/src/bumperbot_localization) by extension 'colcon_meta'
[1.023s] Level 1:colcon.colcon_core.package_identification:_identify(/home/ductrung/bumperbot_ws/src/bumperbot_localization) by extensions ['ros']
[1.023s] Level 1:colcon.colcon_core.package_identification:_identify(/home/ductrung/bumperbot_ws/src/bumperbot_localization) by extension 'ros'
[1.026s] DEBUG:colcon.colcon_core.package_identification:Package '/home/ductrung/bumperbot_ws/src/bumperbot_localization' with type 'ros.ament_cmake' and name 'bumperbot_localization'
[1.027s] Level 1:colcon.colcon_core.package_identification:_identify(/home/ductrung/bumperbot_ws/src/bumperbot_mapping) by extensions ['ignore', 'ignore_ament_install']
[1.028s] Level 1:colcon.colcon_core.package_identification:_identify(/home/ductrung/bumperbot_ws/src/bumperbot_mapping) by extension 'ignore'
[1.028s] Level 1:colcon.colcon_core.package_identification:_identify(/home/ductrung/bumperbot_ws/src/bumperbot_mapping) by extension 'ignore_ament_install'
[1.028s] Level 1:colcon.colcon_core.package_identification:_identify(/home/ductrung/bumperbot_ws/src/bumperbot_mapping) by extensions ['colcon_pkg']
[1.028s] Level 1:colcon.colcon_core.package_identification:_identify(/home/ductrung/bumperbot_ws/src/bumperbot_mapping) by extension 'colcon_pkg'
[1.028s] Level 1:colcon.colcon_core.package_identification:_identify(/home/ductrung/bumperbot_ws/src/bumperbot_mapping) by extensions ['colcon_meta']
[1.028s] Level 1:colcon.colcon_core.package_identification:_identify(/home/ductrung/bumperbot_ws/src/bumperbot_mapping) by extension 'colcon_meta'
[1.029s] Level 1:colcon.colcon_core.package_identification:_identify(/home/ductrung/bumperbot_ws/src/bumperbot_mapping) by extensions ['ros']
[1.029s] Level 1:colcon.colcon_core.package_identification:_identify(/home/ductrung/bumperbot_ws/src/bumperbot_mapping) by extension 'ros'
[1.030s] DEBUG:colcon.colcon_core.package_identification:Package '/home/ductrung/bumperbot_ws/src/bumperbot_mapping' with type 'ros.ament_cmake' and name 'bumperbot_mapping'
[1.032s] Level 1:colcon.colcon_core.package_identification:_identify(/home/ductrung/bumperbot_ws/src/bumperbot_msgs) by extensions ['ignore', 'ignore_ament_install']
[1.032s] Level 1:colcon.colcon_core.package_identification:_identify(/home/ductrung/bumperbot_ws/src/bumperbot_msgs) by extension 'ignore'
[1.032s] Level 1:colcon.colcon_core.package_identification:_identify(/home/ductrung/bumperbot_ws/src/bumperbot_msgs) by extension 'ignore_ament_install'
[1.032s] Level 1:colcon.colcon_core.package_identification:_identify(/home/ductrung/bumperbot_ws/src/bumperbot_msgs) by extensions ['colcon_pkg']
[1.033s] Level 1:colcon.colcon_core.package_identification:_identify(/home/ductrung/bumperbot_ws/src/bumperbot_msgs) by extension 'colcon_pkg'
[1.033s] Level 1:colcon.colcon_core.package_identification:_identify(/home/ductrung/bumperbot_ws/src/bumperbot_msgs) by extensions ['colcon_meta']
[1.033s] Level 1:colcon.colcon_core.package_identification:_identify(/home/ductrung/bumperbot_ws/src/bumperbot_msgs) by extension 'colcon_meta'
[1.033s] Level 1:colcon.colcon_core.package_identification:_identify(/home/ductrung/bumperbot_ws/src/bumperbot_msgs) by extensions ['ros']
[1.033s] Level 1:colcon.colcon_core.package_identification:_identify(/home/ductrung/bumperbot_ws/src/bumperbot_msgs) by extension 'ros'
[1.035s] DEBUG:colcon.colcon_core.package_identification:Package '/home/ductrung/bumperbot_ws/src/bumperbot_msgs' with type 'ros.ament_cmake' and name 'bumperbot_msgs'
[1.036s] Level 1:colcon.colcon_core.package_identification:_identify(/home/ductrung/bumperbot_ws/src/bumperbot_py_examples) by extensions ['ignore', 'ignore_ament_install']
[1.037s] Level 1:colcon.colcon_core.package_identification:_identify(/home/ductrung/bumperbot_ws/src/bumperbot_py_examples) by extension 'ignore'
[1.038s] Level 1:colcon.colcon_core.package_identification:_identify(/home/ductrung/bumperbot_ws/src/bumperbot_py_examples) by extension 'ignore_ament_install'
[1.038s] Level 1:colcon.colcon_core.package_identification:_identify(/home/ductrung/bumperbot_ws/src/bumperbot_py_examples) by extensions ['colcon_pkg']
[1.039s] Level 1:colcon.colcon_core.package_identification:_identify(/home/ductrung/bumperbot_ws/src/bumperbot_py_examples) by extension 'colcon_pkg'
[1.039s] Level 1:colcon.colcon_core.package_identification:_identify(/home/ductrung/bumperbot_ws/src/bumperbot_py_examples) by extensions ['colcon_meta']
[1.039s] Level 1:colcon.colcon_core.package_identification:_identify(/home/ductrung/bumperbot_ws/src/bumperbot_py_examples) by extension 'colcon_meta'
[1.039s] Level 1:colcon.colcon_core.package_identification:_identify(/home/ductrung/bumperbot_ws/src/bumperbot_py_examples) by extensions ['ros']
[1.039s] Level 1:colcon.colcon_core.package_identification:_identify(/home/ductrung/bumperbot_ws/src/bumperbot_py_examples) by extension 'ros'
[1.044s] DEBUG:colcon.colcon_core.package_identification:Package '/home/ductrung/bumperbot_ws/src/bumperbot_py_examples' with type 'ros.ament_python' and name 'bumperbot_py_examples'
[1.045s] Level 1:colcon.colcon_core.package_identification:_identify(/home/ductrung/bumperbot_ws/src/bumperbot_utils) by extensions ['ignore', 'ignore_ament_install']
[1.045s] Level 1:colcon.colcon_core.package_identification:_identify(/home/ductrung/bumperbot_ws/src/bumperbot_utils) by extension 'ignore'
[1.047s] Level 1:colcon.colcon_core.package_identification:_identify(/home/ductrung/bumperbot_ws/src/bumperbot_utils) by extension 'ignore_ament_install'
[1.053s] Level 1:colcon.colcon_core.package_identification:_identify(/home/ductrung/bumperbot_ws/src/bumperbot_utils) by extensions ['colcon_pkg']
[1.053s] Level 1:colcon.colcon_core.package_identification:_identify(/home/ductrung/bumperbot_ws/src/bumperbot_utils) by extension 'colcon_pkg'
[1.053s] Level 1:colcon.colcon_core.package_identification:_identify(/home/ductrung/bumperbot_ws/src/bumperbot_utils) by extensions ['colcon_meta']
[1.053s] Level 1:colcon.colcon_core.package_identification:_identify(/home/ductrung/bumperbot_ws/src/bumperbot_utils) by extension 'colcon_meta'
[1.053s] Level 1:colcon.colcon_core.package_identification:_identify(/home/ductrung/bumperbot_ws/src/bumperbot_utils) by extensions ['ros']
[1.053s] Level 1:colcon.colcon_core.package_identification:_identify(/home/ductrung/bumperbot_ws/src/bumperbot_utils) by extension 'ros'
[1.059s] DEBUG:colcon.colcon_core.package_identification:Package '/home/ductrung/bumperbot_ws/src/bumperbot_utils' with type 'ros.ament_cmake' and name 'bumperbot_utils'
[1.060s] Level 1:colcon.colcon_core.package_identification:_identify(/home/ductrung/bumperbot_ws/src/turtlebot3_navigation) by extensions ['ignore', 'ignore_ament_install']
[1.060s] Level 1:colcon.colcon_core.package_identification:_identify(/home/ductrung/bumperbot_ws/src/turtlebot3_navigation) by extension 'ignore'
[1.060s] Level 1:colcon.colcon_core.package_identification:_identify(/home/ductrung/bumperbot_ws/src/turtlebot3_navigation) by extension 'ignore_ament_install'
[1.061s] Level 1:colcon.colcon_core.package_identification:_identify(/home/ductrung/bumperbot_ws/src/turtlebot3_navigation) by extensions ['colcon_pkg']
[1.061s] Level 1:colcon.colcon_core.package_identification:_identify(/home/ductrung/bumperbot_ws/src/turtlebot3_navigation) by extension 'colcon_pkg'
[1.061s] Level 1:colcon.colcon_core.package_identification:_identify(/home/ductrung/bumperbot_ws/src/turtlebot3_navigation) by extensions ['colcon_meta']
[1.061s] Level 1:colcon.colcon_core.package_identification:_identify(/home/ductrung/bumperbot_ws/src/turtlebot3_navigation) by extension 'colcon_meta'
[1.061s] Level 1:colcon.colcon_core.package_identification:_identify(/home/ductrung/bumperbot_ws/src/turtlebot3_navigation) by extensions ['ros']
[1.069s] Level 1:colcon.colcon_core.package_identification:_identify(/home/ductrung/bumperbot_ws/src/turtlebot3_navigation) by extension 'ros'
[1.070s] DEBUG:colcon.colcon_core.package_identification:Package '/home/ductrung/bumperbot_ws/src/turtlebot3_navigation' with type 'ros.catkin' and name 'turtlebot3_navigation'
[1.070s] Level 1:colcon.colcon_core.package_discovery:discover_packages(recursive) using defaults
