[0.090s] Invoking command in '/home/ductrung/bumperbot_ws/build/bumperbot_firmware': CMAKE_PREFIX_PATH=${CMAKE_PREFIX_PATH}:/opt/ros/humble /usr/bin/cmake --build /home/ductrung/bumperbot_ws/build/bumperbot_firmware -- -j4 -l4
[0.391s] [ 33%] Built target simple_serial_transmitter
[0.416s] [ 66%] Built target simple_serial_receiver
[0.428s] [100%] Built target bumperbot_firmware
[0.465s] [100%] Built target ament_cmake_python_copy_bumperbot_firmware
[0.798s] running egg_info
[0.798s] writing bumperbot_firmware.egg-info/PKG-INFO
[0.798s] writing dependency_links to bumperbot_firmware.egg-info/dependency_links.txt
[0.798s] writing top-level names to bumperbot_firmware.egg-info/top_level.txt
[0.808s] reading manifest file 'bumperbot_firmware.egg-info/SOURCES.txt'
[0.821s] writing manifest file 'bumperbot_firmware.egg-info/SOURCES.txt'
[0.893s] [100%] Built target ament_cmake_python_build_bumperbot_firmware_egg
[0.913s] Invoked command in '/home/ductrung/bumperbot_ws/build/bumperbot_firmware' returned '0': CMAKE_PREFIX_PATH=${CMAKE_PREFIX_PATH}:/opt/ros/humble /usr/bin/cmake --build /home/ductrung/bumperbot_ws/build/bumperbot_firmware -- -j4 -l4
[1.114s] Invoking command in '/home/ductrung/bumperbot_ws/build/bumperbot_firmware': CMAKE_PREFIX_PATH=${CMAKE_PREFIX_PATH}:/opt/ros/humble /usr/bin/cmake --install /home/ductrung/bumperbot_ws/build/bumperbot_firmware
[1.128s] -- Install configuration: ""
[1.128s] -- Up-to-date: /home/ductrung/bumperbot_ws/install/bumperbot_firmware/share/bumperbot_firmware/environment/pythonpath.sh
[1.128s] -- Up-to-date: /home/ductrung/bumperbot_ws/install/bumperbot_firmware/share/bumperbot_firmware/environment/pythonpath.dsv
[1.128s] -- Up-to-date: /home/ductrung/bumperbot_ws/install/bumperbot_firmware/local/lib/python3.10/dist-packages/bumperbot_firmware-0.0.0-py3.10.egg-info
[1.128s] -- Installing: /home/ductrung/bumperbot_ws/install/bumperbot_firmware/local/lib/python3.10/dist-packages/bumperbot_firmware-0.0.0-py3.10.egg-info/dependency_links.txt
[1.128s] -- Installing: /home/ductrung/bumperbot_ws/install/bumperbot_firmware/local/lib/python3.10/dist-packages/bumperbot_firmware-0.0.0-py3.10.egg-info/top_level.txt
[1.129s] -- Installing: /home/ductrung/bumperbot_ws/install/bumperbot_firmware/local/lib/python3.10/dist-packages/bumperbot_firmware-0.0.0-py3.10.egg-info/SOURCES.txt
[1.129s] -- Installing: /home/ductrung/bumperbot_ws/install/bumperbot_firmware/local/lib/python3.10/dist-packages/bumperbot_firmware-0.0.0-py3.10.egg-info/PKG-INFO
[1.129s] -- Up-to-date: /home/ductrung/bumperbot_ws/install/bumperbot_firmware/local/lib/python3.10/dist-packages/bumperbot_firmware
[1.129s] -- Up-to-date: /home/ductrung/bumperbot_ws/install/bumperbot_firmware/local/lib/python3.10/dist-packages/bumperbot_firmware/simple_serial_transmitter.py
[1.129s] -- Up-to-date: /home/ductrung/bumperbot_ws/install/bumperbot_firmware/local/lib/python3.10/dist-packages/bumperbot_firmware/__init__.py
[1.130s] -- Up-to-date: /home/ductrung/bumperbot_ws/install/bumperbot_firmware/local/lib/python3.10/dist-packages/bumperbot_firmware/simple_serial_receiver.py
[1.130s] -- Up-to-date: /home/ductrung/bumperbot_ws/install/bumperbot_firmware/local/lib/python3.10/dist-packages/bumperbot_firmware/mpu6050_driver.py
[1.171s] Listing '/home/ductrung/bumperbot_ws/install/bumperbot_firmware/local/lib/python3.10/dist-packages/bumperbot_firmware'...
[1.173s] -- Up-to-date: /home/ductrung/bumperbot_ws/install/bumperbot_firmware/share/bumperbot_firmware/bumperbot_interface.xml
[1.176s] -- Up-to-date: /home/ductrung/bumperbot_ws/install/bumperbot_firmware/lib/libbumperbot_firmware.so
[1.176s] -- Up-to-date: /home/ductrung/bumperbot_ws/install/bumperbot_firmware/include/include
[1.176s] -- Up-to-date: /home/ductrung/bumperbot_ws/install/bumperbot_firmware/include/include/bumperbot_firmware
[1.176s] -- Up-to-date: /home/ductrung/bumperbot_ws/install/bumperbot_firmware/include/include/bumperbot_firmware/bumperbot_interface.hpp
[1.176s] -- Up-to-date: /home/ductrung/bumperbot_ws/install/bumperbot_firmware/share/bumperbot_firmware/launch
[1.176s] -- Up-to-date: /home/ductrung/bumperbot_ws/install/bumperbot_firmware/share/bumperbot_firmware/launch/hardware_interface.launch.py
[1.179s] -- Up-to-date: /home/ductrung/bumperbot_ws/install/bumperbot_firmware/lib/bumperbot_firmware/simple_serial_transmitter.py
[1.179s] -- Up-to-date: /home/ductrung/bumperbot_ws/install/bumperbot_firmware/lib/bumperbot_firmware/simple_serial_receiver.py
[1.179s] -- Up-to-date: /home/ductrung/bumperbot_ws/install/bumperbot_firmware/lib/bumperbot_firmware/mpu6050_driver.py
[1.181s] -- Up-to-date: /home/ductrung/bumperbot_ws/install/bumperbot_firmware/lib/bumperbot_firmware/simple_serial_receiver
[1.185s] -- Up-to-date: /home/ductrung/bumperbot_ws/install/bumperbot_firmware/lib/bumperbot_firmware/simple_serial_transmitter
[1.185s] -- Up-to-date: /home/ductrung/bumperbot_ws/install/bumperbot_firmware/share/bumperbot_firmware/environment/library_path.sh
[1.185s] -- Up-to-date: /home/ductrung/bumperbot_ws/install/bumperbot_firmware/share/bumperbot_firmware/environment/library_path.dsv
[1.187s] -- Up-to-date: /home/ductrung/bumperbot_ws/install/bumperbot_firmware/share/ament_index/resource_index/package_run_dependencies/bumperbot_firmware
[1.187s] -- Up-to-date: /home/ductrung/bumperbot_ws/install/bumperbot_firmware/share/ament_index/resource_index/parent_prefix_path/bumperbot_firmware
[1.187s] -- Up-to-date: /home/ductrung/bumperbot_ws/install/bumperbot_firmware/share/bumperbot_firmware/environment/ament_prefix_path.sh
[1.187s] -- Up-to-date: /home/ductrung/bumperbot_ws/install/bumperbot_firmware/share/bumperbot_firmware/environment/ament_prefix_path.dsv
[1.187s] -- Up-to-date: /home/ductrung/bumperbot_ws/install/bumperbot_firmware/share/bumperbot_firmware/environment/path.sh
[1.188s] -- Up-to-date: /home/ductrung/bumperbot_ws/install/bumperbot_firmware/share/bumperbot_firmware/environment/path.dsv
[1.188s] -- Up-to-date: /home/ductrung/bumperbot_ws/install/bumperbot_firmware/share/bumperbot_firmware/local_setup.bash
[1.188s] -- Up-to-date: /home/ductrung/bumperbot_ws/install/bumperbot_firmware/share/bumperbot_firmware/local_setup.sh
[1.188s] -- Up-to-date: /home/ductrung/bumperbot_ws/install/bumperbot_firmware/share/bumperbot_firmware/local_setup.zsh
[1.188s] -- Up-to-date: /home/ductrung/bumperbot_ws/install/bumperbot_firmware/share/bumperbot_firmware/local_setup.dsv
[1.188s] -- Installing: /home/ductrung/bumperbot_ws/install/bumperbot_firmware/share/bumperbot_firmware/package.dsv
[1.190s] -- Up-to-date: /home/ductrung/bumperbot_ws/install/bumperbot_firmware/share/ament_index/resource_index/packages/bumperbot_firmware
[1.193s] -- Up-to-date: /home/ductrung/bumperbot_ws/install/bumperbot_firmware/share/ament_index/resource_index/hardware_interface__pluginlib__plugin/bumperbot_firmware
[1.194s] -- Up-to-date: /home/ductrung/bumperbot_ws/install/bumperbot_firmware/share/bumperbot_firmware/cmake/ament_cmake_export_include_directories-extras.cmake
[1.194s] -- Up-to-date: /home/ductrung/bumperbot_ws/install/bumperbot_firmware/share/bumperbot_firmware/cmake/ament_cmake_export_libraries-extras.cmake
[1.194s] -- Up-to-date: /home/ductrung/bumperbot_ws/install/bumperbot_firmware/share/bumperbot_firmware/cmake/ament_cmake_export_dependencies-extras.cmake
[1.194s] -- Up-to-date: /home/ductrung/bumperbot_ws/install/bumperbot_firmware/share/bumperbot_firmware/cmake/bumperbot_firmwareConfig.cmake
[1.194s] -- Up-to-date: /home/ductrung/bumperbot_ws/install/bumperbot_firmware/share/bumperbot_firmware/cmake/bumperbot_firmwareConfig-version.cmake
[1.194s] -- Up-to-date: /home/ductrung/bumperbot_ws/install/bumperbot_firmware/share/bumperbot_firmware/package.xml
[1.206s] Invoked command in '/home/ductrung/bumperbot_ws/build/bumperbot_firmware' returned '0': CMAKE_PREFIX_PATH=${CMAKE_PREFIX_PATH}:/opt/ros/humble /usr/bin/cmake --install /home/ductrung/bumperbot_ws/build/bumperbot_firmware
