[0.029s] Invoking command in '/home/ductrung/bumperbot_ws/build/bumperbot_navigation': /usr/bin/cmake --build /home/ductrung/bumperbot_ws/build/bumperbot_navigation -- -j4 -l4
[0.102s] -- Found ament_cmake: 1.3.10 (/opt/ros/humble/share/ament_cmake/cmake)
[0.471s] -- Found rclcpp: 16.0.10 (/opt/ros/humble/share/rclcpp/cmake)
[0.534s] -- Found rosidl_generator_c: 3.1.5 (/opt/ros/humble/share/rosidl_generator_c/cmake)
[0.538s] -- Found rosidl_adapter: 3.1.5 (/opt/ros/humble/share/rosidl_adapter/cmake)
[0.538s] -- Found rosidl_generator_cpp: 3.1.5 (/opt/ros/humble/share/rosidl_generator_cpp/cmake)
[0.554s] -- Using all available rosidl_typesupport_c: rosidl_typesupport_fastrtps_c;rosidl_typesupport_introspection_c
[0.591s] -- Using all available rosidl_typesupport_cpp: rosidl_typesupport_fastrtps_cpp;rosidl_typesupport_introspection_cpp
[0.660s] -- Found rmw_implementation_cmake: 6.1.2 (/opt/ros/humble/share/rmw_implementation_cmake/cmake)
[0.660s] -- Found rmw_fastrtps_cpp: 6.2.7 (/opt/ros/humble/share/rmw_fastrtps_cpp/cmake)
[0.893s] -- Using RMW implementation 'rmw_fastrtps_cpp' as default
[0.977s] -- Found nav2_costmap_2d: 1.1.16 (/opt/ros/humble/share/nav2_costmap_2d/cmake)
[1.426s] -- Ensuring Eigen3 include directory is part of orocos-kdl CMake target
[1.647s] [31mCMake Error at CMakeLists.txt:9 (find_package):
[1.647s]   By not providing "Findlaunch_ros.cmake" in CMAKE_MODULE_PATH this project
[1.647s]   has asked CMake to find a package configuration file provided by
[1.647s]   "launch_ros", but CMake did not find one.
[1.647s] 
[1.647s]   Could not find a package configuration file provided by "launch_ros" with
[1.647s]   any of the following names:
[1.647s] 
[1.647s]     launch_rosConfig.cmake
[1.647s]     launch_ros-config.cmake
[1.647s] 
[1.650s]   Add the installation prefix of "launch_ros" to CMAKE_PREFIX_PATH or set
[1.650s]   "launch_ros_DIR" to a directory containing one of the above files.  If
[1.650s]   "launch_ros" provides a separate development package or SDK, be sure it has
[1.650s]   been installed.
[1.651s] 
[1.651s] [0m
[1.652s] -- Configuring incomplete, errors occurred!
[1.652s] See also "/home/ductrung/bumperbot_ws/build/bumperbot_navigation/CMakeFiles/CMakeOutput.log".
[1.672s] gmake: *** [Makefile:138: cmake_check_build_system] Error 1
[1.677s] Invoked command in '/home/ductrung/bumperbot_ws/build/bumperbot_navigation' returned '2': /usr/bin/cmake --build /home/ductrung/bumperbot_ws/build/bumperbot_navigation -- -j4 -l4
