[0.111s] DEBUG:colcon:Command line arguments: ['/usr/bin/colcon', 'build']
[0.111s] DEBUG:colcon:Parsed command line arguments: Namespace(log_base=None, log_level=None, verb_name='build', build_base='build', install_base='install', merge_install=False, symlink_install=False, test_result_base=None, continue_on_error=False, executor='parallel', parallel_workers=4, event_handlers=None, ignore_user_meta=False, metas=['./colcon.meta'], base_paths=['.'], packages_ignore=None, packages_ignore_regex=None, paths=None, packages_up_to=None, packages_up_to_regex=None, packages_above=None, packages_above_and_dependencies=None, packages_above_depth=None, packages_select_by_dep=None, packages_skip_by_dep=None, packages_skip_up_to=None, packages_select_build_failed=False, packages_skip_build_finished=False, packages_select_test_failures=False, packages_skip_test_passed=False, packages_select=None, packages_skip=None, packages_select_regex=None, packages_skip_regex=None, packages_start=None, packages_end=None, allow_overriding=[], cmake_args=None, cmake_target=None, cmake_target_skip_unavailable=False, cmake_clean_cache=False, cmake_clean_first=False, cmake_force_configure=False, ament_cmake_args=None, catkin_cmake_args=None, catkin_skip_building_tests=False, mixin_files=None, mixin=None, verb_parser=<colcon_mixin.mixin.mixin_argument.MixinArgumentDecorator object at 0x70dd56452f20>, verb_extension=<colcon_core.verb.build.BuildVerb object at 0x70dd56452a40>, main=<bound method BuildVerb.main of <colcon_core.verb.build.BuildVerb object at 0x70dd56452a40>>, mixin_verb=('build',))
[0.266s] Level 1:colcon.colcon_core.package_discovery:discover_packages(colcon_meta) check parameters
[0.266s] Level 1:colcon.colcon_core.package_discovery:discover_packages(recursive) check parameters
[0.266s] Level 1:colcon.colcon_core.package_discovery:discover_packages(ignore) check parameters
[0.266s] Level 1:colcon.colcon_core.package_discovery:discover_packages(path) check parameters
[0.266s] Level 1:colcon.colcon_core.package_discovery:discover_packages(colcon_meta) discover
[0.266s] Level 1:colcon.colcon_core.package_discovery:discover_packages(recursive) discover
[0.266s] INFO:colcon.colcon_core.package_discovery:Crawling recursively for packages in '/home/ductrung/bumperbot_ws'
[0.267s] Level 1:colcon.colcon_core.package_identification:_identify(.) by extensions ['ignore', 'ignore_ament_install']
[0.267s] Level 1:colcon.colcon_core.package_identification:_identify(.) by extension 'ignore'
[0.267s] Level 1:colcon.colcon_core.package_identification:_identify(.) by extension 'ignore_ament_install'
[0.267s] Level 1:colcon.colcon_core.package_identification:_identify(.) by extensions ['colcon_pkg']
[0.267s] Level 1:colcon.colcon_core.package_identification:_identify(.) by extension 'colcon_pkg'
[0.267s] Level 1:colcon.colcon_core.package_identification:_identify(.) by extensions ['colcon_meta']
[0.267s] Level 1:colcon.colcon_core.package_identification:_identify(.) by extension 'colcon_meta'
[0.267s] Level 1:colcon.colcon_core.package_identification:_identify(.) by extensions ['ros']
[0.267s] Level 1:colcon.colcon_core.package_identification:_identify(.) by extension 'ros'
[0.278s] Level 1:colcon.colcon_core.package_identification:_identify(.) by extensions ['cmake', 'python']
[0.278s] Level 1:colcon.colcon_core.package_identification:_identify(.) by extension 'cmake'
[0.278s] Level 1:colcon.colcon_core.package_identification:_identify(.) by extension 'python'
[0.278s] Level 1:colcon.colcon_core.package_identification:_identify(.) by extensions ['python_setup_py']
[0.278s] Level 1:colcon.colcon_core.package_identification:_identify(.) by extension 'python_setup_py'
[0.279s] Level 1:colcon.colcon_core.package_identification:_identify(build) by extensions ['ignore', 'ignore_ament_install']
[0.279s] Level 1:colcon.colcon_core.package_identification:_identify(build) by extension 'ignore'
[0.279s] Level 1:colcon.colcon_core.package_identification:_identify(build) ignored
[0.279s] Level 1:colcon.colcon_core.package_identification:_identify(install) by extensions ['ignore', 'ignore_ament_install']
[0.279s] Level 1:colcon.colcon_core.package_identification:_identify(install) by extension 'ignore'
[0.279s] Level 1:colcon.colcon_core.package_identification:_identify(install) ignored
[0.279s] Level 1:colcon.colcon_core.package_identification:_identify(log) by extensions ['ignore', 'ignore_ament_install']
[0.279s] Level 1:colcon.colcon_core.package_identification:_identify(log) by extension 'ignore'
[0.279s] Level 1:colcon.colcon_core.package_identification:_identify(log) ignored
[0.279s] Level 1:colcon.colcon_core.package_identification:_identify(src) by extensions ['ignore', 'ignore_ament_install']
[0.280s] Level 1:colcon.colcon_core.package_identification:_identify(src) by extension 'ignore'
[0.280s] Level 1:colcon.colcon_core.package_identification:_identify(src) by extension 'ignore_ament_install'
[0.280s] Level 1:colcon.colcon_core.package_identification:_identify(src) by extensions ['colcon_pkg']
[0.280s] Level 1:colcon.colcon_core.package_identification:_identify(src) by extension 'colcon_pkg'
[0.280s] Level 1:colcon.colcon_core.package_identification:_identify(src) by extensions ['colcon_meta']
[0.280s] Level 1:colcon.colcon_core.package_identification:_identify(src) by extension 'colcon_meta'
[0.280s] Level 1:colcon.colcon_core.package_identification:_identify(src) by extensions ['ros']
[0.280s] Level 1:colcon.colcon_core.package_identification:_identify(src) by extension 'ros'
[0.280s] Level 1:colcon.colcon_core.package_identification:_identify(src) by extensions ['cmake', 'python']
[0.280s] Level 1:colcon.colcon_core.package_identification:_identify(src) by extension 'cmake'
[0.280s] Level 1:colcon.colcon_core.package_identification:_identify(src) by extension 'python'
[0.280s] Level 1:colcon.colcon_core.package_identification:_identify(src) by extensions ['python_setup_py']
[0.280s] Level 1:colcon.colcon_core.package_identification:_identify(src) by extension 'python_setup_py'
[0.280s] Level 1:colcon.colcon_core.package_identification:_identify(src/bumperbot_bringup) by extensions ['ignore', 'ignore_ament_install']
[0.281s] Level 1:colcon.colcon_core.package_identification:_identify(src/bumperbot_bringup) by extension 'ignore'
[0.281s] Level 1:colcon.colcon_core.package_identification:_identify(src/bumperbot_bringup) by extension 'ignore_ament_install'
[0.281s] Level 1:colcon.colcon_core.package_identification:_identify(src/bumperbot_bringup) by extensions ['colcon_pkg']
[0.281s] Level 1:colcon.colcon_core.package_identification:_identify(src/bumperbot_bringup) by extension 'colcon_pkg'
[0.281s] Level 1:colcon.colcon_core.package_identification:_identify(src/bumperbot_bringup) by extensions ['colcon_meta']
[0.281s] Level 1:colcon.colcon_core.package_identification:_identify(src/bumperbot_bringup) by extension 'colcon_meta'
[0.281s] Level 1:colcon.colcon_core.package_identification:_identify(src/bumperbot_bringup) by extensions ['ros']
[0.281s] Level 1:colcon.colcon_core.package_identification:_identify(src/bumperbot_bringup) by extension 'ros'
[0.283s] DEBUG:colcon.colcon_core.package_identification:Package 'src/bumperbot_bringup' with type 'ros.ament_cmake' and name 'bumperbot_bringup'
[0.283s] Level 1:colcon.colcon_core.package_identification:_identify(src/bumperbot_controller) by extensions ['ignore', 'ignore_ament_install']
[0.283s] Level 1:colcon.colcon_core.package_identification:_identify(src/bumperbot_controller) by extension 'ignore'
[0.284s] Level 1:colcon.colcon_core.package_identification:_identify(src/bumperbot_controller) by extension 'ignore_ament_install'
[0.284s] Level 1:colcon.colcon_core.package_identification:_identify(src/bumperbot_controller) by extensions ['colcon_pkg']
[0.284s] Level 1:colcon.colcon_core.package_identification:_identify(src/bumperbot_controller) by extension 'colcon_pkg'
[0.284s] Level 1:colcon.colcon_core.package_identification:_identify(src/bumperbot_controller) by extensions ['colcon_meta']
[0.284s] Level 1:colcon.colcon_core.package_identification:_identify(src/bumperbot_controller) by extension 'colcon_meta'
[0.284s] Level 1:colcon.colcon_core.package_identification:_identify(src/bumperbot_controller) by extensions ['ros']
[0.284s] Level 1:colcon.colcon_core.package_identification:_identify(src/bumperbot_controller) by extension 'ros'
[0.287s] DEBUG:colcon.colcon_core.package_identification:Package 'src/bumperbot_controller' with type 'ros.ament_cmake' and name 'bumperbot_controller'
[0.287s] Level 1:colcon.colcon_core.package_identification:_identify(src/bumperbot_cpp_examples) by extensions ['ignore', 'ignore_ament_install']
[0.287s] Level 1:colcon.colcon_core.package_identification:_identify(src/bumperbot_cpp_examples) by extension 'ignore'
[0.287s] Level 1:colcon.colcon_core.package_identification:_identify(src/bumperbot_cpp_examples) by extension 'ignore_ament_install'
[0.287s] Level 1:colcon.colcon_core.package_identification:_identify(src/bumperbot_cpp_examples) by extensions ['colcon_pkg']
[0.287s] Level 1:colcon.colcon_core.package_identification:_identify(src/bumperbot_cpp_examples) by extension 'colcon_pkg'
[0.288s] Level 1:colcon.colcon_core.package_identification:_identify(src/bumperbot_cpp_examples) by extensions ['colcon_meta']
[0.288s] Level 1:colcon.colcon_core.package_identification:_identify(src/bumperbot_cpp_examples) by extension 'colcon_meta'
[0.288s] Level 1:colcon.colcon_core.package_identification:_identify(src/bumperbot_cpp_examples) by extensions ['ros']
[0.288s] Level 1:colcon.colcon_core.package_identification:_identify(src/bumperbot_cpp_examples) by extension 'ros'
[0.289s] DEBUG:colcon.colcon_core.package_identification:Package 'src/bumperbot_cpp_examples' with type 'ros.ament_cmake' and name 'bumperbot_cpp_examples'
[0.289s] Level 1:colcon.colcon_core.package_identification:_identify(src/bumperbot_description) by extensions ['ignore', 'ignore_ament_install']
[0.289s] Level 1:colcon.colcon_core.package_identification:_identify(src/bumperbot_description) by extension 'ignore'
[0.289s] Level 1:colcon.colcon_core.package_identification:_identify(src/bumperbot_description) by extension 'ignore_ament_install'
[0.289s] Level 1:colcon.colcon_core.package_identification:_identify(src/bumperbot_description) by extensions ['colcon_pkg']
[0.289s] Level 1:colcon.colcon_core.package_identification:_identify(src/bumperbot_description) by extension 'colcon_pkg'
[0.289s] Level 1:colcon.colcon_core.package_identification:_identify(src/bumperbot_description) by extensions ['colcon_meta']
[0.289s] Level 1:colcon.colcon_core.package_identification:_identify(src/bumperbot_description) by extension 'colcon_meta'
[0.289s] Level 1:colcon.colcon_core.package_identification:_identify(src/bumperbot_description) by extensions ['ros']
[0.289s] Level 1:colcon.colcon_core.package_identification:_identify(src/bumperbot_description) by extension 'ros'
[0.290s] DEBUG:colcon.colcon_core.package_identification:Package 'src/bumperbot_description' with type 'ros.ament_cmake' and name 'bumperbot_description'
[0.290s] Level 1:colcon.colcon_core.package_identification:_identify(src/bumperbot_firmware) by extensions ['ignore', 'ignore_ament_install']
[0.290s] Level 1:colcon.colcon_core.package_identification:_identify(src/bumperbot_firmware) by extension 'ignore'
[0.290s] Level 1:colcon.colcon_core.package_identification:_identify(src/bumperbot_firmware) by extension 'ignore_ament_install'
[0.290s] Level 1:colcon.colcon_core.package_identification:_identify(src/bumperbot_firmware) by extensions ['colcon_pkg']
[0.290s] Level 1:colcon.colcon_core.package_identification:_identify(src/bumperbot_firmware) by extension 'colcon_pkg'
[0.290s] Level 1:colcon.colcon_core.package_identification:_identify(src/bumperbot_firmware) by extensions ['colcon_meta']
[0.290s] Level 1:colcon.colcon_core.package_identification:_identify(src/bumperbot_firmware) by extension 'colcon_meta'
[0.290s] Level 1:colcon.colcon_core.package_identification:_identify(src/bumperbot_firmware) by extensions ['ros']
[0.290s] Level 1:colcon.colcon_core.package_identification:_identify(src/bumperbot_firmware) by extension 'ros'
[0.291s] DEBUG:colcon.colcon_core.package_identification:Package 'src/bumperbot_firmware' with type 'ros.ament_cmake' and name 'bumperbot_firmware'
[0.291s] Level 1:colcon.colcon_core.package_identification:_identify(src/bumperbot_localization) by extensions ['ignore', 'ignore_ament_install']
[0.291s] Level 1:colcon.colcon_core.package_identification:_identify(src/bumperbot_localization) by extension 'ignore'
[0.291s] Level 1:colcon.colcon_core.package_identification:_identify(src/bumperbot_localization) by extension 'ignore_ament_install'
[0.292s] Level 1:colcon.colcon_core.package_identification:_identify(src/bumperbot_localization) by extensions ['colcon_pkg']
[0.292s] Level 1:colcon.colcon_core.package_identification:_identify(src/bumperbot_localization) by extension 'colcon_pkg'
[0.292s] Level 1:colcon.colcon_core.package_identification:_identify(src/bumperbot_localization) by extensions ['colcon_meta']
[0.292s] Level 1:colcon.colcon_core.package_identification:_identify(src/bumperbot_localization) by extension 'colcon_meta'
[0.292s] Level 1:colcon.colcon_core.package_identification:_identify(src/bumperbot_localization) by extensions ['ros']
[0.292s] Level 1:colcon.colcon_core.package_identification:_identify(src/bumperbot_localization) by extension 'ros'
[0.293s] DEBUG:colcon.colcon_core.package_identification:Package 'src/bumperbot_localization' with type 'ros.ament_cmake' and name 'bumperbot_localization'
[0.293s] Level 1:colcon.colcon_core.package_identification:_identify(src/bumperbot_mapping) by extensions ['ignore', 'ignore_ament_install']
[0.293s] Level 1:colcon.colcon_core.package_identification:_identify(src/bumperbot_mapping) by extension 'ignore'
[0.293s] Level 1:colcon.colcon_core.package_identification:_identify(src/bumperbot_mapping) by extension 'ignore_ament_install'
[0.293s] Level 1:colcon.colcon_core.package_identification:_identify(src/bumperbot_mapping) by extensions ['colcon_pkg']
[0.293s] Level 1:colcon.colcon_core.package_identification:_identify(src/bumperbot_mapping) by extension 'colcon_pkg'
[0.293s] Level 1:colcon.colcon_core.package_identification:_identify(src/bumperbot_mapping) by extensions ['colcon_meta']
[0.293s] Level 1:colcon.colcon_core.package_identification:_identify(src/bumperbot_mapping) by extension 'colcon_meta'
[0.293s] Level 1:colcon.colcon_core.package_identification:_identify(src/bumperbot_mapping) by extensions ['ros']
[0.293s] Level 1:colcon.colcon_core.package_identification:_identify(src/bumperbot_mapping) by extension 'ros'
[0.294s] DEBUG:colcon.colcon_core.package_identification:Package 'src/bumperbot_mapping' with type 'ros.ament_cmake' and name 'bumperbot_mapping'
[0.294s] Level 1:colcon.colcon_core.package_identification:_identify(src/bumperbot_msgs) by extensions ['ignore', 'ignore_ament_install']
[0.294s] Level 1:colcon.colcon_core.package_identification:_identify(src/bumperbot_msgs) by extension 'ignore'
[0.294s] Level 1:colcon.colcon_core.package_identification:_identify(src/bumperbot_msgs) by extension 'ignore_ament_install'
[0.294s] Level 1:colcon.colcon_core.package_identification:_identify(src/bumperbot_msgs) by extensions ['colcon_pkg']
[0.294s] Level 1:colcon.colcon_core.package_identification:_identify(src/bumperbot_msgs) by extension 'colcon_pkg'
[0.294s] Level 1:colcon.colcon_core.package_identification:_identify(src/bumperbot_msgs) by extensions ['colcon_meta']
[0.294s] Level 1:colcon.colcon_core.package_identification:_identify(src/bumperbot_msgs) by extension 'colcon_meta'
[0.294s] Level 1:colcon.colcon_core.package_identification:_identify(src/bumperbot_msgs) by extensions ['ros']
[0.294s] Level 1:colcon.colcon_core.package_identification:_identify(src/bumperbot_msgs) by extension 'ros'
[0.295s] DEBUG:colcon.colcon_core.package_identification:Package 'src/bumperbot_msgs' with type 'ros.ament_cmake' and name 'bumperbot_msgs'
[0.295s] Level 1:colcon.colcon_core.package_identification:_identify(src/bumperbot_navigation) by extensions ['ignore', 'ignore_ament_install']
[0.295s] Level 1:colcon.colcon_core.package_identification:_identify(src/bumperbot_navigation) by extension 'ignore'
[0.295s] Level 1:colcon.colcon_core.package_identification:_identify(src/bumperbot_navigation) by extension 'ignore_ament_install'
[0.295s] Level 1:colcon.colcon_core.package_identification:_identify(src/bumperbot_navigation) by extensions ['colcon_pkg']
[0.295s] Level 1:colcon.colcon_core.package_identification:_identify(src/bumperbot_navigation) by extension 'colcon_pkg'
[0.295s] Level 1:colcon.colcon_core.package_identification:_identify(src/bumperbot_navigation) by extensions ['colcon_meta']
[0.295s] Level 1:colcon.colcon_core.package_identification:_identify(src/bumperbot_navigation) by extension 'colcon_meta'
[0.295s] Level 1:colcon.colcon_core.package_identification:_identify(src/bumperbot_navigation) by extensions ['ros']
[0.295s] Level 1:colcon.colcon_core.package_identification:_identify(src/bumperbot_navigation) by extension 'ros'
[0.296s] DEBUG:colcon.colcon_core.package_identification:Failed to parse potential ROS package manifest in'src/bumperbot_navigation': Error(s) in package 'src/bumperbot_navigation/package.xml':
The manifest contains invalid XML:
no element found: line 29, column 0
[0.296s] Level 1:colcon.colcon_core.package_identification:_identify(src/bumperbot_navigation) by extensions ['cmake', 'python']
[0.296s] Level 1:colcon.colcon_core.package_identification:_identify(src/bumperbot_navigation) by extension 'cmake'
[0.297s] Level 1:colcon.colcon_core.package_identification:_identify(src/bumperbot_navigation) by extension 'python'
[0.297s] DEBUG:colcon.colcon_core.package_identification:Package 'src/bumperbot_navigation' with type 'cmake' and name 'bumperbot_navigation'
[0.297s] Level 1:colcon.colcon_core.package_identification:_identify(src/bumperbot_py_examples) by extensions ['ignore', 'ignore_ament_install']
[0.297s] Level 1:colcon.colcon_core.package_identification:_identify(src/bumperbot_py_examples) by extension 'ignore'
[0.297s] Level 1:colcon.colcon_core.package_identification:_identify(src/bumperbot_py_examples) by extension 'ignore_ament_install'
[0.297s] Level 1:colcon.colcon_core.package_identification:_identify(src/bumperbot_py_examples) by extensions ['colcon_pkg']
[0.297s] Level 1:colcon.colcon_core.package_identification:_identify(src/bumperbot_py_examples) by extension 'colcon_pkg'
[0.297s] Level 1:colcon.colcon_core.package_identification:_identify(src/bumperbot_py_examples) by extensions ['colcon_meta']
[0.297s] Level 1:colcon.colcon_core.package_identification:_identify(src/bumperbot_py_examples) by extension 'colcon_meta'
[0.297s] Level 1:colcon.colcon_core.package_identification:_identify(src/bumperbot_py_examples) by extensions ['ros']
[0.297s] Level 1:colcon.colcon_core.package_identification:_identify(src/bumperbot_py_examples) by extension 'ros'
[0.298s] DEBUG:colcon.colcon_core.package_identification:Package 'src/bumperbot_py_examples' with type 'ros.ament_python' and name 'bumperbot_py_examples'
[0.298s] Level 1:colcon.colcon_core.package_identification:_identify(src/bumperbot_utils) by extensions ['ignore', 'ignore_ament_install']
[0.298s] Level 1:colcon.colcon_core.package_identification:_identify(src/bumperbot_utils) by extension 'ignore'
[0.299s] Level 1:colcon.colcon_core.package_identification:_identify(src/bumperbot_utils) by extension 'ignore_ament_install'
[0.299s] Level 1:colcon.colcon_core.package_identification:_identify(src/bumperbot_utils) by extensions ['colcon_pkg']
[0.299s] Level 1:colcon.colcon_core.package_identification:_identify(src/bumperbot_utils) by extension 'colcon_pkg'
[0.299s] Level 1:colcon.colcon_core.package_identification:_identify(src/bumperbot_utils) by extensions ['colcon_meta']
[0.299s] Level 1:colcon.colcon_core.package_identification:_identify(src/bumperbot_utils) by extension 'colcon_meta'
[0.299s] Level 1:colcon.colcon_core.package_identification:_identify(src/bumperbot_utils) by extensions ['ros']
[0.299s] Level 1:colcon.colcon_core.package_identification:_identify(src/bumperbot_utils) by extension 'ros'
[0.300s] DEBUG:colcon.colcon_core.package_identification:Package 'src/bumperbot_utils' with type 'ros.ament_cmake' and name 'bumperbot_utils'
[0.300s] Level 1:colcon.colcon_core.package_discovery:discover_packages(recursive) using defaults
[0.300s] Level 1:colcon.colcon_core.package_discovery:discover_packages(ignore) discover
[0.300s] Level 1:colcon.colcon_core.package_discovery:discover_packages(ignore) using defaults
[0.300s] Level 1:colcon.colcon_core.package_discovery:discover_packages(path) discover
[0.300s] Level 1:colcon.colcon_core.package_discovery:discover_packages(path) using defaults
[0.332s] Level 1:colcon.colcon_core.package_discovery:discover_packages(prefix_path) check parameters
[0.333s] Level 1:colcon.colcon_core.package_discovery:discover_packages(prefix_path) discover
[0.334s] DEBUG:colcon.colcon_installed_package_information.package_discovery:Found 2 installed packages in /home/ductrung/ros2_ws/install
[0.336s] DEBUG:colcon.colcon_installed_package_information.package_discovery:Found 419 installed packages in /opt/ros/humble
[0.338s] Level 1:colcon.colcon_core.package_discovery:discover_packages(prefix_path) using defaults
[0.382s] Level 5:colcon.colcon_core.verb:set package 'bumperbot_controller' build argument 'cmake_args' from command line to 'None'
[0.382s] Level 5:colcon.colcon_core.verb:set package 'bumperbot_controller' build argument 'cmake_target' from command line to 'None'
[0.382s] Level 5:colcon.colcon_core.verb:set package 'bumperbot_controller' build argument 'cmake_target_skip_unavailable' from command line to 'False'
[0.382s] Level 5:colcon.colcon_core.verb:set package 'bumperbot_controller' build argument 'cmake_clean_cache' from command line to 'False'
[0.382s] Level 5:colcon.colcon_core.verb:set package 'bumperbot_controller' build argument 'cmake_clean_first' from command line to 'False'
[0.382s] Level 5:colcon.colcon_core.verb:set package 'bumperbot_controller' build argument 'cmake_force_configure' from command line to 'False'
[0.382s] Level 5:colcon.colcon_core.verb:set package 'bumperbot_controller' build argument 'ament_cmake_args' from command line to 'None'
[0.382s] Level 5:colcon.colcon_core.verb:set package 'bumperbot_controller' build argument 'catkin_cmake_args' from command line to 'None'
[0.382s] Level 5:colcon.colcon_core.verb:set package 'bumperbot_controller' build argument 'catkin_skip_building_tests' from command line to 'False'
[0.382s] DEBUG:colcon.colcon_core.verb:Building package 'bumperbot_controller' with the following arguments: {'ament_cmake_args': None, 'build_base': '/home/ductrung/bumperbot_ws/build/bumperbot_controller', 'catkin_cmake_args': None, 'catkin_skip_building_tests': False, 'cmake_args': None, 'cmake_clean_cache': False, 'cmake_clean_first': False, 'cmake_force_configure': False, 'cmake_target': None, 'cmake_target_skip_unavailable': False, 'install_base': '/home/ductrung/bumperbot_ws/install/bumperbot_controller', 'merge_install': False, 'path': '/home/ductrung/bumperbot_ws/src/bumperbot_controller', 'symlink_install': False, 'test_result_base': None}
[0.383s] Level 5:colcon.colcon_core.verb:set package 'bumperbot_description' build argument 'cmake_args' from command line to 'None'
[0.383s] Level 5:colcon.colcon_core.verb:set package 'bumperbot_description' build argument 'cmake_target' from command line to 'None'
[0.383s] Level 5:colcon.colcon_core.verb:set package 'bumperbot_description' build argument 'cmake_target_skip_unavailable' from command line to 'False'
[0.383s] Level 5:colcon.colcon_core.verb:set package 'bumperbot_description' build argument 'cmake_clean_cache' from command line to 'False'
[0.383s] Level 5:colcon.colcon_core.verb:set package 'bumperbot_description' build argument 'cmake_clean_first' from command line to 'False'
[0.383s] Level 5:colcon.colcon_core.verb:set package 'bumperbot_description' build argument 'cmake_force_configure' from command line to 'False'
[0.383s] Level 5:colcon.colcon_core.verb:set package 'bumperbot_description' build argument 'ament_cmake_args' from command line to 'None'
[0.383s] Level 5:colcon.colcon_core.verb:set package 'bumperbot_description' build argument 'catkin_cmake_args' from command line to 'None'
[0.383s] Level 5:colcon.colcon_core.verb:set package 'bumperbot_description' build argument 'catkin_skip_building_tests' from command line to 'False'
[0.383s] DEBUG:colcon.colcon_core.verb:Building package 'bumperbot_description' with the following arguments: {'ament_cmake_args': None, 'build_base': '/home/ductrung/bumperbot_ws/build/bumperbot_description', 'catkin_cmake_args': None, 'catkin_skip_building_tests': False, 'cmake_args': None, 'cmake_clean_cache': False, 'cmake_clean_first': False, 'cmake_force_configure': False, 'cmake_target': None, 'cmake_target_skip_unavailable': False, 'install_base': '/home/ductrung/bumperbot_ws/install/bumperbot_description', 'merge_install': False, 'path': '/home/ductrung/bumperbot_ws/src/bumperbot_description', 'symlink_install': False, 'test_result_base': None}
[0.383s] Level 5:colcon.colcon_core.verb:set package 'bumperbot_firmware' build argument 'cmake_args' from command line to 'None'
[0.383s] Level 5:colcon.colcon_core.verb:set package 'bumperbot_firmware' build argument 'cmake_target' from command line to 'None'
[0.383s] Level 5:colcon.colcon_core.verb:set package 'bumperbot_firmware' build argument 'cmake_target_skip_unavailable' from command line to 'False'
[0.383s] Level 5:colcon.colcon_core.verb:set package 'bumperbot_firmware' build argument 'cmake_clean_cache' from command line to 'False'
[0.383s] Level 5:colcon.colcon_core.verb:set package 'bumperbot_firmware' build argument 'cmake_clean_first' from command line to 'False'
[0.383s] Level 5:colcon.colcon_core.verb:set package 'bumperbot_firmware' build argument 'cmake_force_configure' from command line to 'False'
[0.383s] Level 5:colcon.colcon_core.verb:set package 'bumperbot_firmware' build argument 'ament_cmake_args' from command line to 'None'
[0.383s] Level 5:colcon.colcon_core.verb:set package 'bumperbot_firmware' build argument 'catkin_cmake_args' from command line to 'None'
[0.383s] Level 5:colcon.colcon_core.verb:set package 'bumperbot_firmware' build argument 'catkin_skip_building_tests' from command line to 'False'
[0.383s] DEBUG:colcon.colcon_core.verb:Building package 'bumperbot_firmware' with the following arguments: {'ament_cmake_args': None, 'build_base': '/home/ductrung/bumperbot_ws/build/bumperbot_firmware', 'catkin_cmake_args': None, 'catkin_skip_building_tests': False, 'cmake_args': None, 'cmake_clean_cache': False, 'cmake_clean_first': False, 'cmake_force_configure': False, 'cmake_target': None, 'cmake_target_skip_unavailable': False, 'install_base': '/home/ductrung/bumperbot_ws/install/bumperbot_firmware', 'merge_install': False, 'path': '/home/ductrung/bumperbot_ws/src/bumperbot_firmware', 'symlink_install': False, 'test_result_base': None}
[0.384s] Level 5:colcon.colcon_core.verb:set package 'bumperbot_localization' build argument 'cmake_args' from command line to 'None'
[0.384s] Level 5:colcon.colcon_core.verb:set package 'bumperbot_localization' build argument 'cmake_target' from command line to 'None'
[0.384s] Level 5:colcon.colcon_core.verb:set package 'bumperbot_localization' build argument 'cmake_target_skip_unavailable' from command line to 'False'
[0.384s] Level 5:colcon.colcon_core.verb:set package 'bumperbot_localization' build argument 'cmake_clean_cache' from command line to 'False'
[0.384s] Level 5:colcon.colcon_core.verb:set package 'bumperbot_localization' build argument 'cmake_clean_first' from command line to 'False'
[0.384s] Level 5:colcon.colcon_core.verb:set package 'bumperbot_localization' build argument 'cmake_force_configure' from command line to 'False'
[0.384s] Level 5:colcon.colcon_core.verb:set package 'bumperbot_localization' build argument 'ament_cmake_args' from command line to 'None'
[0.384s] Level 5:colcon.colcon_core.verb:set package 'bumperbot_localization' build argument 'catkin_cmake_args' from command line to 'None'
[0.384s] Level 5:colcon.colcon_core.verb:set package 'bumperbot_localization' build argument 'catkin_skip_building_tests' from command line to 'False'
[0.384s] DEBUG:colcon.colcon_core.verb:Building package 'bumperbot_localization' with the following arguments: {'ament_cmake_args': None, 'build_base': '/home/ductrung/bumperbot_ws/build/bumperbot_localization', 'catkin_cmake_args': None, 'catkin_skip_building_tests': False, 'cmake_args': None, 'cmake_clean_cache': False, 'cmake_clean_first': False, 'cmake_force_configure': False, 'cmake_target': None, 'cmake_target_skip_unavailable': False, 'install_base': '/home/ductrung/bumperbot_ws/install/bumperbot_localization', 'merge_install': False, 'path': '/home/ductrung/bumperbot_ws/src/bumperbot_localization', 'symlink_install': False, 'test_result_base': None}
[0.384s] Level 5:colcon.colcon_core.verb:set package 'bumperbot_mapping' build argument 'cmake_args' from command line to 'None'
[0.384s] Level 5:colcon.colcon_core.verb:set package 'bumperbot_mapping' build argument 'cmake_target' from command line to 'None'
[0.384s] Level 5:colcon.colcon_core.verb:set package 'bumperbot_mapping' build argument 'cmake_target_skip_unavailable' from command line to 'False'
[0.384s] Level 5:colcon.colcon_core.verb:set package 'bumperbot_mapping' build argument 'cmake_clean_cache' from command line to 'False'
[0.384s] Level 5:colcon.colcon_core.verb:set package 'bumperbot_mapping' build argument 'cmake_clean_first' from command line to 'False'
[0.384s] Level 5:colcon.colcon_core.verb:set package 'bumperbot_mapping' build argument 'cmake_force_configure' from command line to 'False'
[0.385s] Level 5:colcon.colcon_core.verb:set package 'bumperbot_mapping' build argument 'ament_cmake_args' from command line to 'None'
[0.385s] Level 5:colcon.colcon_core.verb:set package 'bumperbot_mapping' build argument 'catkin_cmake_args' from command line to 'None'
[0.385s] Level 5:colcon.colcon_core.verb:set package 'bumperbot_mapping' build argument 'catkin_skip_building_tests' from command line to 'False'
[0.385s] DEBUG:colcon.colcon_core.verb:Building package 'bumperbot_mapping' with the following arguments: {'ament_cmake_args': None, 'build_base': '/home/ductrung/bumperbot_ws/build/bumperbot_mapping', 'catkin_cmake_args': None, 'catkin_skip_building_tests': False, 'cmake_args': None, 'cmake_clean_cache': False, 'cmake_clean_first': False, 'cmake_force_configure': False, 'cmake_target': None, 'cmake_target_skip_unavailable': False, 'install_base': '/home/ductrung/bumperbot_ws/install/bumperbot_mapping', 'merge_install': False, 'path': '/home/ductrung/bumperbot_ws/src/bumperbot_mapping', 'symlink_install': False, 'test_result_base': None}
[0.385s] Level 5:colcon.colcon_core.verb:set package 'bumperbot_msgs' build argument 'cmake_args' from command line to 'None'
[0.385s] Level 5:colcon.colcon_core.verb:set package 'bumperbot_msgs' build argument 'cmake_target' from command line to 'None'
[0.385s] Level 5:colcon.colcon_core.verb:set package 'bumperbot_msgs' build argument 'cmake_target_skip_unavailable' from command line to 'False'
[0.385s] Level 5:colcon.colcon_core.verb:set package 'bumperbot_msgs' build argument 'cmake_clean_cache' from command line to 'False'
[0.385s] Level 5:colcon.colcon_core.verb:set package 'bumperbot_msgs' build argument 'cmake_clean_first' from command line to 'False'
[0.385s] Level 5:colcon.colcon_core.verb:set package 'bumperbot_msgs' build argument 'cmake_force_configure' from command line to 'False'
[0.385s] Level 5:colcon.colcon_core.verb:set package 'bumperbot_msgs' build argument 'ament_cmake_args' from command line to 'None'
[0.385s] Level 5:colcon.colcon_core.verb:set package 'bumperbot_msgs' build argument 'catkin_cmake_args' from command line to 'None'
[0.385s] Level 5:colcon.colcon_core.verb:set package 'bumperbot_msgs' build argument 'catkin_skip_building_tests' from command line to 'False'
[0.385s] DEBUG:colcon.colcon_core.verb:Building package 'bumperbot_msgs' with the following arguments: {'ament_cmake_args': None, 'build_base': '/home/ductrung/bumperbot_ws/build/bumperbot_msgs', 'catkin_cmake_args': None, 'catkin_skip_building_tests': False, 'cmake_args': None, 'cmake_clean_cache': False, 'cmake_clean_first': False, 'cmake_force_configure': False, 'cmake_target': None, 'cmake_target_skip_unavailable': False, 'install_base': '/home/ductrung/bumperbot_ws/install/bumperbot_msgs', 'merge_install': False, 'path': '/home/ductrung/bumperbot_ws/src/bumperbot_msgs', 'symlink_install': False, 'test_result_base': None}
[0.385s] Level 5:colcon.colcon_core.verb:set package 'bumperbot_navigation' build argument 'cmake_args' from command line to 'None'
[0.385s] Level 5:colcon.colcon_core.verb:set package 'bumperbot_navigation' build argument 'cmake_target' from command line to 'None'
[0.385s] Level 5:colcon.colcon_core.verb:set package 'bumperbot_navigation' build argument 'cmake_target_skip_unavailable' from command line to 'False'
[0.385s] Level 5:colcon.colcon_core.verb:set package 'bumperbot_navigation' build argument 'cmake_clean_cache' from command line to 'False'
[0.385s] Level 5:colcon.colcon_core.verb:set package 'bumperbot_navigation' build argument 'cmake_clean_first' from command line to 'False'
[0.385s] Level 5:colcon.colcon_core.verb:set package 'bumperbot_navigation' build argument 'cmake_force_configure' from command line to 'False'
[0.385s] Level 5:colcon.colcon_core.verb:set package 'bumperbot_navigation' build argument 'ament_cmake_args' from command line to 'None'
[0.385s] Level 5:colcon.colcon_core.verb:set package 'bumperbot_navigation' build argument 'catkin_cmake_args' from command line to 'None'
[0.385s] Level 5:colcon.colcon_core.verb:set package 'bumperbot_navigation' build argument 'catkin_skip_building_tests' from command line to 'False'
[0.385s] DEBUG:colcon.colcon_core.verb:Building package 'bumperbot_navigation' with the following arguments: {'ament_cmake_args': None, 'build_base': '/home/ductrung/bumperbot_ws/build/bumperbot_navigation', 'catkin_cmake_args': None, 'catkin_skip_building_tests': False, 'cmake_args': None, 'cmake_clean_cache': False, 'cmake_clean_first': False, 'cmake_force_configure': False, 'cmake_target': None, 'cmake_target_skip_unavailable': False, 'install_base': '/home/ductrung/bumperbot_ws/install/bumperbot_navigation', 'merge_install': False, 'path': '/home/ductrung/bumperbot_ws/src/bumperbot_navigation', 'symlink_install': False, 'test_result_base': None}
[0.386s] Level 5:colcon.colcon_core.verb:set package 'bumperbot_utils' build argument 'cmake_args' from command line to 'None'
[0.386s] Level 5:colcon.colcon_core.verb:set package 'bumperbot_utils' build argument 'cmake_target' from command line to 'None'
[0.386s] Level 5:colcon.colcon_core.verb:set package 'bumperbot_utils' build argument 'cmake_target_skip_unavailable' from command line to 'False'
[0.386s] Level 5:colcon.colcon_core.verb:set package 'bumperbot_utils' build argument 'cmake_clean_cache' from command line to 'False'
[0.386s] Level 5:colcon.colcon_core.verb:set package 'bumperbot_utils' build argument 'cmake_clean_first' from command line to 'False'
[0.386s] Level 5:colcon.colcon_core.verb:set package 'bumperbot_utils' build argument 'cmake_force_configure' from command line to 'False'
[0.386s] Level 5:colcon.colcon_core.verb:set package 'bumperbot_utils' build argument 'ament_cmake_args' from command line to 'None'
[0.386s] Level 5:colcon.colcon_core.verb:set package 'bumperbot_utils' build argument 'catkin_cmake_args' from command line to 'None'
[0.386s] Level 5:colcon.colcon_core.verb:set package 'bumperbot_utils' build argument 'catkin_skip_building_tests' from command line to 'False'
[0.386s] DEBUG:colcon.colcon_core.verb:Building package 'bumperbot_utils' with the following arguments: {'ament_cmake_args': None, 'build_base': '/home/ductrung/bumperbot_ws/build/bumperbot_utils', 'catkin_cmake_args': None, 'catkin_skip_building_tests': False, 'cmake_args': None, 'cmake_clean_cache': False, 'cmake_clean_first': False, 'cmake_force_configure': False, 'cmake_target': None, 'cmake_target_skip_unavailable': False, 'install_base': '/home/ductrung/bumperbot_ws/install/bumperbot_utils', 'merge_install': False, 'path': '/home/ductrung/bumperbot_ws/src/bumperbot_utils', 'symlink_install': False, 'test_result_base': None}
[0.387s] Level 5:colcon.colcon_core.verb:set package 'bumperbot_bringup' build argument 'cmake_args' from command line to 'None'
[0.387s] Level 5:colcon.colcon_core.verb:set package 'bumperbot_bringup' build argument 'cmake_target' from command line to 'None'
[0.387s] Level 5:colcon.colcon_core.verb:set package 'bumperbot_bringup' build argument 'cmake_target_skip_unavailable' from command line to 'False'
[0.387s] Level 5:colcon.colcon_core.verb:set package 'bumperbot_bringup' build argument 'cmake_clean_cache' from command line to 'False'
[0.387s] Level 5:colcon.colcon_core.verb:set package 'bumperbot_bringup' build argument 'cmake_clean_first' from command line to 'False'
[0.387s] Level 5:colcon.colcon_core.verb:set package 'bumperbot_bringup' build argument 'cmake_force_configure' from command line to 'False'
[0.387s] Level 5:colcon.colcon_core.verb:set package 'bumperbot_bringup' build argument 'ament_cmake_args' from command line to 'None'
[0.387s] Level 5:colcon.colcon_core.verb:set package 'bumperbot_bringup' build argument 'catkin_cmake_args' from command line to 'None'
[0.387s] Level 5:colcon.colcon_core.verb:set package 'bumperbot_bringup' build argument 'catkin_skip_building_tests' from command line to 'False'
[0.387s] DEBUG:colcon.colcon_core.verb:Building package 'bumperbot_bringup' with the following arguments: {'ament_cmake_args': None, 'build_base': '/home/ductrung/bumperbot_ws/build/bumperbot_bringup', 'catkin_cmake_args': None, 'catkin_skip_building_tests': False, 'cmake_args': None, 'cmake_clean_cache': False, 'cmake_clean_first': False, 'cmake_force_configure': False, 'cmake_target': None, 'cmake_target_skip_unavailable': False, 'install_base': '/home/ductrung/bumperbot_ws/install/bumperbot_bringup', 'merge_install': False, 'path': '/home/ductrung/bumperbot_ws/src/bumperbot_bringup', 'symlink_install': False, 'test_result_base': None}
[0.387s] Level 5:colcon.colcon_core.verb:set package 'bumperbot_cpp_examples' build argument 'cmake_args' from command line to 'None'
[0.387s] Level 5:colcon.colcon_core.verb:set package 'bumperbot_cpp_examples' build argument 'cmake_target' from command line to 'None'
[0.387s] Level 5:colcon.colcon_core.verb:set package 'bumperbot_cpp_examples' build argument 'cmake_target_skip_unavailable' from command line to 'False'
[0.387s] Level 5:colcon.colcon_core.verb:set package 'bumperbot_cpp_examples' build argument 'cmake_clean_cache' from command line to 'False'
[0.387s] Level 5:colcon.colcon_core.verb:set package 'bumperbot_cpp_examples' build argument 'cmake_clean_first' from command line to 'False'
[0.387s] Level 5:colcon.colcon_core.verb:set package 'bumperbot_cpp_examples' build argument 'cmake_force_configure' from command line to 'False'
[0.388s] Level 5:colcon.colcon_core.verb:set package 'bumperbot_cpp_examples' build argument 'ament_cmake_args' from command line to 'None'
[0.388s] Level 5:colcon.colcon_core.verb:set package 'bumperbot_cpp_examples' build argument 'catkin_cmake_args' from command line to 'None'
[0.388s] Level 5:colcon.colcon_core.verb:set package 'bumperbot_cpp_examples' build argument 'catkin_skip_building_tests' from command line to 'False'
[0.388s] DEBUG:colcon.colcon_core.verb:Building package 'bumperbot_cpp_examples' with the following arguments: {'ament_cmake_args': None, 'build_base': '/home/ductrung/bumperbot_ws/build/bumperbot_cpp_examples', 'catkin_cmake_args': None, 'catkin_skip_building_tests': False, 'cmake_args': None, 'cmake_clean_cache': False, 'cmake_clean_first': False, 'cmake_force_configure': False, 'cmake_target': None, 'cmake_target_skip_unavailable': False, 'install_base': '/home/ductrung/bumperbot_ws/install/bumperbot_cpp_examples', 'merge_install': False, 'path': '/home/ductrung/bumperbot_ws/src/bumperbot_cpp_examples', 'symlink_install': False, 'test_result_base': None}
[0.388s] Level 5:colcon.colcon_core.verb:set package 'bumperbot_py_examples' build argument 'cmake_args' from command line to 'None'
[0.388s] Level 5:colcon.colcon_core.verb:set package 'bumperbot_py_examples' build argument 'cmake_target' from command line to 'None'
[0.388s] Level 5:colcon.colcon_core.verb:set package 'bumperbot_py_examples' build argument 'cmake_target_skip_unavailable' from command line to 'False'
[0.388s] Level 5:colcon.colcon_core.verb:set package 'bumperbot_py_examples' build argument 'cmake_clean_cache' from command line to 'False'
[0.388s] Level 5:colcon.colcon_core.verb:set package 'bumperbot_py_examples' build argument 'cmake_clean_first' from command line to 'False'
[0.388s] Level 5:colcon.colcon_core.verb:set package 'bumperbot_py_examples' build argument 'cmake_force_configure' from command line to 'False'
[0.388s] Level 5:colcon.colcon_core.verb:set package 'bumperbot_py_examples' build argument 'ament_cmake_args' from command line to 'None'
[0.388s] Level 5:colcon.colcon_core.verb:set package 'bumperbot_py_examples' build argument 'catkin_cmake_args' from command line to 'None'
[0.388s] Level 5:colcon.colcon_core.verb:set package 'bumperbot_py_examples' build argument 'catkin_skip_building_tests' from command line to 'False'
[0.388s] DEBUG:colcon.colcon_core.verb:Building package 'bumperbot_py_examples' with the following arguments: {'ament_cmake_args': None, 'build_base': '/home/ductrung/bumperbot_ws/build/bumperbot_py_examples', 'catkin_cmake_args': None, 'catkin_skip_building_tests': False, 'cmake_args': None, 'cmake_clean_cache': False, 'cmake_clean_first': False, 'cmake_force_configure': False, 'cmake_target': None, 'cmake_target_skip_unavailable': False, 'install_base': '/home/ductrung/bumperbot_ws/install/bumperbot_py_examples', 'merge_install': False, 'path': '/home/ductrung/bumperbot_ws/src/bumperbot_py_examples', 'symlink_install': False, 'test_result_base': None}
[0.388s] INFO:colcon.colcon_core.executor:Executing jobs using 'parallel' executor
[0.390s] DEBUG:colcon.colcon_parallel_executor.executor.parallel:run_until_complete
[0.391s] INFO:colcon.colcon_ros.task.ament_cmake.build:Building ROS package in '/home/ductrung/bumperbot_ws/src/bumperbot_msgs' with build type 'ament_cmake'
[0.392s] INFO:colcon.colcon_cmake.task.cmake.build:Building CMake package in '/home/ductrung/bumperbot_ws/src/bumperbot_msgs'
[0.394s] INFO:colcon.colcon_core.plugin_system:Skipping extension 'colcon_core.shell.bat': Not used on non-Windows systems
[0.394s] INFO:colcon.colcon_core.shell:Skip shell extension 'powershell' for command environment: Not usable outside of PowerShell
[0.395s] DEBUG:colcon.colcon_core.shell:Skip shell extension 'dsv' for command environment
[0.401s] INFO:colcon.colcon_ros.task.ament_cmake.build:Building ROS package in '/home/ductrung/bumperbot_ws/src/bumperbot_controller' with build type 'ament_cmake'
[0.401s] INFO:colcon.colcon_cmake.task.cmake.build:Building CMake package in '/home/ductrung/bumperbot_ws/src/bumperbot_controller'
[0.402s] INFO:colcon.colcon_core.shell:Skip shell extension 'powershell' for command environment: Not usable outside of PowerShell
[0.402s] DEBUG:colcon.colcon_core.shell:Skip shell extension 'dsv' for command environment
[0.422s] INFO:colcon.colcon_ros.task.ament_cmake.build:Building ROS package in '/home/ductrung/bumperbot_ws/src/bumperbot_description' with build type 'ament_cmake'
[0.422s] INFO:colcon.colcon_cmake.task.cmake.build:Building CMake package in '/home/ductrung/bumperbot_ws/src/bumperbot_description'
[0.422s] INFO:colcon.colcon_core.shell:Skip shell extension 'powershell' for command environment: Not usable outside of PowerShell
[0.423s] DEBUG:colcon.colcon_core.shell:Skip shell extension 'dsv' for command environment
[0.440s] INFO:colcon.colcon_ros.task.ament_cmake.build:Building ROS package in '/home/ductrung/bumperbot_ws/src/bumperbot_firmware' with build type 'ament_cmake'
[0.445s] INFO:colcon.colcon_cmake.task.cmake.build:Building CMake package in '/home/ductrung/bumperbot_ws/src/bumperbot_firmware'
[0.452s] INFO:colcon.colcon_core.shell:Skip shell extension 'powershell' for command environment: Not usable outside of PowerShell
[0.453s] DEBUG:colcon.colcon_core.shell:Skip shell extension 'dsv' for command environment
[0.517s] DEBUG:colcon.colcon_core.event_handler.log_command:Invoking command in '/home/ductrung/bumperbot_ws/build/bumperbot_msgs': CMAKE_PREFIX_PATH=${CMAKE_PREFIX_PATH}:/opt/ros/humble /usr/bin/cmake --build /home/ductrung/bumperbot_ws/build/bumperbot_msgs -- -j4 -l4
[0.519s] DEBUG:colcon.colcon_core.event_handler.log_command:Invoking command in '/home/ductrung/bumperbot_ws/build/bumperbot_controller': CMAKE_PREFIX_PATH=${CMAKE_PREFIX_PATH}:/opt/ros/humble /usr/bin/cmake --build /home/ductrung/bumperbot_ws/build/bumperbot_controller -- -j4 -l4
[0.522s] DEBUG:colcon.colcon_core.event_handler.log_command:Invoking command in '/home/ductrung/bumperbot_ws/build/bumperbot_description': CMAKE_PREFIX_PATH=${CMAKE_PREFIX_PATH}:/opt/ros/humble /usr/bin/cmake --build /home/ductrung/bumperbot_ws/build/bumperbot_description -- -j4 -l4
[0.591s] DEBUG:colcon.colcon_core.event_handler.log_command:Invoking command in '/home/ductrung/bumperbot_ws/build/bumperbot_firmware': CMAKE_PREFIX_PATH=${CMAKE_PREFIX_PATH}:/opt/ros/humble /usr/bin/cmake --build /home/ductrung/bumperbot_ws/build/bumperbot_firmware -- -j4 -l4
[0.710s] DEBUG:colcon.colcon_core.event_handler.log_command:Invoked command in '/home/ductrung/bumperbot_ws/build/bumperbot_description' returned '0': CMAKE_PREFIX_PATH=${CMAKE_PREFIX_PATH}:/opt/ros/humble /usr/bin/cmake --build /home/ductrung/bumperbot_ws/build/bumperbot_description -- -j4 -l4
[0.967s] DEBUG:colcon.colcon_core.event_handler.log_command:Invoking command in '/home/ductrung/bumperbot_ws/build/bumperbot_description': CMAKE_PREFIX_PATH=${CMAKE_PREFIX_PATH}:/opt/ros/humble /usr/bin/cmake --install /home/ductrung/bumperbot_ws/build/bumperbot_description
[1.096s] Level 1:colcon.colcon_core.environment:create_environment_scripts_only(bumperbot_description)
[1.098s] Level 1:colcon.colcon_core.environment:checking '/home/ductrung/bumperbot_ws/install/bumperbot_description' for CMake module files
[1.224s] Level 1:colcon.colcon_core.environment:checking '/home/ductrung/bumperbot_ws/install/bumperbot_description' for CMake config files
[1.227s] Level 1:colcon.colcon_core.shell:create_environment_hook('bumperbot_description', 'cmake_prefix_path')
[1.227s] INFO:colcon.colcon_core.shell:Creating environment hook '/home/ductrung/bumperbot_ws/install/bumperbot_description/share/bumperbot_description/hook/cmake_prefix_path.ps1'
[1.228s] INFO:colcon.colcon_core.shell:Creating environment descriptor '/home/ductrung/bumperbot_ws/install/bumperbot_description/share/bumperbot_description/hook/cmake_prefix_path.dsv'
[1.230s] INFO:colcon.colcon_core.shell:Creating environment hook '/home/ductrung/bumperbot_ws/install/bumperbot_description/share/bumperbot_description/hook/cmake_prefix_path.sh'
[1.248s] DEBUG:colcon.colcon_core.event_handler.log_command:Invoked command in '/home/ductrung/bumperbot_ws/build/bumperbot_description' returned '0': CMAKE_PREFIX_PATH=${CMAKE_PREFIX_PATH}:/opt/ros/humble /usr/bin/cmake --install /home/ductrung/bumperbot_ws/build/bumperbot_description
[1.255s] Level 1:colcon.colcon_core.environment:checking '/home/ductrung/bumperbot_ws/install/bumperbot_description/bin'
[1.255s] Level 1:colcon.colcon_core.environment:checking '/home/ductrung/bumperbot_ws/install/bumperbot_description/lib/pkgconfig/bumperbot_description.pc'
[1.255s] Level 1:colcon.colcon_core.environment:checking '/home/ductrung/bumperbot_ws/install/bumperbot_description/lib/python3.10/site-packages'
[1.255s] Level 1:colcon.colcon_core.environment:checking '/home/ductrung/bumperbot_ws/install/bumperbot_description/bin'
[1.256s] INFO:colcon.colcon_core.shell:Creating package script '/home/ductrung/bumperbot_ws/install/bumperbot_description/share/bumperbot_description/package.ps1'
[1.256s] INFO:colcon.colcon_core.shell:Creating package descriptor '/home/ductrung/bumperbot_ws/install/bumperbot_description/share/bumperbot_description/package.dsv'
[1.259s] INFO:colcon.colcon_core.shell:Creating package script '/home/ductrung/bumperbot_ws/install/bumperbot_description/share/bumperbot_description/package.sh'
[1.274s] INFO:colcon.colcon_core.shell:Creating package script '/home/ductrung/bumperbot_ws/install/bumperbot_description/share/bumperbot_description/package.bash'
[1.275s] INFO:colcon.colcon_core.shell:Creating package script '/home/ductrung/bumperbot_ws/install/bumperbot_description/share/bumperbot_description/package.zsh'
[1.276s] Level 1:colcon.colcon_core.environment:create_file_with_runtime_dependencies(/home/ductrung/bumperbot_ws/install/bumperbot_description/share/colcon-core/packages/bumperbot_description)
[1.413s] DEBUG:colcon.colcon_core.event_handler.log_command:Invoked command in '/home/ductrung/bumperbot_ws/build/bumperbot_controller' returned '0': CMAKE_PREFIX_PATH=${CMAKE_PREFIX_PATH}:/opt/ros/humble /usr/bin/cmake --build /home/ductrung/bumperbot_ws/build/bumperbot_controller -- -j4 -l4
[1.437s] Level 1:colcon.colcon_core.environment:create_environment_scripts_only(bumperbot_description)
[1.438s] Level 1:colcon.colcon_core.environment:checking '/home/ductrung/bumperbot_ws/install/bumperbot_description' for CMake module files
[1.438s] Level 1:colcon.colcon_core.environment:checking '/home/ductrung/bumperbot_ws/install/bumperbot_description' for CMake config files
[1.450s] Level 1:colcon.colcon_core.shell:create_environment_hook('bumperbot_description', 'cmake_prefix_path')
[1.451s] INFO:colcon.colcon_core.shell:Creating environment hook '/home/ductrung/bumperbot_ws/install/bumperbot_description/share/bumperbot_description/hook/cmake_prefix_path.ps1'
[1.454s] INFO:colcon.colcon_core.shell:Creating environment descriptor '/home/ductrung/bumperbot_ws/install/bumperbot_description/share/bumperbot_description/hook/cmake_prefix_path.dsv'
[1.454s] INFO:colcon.colcon_core.shell:Creating environment hook '/home/ductrung/bumperbot_ws/install/bumperbot_description/share/bumperbot_description/hook/cmake_prefix_path.sh'
[1.455s] Level 1:colcon.colcon_core.environment:checking '/home/ductrung/bumperbot_ws/install/bumperbot_description/bin'
[1.455s] Level 1:colcon.colcon_core.environment:checking '/home/ductrung/bumperbot_ws/install/bumperbot_description/lib/pkgconfig/bumperbot_description.pc'
[1.456s] Level 1:colcon.colcon_core.environment:checking '/home/ductrung/bumperbot_ws/install/bumperbot_description/lib/python3.10/site-packages'
[1.456s] Level 1:colcon.colcon_core.environment:checking '/home/ductrung/bumperbot_ws/install/bumperbot_description/bin'
[1.456s] INFO:colcon.colcon_core.shell:Creating package script '/home/ductrung/bumperbot_ws/install/bumperbot_description/share/bumperbot_description/package.ps1'
[1.456s] INFO:colcon.colcon_core.shell:Creating package descriptor '/home/ductrung/bumperbot_ws/install/bumperbot_description/share/bumperbot_description/package.dsv'
[1.457s] INFO:colcon.colcon_core.shell:Creating package script '/home/ductrung/bumperbot_ws/install/bumperbot_description/share/bumperbot_description/package.sh'
[1.457s] INFO:colcon.colcon_core.shell:Creating package script '/home/ductrung/bumperbot_ws/install/bumperbot_description/share/bumperbot_description/package.bash'
[1.458s] INFO:colcon.colcon_core.shell:Creating package script '/home/ductrung/bumperbot_ws/install/bumperbot_description/share/bumperbot_description/package.zsh'
[1.470s] Level 1:colcon.colcon_core.environment:create_file_with_runtime_dependencies(/home/ductrung/bumperbot_ws/install/bumperbot_description/share/colcon-core/packages/bumperbot_description)
[1.471s] INFO:colcon.colcon_ros.task.ament_cmake.build:Building ROS package in '/home/ductrung/bumperbot_ws/src/bumperbot_localization' with build type 'ament_cmake'
[1.472s] INFO:colcon.colcon_cmake.task.cmake.build:Building CMake package in '/home/ductrung/bumperbot_ws/src/bumperbot_localization'
[1.473s] INFO:colcon.colcon_core.shell:Skip shell extension 'powershell' for command environment: Not usable outside of PowerShell
[1.473s] DEBUG:colcon.colcon_core.shell:Skip shell extension 'dsv' for command environment
[1.497s] DEBUG:colcon.colcon_core.event_handler.log_command:Invoking command in '/home/ductrung/bumperbot_ws/build/bumperbot_localization': CMAKE_PREFIX_PATH=${CMAKE_PREFIX_PATH}:/opt/ros/humble /usr/bin/cmake --build /home/ductrung/bumperbot_ws/build/bumperbot_localization -- -j4 -l4
[1.519s] DEBUG:colcon.colcon_core.event_handler.log_command:Invoked command in '/home/ductrung/bumperbot_ws/build/bumperbot_firmware' returned '0': CMAKE_PREFIX_PATH=${CMAKE_PREFIX_PATH}:/opt/ros/humble /usr/bin/cmake --build /home/ductrung/bumperbot_ws/build/bumperbot_firmware -- -j4 -l4
[1.661s] DEBUG:colcon.colcon_core.event_handler.log_command:Invoking command in '/home/ductrung/bumperbot_ws/build/bumperbot_controller': CMAKE_PREFIX_PATH=${CMAKE_PREFIX_PATH}:/opt/ros/humble /usr/bin/cmake --install /home/ductrung/bumperbot_ws/build/bumperbot_controller
[1.694s] DEBUG:colcon.colcon_core.event_handler.log_command:Invoked command in '/home/ductrung/bumperbot_ws/build/bumperbot_msgs' returned '0': CMAKE_PREFIX_PATH=${CMAKE_PREFIX_PATH}:/opt/ros/humble /usr/bin/cmake --build /home/ductrung/bumperbot_ws/build/bumperbot_msgs -- -j4 -l4
[1.759s] Level 1:colcon.colcon_core.environment:create_environment_scripts_only(bumperbot_controller)
[1.759s] Level 1:colcon.colcon_core.environment:checking '/home/ductrung/bumperbot_ws/install/bumperbot_controller' for CMake module files
[1.759s] Level 1:colcon.colcon_core.environment:checking '/home/ductrung/bumperbot_ws/install/bumperbot_controller' for CMake config files
[1.760s] Level 1:colcon.colcon_core.shell:create_environment_hook('bumperbot_controller', 'cmake_prefix_path')
[1.760s] INFO:colcon.colcon_core.shell:Creating environment hook '/home/ductrung/bumperbot_ws/install/bumperbot_controller/share/bumperbot_controller/hook/cmake_prefix_path.ps1'
[1.760s] DEBUG:colcon.colcon_core.event_handler.log_command:Invoked command in '/home/ductrung/bumperbot_ws/build/bumperbot_controller' returned '0': CMAKE_PREFIX_PATH=${CMAKE_PREFIX_PATH}:/opt/ros/humble /usr/bin/cmake --install /home/ductrung/bumperbot_ws/build/bumperbot_controller
[1.761s] INFO:colcon.colcon_core.shell:Creating environment descriptor '/home/ductrung/bumperbot_ws/install/bumperbot_controller/share/bumperbot_controller/hook/cmake_prefix_path.dsv'
[1.762s] INFO:colcon.colcon_core.shell:Creating environment hook '/home/ductrung/bumperbot_ws/install/bumperbot_controller/share/bumperbot_controller/hook/cmake_prefix_path.sh'
[1.764s] Level 1:colcon.colcon_core.environment:checking '/home/ductrung/bumperbot_ws/install/bumperbot_controller/lib'
[1.764s] Level 1:colcon.colcon_core.environment:checking '/home/ductrung/bumperbot_ws/install/bumperbot_controller/bin'
[1.764s] Level 1:colcon.colcon_core.environment:checking '/home/ductrung/bumperbot_ws/install/bumperbot_controller/lib/pkgconfig/bumperbot_controller.pc'
[1.764s] Level 1:colcon.colcon_core.environment:checking '/home/ductrung/bumperbot_ws/install/bumperbot_controller/lib/python3.10/site-packages'
[1.764s] Level 1:colcon.colcon_core.environment:checking '/home/ductrung/bumperbot_ws/install/bumperbot_controller/bin'
[1.765s] INFO:colcon.colcon_core.shell:Creating package script '/home/ductrung/bumperbot_ws/install/bumperbot_controller/share/bumperbot_controller/package.ps1'
[1.766s] INFO:colcon.colcon_core.shell:Creating package descriptor '/home/ductrung/bumperbot_ws/install/bumperbot_controller/share/bumperbot_controller/package.dsv'
[1.766s] INFO:colcon.colcon_core.shell:Creating package script '/home/ductrung/bumperbot_ws/install/bumperbot_controller/share/bumperbot_controller/package.sh'
[1.767s] INFO:colcon.colcon_core.shell:Creating package script '/home/ductrung/bumperbot_ws/install/bumperbot_controller/share/bumperbot_controller/package.bash'
[1.768s] INFO:colcon.colcon_core.shell:Creating package script '/home/ductrung/bumperbot_ws/install/bumperbot_controller/share/bumperbot_controller/package.zsh'
[1.795s] Level 1:colcon.colcon_core.environment:create_file_with_runtime_dependencies(/home/ductrung/bumperbot_ws/install/bumperbot_controller/share/colcon-core/packages/bumperbot_controller)
[1.812s] DEBUG:colcon.colcon_core.event_handler.log_command:Invoking command in '/home/ductrung/bumperbot_ws/build/bumperbot_firmware': CMAKE_PREFIX_PATH=${CMAKE_PREFIX_PATH}:/opt/ros/humble /usr/bin/cmake --install /home/ductrung/bumperbot_ws/build/bumperbot_firmware
[1.946s] Level 1:colcon.colcon_core.environment:create_environment_scripts_only(bumperbot_firmware)
[1.947s] Level 1:colcon.colcon_core.environment:checking '/home/ductrung/bumperbot_ws/install/bumperbot_firmware' for CMake module files
[1.947s] Level 1:colcon.colcon_core.environment:checking '/home/ductrung/bumperbot_ws/install/bumperbot_firmware' for CMake config files
[1.947s] Level 1:colcon.colcon_core.shell:create_environment_hook('bumperbot_firmware', 'cmake_prefix_path')
[1.947s] INFO:colcon.colcon_core.shell:Creating environment hook '/home/ductrung/bumperbot_ws/install/bumperbot_firmware/share/bumperbot_firmware/hook/cmake_prefix_path.ps1'
[1.950s] INFO:colcon.colcon_core.shell:Creating environment descriptor '/home/ductrung/bumperbot_ws/install/bumperbot_firmware/share/bumperbot_firmware/hook/cmake_prefix_path.dsv'
[1.950s] DEBUG:colcon.colcon_core.event_handler.log_command:Invoked command in '/home/ductrung/bumperbot_ws/build/bumperbot_firmware' returned '0': CMAKE_PREFIX_PATH=${CMAKE_PREFIX_PATH}:/opt/ros/humble /usr/bin/cmake --install /home/ductrung/bumperbot_ws/build/bumperbot_firmware
[1.951s] INFO:colcon.colcon_core.shell:Creating environment hook '/home/ductrung/bumperbot_ws/install/bumperbot_firmware/share/bumperbot_firmware/hook/cmake_prefix_path.sh'
[1.952s] Level 1:colcon.colcon_core.environment:checking '/home/ductrung/bumperbot_ws/install/bumperbot_firmware/lib'
[1.952s] Level 1:colcon.colcon_core.shell:create_environment_hook('bumperbot_firmware', 'ld_library_path_lib')
[1.952s] INFO:colcon.colcon_core.shell:Creating environment hook '/home/ductrung/bumperbot_ws/install/bumperbot_firmware/share/bumperbot_firmware/hook/ld_library_path_lib.ps1'
[1.953s] INFO:colcon.colcon_core.shell:Creating environment descriptor '/home/ductrung/bumperbot_ws/install/bumperbot_firmware/share/bumperbot_firmware/hook/ld_library_path_lib.dsv'
[1.953s] INFO:colcon.colcon_core.shell:Creating environment hook '/home/ductrung/bumperbot_ws/install/bumperbot_firmware/share/bumperbot_firmware/hook/ld_library_path_lib.sh'
[1.954s] Level 1:colcon.colcon_core.environment:checking '/home/ductrung/bumperbot_ws/install/bumperbot_firmware/bin'
[1.954s] Level 1:colcon.colcon_core.environment:checking '/home/ductrung/bumperbot_ws/install/bumperbot_firmware/lib/pkgconfig/bumperbot_firmware.pc'
[1.954s] Level 1:colcon.colcon_core.environment:checking '/home/ductrung/bumperbot_ws/install/bumperbot_firmware/lib/python3.10/site-packages'
[1.954s] Level 1:colcon.colcon_core.environment:checking '/home/ductrung/bumperbot_ws/install/bumperbot_firmware/bin'
[1.955s] INFO:colcon.colcon_core.shell:Creating package script '/home/ductrung/bumperbot_ws/install/bumperbot_firmware/share/bumperbot_firmware/package.ps1'
[1.955s] INFO:colcon.colcon_core.shell:Creating package descriptor '/home/ductrung/bumperbot_ws/install/bumperbot_firmware/share/bumperbot_firmware/package.dsv'
[1.959s] INFO:colcon.colcon_core.shell:Creating package script '/home/ductrung/bumperbot_ws/install/bumperbot_firmware/share/bumperbot_firmware/package.sh'
[1.962s] INFO:colcon.colcon_core.shell:Creating package script '/home/ductrung/bumperbot_ws/install/bumperbot_firmware/share/bumperbot_firmware/package.bash'
[1.963s] INFO:colcon.colcon_core.shell:Creating package script '/home/ductrung/bumperbot_ws/install/bumperbot_firmware/share/bumperbot_firmware/package.zsh'
[1.963s] Level 1:colcon.colcon_core.environment:create_file_with_runtime_dependencies(/home/ductrung/bumperbot_ws/install/bumperbot_firmware/share/colcon-core/packages/bumperbot_firmware)
[2.050s] Level 1:colcon.colcon_core.environment:create_environment_scripts_only(bumperbot_controller)
[2.051s] Level 1:colcon.colcon_core.environment:checking '/home/ductrung/bumperbot_ws/install/bumperbot_controller' for CMake module files
[2.051s] Level 1:colcon.colcon_core.environment:checking '/home/ductrung/bumperbot_ws/install/bumperbot_controller' for CMake config files
[2.052s] Level 1:colcon.colcon_core.shell:create_environment_hook('bumperbot_controller', 'cmake_prefix_path')
[2.052s] INFO:colcon.colcon_core.shell:Creating environment hook '/home/ductrung/bumperbot_ws/install/bumperbot_controller/share/bumperbot_controller/hook/cmake_prefix_path.ps1'
[2.053s] INFO:colcon.colcon_core.shell:Creating environment descriptor '/home/ductrung/bumperbot_ws/install/bumperbot_controller/share/bumperbot_controller/hook/cmake_prefix_path.dsv'
[2.054s] INFO:colcon.colcon_core.shell:Creating environment hook '/home/ductrung/bumperbot_ws/install/bumperbot_controller/share/bumperbot_controller/hook/cmake_prefix_path.sh'
[2.060s] Level 1:colcon.colcon_core.environment:checking '/home/ductrung/bumperbot_ws/install/bumperbot_controller/lib'
[2.060s] Level 1:colcon.colcon_core.environment:checking '/home/ductrung/bumperbot_ws/install/bumperbot_controller/bin'
[2.060s] Level 1:colcon.colcon_core.environment:checking '/home/ductrung/bumperbot_ws/install/bumperbot_controller/lib/pkgconfig/bumperbot_controller.pc'
[2.060s] Level 1:colcon.colcon_core.environment:checking '/home/ductrung/bumperbot_ws/install/bumperbot_controller/lib/python3.10/site-packages'
[2.060s] Level 1:colcon.colcon_core.environment:checking '/home/ductrung/bumperbot_ws/install/bumperbot_controller/bin'
[2.061s] INFO:colcon.colcon_core.shell:Creating package script '/home/ductrung/bumperbot_ws/install/bumperbot_controller/share/bumperbot_controller/package.ps1'
[2.061s] INFO:colcon.colcon_core.shell:Creating package descriptor '/home/ductrung/bumperbot_ws/install/bumperbot_controller/share/bumperbot_controller/package.dsv'
[2.063s] INFO:colcon.colcon_core.shell:Creating package script '/home/ductrung/bumperbot_ws/install/bumperbot_controller/share/bumperbot_controller/package.sh'
[2.064s] INFO:colcon.colcon_core.shell:Creating package script '/home/ductrung/bumperbot_ws/install/bumperbot_controller/share/bumperbot_controller/package.bash'
[2.065s] INFO:colcon.colcon_core.shell:Creating package script '/home/ductrung/bumperbot_ws/install/bumperbot_controller/share/bumperbot_controller/package.zsh'
[2.065s] Level 1:colcon.colcon_core.environment:create_file_with_runtime_dependencies(/home/ductrung/bumperbot_ws/install/bumperbot_controller/share/colcon-core/packages/bumperbot_controller)
[2.067s] INFO:colcon.colcon_ros.task.ament_cmake.build:Building ROS package in '/home/ductrung/bumperbot_ws/src/bumperbot_mapping' with build type 'ament_cmake'
[2.068s] INFO:colcon.colcon_cmake.task.cmake.build:Building CMake package in '/home/ductrung/bumperbot_ws/src/bumperbot_mapping'
[2.068s] INFO:colcon.colcon_core.shell:Skip shell extension 'powershell' for command environment: Not usable outside of PowerShell
[2.068s] DEBUG:colcon.colcon_core.shell:Skip shell extension 'dsv' for command environment
[2.101s] DEBUG:colcon.colcon_core.event_handler.log_command:Invoking command in '/home/ductrung/bumperbot_ws/build/bumperbot_mapping': CMAKE_PREFIX_PATH=${CMAKE_PREFIX_PATH}:/opt/ros/humble /usr/bin/cmake --build /home/ductrung/bumperbot_ws/build/bumperbot_mapping -- -j4 -l4
[2.228s] Level 1:colcon.colcon_core.environment:create_environment_scripts_only(bumperbot_firmware)
[2.228s] Level 1:colcon.colcon_core.environment:checking '/home/ductrung/bumperbot_ws/install/bumperbot_firmware' for CMake module files
[2.229s] Level 1:colcon.colcon_core.environment:checking '/home/ductrung/bumperbot_ws/install/bumperbot_firmware' for CMake config files
[2.230s] Level 1:colcon.colcon_core.shell:create_environment_hook('bumperbot_firmware', 'cmake_prefix_path')
[2.231s] INFO:colcon.colcon_core.shell:Creating environment hook '/home/ductrung/bumperbot_ws/install/bumperbot_firmware/share/bumperbot_firmware/hook/cmake_prefix_path.ps1'
[2.232s] INFO:colcon.colcon_core.shell:Creating environment descriptor '/home/ductrung/bumperbot_ws/install/bumperbot_firmware/share/bumperbot_firmware/hook/cmake_prefix_path.dsv'
[2.233s] INFO:colcon.colcon_core.shell:Creating environment hook '/home/ductrung/bumperbot_ws/install/bumperbot_firmware/share/bumperbot_firmware/hook/cmake_prefix_path.sh'
[2.238s] Level 1:colcon.colcon_core.environment:checking '/home/ductrung/bumperbot_ws/install/bumperbot_firmware/lib'
[2.239s] Level 1:colcon.colcon_core.shell:create_environment_hook('bumperbot_firmware', 'ld_library_path_lib')
[2.240s] INFO:colcon.colcon_core.shell:Creating environment hook '/home/ductrung/bumperbot_ws/install/bumperbot_firmware/share/bumperbot_firmware/hook/ld_library_path_lib.ps1'
[2.240s] INFO:colcon.colcon_core.shell:Creating environment descriptor '/home/ductrung/bumperbot_ws/install/bumperbot_firmware/share/bumperbot_firmware/hook/ld_library_path_lib.dsv'
[2.241s] INFO:colcon.colcon_core.shell:Creating environment hook '/home/ductrung/bumperbot_ws/install/bumperbot_firmware/share/bumperbot_firmware/hook/ld_library_path_lib.sh'
[2.242s] Level 1:colcon.colcon_core.environment:checking '/home/ductrung/bumperbot_ws/install/bumperbot_firmware/bin'
[2.247s] Level 1:colcon.colcon_core.environment:checking '/home/ductrung/bumperbot_ws/install/bumperbot_firmware/lib/pkgconfig/bumperbot_firmware.pc'
[2.247s] Level 1:colcon.colcon_core.environment:checking '/home/ductrung/bumperbot_ws/install/bumperbot_firmware/lib/python3.10/site-packages'
[2.247s] Level 1:colcon.colcon_core.environment:checking '/home/ductrung/bumperbot_ws/install/bumperbot_firmware/bin'
[2.247s] INFO:colcon.colcon_core.shell:Creating package script '/home/ductrung/bumperbot_ws/install/bumperbot_firmware/share/bumperbot_firmware/package.ps1'
[2.248s] INFO:colcon.colcon_core.shell:Creating package descriptor '/home/ductrung/bumperbot_ws/install/bumperbot_firmware/share/bumperbot_firmware/package.dsv'
[2.249s] INFO:colcon.colcon_core.shell:Creating package script '/home/ductrung/bumperbot_ws/install/bumperbot_firmware/share/bumperbot_firmware/package.sh'
[2.250s] INFO:colcon.colcon_core.shell:Creating package script '/home/ductrung/bumperbot_ws/install/bumperbot_firmware/share/bumperbot_firmware/package.bash'
[2.251s] INFO:colcon.colcon_core.shell:Creating package script '/home/ductrung/bumperbot_ws/install/bumperbot_firmware/share/bumperbot_firmware/package.zsh'
[2.252s] Level 1:colcon.colcon_core.environment:create_file_with_runtime_dependencies(/home/ductrung/bumperbot_ws/install/bumperbot_firmware/share/colcon-core/packages/bumperbot_firmware)
[2.253s] INFO:colcon.colcon_cmake.task.cmake.build:Building CMake package in '/home/ductrung/bumperbot_ws/src/bumperbot_navigation'
[2.254s] INFO:colcon.colcon_core.shell:Skip shell extension 'powershell' for command environment: Not usable outside of PowerShell
[2.254s] DEBUG:colcon.colcon_core.shell:Skip shell extension 'dsv' for command environment
[2.302s] DEBUG:colcon.colcon_core.event_handler.log_command:Invoking command in '/home/ductrung/bumperbot_ws/build/bumperbot_navigation': /usr/bin/cmake --build /home/ductrung/bumperbot_ws/build/bumperbot_navigation -- -j4 -l4
[2.409s] DEBUG:colcon.colcon_core.event_handler.log_command:Invoking command in '/home/ductrung/bumperbot_ws/build/bumperbot_msgs': CMAKE_PREFIX_PATH=${CMAKE_PREFIX_PATH}:/opt/ros/humble /usr/bin/cmake --install /home/ductrung/bumperbot_ws/build/bumperbot_msgs
[2.575s] DEBUG:colcon.colcon_core.event_handler.log_command:Invoked command in '/home/ductrung/bumperbot_ws/build/bumperbot_localization' returned '0': CMAKE_PREFIX_PATH=${CMAKE_PREFIX_PATH}:/opt/ros/humble /usr/bin/cmake --build /home/ductrung/bumperbot_ws/build/bumperbot_localization -- -j4 -l4
[2.588s] Level 1:colcon.colcon_core.environment:create_environment_scripts_only(bumperbot_msgs)
[2.588s] Level 1:colcon.colcon_core.environment:checking '/home/ductrung/bumperbot_ws/install/bumperbot_msgs' for CMake module files
[2.592s] DEBUG:colcon.colcon_core.event_handler.log_command:Invoked command in '/home/ductrung/bumperbot_ws/build/bumperbot_msgs' returned '0': CMAKE_PREFIX_PATH=${CMAKE_PREFIX_PATH}:/opt/ros/humble /usr/bin/cmake --install /home/ductrung/bumperbot_ws/build/bumperbot_msgs
[2.593s] Level 1:colcon.colcon_core.environment:checking '/home/ductrung/bumperbot_ws/install/bumperbot_msgs' for CMake config files
[2.593s] Level 1:colcon.colcon_core.shell:create_environment_hook('bumperbot_msgs', 'cmake_prefix_path')
[2.593s] INFO:colcon.colcon_core.shell:Creating environment hook '/home/ductrung/bumperbot_ws/install/bumperbot_msgs/share/bumperbot_msgs/hook/cmake_prefix_path.ps1'
[2.594s] INFO:colcon.colcon_core.shell:Creating environment descriptor '/home/ductrung/bumperbot_ws/install/bumperbot_msgs/share/bumperbot_msgs/hook/cmake_prefix_path.dsv'
[2.595s] INFO:colcon.colcon_core.shell:Creating environment hook '/home/ductrung/bumperbot_ws/install/bumperbot_msgs/share/bumperbot_msgs/hook/cmake_prefix_path.sh'
[2.606s] Level 1:colcon.colcon_core.environment:checking '/home/ductrung/bumperbot_ws/install/bumperbot_msgs/lib'
[2.606s] Level 1:colcon.colcon_core.shell:create_environment_hook('bumperbot_msgs', 'ld_library_path_lib')
[2.606s] INFO:colcon.colcon_core.shell:Creating environment hook '/home/ductrung/bumperbot_ws/install/bumperbot_msgs/share/bumperbot_msgs/hook/ld_library_path_lib.ps1'
[2.610s] INFO:colcon.colcon_core.shell:Creating environment descriptor '/home/ductrung/bumperbot_ws/install/bumperbot_msgs/share/bumperbot_msgs/hook/ld_library_path_lib.dsv'
[2.623s] INFO:colcon.colcon_core.shell:Creating environment hook '/home/ductrung/bumperbot_ws/install/bumperbot_msgs/share/bumperbot_msgs/hook/ld_library_path_lib.sh'
[2.624s] Level 1:colcon.colcon_core.environment:checking '/home/ductrung/bumperbot_ws/install/bumperbot_msgs/bin'
[2.624s] Level 1:colcon.colcon_core.environment:checking '/home/ductrung/bumperbot_ws/install/bumperbot_msgs/lib/pkgconfig/bumperbot_msgs.pc'
[2.624s] Level 1:colcon.colcon_core.environment:checking '/home/ductrung/bumperbot_ws/install/bumperbot_msgs/lib/python3.10/site-packages'
[2.625s] Level 1:colcon.colcon_core.environment:checking '/home/ductrung/bumperbot_ws/install/bumperbot_msgs/bin'
[2.625s] INFO:colcon.colcon_core.shell:Creating package script '/home/ductrung/bumperbot_ws/install/bumperbot_msgs/share/bumperbot_msgs/package.ps1'
[2.626s] INFO:colcon.colcon_core.shell:Creating package descriptor '/home/ductrung/bumperbot_ws/install/bumperbot_msgs/share/bumperbot_msgs/package.dsv'
[2.626s] INFO:colcon.colcon_core.shell:Creating package script '/home/ductrung/bumperbot_ws/install/bumperbot_msgs/share/bumperbot_msgs/package.sh'
[2.627s] INFO:colcon.colcon_core.shell:Creating package script '/home/ductrung/bumperbot_ws/install/bumperbot_msgs/share/bumperbot_msgs/package.bash'
[2.628s] INFO:colcon.colcon_core.shell:Creating package script '/home/ductrung/bumperbot_ws/install/bumperbot_msgs/share/bumperbot_msgs/package.zsh'
[2.629s] Level 1:colcon.colcon_core.environment:create_file_with_runtime_dependencies(/home/ductrung/bumperbot_ws/install/bumperbot_msgs/share/colcon-core/packages/bumperbot_msgs)
[2.737s] DEBUG:colcon.colcon_core.event_handler.log_command:Invoking command in '/home/ductrung/bumperbot_ws/build/bumperbot_localization': CMAKE_PREFIX_PATH=${CMAKE_PREFIX_PATH}:/opt/ros/humble /usr/bin/cmake --install /home/ductrung/bumperbot_ws/build/bumperbot_localization
[2.841s] Level 1:colcon.colcon_core.environment:create_environment_scripts_only(bumperbot_localization)
[2.842s] Level 1:colcon.colcon_core.environment:checking '/home/ductrung/bumperbot_ws/install/bumperbot_localization' for CMake module files
[2.842s] Level 1:colcon.colcon_core.environment:checking '/home/ductrung/bumperbot_ws/install/bumperbot_localization' for CMake config files
[2.842s] Level 1:colcon.colcon_core.shell:create_environment_hook('bumperbot_localization', 'cmake_prefix_path')
[2.843s] INFO:colcon.colcon_core.shell:Creating environment hook '/home/ductrung/bumperbot_ws/install/bumperbot_localization/share/bumperbot_localization/hook/cmake_prefix_path.ps1'
[2.843s] INFO:colcon.colcon_core.shell:Creating environment descriptor '/home/ductrung/bumperbot_ws/install/bumperbot_localization/share/bumperbot_localization/hook/cmake_prefix_path.dsv'
[2.858s] DEBUG:colcon.colcon_core.event_handler.log_command:Invoked command in '/home/ductrung/bumperbot_ws/build/bumperbot_localization' returned '0': CMAKE_PREFIX_PATH=${CMAKE_PREFIX_PATH}:/opt/ros/humble /usr/bin/cmake --install /home/ductrung/bumperbot_ws/build/bumperbot_localization
[2.859s] INFO:colcon.colcon_core.shell:Creating environment hook '/home/ductrung/bumperbot_ws/install/bumperbot_localization/share/bumperbot_localization/hook/cmake_prefix_path.sh'
[2.861s] Level 1:colcon.colcon_core.environment:checking '/home/ductrung/bumperbot_ws/install/bumperbot_localization/lib'
[2.861s] Level 1:colcon.colcon_core.environment:checking '/home/ductrung/bumperbot_ws/install/bumperbot_localization/bin'
[2.861s] Level 1:colcon.colcon_core.environment:checking '/home/ductrung/bumperbot_ws/install/bumperbot_localization/lib/pkgconfig/bumperbot_localization.pc'
[2.861s] Level 1:colcon.colcon_core.environment:checking '/home/ductrung/bumperbot_ws/install/bumperbot_localization/lib/python3.10/site-packages'
[2.861s] Level 1:colcon.colcon_core.environment:checking '/home/ductrung/bumperbot_ws/install/bumperbot_localization/bin'
[2.862s] INFO:colcon.colcon_core.shell:Creating package script '/home/ductrung/bumperbot_ws/install/bumperbot_localization/share/bumperbot_localization/package.ps1'
[2.866s] INFO:colcon.colcon_core.shell:Creating package descriptor '/home/ductrung/bumperbot_ws/install/bumperbot_localization/share/bumperbot_localization/package.dsv'
[2.867s] INFO:colcon.colcon_core.shell:Creating package script '/home/ductrung/bumperbot_ws/install/bumperbot_localization/share/bumperbot_localization/package.sh'
[2.873s] INFO:colcon.colcon_core.shell:Creating package script '/home/ductrung/bumperbot_ws/install/bumperbot_localization/share/bumperbot_localization/package.bash'
[2.874s] INFO:colcon.colcon_core.shell:Creating package script '/home/ductrung/bumperbot_ws/install/bumperbot_localization/share/bumperbot_localization/package.zsh'
[2.875s] Level 1:colcon.colcon_core.environment:create_file_with_runtime_dependencies(/home/ductrung/bumperbot_ws/install/bumperbot_localization/share/colcon-core/packages/bumperbot_localization)
[2.977s] DEBUG:colcon.colcon_core.event_handler.log_command:Invoked command in '/home/ductrung/bumperbot_ws/build/bumperbot_mapping' returned '0': CMAKE_PREFIX_PATH=${CMAKE_PREFIX_PATH}:/opt/ros/humble /usr/bin/cmake --build /home/ductrung/bumperbot_ws/build/bumperbot_mapping -- -j4 -l4
[2.998s] Level 1:colcon.colcon_core.environment:create_environment_scripts_only(bumperbot_localization)
[2.999s] Level 1:colcon.colcon_core.environment:checking '/home/ductrung/bumperbot_ws/install/bumperbot_localization' for CMake module files
[3.002s] Level 1:colcon.colcon_core.environment:checking '/home/ductrung/bumperbot_ws/install/bumperbot_localization' for CMake config files
[3.002s] Level 1:colcon.colcon_core.shell:create_environment_hook('bumperbot_localization', 'cmake_prefix_path')
[3.002s] INFO:colcon.colcon_core.shell:Creating environment hook '/home/ductrung/bumperbot_ws/install/bumperbot_localization/share/bumperbot_localization/hook/cmake_prefix_path.ps1'
[3.006s] INFO:colcon.colcon_core.shell:Creating environment descriptor '/home/ductrung/bumperbot_ws/install/bumperbot_localization/share/bumperbot_localization/hook/cmake_prefix_path.dsv'
[3.016s] INFO:colcon.colcon_core.shell:Creating environment hook '/home/ductrung/bumperbot_ws/install/bumperbot_localization/share/bumperbot_localization/hook/cmake_prefix_path.sh'
[3.018s] Level 1:colcon.colcon_core.environment:checking '/home/ductrung/bumperbot_ws/install/bumperbot_localization/lib'
[3.018s] Level 1:colcon.colcon_core.environment:checking '/home/ductrung/bumperbot_ws/install/bumperbot_localization/bin'
[3.019s] Level 1:colcon.colcon_core.environment:checking '/home/ductrung/bumperbot_ws/install/bumperbot_localization/lib/pkgconfig/bumperbot_localization.pc'
[3.019s] Level 1:colcon.colcon_core.environment:checking '/home/ductrung/bumperbot_ws/install/bumperbot_localization/lib/python3.10/site-packages'
[3.019s] Level 1:colcon.colcon_core.environment:checking '/home/ductrung/bumperbot_ws/install/bumperbot_localization/bin'
[3.019s] INFO:colcon.colcon_core.shell:Creating package script '/home/ductrung/bumperbot_ws/install/bumperbot_localization/share/bumperbot_localization/package.ps1'
[3.020s] INFO:colcon.colcon_core.shell:Creating package descriptor '/home/ductrung/bumperbot_ws/install/bumperbot_localization/share/bumperbot_localization/package.dsv'
[3.021s] INFO:colcon.colcon_core.shell:Creating package script '/home/ductrung/bumperbot_ws/install/bumperbot_localization/share/bumperbot_localization/package.sh'
[3.023s] INFO:colcon.colcon_core.shell:Creating package script '/home/ductrung/bumperbot_ws/install/bumperbot_localization/share/bumperbot_localization/package.bash'
[3.027s] INFO:colcon.colcon_core.shell:Creating package script '/home/ductrung/bumperbot_ws/install/bumperbot_localization/share/bumperbot_localization/package.zsh'
[3.028s] Level 1:colcon.colcon_core.environment:create_file_with_runtime_dependencies(/home/ductrung/bumperbot_ws/install/bumperbot_localization/share/colcon-core/packages/bumperbot_localization)
[3.032s] INFO:colcon.colcon_ros.task.ament_cmake.build:Building ROS package in '/home/ductrung/bumperbot_ws/src/bumperbot_utils' with build type 'ament_cmake'
[3.033s] INFO:colcon.colcon_cmake.task.cmake.build:Building CMake package in '/home/ductrung/bumperbot_ws/src/bumperbot_utils'
[3.034s] INFO:colcon.colcon_core.shell:Skip shell extension 'powershell' for command environment: Not usable outside of PowerShell
[3.034s] DEBUG:colcon.colcon_core.shell:Skip shell extension 'dsv' for command environment
[3.071s] DEBUG:colcon.colcon_core.event_handler.log_command:Invoking command in '/home/ductrung/bumperbot_ws/build/bumperbot_utils': CMAKE_PREFIX_PATH=${CMAKE_PREFIX_PATH}:/opt/ros/humble /usr/bin/cmake --build /home/ductrung/bumperbot_ws/build/bumperbot_utils -- -j4 -l4
[3.137s] DEBUG:colcon.colcon_core.event_handler.log_command:Invoking command in '/home/ductrung/bumperbot_ws/build/bumperbot_mapping': CMAKE_PREFIX_PATH=${CMAKE_PREFIX_PATH}:/opt/ros/humble /usr/bin/cmake --install /home/ductrung/bumperbot_ws/build/bumperbot_mapping
[3.254s] Level 1:colcon.colcon_core.environment:create_environment_scripts_only(bumperbot_mapping)
[3.254s] Level 1:colcon.colcon_core.environment:checking '/home/ductrung/bumperbot_ws/install/bumperbot_mapping' for CMake module files
[3.255s] DEBUG:colcon.colcon_core.event_handler.log_command:Invoked command in '/home/ductrung/bumperbot_ws/build/bumperbot_mapping' returned '0': CMAKE_PREFIX_PATH=${CMAKE_PREFIX_PATH}:/opt/ros/humble /usr/bin/cmake --install /home/ductrung/bumperbot_ws/build/bumperbot_mapping
[3.255s] Level 1:colcon.colcon_core.environment:checking '/home/ductrung/bumperbot_ws/install/bumperbot_mapping' for CMake config files
[3.258s] Level 1:colcon.colcon_core.shell:create_environment_hook('bumperbot_mapping', 'cmake_prefix_path')
[3.258s] INFO:colcon.colcon_core.shell:Creating environment hook '/home/ductrung/bumperbot_ws/install/bumperbot_mapping/share/bumperbot_mapping/hook/cmake_prefix_path.ps1'
[3.259s] INFO:colcon.colcon_core.shell:Creating environment descriptor '/home/ductrung/bumperbot_ws/install/bumperbot_mapping/share/bumperbot_mapping/hook/cmake_prefix_path.dsv'
[3.260s] INFO:colcon.colcon_core.shell:Creating environment hook '/home/ductrung/bumperbot_ws/install/bumperbot_mapping/share/bumperbot_mapping/hook/cmake_prefix_path.sh'
[3.261s] Level 1:colcon.colcon_core.environment:checking '/home/ductrung/bumperbot_ws/install/bumperbot_mapping/lib'
[3.261s] Level 1:colcon.colcon_core.environment:checking '/home/ductrung/bumperbot_ws/install/bumperbot_mapping/bin'
[3.261s] Level 1:colcon.colcon_core.environment:checking '/home/ductrung/bumperbot_ws/install/bumperbot_mapping/lib/pkgconfig/bumperbot_mapping.pc'
[3.262s] Level 1:colcon.colcon_core.environment:checking '/home/ductrung/bumperbot_ws/install/bumperbot_mapping/lib/python3.10/site-packages'
[3.262s] Level 1:colcon.colcon_core.environment:checking '/home/ductrung/bumperbot_ws/install/bumperbot_mapping/bin'
[3.262s] INFO:colcon.colcon_core.shell:Creating package script '/home/ductrung/bumperbot_ws/install/bumperbot_mapping/share/bumperbot_mapping/package.ps1'
[3.263s] INFO:colcon.colcon_core.shell:Creating package descriptor '/home/ductrung/bumperbot_ws/install/bumperbot_mapping/share/bumperbot_mapping/package.dsv'
[3.274s] INFO:colcon.colcon_core.shell:Creating package script '/home/ductrung/bumperbot_ws/install/bumperbot_mapping/share/bumperbot_mapping/package.sh'
[3.275s] INFO:colcon.colcon_core.shell:Creating package script '/home/ductrung/bumperbot_ws/install/bumperbot_mapping/share/bumperbot_mapping/package.bash'
[3.275s] INFO:colcon.colcon_core.shell:Creating package script '/home/ductrung/bumperbot_ws/install/bumperbot_mapping/share/bumperbot_mapping/package.zsh'
[3.276s] Level 1:colcon.colcon_core.environment:create_file_with_runtime_dependencies(/home/ductrung/bumperbot_ws/install/bumperbot_mapping/share/colcon-core/packages/bumperbot_mapping)
[3.285s] Level 1:colcon.colcon_core.environment:create_environment_scripts_only(bumperbot_msgs)
[3.285s] Level 1:colcon.colcon_core.environment:checking '/home/ductrung/bumperbot_ws/install/bumperbot_msgs' for CMake module files
[3.286s] Level 1:colcon.colcon_core.environment:checking '/home/ductrung/bumperbot_ws/install/bumperbot_msgs' for CMake config files
[3.286s] Level 1:colcon.colcon_core.shell:create_environment_hook('bumperbot_msgs', 'cmake_prefix_path')
[3.286s] INFO:colcon.colcon_core.shell:Creating environment hook '/home/ductrung/bumperbot_ws/install/bumperbot_msgs/share/bumperbot_msgs/hook/cmake_prefix_path.ps1'
[3.287s] INFO:colcon.colcon_core.shell:Creating environment descriptor '/home/ductrung/bumperbot_ws/install/bumperbot_msgs/share/bumperbot_msgs/hook/cmake_prefix_path.dsv'
[3.287s] INFO:colcon.colcon_core.shell:Creating environment hook '/home/ductrung/bumperbot_ws/install/bumperbot_msgs/share/bumperbot_msgs/hook/cmake_prefix_path.sh'
[3.288s] Level 1:colcon.colcon_core.environment:checking '/home/ductrung/bumperbot_ws/install/bumperbot_msgs/lib'
[3.288s] Level 1:colcon.colcon_core.shell:create_environment_hook('bumperbot_msgs', 'ld_library_path_lib')
[3.288s] INFO:colcon.colcon_core.shell:Creating environment hook '/home/ductrung/bumperbot_ws/install/bumperbot_msgs/share/bumperbot_msgs/hook/ld_library_path_lib.ps1'
[3.288s] INFO:colcon.colcon_core.shell:Creating environment descriptor '/home/ductrung/bumperbot_ws/install/bumperbot_msgs/share/bumperbot_msgs/hook/ld_library_path_lib.dsv'
[3.289s] INFO:colcon.colcon_core.shell:Creating environment hook '/home/ductrung/bumperbot_ws/install/bumperbot_msgs/share/bumperbot_msgs/hook/ld_library_path_lib.sh'
[3.289s] Level 1:colcon.colcon_core.environment:checking '/home/ductrung/bumperbot_ws/install/bumperbot_msgs/bin'
[3.289s] Level 1:colcon.colcon_core.environment:checking '/home/ductrung/bumperbot_ws/install/bumperbot_msgs/lib/pkgconfig/bumperbot_msgs.pc'
[3.289s] Level 1:colcon.colcon_core.environment:checking '/home/ductrung/bumperbot_ws/install/bumperbot_msgs/lib/python3.10/site-packages'
[3.290s] Level 1:colcon.colcon_core.environment:checking '/home/ductrung/bumperbot_ws/install/bumperbot_msgs/bin'
[3.290s] INFO:colcon.colcon_core.shell:Creating package script '/home/ductrung/bumperbot_ws/install/bumperbot_msgs/share/bumperbot_msgs/package.ps1'
[3.290s] INFO:colcon.colcon_core.shell:Creating package descriptor '/home/ductrung/bumperbot_ws/install/bumperbot_msgs/share/bumperbot_msgs/package.dsv'
[3.291s] INFO:colcon.colcon_core.shell:Creating package script '/home/ductrung/bumperbot_ws/install/bumperbot_msgs/share/bumperbot_msgs/package.sh'
[3.291s] INFO:colcon.colcon_core.shell:Creating package script '/home/ductrung/bumperbot_ws/install/bumperbot_msgs/share/bumperbot_msgs/package.bash'
[3.292s] INFO:colcon.colcon_core.shell:Creating package script '/home/ductrung/bumperbot_ws/install/bumperbot_msgs/share/bumperbot_msgs/package.zsh'
[3.292s] Level 1:colcon.colcon_core.environment:create_file_with_runtime_dependencies(/home/ductrung/bumperbot_ws/install/bumperbot_msgs/share/colcon-core/packages/bumperbot_msgs)
[3.300s] INFO:colcon.colcon_ros.task.ament_cmake.build:Building ROS package in '/home/ductrung/bumperbot_ws/src/bumperbot_bringup' with build type 'ament_cmake'
[3.301s] INFO:colcon.colcon_cmake.task.cmake.build:Building CMake package in '/home/ductrung/bumperbot_ws/src/bumperbot_bringup'
[3.301s] INFO:colcon.colcon_core.shell:Skip shell extension 'powershell' for command environment: Not usable outside of PowerShell
[3.301s] DEBUG:colcon.colcon_core.shell:Skip shell extension 'dsv' for command environment
[3.378s] DEBUG:colcon.colcon_core.event_handler.log_command:Invoking command in '/home/ductrung/bumperbot_ws/build/bumperbot_bringup': AMENT_PREFIX_PATH=/home/ductrung/bumperbot_ws/install/bumperbot_firmware:/home/ductrung/bumperbot_ws/install/bumperbot_description:/home/ductrung/bumperbot_ws/install/bumperbot_controller:${AMENT_PREFIX_PATH} CMAKE_PREFIX_PATH=/home/ductrung/bumperbot_ws/install/bumperbot_firmware:/home/ductrung/bumperbot_ws/install/bumperbot_description:/home/ductrung/bumperbot_ws/install/bumperbot_controller:/home/ductrung/ros2_ws/install/my_robot_bringup:/home/ductrung/ros2_ws/install/my_robot_description:/opt/ros/humble LD_LIBRARY_PATH=/home/ductrung/bumperbot_ws/install/bumperbot_firmware/lib:/usr/lib/x86_64-linux-gnu/gazebo-11/plugins:/opt/ros/humble/opt/rviz_ogre_vendor/lib:/opt/ros/humble/lib/x86_64-linux-gnu:/opt/ros/humble/lib:/usr/share/gazebo/../../lib/x86_64-linux-gnu/gazebo-11/plugins PYTHONPATH=/home/ductrung/bumperbot_ws/install/bumperbot_firmware/local/lib/python3.10/dist-packages:/home/ductrung/bumperbot_ws/install/bumperbot_controller/local/lib/python3.10/dist-packages:${PYTHONPATH} /usr/bin/cmake --build /home/ductrung/bumperbot_ws/build/bumperbot_bringup -- -j4 -l4
[3.505s] DEBUG:colcon.colcon_core.event_handler.log_command:Invoked command in '/home/ductrung/bumperbot_ws/build/bumperbot_bringup' returned '0': AMENT_PREFIX_PATH=/home/ductrung/bumperbot_ws/install/bumperbot_firmware:/home/ductrung/bumperbot_ws/install/bumperbot_description:/home/ductrung/bumperbot_ws/install/bumperbot_controller:${AMENT_PREFIX_PATH} CMAKE_PREFIX_PATH=/home/ductrung/bumperbot_ws/install/bumperbot_firmware:/home/ductrung/bumperbot_ws/install/bumperbot_description:/home/ductrung/bumperbot_ws/install/bumperbot_controller:/home/ductrung/ros2_ws/install/my_robot_bringup:/home/ductrung/ros2_ws/install/my_robot_description:/opt/ros/humble LD_LIBRARY_PATH=/home/ductrung/bumperbot_ws/install/bumperbot_firmware/lib:/usr/lib/x86_64-linux-gnu/gazebo-11/plugins:/opt/ros/humble/opt/rviz_ogre_vendor/lib:/opt/ros/humble/lib/x86_64-linux-gnu:/opt/ros/humble/lib:/usr/share/gazebo/../../lib/x86_64-linux-gnu/gazebo-11/plugins PYTHONPATH=/home/ductrung/bumperbot_ws/install/bumperbot_firmware/local/lib/python3.10/dist-packages:/home/ductrung/bumperbot_ws/install/bumperbot_controller/local/lib/python3.10/dist-packages:${PYTHONPATH} /usr/bin/cmake --build /home/ductrung/bumperbot_ws/build/bumperbot_bringup -- -j4 -l4
[3.519s] Level 1:colcon.colcon_core.environment:create_environment_scripts_only(bumperbot_mapping)
[3.521s] Level 1:colcon.colcon_core.environment:checking '/home/ductrung/bumperbot_ws/install/bumperbot_mapping' for CMake module files
[3.521s] Level 1:colcon.colcon_core.environment:checking '/home/ductrung/bumperbot_ws/install/bumperbot_mapping' for CMake config files
[3.521s] Level 1:colcon.colcon_core.shell:create_environment_hook('bumperbot_mapping', 'cmake_prefix_path')
[3.521s] INFO:colcon.colcon_core.shell:Creating environment hook '/home/ductrung/bumperbot_ws/install/bumperbot_mapping/share/bumperbot_mapping/hook/cmake_prefix_path.ps1'
[3.522s] INFO:colcon.colcon_core.shell:Creating environment descriptor '/home/ductrung/bumperbot_ws/install/bumperbot_mapping/share/bumperbot_mapping/hook/cmake_prefix_path.dsv'
[3.545s] INFO:colcon.colcon_core.shell:Creating environment hook '/home/ductrung/bumperbot_ws/install/bumperbot_mapping/share/bumperbot_mapping/hook/cmake_prefix_path.sh'
[3.547s] Level 1:colcon.colcon_core.environment:checking '/home/ductrung/bumperbot_ws/install/bumperbot_mapping/lib'
[3.547s] Level 1:colcon.colcon_core.environment:checking '/home/ductrung/bumperbot_ws/install/bumperbot_mapping/bin'
[3.547s] Level 1:colcon.colcon_core.environment:checking '/home/ductrung/bumperbot_ws/install/bumperbot_mapping/lib/pkgconfig/bumperbot_mapping.pc'
[3.547s] Level 1:colcon.colcon_core.environment:checking '/home/ductrung/bumperbot_ws/install/bumperbot_mapping/lib/python3.10/site-packages'
[3.548s] Level 1:colcon.colcon_core.environment:checking '/home/ductrung/bumperbot_ws/install/bumperbot_mapping/bin'
[3.548s] INFO:colcon.colcon_core.shell:Creating package script '/home/ductrung/bumperbot_ws/install/bumperbot_mapping/share/bumperbot_mapping/package.ps1'
[3.549s] INFO:colcon.colcon_core.shell:Creating package descriptor '/home/ductrung/bumperbot_ws/install/bumperbot_mapping/share/bumperbot_mapping/package.dsv'
[3.550s] INFO:colcon.colcon_core.shell:Creating package script '/home/ductrung/bumperbot_ws/install/bumperbot_mapping/share/bumperbot_mapping/package.sh'
[3.551s] INFO:colcon.colcon_core.shell:Creating package script '/home/ductrung/bumperbot_ws/install/bumperbot_mapping/share/bumperbot_mapping/package.bash'
[3.591s] INFO:colcon.colcon_core.shell:Creating package script '/home/ductrung/bumperbot_ws/install/bumperbot_mapping/share/bumperbot_mapping/package.zsh'
[3.593s] Level 1:colcon.colcon_core.environment:create_file_with_runtime_dependencies(/home/ductrung/bumperbot_ws/install/bumperbot_mapping/share/colcon-core/packages/bumperbot_mapping)
[3.614s] INFO:colcon.colcon_ros.task.ament_cmake.build:Building ROS package in '/home/ductrung/bumperbot_ws/src/bumperbot_cpp_examples' with build type 'ament_cmake'
[3.615s] INFO:colcon.colcon_cmake.task.cmake.build:Building CMake package in '/home/ductrung/bumperbot_ws/src/bumperbot_cpp_examples'
[3.615s] INFO:colcon.colcon_core.shell:Skip shell extension 'powershell' for command environment: Not usable outside of PowerShell
[3.615s] DEBUG:colcon.colcon_core.shell:Skip shell extension 'dsv' for command environment
[3.780s] DEBUG:colcon.colcon_core.event_handler.log_command:Invoking command in '/home/ductrung/bumperbot_ws/build/bumperbot_cpp_examples': AMENT_PREFIX_PATH=/home/ductrung/bumperbot_ws/install/bumperbot_msgs:${AMENT_PREFIX_PATH} CMAKE_PREFIX_PATH=/home/ductrung/bumperbot_ws/install/bumperbot_msgs:/home/ductrung/ros2_ws/install/my_robot_bringup:/home/ductrung/ros2_ws/install/my_robot_description:/opt/ros/humble LD_LIBRARY_PATH=/home/ductrung/bumperbot_ws/install/bumperbot_msgs/lib:/usr/lib/x86_64-linux-gnu/gazebo-11/plugins:/opt/ros/humble/opt/rviz_ogre_vendor/lib:/opt/ros/humble/lib/x86_64-linux-gnu:/opt/ros/humble/lib:/usr/share/gazebo/../../lib/x86_64-linux-gnu/gazebo-11/plugins PYTHONPATH=/home/ductrung/bumperbot_ws/install/bumperbot_msgs/local/lib/python3.10/dist-packages:${PYTHONPATH} /usr/bin/cmake --build /home/ductrung/bumperbot_ws/build/bumperbot_cpp_examples -- -j4 -l4
[3.780s] DEBUG:colcon.colcon_core.event_handler.log_command:Invoking command in '/home/ductrung/bumperbot_ws/build/bumperbot_bringup': AMENT_PREFIX_PATH=/home/ductrung/bumperbot_ws/install/bumperbot_firmware:/home/ductrung/bumperbot_ws/install/bumperbot_description:/home/ductrung/bumperbot_ws/install/bumperbot_controller:${AMENT_PREFIX_PATH} CMAKE_PREFIX_PATH=/home/ductrung/bumperbot_ws/install/bumperbot_firmware:/home/ductrung/bumperbot_ws/install/bumperbot_description:/home/ductrung/bumperbot_ws/install/bumperbot_controller:/home/ductrung/ros2_ws/install/my_robot_bringup:/home/ductrung/ros2_ws/install/my_robot_description:/opt/ros/humble LD_LIBRARY_PATH=/home/ductrung/bumperbot_ws/install/bumperbot_firmware/lib:/usr/lib/x86_64-linux-gnu/gazebo-11/plugins:/opt/ros/humble/opt/rviz_ogre_vendor/lib:/opt/ros/humble/lib/x86_64-linux-gnu:/opt/ros/humble/lib:/usr/share/gazebo/../../lib/x86_64-linux-gnu/gazebo-11/plugins PYTHONPATH=/home/ductrung/bumperbot_ws/install/bumperbot_firmware/local/lib/python3.10/dist-packages:/home/ductrung/bumperbot_ws/install/bumperbot_controller/local/lib/python3.10/dist-packages:${PYTHONPATH} /usr/bin/cmake --install /home/ductrung/bumperbot_ws/build/bumperbot_bringup
[3.800s] DEBUG:colcon.colcon_core.event_handler.log_command:Invoked command in '/home/ductrung/bumperbot_ws/build/bumperbot_navigation' returned '2': /usr/bin/cmake --build /home/ductrung/bumperbot_ws/build/bumperbot_navigation -- -j4 -l4
[4.146s] DEBUG:colcon.colcon_parallel_executor.executor.parallel:closing loop
[4.147s] DEBUG:colcon.colcon_parallel_executor.executor.parallel:loop closed
[4.148s] DEBUG:colcon.colcon_parallel_executor.executor.parallel:run_until_complete finished with '2'
[4.148s] DEBUG:colcon.colcon_core.event_reactor:joining thread
[4.156s] INFO:colcon.colcon_core.plugin_system:Skipping extension 'colcon_notification.desktop_notification.terminal_notifier': Not used on non-Darwin systems
[4.156s] INFO:colcon.colcon_core.plugin_system:Skipping extension 'colcon_notification.desktop_notification.win32': Not used on non-Windows systems
[4.156s] INFO:colcon.colcon_notification.desktop_notification:Sending desktop notification using 'notify2'
[4.196s] DEBUG:colcon.colcon_core.event_reactor:joined thread
[4.197s] INFO:colcon.colcon_core.shell:Creating prefix script '/home/ductrung/bumperbot_ws/install/local_setup.ps1'
[4.198s] INFO:colcon.colcon_core.shell:Creating prefix util module '/home/ductrung/bumperbot_ws/install/_local_setup_util_ps1.py'
[4.199s] INFO:colcon.colcon_core.shell:Creating prefix chain script '/home/ductrung/bumperbot_ws/install/setup.ps1'
[4.201s] INFO:colcon.colcon_core.shell:Creating prefix script '/home/ductrung/bumperbot_ws/install/local_setup.sh'
[4.203s] INFO:colcon.colcon_core.shell:Creating prefix util module '/home/ductrung/bumperbot_ws/install/_local_setup_util_sh.py'
[4.204s] INFO:colcon.colcon_core.shell:Creating prefix chain script '/home/ductrung/bumperbot_ws/install/setup.sh'
[4.206s] INFO:colcon.colcon_core.shell:Creating prefix script '/home/ductrung/bumperbot_ws/install/local_setup.bash'
[4.207s] INFO:colcon.colcon_core.shell:Creating prefix chain script '/home/ductrung/bumperbot_ws/install/setup.bash'
[4.209s] INFO:colcon.colcon_core.shell:Creating prefix script '/home/ductrung/bumperbot_ws/install/local_setup.zsh'
[4.210s] INFO:colcon.colcon_core.shell:Creating prefix chain script '/home/ductrung/bumperbot_ws/install/setup.zsh'
