[0.038s] Invoking command in '/home/ductrung/bumperbot_ws/build/bumperbot_navigation': CMAKE_PREFIX_PATH=${CMAKE_PREFIX_PATH}:/opt/ros/humble /usr/bin/cmake --build /home/ductrung/bumperbot_ws/build/bumperbot_navigation -- -j4 -l4
[0.194s] Invoked command in '/home/ductrung/bumperbot_ws/build/bumperbot_navigation' returned '0': CMAKE_PREFIX_PATH=${CMAKE_PREFIX_PATH}:/opt/ros/humble /usr/bin/cmake --build /home/ductrung/bumperbot_ws/build/bumperbot_navigation -- -j4 -l4
[0.329s] Invoking command in '/home/ductrung/bumperbot_ws/build/bumperbot_navigation': CMAKE_PREFIX_PATH=${CMAKE_PREFIX_PATH}:/opt/ros/humble /usr/bin/cmake --install /home/ductrung/bumperbot_ws/build/bumperbot_navigation
[0.372s] -- Install configuration: ""
[0.384s] -- Installing: /home/ductrung/bumperbot_ws/install/bumperbot_navigation/share/ament_index/resource_index/package_run_dependencies/bumperbot_navigation
[0.386s] -- Installing: /home/ductrung/bumperbot_ws/install/bumperbot_navigation/share/ament_index/resource_index/parent_prefix_path/bumperbot_navigation
[0.386s] -- Installing: /home/ductrung/bumperbot_ws/install/bumperbot_navigation/share/bumperbot_navigation/environment/ament_prefix_path.sh
[0.386s] -- Installing: /home/ductrung/bumperbot_ws/install/bumperbot_navigation/share/bumperbot_navigation/environment/ament_prefix_path.dsv
[0.386s] -- Installing: /home/ductrung/bumperbot_ws/install/bumperbot_navigation/share/bumperbot_navigation/environment/path.sh
[0.386s] -- Installing: /home/ductrung/bumperbot_ws/install/bumperbot_navigation/share/bumperbot_navigation/environment/path.dsv
[0.386s] -- Installing: /home/ductrung/bumperbot_ws/install/bumperbot_navigation/share/bumperbot_navigation/local_setup.bash
[0.387s] -- Installing: /home/ductrung/bumperbot_ws/install/bumperbot_navigation/share/bumperbot_navigation/local_setup.sh
[0.388s] -- Installing: /home/ductrung/bumperbot_ws/install/bumperbot_navigation/share/bumperbot_navigation/local_setup.zsh
[0.388s] -- Installing: /home/ductrung/bumperbot_ws/install/bumperbot_navigation/share/bumperbot_navigation/local_setup.dsv
[0.389s] -- Installing: /home/ductrung/bumperbot_ws/install/bumperbot_navigation/share/bumperbot_navigation/package.dsv
[0.389s] -- Installing: /home/ductrung/bumperbot_ws/install/bumperbot_navigation/share/ament_index/resource_index/packages/bumperbot_navigation
[0.397s] -- Installing: /home/ductrung/bumperbot_ws/install/bumperbot_navigation/share/bumperbot_navigation/cmake/bumperbot_navigationConfig.cmake
[0.398s] -- Installing: /home/ductrung/bumperbot_ws/install/bumperbot_navigation/share/bumperbot_navigation/cmake/bumperbot_navigationConfig-version.cmake
[0.398s] -- Installing: /home/ductrung/bumperbot_ws/install/bumperbot_navigation/share/bumperbot_navigation/package.xml
[0.401s] Invoked command in '/home/ductrung/bumperbot_ws/build/bumperbot_navigation' returned '0': CMAKE_PREFIX_PATH=${CMAKE_PREFIX_PATH}:/opt/ros/humble /usr/bin/cmake --install /home/ductrung/bumperbot_ws/build/bumperbot_navigation
