[0.018s] Invoking command in '/home/ductrung/bumperbot_ws/build/bumperbot_utils': CMAKE_PREFIX_PATH=${CMAKE_PREFIX_PATH}:/opt/ros/humble /usr/bin/cmake /home/ductrung/bumperbot_ws/src/bumperbot_utils -DCMAKE_INSTALL_PREFIX=/home/ductrung/bumperbot_ws/install/bumperbot_utils
[0.328s] -- The C compiler identification is GNU 11.4.0
[0.527s] -- The CXX compiler identification is GNU 11.4.0
[0.570s] -- Detecting C compiler ABI info
[0.716s] -- Detecting C compiler ABI info - done
[0.730s] -- Check for working C compiler: /usr/bin/cc - skipped
[0.743s] -- Detecting C compile features
[0.747s] -- Detecting C compile features - done
[0.757s] -- Detecting CXX compiler ABI info
[0.865s] -- Detecting CXX compiler ABI info - done
[0.871s] -- Check for working CXX compiler: /usr/bin/c++ - skipped
[0.871s] -- Detecting CXX compile features
[0.871s] -- Detecting CXX compile features - done
[0.880s] -- Found ament_cmake: 1.3.10 (/opt/ros/humble/share/ament_cmake/cmake)
[1.068s] -- Found Python3: /usr/bin/python3 (found version "3.10.12") found components: Interpreter 
[1.210s] -- Found rclpy: 3.3.14 (/opt/ros/humble/share/rclpy/cmake)
[1.211s] -- Found std_msgs: 4.2.4 (/opt/ros/humble/share/std_msgs/cmake)
[1.320s] -- Found rosidl_generator_c: 3.1.5 (/opt/ros/humble/share/rosidl_generator_c/cmake)
[1.331s] -- Found rosidl_adapter: 3.1.5 (/opt/ros/humble/share/rosidl_adapter/cmake)
[1.364s] -- Found rosidl_generator_cpp: 3.1.5 (/opt/ros/humble/share/rosidl_generator_cpp/cmake)
[1.388s] -- Using all available rosidl_typesupport_c: rosidl_typesupport_fastrtps_c;rosidl_typesupport_introspection_c
[1.416s] -- Using all available rosidl_typesupport_cpp: rosidl_typesupport_fastrtps_cpp;rosidl_typesupport_introspection_cpp
[1.462s] -- Found sensor_msgs: 4.2.4 (/opt/ros/humble/share/sensor_msgs/cmake)
[1.616s] -- Found ament_lint_auto: 0.12.11 (/opt/ros/humble/share/ament_lint_auto/cmake)
[1.709s] -- Added test 'flake8' to check Python code syntax and style conventions
[1.710s] -- Added test 'lint_cmake' to check CMake code style
[1.710s] -- Added test 'pep257' to check Python code against some of the docstring style conventions in PEP 257
[1.712s] -- Added test 'xmllint' to check XML markup files
[1.715s] -- Configuring done
[1.720s] -- Generating done
[1.725s] -- Build files have been written to: /home/ductrung/bumperbot_ws/build/bumperbot_utils
[1.731s] Invoked command in '/home/ductrung/bumperbot_ws/build/bumperbot_utils' returned '0': CMAKE_PREFIX_PATH=${CMAKE_PREFIX_PATH}:/opt/ros/humble /usr/bin/cmake /home/ductrung/bumperbot_ws/src/bumperbot_utils -DCMAKE_INSTALL_PREFIX=/home/ductrung/bumperbot_ws/install/bumperbot_utils
[1.732s] Invoking command in '/home/ductrung/bumperbot_ws/build/bumperbot_utils': CMAKE_PREFIX_PATH=${CMAKE_PREFIX_PATH}:/opt/ros/humble /usr/bin/cmake --build /home/ductrung/bumperbot_ws/build/bumperbot_utils -- -j4 -l4
[1.815s] Built target ament_cmake_python_copy_bumperbot_utils
[2.033s] running egg_info
[2.033s] creating bumperbot_utils.egg-info
[2.033s] writing bumperbot_utils.egg-info/PKG-INFO
[2.034s] writing dependency_links to bumperbot_utils.egg-info/dependency_links.txt
[2.034s] writing top-level names to bumperbot_utils.egg-info/top_level.txt
[2.034s] writing manifest file 'bumperbot_utils.egg-info/SOURCES.txt'
[2.036s] reading manifest file 'bumperbot_utils.egg-info/SOURCES.txt'
[2.036s] writing manifest file 'bumperbot_utils.egg-info/SOURCES.txt'
[2.064s] Built target ament_cmake_python_build_bumperbot_utils_egg
[2.088s] Invoked command in '/home/ductrung/bumperbot_ws/build/bumperbot_utils' returned '0': CMAKE_PREFIX_PATH=${CMAKE_PREFIX_PATH}:/opt/ros/humble /usr/bin/cmake --build /home/ductrung/bumperbot_ws/build/bumperbot_utils -- -j4 -l4
[2.128s] Invoking command in '/home/ductrung/bumperbot_ws/build/bumperbot_utils': CMAKE_PREFIX_PATH=${CMAKE_PREFIX_PATH}:/opt/ros/humble /usr/bin/cmake --install /home/ductrung/bumperbot_ws/build/bumperbot_utils
[2.137s] -- Install configuration: ""
[2.137s] -- Installing: /home/ductrung/bumperbot_ws/install/bumperbot_utils/share/bumperbot_utils/environment/pythonpath.sh
[2.137s] -- Installing: /home/ductrung/bumperbot_ws/install/bumperbot_utils/share/bumperbot_utils/environment/pythonpath.dsv
[2.137s] -- Installing: /home/ductrung/bumperbot_ws/install/bumperbot_utils/local/lib/python3.10/dist-packages/bumperbot_utils-0.0.0-py3.10.egg-info
[2.137s] -- Installing: /home/ductrung/bumperbot_ws/install/bumperbot_utils/local/lib/python3.10/dist-packages/bumperbot_utils-0.0.0-py3.10.egg-info/dependency_links.txt
[2.137s] -- Installing: /home/ductrung/bumperbot_ws/install/bumperbot_utils/local/lib/python3.10/dist-packages/bumperbot_utils-0.0.0-py3.10.egg-info/top_level.txt
[2.137s] -- Installing: /home/ductrung/bumperbot_ws/install/bumperbot_utils/local/lib/python3.10/dist-packages/bumperbot_utils-0.0.0-py3.10.egg-info/SOURCES.txt
[2.137s] -- Installing: /home/ductrung/bumperbot_ws/install/bumperbot_utils/local/lib/python3.10/dist-packages/bumperbot_utils-0.0.0-py3.10.egg-info/PKG-INFO
[2.137s] -- Installing: /home/ductrung/bumperbot_ws/install/bumperbot_utils/local/lib/python3.10/dist-packages/bumperbot_utils
[2.137s] -- Installing: /home/ductrung/bumperbot_ws/install/bumperbot_utils/local/lib/python3.10/dist-packages/bumperbot_utils/__init__.py
[2.138s] -- Installing: /home/ductrung/bumperbot_ws/install/bumperbot_utils/local/lib/python3.10/dist-packages/bumperbot_utils/safety_stop.py
[2.167s] Listing '/home/ductrung/bumperbot_ws/install/bumperbot_utils/local/lib/python3.10/dist-packages/bumperbot_utils'...
[2.167s] Compiling '/home/ductrung/bumperbot_ws/install/bumperbot_utils/local/lib/python3.10/dist-packages/bumperbot_utils/__init__.py'...
[2.168s] Compiling '/home/ductrung/bumperbot_ws/install/bumperbot_utils/local/lib/python3.10/dist-packages/bumperbot_utils/safety_stop.py'...
[2.171s] -- Installing: /home/ductrung/bumperbot_ws/install/bumperbot_utils/lib/bumperbot_utils/safety_stop.py
[2.171s] -- Installing: /home/ductrung/bumperbot_ws/install/bumperbot_utils/share/ament_index/resource_index/package_run_dependencies/bumperbot_utils
[2.171s] -- Installing: /home/ductrung/bumperbot_ws/install/bumperbot_utils/share/ament_index/resource_index/parent_prefix_path/bumperbot_utils
[2.171s] -- Installing: /home/ductrung/bumperbot_ws/install/bumperbot_utils/share/bumperbot_utils/environment/ament_prefix_path.sh
[2.171s] -- Installing: /home/ductrung/bumperbot_ws/install/bumperbot_utils/share/bumperbot_utils/environment/ament_prefix_path.dsv
[2.172s] -- Installing: /home/ductrung/bumperbot_ws/install/bumperbot_utils/share/bumperbot_utils/environment/path.sh
[2.172s] -- Installing: /home/ductrung/bumperbot_ws/install/bumperbot_utils/share/bumperbot_utils/environment/path.dsv
[2.172s] -- Installing: /home/ductrung/bumperbot_ws/install/bumperbot_utils/share/bumperbot_utils/local_setup.bash
[2.172s] -- Installing: /home/ductrung/bumperbot_ws/install/bumperbot_utils/share/bumperbot_utils/local_setup.sh
[2.172s] -- Installing: /home/ductrung/bumperbot_ws/install/bumperbot_utils/share/bumperbot_utils/local_setup.zsh
[2.172s] -- Installing: /home/ductrung/bumperbot_ws/install/bumperbot_utils/share/bumperbot_utils/local_setup.dsv
[2.172s] -- Installing: /home/ductrung/bumperbot_ws/install/bumperbot_utils/share/bumperbot_utils/package.dsv
[2.172s] -- Installing: /home/ductrung/bumperbot_ws/install/bumperbot_utils/share/ament_index/resource_index/packages/bumperbot_utils
[2.172s] -- Installing: /home/ductrung/bumperbot_ws/install/bumperbot_utils/share/bumperbot_utils/cmake/bumperbot_utilsConfig.cmake
[2.172s] -- Installing: /home/ductrung/bumperbot_ws/install/bumperbot_utils/share/bumperbot_utils/cmake/bumperbot_utilsConfig-version.cmake
[2.172s] -- Installing: /home/ductrung/bumperbot_ws/install/bumperbot_utils/share/bumperbot_utils/package.xml
[2.175s] Invoked command in '/home/ductrung/bumperbot_ws/build/bumperbot_utils' returned '0': CMAKE_PREFIX_PATH=${CMAKE_PREFIX_PATH}:/opt/ros/humble /usr/bin/cmake --install /home/ductrung/bumperbot_ws/build/bumperbot_utils
