[0.037s] Invoking command in '/home/ductrung/bumperbot_ws/build/bumperbot_controller': CMAKE_PREFIX_PATH=${CMAKE_PREFIX_PATH}:/opt/ros/humble /usr/bin/cmake --build /home/ductrung/bumperbot_ws/build/bumperbot_controller -- -j4 -l4
[0.162s] [ 50%] Built target noisy_controller
[0.177s] [100%] Built target simple_controller
[0.189s] [100%] Built target ament_cmake_python_copy_bumperbot_controller
[0.519s] running egg_info
[0.526s] writing bumperbot_controller.egg-info/PKG-INFO
[0.526s] writing dependency_links to bumperbot_controller.egg-info/dependency_links.txt
[0.526s] writing top-level names to bumperbot_controller.egg-info/top_level.txt
[0.544s] reading manifest file 'bumperbot_controller.egg-info/SOURCES.txt'
[0.544s] writing manifest file 'bumperbot_controller.egg-info/SOURCES.txt'
[0.590s] [100%] Built target ament_cmake_python_build_bumperbot_controller_egg
[0.602s] Invoked command in '/home/ductrung/bumperbot_ws/build/bumperbot_controller' returned '0': CMAKE_PREFIX_PATH=${CMAKE_PREFIX_PATH}:/opt/ros/humble /usr/bin/cmake --build /home/ductrung/bumperbot_ws/build/bumperbot_controller -- -j4 -l4
[0.713s] Invoking command in '/home/ductrung/bumperbot_ws/build/bumperbot_controller': CMAKE_PREFIX_PATH=${CMAKE_PREFIX_PATH}:/opt/ros/humble /usr/bin/cmake --install /home/ductrung/bumperbot_ws/build/bumperbot_controller
[0.723s] -- Install configuration: ""
[0.723s] -- Up-to-date: /home/ductrung/bumperbot_ws/install/bumperbot_controller/share/bumperbot_controller/environment/pythonpath.sh
[0.723s] -- Up-to-date: /home/ductrung/bumperbot_ws/install/bumperbot_controller/share/bumperbot_controller/environment/pythonpath.dsv
[0.723s] -- Up-to-date: /home/ductrung/bumperbot_ws/install/bumperbot_controller/local/lib/python3.10/dist-packages/bumperbot_controller-0.0.0-py3.10.egg-info
[0.724s] -- Installing: /home/ductrung/bumperbot_ws/install/bumperbot_controller/local/lib/python3.10/dist-packages/bumperbot_controller-0.0.0-py3.10.egg-info/dependency_links.txt
[0.725s] -- Installing: /home/ductrung/bumperbot_ws/install/bumperbot_controller/local/lib/python3.10/dist-packages/bumperbot_controller-0.0.0-py3.10.egg-info/top_level.txt
[0.726s] -- Installing: /home/ductrung/bumperbot_ws/install/bumperbot_controller/local/lib/python3.10/dist-packages/bumperbot_controller-0.0.0-py3.10.egg-info/SOURCES.txt
[0.726s] -- Installing: /home/ductrung/bumperbot_ws/install/bumperbot_controller/local/lib/python3.10/dist-packages/bumperbot_controller-0.0.0-py3.10.egg-info/PKG-INFO
[0.727s] -- Up-to-date: /home/ductrung/bumperbot_ws/install/bumperbot_controller/local/lib/python3.10/dist-packages/bumperbot_controller
[0.727s] -- Up-to-date: /home/ductrung/bumperbot_ws/install/bumperbot_controller/local/lib/python3.10/dist-packages/bumperbot_controller/noisy_controller.py
[0.729s] -- Up-to-date: /home/ductrung/bumperbot_ws/install/bumperbot_controller/local/lib/python3.10/dist-packages/bumperbot_controller/__init__.py
[0.729s] -- Up-to-date: /home/ductrung/bumperbot_ws/install/bumperbot_controller/local/lib/python3.10/dist-packages/bumperbot_controller/twist_relay.py
[0.729s] -- Up-to-date: /home/ductrung/bumperbot_ws/install/bumperbot_controller/local/lib/python3.10/dist-packages/bumperbot_controller/simple_controller.py
[0.791s] Listing '/home/ductrung/bumperbot_ws/install/bumperbot_controller/local/lib/python3.10/dist-packages/bumperbot_controller'...
[0.799s] -- Up-to-date: /home/ductrung/bumperbot_ws/install/bumperbot_controller/include/include
[0.799s] -- Up-to-date: /home/ductrung/bumperbot_ws/install/bumperbot_controller/include/include/bumperbot_controller
[0.799s] -- Up-to-date: /home/ductrung/bumperbot_ws/install/bumperbot_controller/include/include/bumperbot_controller/simple_controller.hpp
[0.799s] -- Up-to-date: /home/ductrung/bumperbot_ws/install/bumperbot_controller/include/include/bumperbot_controller/noisy_controller.hpp
[0.799s] -- Up-to-date: /home/ductrung/bumperbot_ws/install/bumperbot_controller/lib/bumperbot_controller/simple_controller
[0.799s] -- Up-to-date: /home/ductrung/bumperbot_ws/install/bumperbot_controller/lib/bumperbot_controller/noisy_controller
[0.799s] -- Up-to-date: /home/ductrung/bumperbot_ws/install/bumperbot_controller/share/bumperbot_controller/launch
[0.799s] -- Up-to-date: /home/ductrung/bumperbot_ws/install/bumperbot_controller/share/bumperbot_controller/launch/joystick_teleop.launch.py
[0.799s] -- Up-to-date: /home/ductrung/bumperbot_ws/install/bumperbot_controller/share/bumperbot_controller/launch/controller.launch.py
[0.799s] -- Up-to-date: /home/ductrung/bumperbot_ws/install/bumperbot_controller/share/bumperbot_controller/config
[0.799s] -- Up-to-date: /home/ductrung/bumperbot_ws/install/bumperbot_controller/share/bumperbot_controller/config/joy_config.yaml
[0.800s] -- Up-to-date: /home/ductrung/bumperbot_ws/install/bumperbot_controller/share/bumperbot_controller/config/joy_teleop.yaml
[0.800s] -- Up-to-date: /home/ductrung/bumperbot_ws/install/bumperbot_controller/share/bumperbot_controller/config/bumperbot_controllers.yaml
[0.800s] -- Up-to-date: /home/ductrung/bumperbot_ws/install/bumperbot_controller/share/bumperbot_controller/config/twist_mux_topics.yaml
[0.800s] -- Up-to-date: /home/ductrung/bumperbot_ws/install/bumperbot_controller/share/bumperbot_controller/config/twist_mux_locks.yaml
[0.800s] -- Up-to-date: /home/ductrung/bumperbot_ws/install/bumperbot_controller/share/bumperbot_controller/config/twist_mux_joy.yaml
[0.800s] -- Up-to-date: /home/ductrung/bumperbot_ws/install/bumperbot_controller/lib/bumperbot_controller/simple_controller.py
[0.800s] -- Up-to-date: /home/ductrung/bumperbot_ws/install/bumperbot_controller/lib/bumperbot_controller/noisy_controller.py
[0.800s] -- Up-to-date: /home/ductrung/bumperbot_ws/install/bumperbot_controller/lib/bumperbot_controller/twist_relay.py
[0.800s] -- Up-to-date: /home/ductrung/bumperbot_ws/install/bumperbot_controller/share/ament_index/resource_index/package_run_dependencies/bumperbot_controller
[0.800s] -- Up-to-date: /home/ductrung/bumperbot_ws/install/bumperbot_controller/share/ament_index/resource_index/parent_prefix_path/bumperbot_controller
[0.800s] -- Up-to-date: /home/ductrung/bumperbot_ws/install/bumperbot_controller/share/bumperbot_controller/environment/ament_prefix_path.sh
[0.800s] -- Up-to-date: /home/ductrung/bumperbot_ws/install/bumperbot_controller/share/bumperbot_controller/environment/ament_prefix_path.dsv
[0.800s] -- Up-to-date: /home/ductrung/bumperbot_ws/install/bumperbot_controller/share/bumperbot_controller/environment/path.sh
[0.800s] -- Up-to-date: /home/ductrung/bumperbot_ws/install/bumperbot_controller/share/bumperbot_controller/environment/path.dsv
[0.800s] -- Up-to-date: /home/ductrung/bumperbot_ws/install/bumperbot_controller/share/bumperbot_controller/local_setup.bash
[0.800s] -- Up-to-date: /home/ductrung/bumperbot_ws/install/bumperbot_controller/share/bumperbot_controller/local_setup.sh
[0.800s] -- Up-to-date: /home/ductrung/bumperbot_ws/install/bumperbot_controller/share/bumperbot_controller/local_setup.zsh
[0.800s] -- Up-to-date: /home/ductrung/bumperbot_ws/install/bumperbot_controller/share/bumperbot_controller/local_setup.dsv
[0.800s] -- Installing: /home/ductrung/bumperbot_ws/install/bumperbot_controller/share/bumperbot_controller/package.dsv
[0.802s] -- Up-to-date: /home/ductrung/bumperbot_ws/install/bumperbot_controller/share/ament_index/resource_index/packages/bumperbot_controller
[0.802s] -- Up-to-date: /home/ductrung/bumperbot_ws/install/bumperbot_controller/share/bumperbot_controller/cmake/bumperbot_controllerConfig.cmake
[0.802s] -- Up-to-date: /home/ductrung/bumperbot_ws/install/bumperbot_controller/share/bumperbot_controller/cmake/bumperbot_controllerConfig-version.cmake
[0.804s] -- Up-to-date: /home/ductrung/bumperbot_ws/install/bumperbot_controller/share/bumperbot_controller/package.xml
[0.807s] Invoked command in '/home/ductrung/bumperbot_ws/build/bumperbot_controller' returned '0': CMAKE_PREFIX_PATH=${CMAKE_PREFIX_PATH}:/opt/ros/humble /usr/bin/cmake --install /home/ductrung/bumperbot_ws/build/bumperbot_controller
