[0.042s] Invoking command in '/home/ductrung/bumperbot_ws/build/bumperbot_msgs': CMAKE_PREFIX_PATH=${CMAKE_PREFIX_PATH}:/opt/ros/humble /usr/bin/cmake --build /home/ductrung/bumperbot_ws/build/bumperbot_msgs -- -j4 -l4
[0.171s] [ 10%] Built target bumperbot_msgs__rosidl_generator_c
[0.214s] [ 10%] Built target ament_cmake_python_copy_bumperbot_msgs
[0.270s] [ 20%] Built target bumperbot_msgs__rosidl_typesupport_introspection_c
[0.325s] [ 30%] Built target bumperbot_msgs__rosidl_typesupport_c
[0.525s] running egg_info
[0.529s] writing bumperbot_msgs.egg-info/PKG-INFO
[0.529s] writing dependency_links to bumperbot_msgs.egg-info/dependency_links.txt
[0.533s] writing top-level names to bumperbot_msgs.egg-info/top_level.txt
[0.533s] reading manifest file 'bumperbot_msgs.egg-info/SOURCES.txt'
[0.533s] writing manifest file 'bumperbot_msgs.egg-info/SOURCES.txt'
[0.596s] [ 30%] Built target ament_cmake_python_build_bumperbot_msgs_egg
[0.607s] [ 41%] Built target bumperbot_msgs__rosidl_typesupport_fastrtps_c
[0.637s] [ 43%] Built target bumperbot_msgs__cpp
[0.672s] [ 53%] Built target bumperbot_msgs__rosidl_typesupport_fastrtps_cpp
[0.718s] [ 64%] Built target bumperbot_msgs__rosidl_typesupport_cpp
[0.753s] [ 74%] Built target bumperbot_msgs__rosidl_typesupport_introspection_cpp
[0.807s] [ 74%] Built target bumperbot_msgs
[0.881s] [ 76%] Built target bumperbot_msgs__py
[0.922s] [ 84%] Built target bumperbot_msgs__rosidl_generator_py
[0.960s] [ 89%] Built target bumperbot_msgs__rosidl_typesupport_fastrtps_c__pyext
[1.015s] [ 94%] Built target bumperbot_msgs__rosidl_typesupport_c__pyext
[1.067s] [100%] Built target bumperbot_msgs__rosidl_typesupport_introspection_c__pyext
[1.088s] Invoked command in '/home/ductrung/bumperbot_ws/build/bumperbot_msgs' returned '0': CMAKE_PREFIX_PATH=${CMAKE_PREFIX_PATH}:/opt/ros/humble /usr/bin/cmake --build /home/ductrung/bumperbot_ws/build/bumperbot_msgs -- -j4 -l4
[1.376s] Invoking command in '/home/ductrung/bumperbot_ws/build/bumperbot_msgs': CMAKE_PREFIX_PATH=${CMAKE_PREFIX_PATH}:/opt/ros/humble /usr/bin/cmake --install /home/ductrung/bumperbot_ws/build/bumperbot_msgs
[1.386s] -- Install configuration: ""
[1.386s] -- Up-to-date: /home/ductrung/bumperbot_ws/install/bumperbot_msgs/share/ament_index/resource_index/rosidl_interfaces/bumperbot_msgs
[1.386s] -- Up-to-date: /home/ductrung/bumperbot_ws/install/bumperbot_msgs/include/bumperbot_msgs/bumperbot_msgs
[1.387s] -- Up-to-date: /home/ductrung/bumperbot_ws/install/bumperbot_msgs/include/bumperbot_msgs/bumperbot_msgs/msg
[1.387s] -- Up-to-date: /home/ductrung/bumperbot_ws/install/bumperbot_msgs/include/bumperbot_msgs/bumperbot_msgs/msg/rosidl_generator_c__visibility_control.h
[1.387s] -- Up-to-date: /home/ductrung/bumperbot_ws/install/bumperbot_msgs/include/bumperbot_msgs/bumperbot_msgs/srv
[1.387s] -- Up-to-date: /home/ductrung/bumperbot_ws/install/bumperbot_msgs/include/bumperbot_msgs/bumperbot_msgs/srv/get_transform.h
[1.387s] -- Up-to-date: /home/ductrung/bumperbot_ws/install/bumperbot_msgs/include/bumperbot_msgs/bumperbot_msgs/srv/detail
[1.387s] -- Up-to-date: /home/ductrung/bumperbot_ws/install/bumperbot_msgs/include/bumperbot_msgs/bumperbot_msgs/srv/detail/get_transform__struct.h
[1.388s] -- Up-to-date: /home/ductrung/bumperbot_ws/install/bumperbot_msgs/include/bumperbot_msgs/bumperbot_msgs/srv/detail/add_two_ints__struct.h
[1.388s] -- Up-to-date: /home/ductrung/bumperbot_ws/install/bumperbot_msgs/include/bumperbot_msgs/bumperbot_msgs/srv/detail/get_transform__functions.c
[1.388s] -- Up-to-date: /home/ductrung/bumperbot_ws/install/bumperbot_msgs/include/bumperbot_msgs/bumperbot_msgs/srv/detail/add_two_ints__functions.h
[1.389s] -- Up-to-date: /home/ductrung/bumperbot_ws/install/bumperbot_msgs/include/bumperbot_msgs/bumperbot_msgs/srv/detail/add_two_ints__type_support.h
[1.389s] -- Up-to-date: /home/ductrung/bumperbot_ws/install/bumperbot_msgs/include/bumperbot_msgs/bumperbot_msgs/srv/detail/get_transform__type_support.h
[1.389s] -- Up-to-date: /home/ductrung/bumperbot_ws/install/bumperbot_msgs/include/bumperbot_msgs/bumperbot_msgs/srv/detail/get_transform__functions.h
[1.389s] -- Up-to-date: /home/ductrung/bumperbot_ws/install/bumperbot_msgs/include/bumperbot_msgs/bumperbot_msgs/srv/detail/add_two_ints__functions.c
[1.389s] -- Up-to-date: /home/ductrung/bumperbot_ws/install/bumperbot_msgs/include/bumperbot_msgs/bumperbot_msgs/srv/add_two_ints.h
[1.389s] -- Up-to-date: /home/ductrung/bumperbot_ws/install/bumperbot_msgs/share/bumperbot_msgs/environment/library_path.sh
[1.390s] -- Up-to-date: /home/ductrung/bumperbot_ws/install/bumperbot_msgs/share/bumperbot_msgs/environment/library_path.dsv
[1.390s] -- Up-to-date: /home/ductrung/bumperbot_ws/install/bumperbot_msgs/lib/libbumperbot_msgs__rosidl_generator_c.so
[1.390s] -- Up-to-date: /home/ductrung/bumperbot_ws/install/bumperbot_msgs/include/bumperbot_msgs/bumperbot_msgs
[1.391s] -- Up-to-date: /home/ductrung/bumperbot_ws/install/bumperbot_msgs/include/bumperbot_msgs/bumperbot_msgs/msg
[1.391s] -- Up-to-date: /home/ductrung/bumperbot_ws/install/bumperbot_msgs/include/bumperbot_msgs/bumperbot_msgs/msg/rosidl_typesupport_fastrtps_c__visibility_control.h
[1.391s] -- Up-to-date: /home/ductrung/bumperbot_ws/install/bumperbot_msgs/include/bumperbot_msgs/bumperbot_msgs/srv
[1.391s] -- Up-to-date: /home/ductrung/bumperbot_ws/install/bumperbot_msgs/include/bumperbot_msgs/bumperbot_msgs/srv/detail
[1.391s] -- Up-to-date: /home/ductrung/bumperbot_ws/install/bumperbot_msgs/include/bumperbot_msgs/bumperbot_msgs/srv/detail/add_two_ints__rosidl_typesupport_fastrtps_c.h
[1.391s] -- Up-to-date: /home/ductrung/bumperbot_ws/install/bumperbot_msgs/include/bumperbot_msgs/bumperbot_msgs/srv/detail/get_transform__rosidl_typesupport_fastrtps_c.h
[1.391s] -- Up-to-date: /home/ductrung/bumperbot_ws/install/bumperbot_msgs/lib/libbumperbot_msgs__rosidl_typesupport_fastrtps_c.so
[1.391s] -- Up-to-date: /home/ductrung/bumperbot_ws/install/bumperbot_msgs/include/bumperbot_msgs/bumperbot_msgs
[1.392s] -- Up-to-date: /home/ductrung/bumperbot_ws/install/bumperbot_msgs/include/bumperbot_msgs/bumperbot_msgs/srv
[1.394s] -- Up-to-date: /home/ductrung/bumperbot_ws/install/bumperbot_msgs/include/bumperbot_msgs/bumperbot_msgs/srv/add_two_ints.hpp
[1.395s] -- Up-to-date: /home/ductrung/bumperbot_ws/install/bumperbot_msgs/include/bumperbot_msgs/bumperbot_msgs/srv/get_transform.hpp
[1.395s] -- Up-to-date: /home/ductrung/bumperbot_ws/install/bumperbot_msgs/include/bumperbot_msgs/bumperbot_msgs/srv/detail
[1.395s] -- Up-to-date: /home/ductrung/bumperbot_ws/install/bumperbot_msgs/include/bumperbot_msgs/bumperbot_msgs/srv/detail/add_two_ints__builder.hpp
[1.395s] -- Up-to-date: /home/ductrung/bumperbot_ws/install/bumperbot_msgs/include/bumperbot_msgs/bumperbot_msgs/srv/detail/add_two_ints__traits.hpp
[1.395s] -- Up-to-date: /home/ductrung/bumperbot_ws/install/bumperbot_msgs/include/bumperbot_msgs/bumperbot_msgs/srv/detail/get_transform__struct.hpp
[1.395s] -- Up-to-date: /home/ductrung/bumperbot_ws/install/bumperbot_msgs/include/bumperbot_msgs/bumperbot_msgs/srv/detail/add_two_ints__struct.hpp
[1.396s] -- Up-to-date: /home/ductrung/bumperbot_ws/install/bumperbot_msgs/include/bumperbot_msgs/bumperbot_msgs/srv/detail/get_transform__traits.hpp
[1.396s] -- Up-to-date: /home/ductrung/bumperbot_ws/install/bumperbot_msgs/include/bumperbot_msgs/bumperbot_msgs/srv/detail/get_transform__builder.hpp
[1.396s] -- Up-to-date: /home/ductrung/bumperbot_ws/install/bumperbot_msgs/include/bumperbot_msgs/bumperbot_msgs
[1.398s] -- Up-to-date: /home/ductrung/bumperbot_ws/install/bumperbot_msgs/include/bumperbot_msgs/bumperbot_msgs/msg
[1.398s] -- Up-to-date: /home/ductrung/bumperbot_ws/install/bumperbot_msgs/include/bumperbot_msgs/bumperbot_msgs/msg/rosidl_typesupport_fastrtps_cpp__visibility_control.h
[1.398s] -- Up-to-date: /home/ductrung/bumperbot_ws/install/bumperbot_msgs/include/bumperbot_msgs/bumperbot_msgs/srv
[1.399s] -- Up-to-date: /home/ductrung/bumperbot_ws/install/bumperbot_msgs/include/bumperbot_msgs/bumperbot_msgs/srv/detail
[1.399s] -- Up-to-date: /home/ductrung/bumperbot_ws/install/bumperbot_msgs/include/bumperbot_msgs/bumperbot_msgs/srv/detail/dds_fastrtps
[1.399s] -- Up-to-date: /home/ductrung/bumperbot_ws/install/bumperbot_msgs/include/bumperbot_msgs/bumperbot_msgs/srv/detail/get_transform__rosidl_typesupport_fastrtps_cpp.hpp
[1.399s] -- Up-to-date: /home/ductrung/bumperbot_ws/install/bumperbot_msgs/include/bumperbot_msgs/bumperbot_msgs/srv/detail/add_two_ints__rosidl_typesupport_fastrtps_cpp.hpp
[1.399s] -- Up-to-date: /home/ductrung/bumperbot_ws/install/bumperbot_msgs/lib/libbumperbot_msgs__rosidl_typesupport_fastrtps_cpp.so
[1.399s] -- Up-to-date: /home/ductrung/bumperbot_ws/install/bumperbot_msgs/include/bumperbot_msgs/bumperbot_msgs
[1.399s] -- Up-to-date: /home/ductrung/bumperbot_ws/install/bumperbot_msgs/include/bumperbot_msgs/bumperbot_msgs/msg
[1.399s] -- Up-to-date: /home/ductrung/bumperbot_ws/install/bumperbot_msgs/include/bumperbot_msgs/bumperbot_msgs/msg/rosidl_typesupport_introspection_c__visibility_control.h
[1.399s] -- Up-to-date: /home/ductrung/bumperbot_ws/install/bumperbot_msgs/include/bumperbot_msgs/bumperbot_msgs/srv
[1.399s] -- Up-to-date: /home/ductrung/bumperbot_ws/install/bumperbot_msgs/include/bumperbot_msgs/bumperbot_msgs/srv/detail
[1.399s] -- Up-to-date: /home/ductrung/bumperbot_ws/install/bumperbot_msgs/include/bumperbot_msgs/bumperbot_msgs/srv/detail/get_transform__type_support.c
[1.399s] -- Up-to-date: /home/ductrung/bumperbot_ws/install/bumperbot_msgs/include/bumperbot_msgs/bumperbot_msgs/srv/detail/get_transform__rosidl_typesupport_introspection_c.h
[1.399s] -- Up-to-date: /home/ductrung/bumperbot_ws/install/bumperbot_msgs/include/bumperbot_msgs/bumperbot_msgs/srv/detail/add_two_ints__type_support.c
[1.399s] -- Up-to-date: /home/ductrung/bumperbot_ws/install/bumperbot_msgs/include/bumperbot_msgs/bumperbot_msgs/srv/detail/add_two_ints__rosidl_typesupport_introspection_c.h
[1.399s] -- Up-to-date: /home/ductrung/bumperbot_ws/install/bumperbot_msgs/lib/libbumperbot_msgs__rosidl_typesupport_introspection_c.so
[1.399s] -- Up-to-date: /home/ductrung/bumperbot_ws/install/bumperbot_msgs/lib/libbumperbot_msgs__rosidl_typesupport_c.so
[1.399s] -- Up-to-date: /home/ductrung/bumperbot_ws/install/bumperbot_msgs/include/bumperbot_msgs/bumperbot_msgs
[1.399s] -- Up-to-date: /home/ductrung/bumperbot_ws/install/bumperbot_msgs/include/bumperbot_msgs/bumperbot_msgs/srv
[1.399s] -- Up-to-date: /home/ductrung/bumperbot_ws/install/bumperbot_msgs/include/bumperbot_msgs/bumperbot_msgs/srv/detail
[1.399s] -- Up-to-date: /home/ductrung/bumperbot_ws/install/bumperbot_msgs/include/bumperbot_msgs/bumperbot_msgs/srv/detail/get_transform__type_support.cpp
[1.399s] -- Up-to-date: /home/ductrung/bumperbot_ws/install/bumperbot_msgs/include/bumperbot_msgs/bumperbot_msgs/srv/detail/get_transform__rosidl_typesupport_introspection_cpp.hpp
[1.399s] -- Up-to-date: /home/ductrung/bumperbot_ws/install/bumperbot_msgs/include/bumperbot_msgs/bumperbot_msgs/srv/detail/add_two_ints__type_support.cpp
[1.399s] -- Up-to-date: /home/ductrung/bumperbot_ws/install/bumperbot_msgs/include/bumperbot_msgs/bumperbot_msgs/srv/detail/add_two_ints__rosidl_typesupport_introspection_cpp.hpp
[1.399s] -- Up-to-date: /home/ductrung/bumperbot_ws/install/bumperbot_msgs/lib/libbumperbot_msgs__rosidl_typesupport_introspection_cpp.so
[1.400s] -- Up-to-date: /home/ductrung/bumperbot_ws/install/bumperbot_msgs/lib/libbumperbot_msgs__rosidl_typesupport_cpp.so
[1.400s] -- Up-to-date: /home/ductrung/bumperbot_ws/install/bumperbot_msgs/share/bumperbot_msgs/environment/pythonpath.sh
[1.400s] -- Up-to-date: /home/ductrung/bumperbot_ws/install/bumperbot_msgs/share/bumperbot_msgs/environment/pythonpath.dsv
[1.400s] -- Up-to-date: /home/ductrung/bumperbot_ws/install/bumperbot_msgs/local/lib/python3.10/dist-packages/bumperbot_msgs-0.0.0-py3.10.egg-info
[1.400s] -- Installing: /home/ductrung/bumperbot_ws/install/bumperbot_msgs/local/lib/python3.10/dist-packages/bumperbot_msgs-0.0.0-py3.10.egg-info/dependency_links.txt
[1.400s] -- Installing: /home/ductrung/bumperbot_ws/install/bumperbot_msgs/local/lib/python3.10/dist-packages/bumperbot_msgs-0.0.0-py3.10.egg-info/top_level.txt
[1.400s] -- Installing: /home/ductrung/bumperbot_ws/install/bumperbot_msgs/local/lib/python3.10/dist-packages/bumperbot_msgs-0.0.0-py3.10.egg-info/SOURCES.txt
[1.400s] -- Installing: /home/ductrung/bumperbot_ws/install/bumperbot_msgs/local/lib/python3.10/dist-packages/bumperbot_msgs-0.0.0-py3.10.egg-info/PKG-INFO
[1.400s] -- Up-to-date: /home/ductrung/bumperbot_ws/install/bumperbot_msgs/local/lib/python3.10/dist-packages/bumperbot_msgs
[1.400s] -- Up-to-date: /home/ductrung/bumperbot_ws/install/bumperbot_msgs/local/lib/python3.10/dist-packages/bumperbot_msgs/_bumperbot_msgs_s.ep.rosidl_typesupport_fastrtps_c.c
[1.400s] -- Up-to-date: /home/ductrung/bumperbot_ws/install/bumperbot_msgs/local/lib/python3.10/dist-packages/bumperbot_msgs/libbumperbot_msgs__rosidl_generator_py.so
[1.400s] -- Up-to-date: /home/ductrung/bumperbot_ws/install/bumperbot_msgs/local/lib/python3.10/dist-packages/bumperbot_msgs/bumperbot_msgs_s__rosidl_typesupport_introspection_c.cpython-310-x86_64-linux-gnu.so
[1.400s] -- Up-to-date: /home/ductrung/bumperbot_ws/install/bumperbot_msgs/local/lib/python3.10/dist-packages/bumperbot_msgs/_bumperbot_msgs_s.ep.rosidl_typesupport_introspection_c.c
[1.400s] -- Up-to-date: /home/ductrung/bumperbot_ws/install/bumperbot_msgs/local/lib/python3.10/dist-packages/bumperbot_msgs/_bumperbot_msgs_s.ep.rosidl_typesupport_c.c
[1.400s] -- Up-to-date: /home/ductrung/bumperbot_ws/install/bumperbot_msgs/local/lib/python3.10/dist-packages/bumperbot_msgs/srv
[1.400s] -- Up-to-date: /home/ductrung/bumperbot_ws/install/bumperbot_msgs/local/lib/python3.10/dist-packages/bumperbot_msgs/srv/_add_two_ints.py
[1.400s] -- Up-to-date: /home/ductrung/bumperbot_ws/install/bumperbot_msgs/local/lib/python3.10/dist-packages/bumperbot_msgs/srv/_add_two_ints_s.c
[1.400s] -- Up-to-date: /home/ductrung/bumperbot_ws/install/bumperbot_msgs/local/lib/python3.10/dist-packages/bumperbot_msgs/srv/_get_transform_s.c
[1.400s] -- Up-to-date: /home/ductrung/bumperbot_ws/install/bumperbot_msgs/local/lib/python3.10/dist-packages/bumperbot_msgs/srv/__init__.py
[1.400s] -- Up-to-date: /home/ductrung/bumperbot_ws/install/bumperbot_msgs/local/lib/python3.10/dist-packages/bumperbot_msgs/srv/_get_transform.py
[1.400s] -- Up-to-date: /home/ductrung/bumperbot_ws/install/bumperbot_msgs/local/lib/python3.10/dist-packages/bumperbot_msgs/__init__.py
[1.400s] -- Up-to-date: /home/ductrung/bumperbot_ws/install/bumperbot_msgs/local/lib/python3.10/dist-packages/bumperbot_msgs/bumperbot_msgs_s__rosidl_typesupport_c.cpython-310-x86_64-linux-gnu.so
[1.400s] -- Up-to-date: /home/ductrung/bumperbot_ws/install/bumperbot_msgs/local/lib/python3.10/dist-packages/bumperbot_msgs/bumperbot_msgs_s__rosidl_typesupport_fastrtps_c.cpython-310-x86_64-linux-gnu.so
[1.438s] Listing '/home/ductrung/bumperbot_ws/install/bumperbot_msgs/local/lib/python3.10/dist-packages/bumperbot_msgs'...
[1.438s] Listing '/home/ductrung/bumperbot_ws/install/bumperbot_msgs/local/lib/python3.10/dist-packages/bumperbot_msgs/srv'...
[1.442s] -- Up-to-date: /home/ductrung/bumperbot_ws/install/bumperbot_msgs/local/lib/python3.10/dist-packages/bumperbot_msgs/bumperbot_msgs_s__rosidl_typesupport_fastrtps_c.cpython-310-x86_64-linux-gnu.so
[1.442s] -- Up-to-date: /home/ductrung/bumperbot_ws/install/bumperbot_msgs/local/lib/python3.10/dist-packages/bumperbot_msgs/bumperbot_msgs_s__rosidl_typesupport_introspection_c.cpython-310-x86_64-linux-gnu.so
[1.443s] -- Up-to-date: /home/ductrung/bumperbot_ws/install/bumperbot_msgs/local/lib/python3.10/dist-packages/bumperbot_msgs/bumperbot_msgs_s__rosidl_typesupport_c.cpython-310-x86_64-linux-gnu.so
[1.443s] -- Up-to-date: /home/ductrung/bumperbot_ws/install/bumperbot_msgs/lib/libbumperbot_msgs__rosidl_generator_py.so
[1.443s] -- Up-to-date: /home/ductrung/bumperbot_ws/install/bumperbot_msgs/share/bumperbot_msgs/srv/AddTwoInts.idl
[1.443s] -- Up-to-date: /home/ductrung/bumperbot_ws/install/bumperbot_msgs/share/bumperbot_msgs/srv/GetTransform.idl
[1.443s] -- Up-to-date: /home/ductrung/bumperbot_ws/install/bumperbot_msgs/share/bumperbot_msgs/srv/AddTwoInts.srv
[1.444s] -- Up-to-date: /home/ductrung/bumperbot_ws/install/bumperbot_msgs/share/bumperbot_msgs/srv/AddTwoInts_Request.msg
[1.444s] -- Up-to-date: /home/ductrung/bumperbot_ws/install/bumperbot_msgs/share/bumperbot_msgs/srv/AddTwoInts_Response.msg
[1.444s] -- Up-to-date: /home/ductrung/bumperbot_ws/install/bumperbot_msgs/share/bumperbot_msgs/srv/GetTransform.srv
[1.444s] -- Up-to-date: /home/ductrung/bumperbot_ws/install/bumperbot_msgs/share/bumperbot_msgs/srv/GetTransform_Request.msg
[1.444s] -- Up-to-date: /home/ductrung/bumperbot_ws/install/bumperbot_msgs/share/bumperbot_msgs/srv/GetTransform_Response.msg
[1.444s] -- Up-to-date: /home/ductrung/bumperbot_ws/install/bumperbot_msgs/share/ament_index/resource_index/package_run_dependencies/bumperbot_msgs
[1.444s] -- Up-to-date: /home/ductrung/bumperbot_ws/install/bumperbot_msgs/share/ament_index/resource_index/parent_prefix_path/bumperbot_msgs
[1.446s] -- Up-to-date: /home/ductrung/bumperbot_ws/install/bumperbot_msgs/share/bumperbot_msgs/environment/ament_prefix_path.sh
[1.446s] -- Up-to-date: /home/ductrung/bumperbot_ws/install/bumperbot_msgs/share/bumperbot_msgs/environment/ament_prefix_path.dsv
[1.446s] -- Up-to-date: /home/ductrung/bumperbot_ws/install/bumperbot_msgs/share/bumperbot_msgs/environment/path.sh
[1.446s] -- Up-to-date: /home/ductrung/bumperbot_ws/install/bumperbot_msgs/share/bumperbot_msgs/environment/path.dsv
[1.446s] -- Up-to-date: /home/ductrung/bumperbot_ws/install/bumperbot_msgs/share/bumperbot_msgs/local_setup.bash
[1.446s] -- Up-to-date: /home/ductrung/bumperbot_ws/install/bumperbot_msgs/share/bumperbot_msgs/local_setup.sh
[1.446s] -- Up-to-date: /home/ductrung/bumperbot_ws/install/bumperbot_msgs/share/bumperbot_msgs/local_setup.zsh
[1.446s] -- Up-to-date: /home/ductrung/bumperbot_ws/install/bumperbot_msgs/share/bumperbot_msgs/local_setup.dsv
[1.446s] -- Installing: /home/ductrung/bumperbot_ws/install/bumperbot_msgs/share/bumperbot_msgs/package.dsv
[1.446s] -- Up-to-date: /home/ductrung/bumperbot_ws/install/bumperbot_msgs/share/ament_index/resource_index/packages/bumperbot_msgs
[1.446s] -- Up-to-date: /home/ductrung/bumperbot_ws/install/bumperbot_msgs/share/bumperbot_msgs/cmake/export_bumperbot_msgs__rosidl_generator_cExport.cmake
[1.446s] -- Up-to-date: /home/ductrung/bumperbot_ws/install/bumperbot_msgs/share/bumperbot_msgs/cmake/export_bumperbot_msgs__rosidl_generator_cExport-noconfig.cmake
[1.446s] -- Up-to-date: /home/ductrung/bumperbot_ws/install/bumperbot_msgs/share/bumperbot_msgs/cmake/export_bumperbot_msgs__rosidl_typesupport_fastrtps_cExport.cmake
[1.446s] -- Up-to-date: /home/ductrung/bumperbot_ws/install/bumperbot_msgs/share/bumperbot_msgs/cmake/export_bumperbot_msgs__rosidl_typesupport_fastrtps_cExport-noconfig.cmake
[1.446s] -- Up-to-date: /home/ductrung/bumperbot_ws/install/bumperbot_msgs/share/bumperbot_msgs/cmake/export_bumperbot_msgs__rosidl_generator_cppExport.cmake
[1.446s] -- Up-to-date: /home/ductrung/bumperbot_ws/install/bumperbot_msgs/share/bumperbot_msgs/cmake/export_bumperbot_msgs__rosidl_typesupport_fastrtps_cppExport.cmake
[1.446s] -- Up-to-date: /home/ductrung/bumperbot_ws/install/bumperbot_msgs/share/bumperbot_msgs/cmake/export_bumperbot_msgs__rosidl_typesupport_fastrtps_cppExport-noconfig.cmake
[1.446s] -- Up-to-date: /home/ductrung/bumperbot_ws/install/bumperbot_msgs/share/bumperbot_msgs/cmake/bumperbot_msgs__rosidl_typesupport_introspection_cExport.cmake
[1.446s] -- Up-to-date: /home/ductrung/bumperbot_ws/install/bumperbot_msgs/share/bumperbot_msgs/cmake/bumperbot_msgs__rosidl_typesupport_introspection_cExport-noconfig.cmake
[1.446s] -- Up-to-date: /home/ductrung/bumperbot_ws/install/bumperbot_msgs/share/bumperbot_msgs/cmake/bumperbot_msgs__rosidl_typesupport_cExport.cmake
[1.446s] -- Up-to-date: /home/ductrung/bumperbot_ws/install/bumperbot_msgs/share/bumperbot_msgs/cmake/bumperbot_msgs__rosidl_typesupport_cExport-noconfig.cmake
[1.446s] -- Up-to-date: /home/ductrung/bumperbot_ws/install/bumperbot_msgs/share/bumperbot_msgs/cmake/bumperbot_msgs__rosidl_typesupport_introspection_cppExport.cmake
[1.446s] -- Up-to-date: /home/ductrung/bumperbot_ws/install/bumperbot_msgs/share/bumperbot_msgs/cmake/bumperbot_msgs__rosidl_typesupport_introspection_cppExport-noconfig.cmake
[1.446s] -- Up-to-date: /home/ductrung/bumperbot_ws/install/bumperbot_msgs/share/bumperbot_msgs/cmake/bumperbot_msgs__rosidl_typesupport_cppExport.cmake
[1.446s] -- Up-to-date: /home/ductrung/bumperbot_ws/install/bumperbot_msgs/share/bumperbot_msgs/cmake/bumperbot_msgs__rosidl_typesupport_cppExport-noconfig.cmake
[1.447s] -- Up-to-date: /home/ductrung/bumperbot_ws/install/bumperbot_msgs/share/bumperbot_msgs/cmake/export_bumperbot_msgs__rosidl_generator_pyExport.cmake
[1.447s] -- Up-to-date: /home/ductrung/bumperbot_ws/install/bumperbot_msgs/share/bumperbot_msgs/cmake/export_bumperbot_msgs__rosidl_generator_pyExport-noconfig.cmake
[1.447s] -- Up-to-date: /home/ductrung/bumperbot_ws/install/bumperbot_msgs/share/bumperbot_msgs/cmake/rosidl_cmake-extras.cmake
[1.447s] -- Up-to-date: /home/ductrung/bumperbot_ws/install/bumperbot_msgs/share/bumperbot_msgs/cmake/ament_cmake_export_dependencies-extras.cmake
[1.447s] -- Up-to-date: /home/ductrung/bumperbot_ws/install/bumperbot_msgs/share/bumperbot_msgs/cmake/ament_cmake_export_include_directories-extras.cmake
[1.447s] -- Up-to-date: /home/ductrung/bumperbot_ws/install/bumperbot_msgs/share/bumperbot_msgs/cmake/ament_cmake_export_libraries-extras.cmake
[1.447s] -- Up-to-date: /home/ductrung/bumperbot_ws/install/bumperbot_msgs/share/bumperbot_msgs/cmake/ament_cmake_export_targets-extras.cmake
[1.447s] -- Up-to-date: /home/ductrung/bumperbot_ws/install/bumperbot_msgs/share/bumperbot_msgs/cmake/rosidl_cmake_export_typesupport_targets-extras.cmake
[1.447s] -- Up-to-date: /home/ductrung/bumperbot_ws/install/bumperbot_msgs/share/bumperbot_msgs/cmake/rosidl_cmake_export_typesupport_libraries-extras.cmake
[1.447s] -- Up-to-date: /home/ductrung/bumperbot_ws/install/bumperbot_msgs/share/bumperbot_msgs/cmake/bumperbot_msgsConfig.cmake
[1.447s] -- Up-to-date: /home/ductrung/bumperbot_ws/install/bumperbot_msgs/share/bumperbot_msgs/cmake/bumperbot_msgsConfig-version.cmake
[1.447s] -- Up-to-date: /home/ductrung/bumperbot_ws/install/bumperbot_msgs/share/bumperbot_msgs/package.xml
[1.449s] Invoked command in '/home/ductrung/bumperbot_ws/build/bumperbot_msgs' returned '0': CMAKE_PREFIX_PATH=${CMAKE_PREFIX_PATH}:/opt/ros/humble /usr/bin/cmake --install /home/ductrung/bumperbot_ws/build/bumperbot_msgs
