[0.081s] Invoking command in '/home/ductrung/bumperbot_ws/build/bumperbot_controller': CMAKE_PREFIX_PATH=${CMAKE_PREFIX_PATH}:/opt/ros/humble /usr/bin/cmake --build /home/ductrung/bumperbot_ws/build/bumperbot_controller -- -j4 -l4
[0.378s] [ 50%] Built target simple_controller
[0.378s] [100%] Built target noisy_controller
[0.400s] [100%] Built target ament_cmake_python_copy_bumperbot_controller
[0.732s] running egg_info
[0.736s] writing bumperbot_controller.egg-info/PKG-INFO
[0.736s] writing dependency_links to bumperbot_controller.egg-info/dependency_links.txt
[0.736s] writing top-level names to bumperbot_controller.egg-info/top_level.txt
[0.736s] reading manifest file 'bumperbot_controller.egg-info/SOURCES.txt'
[0.737s] writing manifest file 'bumperbot_controller.egg-info/SOURCES.txt'
[0.789s] [100%] Built target ament_cmake_python_build_bumperbot_controller_egg
[0.818s] Invoked command in '/home/ductrung/bumperbot_ws/build/bumperbot_controller' returned '0': CMAKE_PREFIX_PATH=${CMAKE_PREFIX_PATH}:/opt/ros/humble /usr/bin/cmake --build /home/ductrung/bumperbot_ws/build/bumperbot_controller -- -j4 -l4
[1.009s] Invoking command in '/home/ductrung/bumperbot_ws/build/bumperbot_controller': CMAKE_PREFIX_PATH=${CMAKE_PREFIX_PATH}:/opt/ros/humble /usr/bin/cmake --install /home/ductrung/bumperbot_ws/build/bumperbot_controller
[1.056s] -- Install configuration: ""
[1.059s] -- Up-to-date: /home/ductrung/bumperbot_ws/install/bumperbot_controller/share/bumperbot_controller/environment/pythonpath.sh
[1.059s] -- Up-to-date: /home/ductrung/bumperbot_ws/install/bumperbot_controller/share/bumperbot_controller/environment/pythonpath.dsv
[1.059s] -- Up-to-date: /home/ductrung/bumperbot_ws/install/bumperbot_controller/local/lib/python3.10/dist-packages/bumperbot_controller-0.0.0-py3.10.egg-info
[1.059s] -- Installing: /home/ductrung/bumperbot_ws/install/bumperbot_controller/local/lib/python3.10/dist-packages/bumperbot_controller-0.0.0-py3.10.egg-info/dependency_links.txt
[1.059s] -- Installing: /home/ductrung/bumperbot_ws/install/bumperbot_controller/local/lib/python3.10/dist-packages/bumperbot_controller-0.0.0-py3.10.egg-info/top_level.txt
[1.059s] -- Installing: /home/ductrung/bumperbot_ws/install/bumperbot_controller/local/lib/python3.10/dist-packages/bumperbot_controller-0.0.0-py3.10.egg-info/SOURCES.txt
[1.065s] -- Installing: /home/ductrung/bumperbot_ws/install/bumperbot_controller/local/lib/python3.10/dist-packages/bumperbot_controller-0.0.0-py3.10.egg-info/PKG-INFO
[1.066s] -- Up-to-date: /home/ductrung/bumperbot_ws/install/bumperbot_controller/local/lib/python3.10/dist-packages/bumperbot_controller
[1.066s] -- Up-to-date: /home/ductrung/bumperbot_ws/install/bumperbot_controller/local/lib/python3.10/dist-packages/bumperbot_controller/noisy_controller.py
[1.066s] -- Up-to-date: /home/ductrung/bumperbot_ws/install/bumperbot_controller/local/lib/python3.10/dist-packages/bumperbot_controller/__init__.py
[1.066s] -- Up-to-date: /home/ductrung/bumperbot_ws/install/bumperbot_controller/local/lib/python3.10/dist-packages/bumperbot_controller/twist_relay.py
[1.066s] -- Up-to-date: /home/ductrung/bumperbot_ws/install/bumperbot_controller/local/lib/python3.10/dist-packages/bumperbot_controller/simple_controller.py
[1.134s] Listing '/home/ductrung/bumperbot_ws/install/bumperbot_controller/local/lib/python3.10/dist-packages/bumperbot_controller'...
[1.135s] -- Up-to-date: /home/ductrung/bumperbot_ws/install/bumperbot_controller/include/include
[1.135s] -- Up-to-date: /home/ductrung/bumperbot_ws/install/bumperbot_controller/include/include/bumperbot_controller
[1.136s] -- Up-to-date: /home/ductrung/bumperbot_ws/install/bumperbot_controller/include/include/bumperbot_controller/simple_controller.hpp
[1.136s] -- Up-to-date: /home/ductrung/bumperbot_ws/install/bumperbot_controller/include/include/bumperbot_controller/noisy_controller.hpp
[1.139s] -- Up-to-date: /home/ductrung/bumperbot_ws/install/bumperbot_controller/lib/bumperbot_controller/simple_controller
[1.140s] -- Up-to-date: /home/ductrung/bumperbot_ws/install/bumperbot_controller/lib/bumperbot_controller/noisy_controller
[1.140s] -- Up-to-date: /home/ductrung/bumperbot_ws/install/bumperbot_controller/share/bumperbot_controller/launch
[1.144s] -- Up-to-date: /home/ductrung/bumperbot_ws/install/bumperbot_controller/share/bumperbot_controller/launch/joystick_teleop.launch.py
[1.145s] -- Up-to-date: /home/ductrung/bumperbot_ws/install/bumperbot_controller/share/bumperbot_controller/launch/controller.launch.py
[1.146s] -- Up-to-date: /home/ductrung/bumperbot_ws/install/bumperbot_controller/share/bumperbot_controller/config
[1.146s] -- Up-to-date: /home/ductrung/bumperbot_ws/install/bumperbot_controller/share/bumperbot_controller/config/joy_config.yaml
[1.147s] -- Up-to-date: /home/ductrung/bumperbot_ws/install/bumperbot_controller/share/bumperbot_controller/config/joy_teleop.yaml
[1.147s] -- Up-to-date: /home/ductrung/bumperbot_ws/install/bumperbot_controller/share/bumperbot_controller/config/bumperbot_controllers.yaml
[1.147s] -- Up-to-date: /home/ductrung/bumperbot_ws/install/bumperbot_controller/share/bumperbot_controller/config/twist_mux_topics.yaml
[1.147s] -- Up-to-date: /home/ductrung/bumperbot_ws/install/bumperbot_controller/share/bumperbot_controller/config/twist_mux_locks.yaml
[1.148s] -- Up-to-date: /home/ductrung/bumperbot_ws/install/bumperbot_controller/share/bumperbot_controller/config/twist_mux_joy.yaml
[1.148s] -- Up-to-date: /home/ductrung/bumperbot_ws/install/bumperbot_controller/lib/bumperbot_controller/simple_controller.py
[1.148s] -- Up-to-date: /home/ductrung/bumperbot_ws/install/bumperbot_controller/lib/bumperbot_controller/noisy_controller.py
[1.148s] -- Up-to-date: /home/ductrung/bumperbot_ws/install/bumperbot_controller/lib/bumperbot_controller/twist_relay.py
[1.149s] -- Up-to-date: /home/ductrung/bumperbot_ws/install/bumperbot_controller/share/ament_index/resource_index/package_run_dependencies/bumperbot_controller
[1.149s] -- Up-to-date: /home/ductrung/bumperbot_ws/install/bumperbot_controller/share/ament_index/resource_index/parent_prefix_path/bumperbot_controller
[1.154s] -- Up-to-date: /home/ductrung/bumperbot_ws/install/bumperbot_controller/share/bumperbot_controller/environment/ament_prefix_path.sh
[1.154s] -- Up-to-date: /home/ductrung/bumperbot_ws/install/bumperbot_controller/share/bumperbot_controller/environment/ament_prefix_path.dsv
[1.155s] -- Up-to-date: /home/ductrung/bumperbot_ws/install/bumperbot_controller/share/bumperbot_controller/environment/path.sh
[1.155s] -- Up-to-date: /home/ductrung/bumperbot_ws/install/bumperbot_controller/share/bumperbot_controller/environment/path.dsv
[1.155s] -- Up-to-date: /home/ductrung/bumperbot_ws/install/bumperbot_controller/share/bumperbot_controller/local_setup.bash
[1.156s] -- Up-to-date: /home/ductrung/bumperbot_ws/install/bumperbot_controller/share/bumperbot_controller/local_setup.sh
[1.156s] -- Up-to-date: /home/ductrung/bumperbot_ws/install/bumperbot_controller/share/bumperbot_controller/local_setup.zsh
[1.156s] -- Up-to-date: /home/ductrung/bumperbot_ws/install/bumperbot_controller/share/bumperbot_controller/local_setup.dsv
[1.156s] -- Installing: /home/ductrung/bumperbot_ws/install/bumperbot_controller/share/bumperbot_controller/package.dsv
[1.156s] -- Up-to-date: /home/ductrung/bumperbot_ws/install/bumperbot_controller/share/ament_index/resource_index/packages/bumperbot_controller
[1.156s] -- Up-to-date: /home/ductrung/bumperbot_ws/install/bumperbot_controller/share/bumperbot_controller/cmake/bumperbot_controllerConfig.cmake
[1.157s] -- Up-to-date: /home/ductrung/bumperbot_ws/install/bumperbot_controller/share/bumperbot_controller/cmake/bumperbot_controllerConfig-version.cmake
[1.157s] -- Up-to-date: /home/ductrung/bumperbot_ws/install/bumperbot_controller/share/bumperbot_controller/package.xml
[1.158s] Invoked command in '/home/ductrung/bumperbot_ws/build/bumperbot_controller' returned '0': CMAKE_PREFIX_PATH=${CMAKE_PREFIX_PATH}:/opt/ros/humble /usr/bin/cmake --install /home/ductrung/bumperbot_ws/build/bumperbot_controller
