[0.071s] Invoking command in '/home/ductrung/bumperbot_ws/build/bumperbot_controller': CMAKE_PREFIX_PATH=${CMAKE_PREFIX_PATH}:/opt/ros/humble /usr/bin/cmake --build /home/ductrung/bumperbot_ws/build/bumperbot_controller -- -j4 -l4
[0.436s] [  0%] Built target ament_cmake_python_copy_bumperbot_controller
[0.530s] [ 50%] Built target simple_controller
[0.544s] [100%] Built target noisy_controller
[1.179s] running egg_info
[1.179s] writing bumperbot_controller.egg-info/PKG-INFO
[1.180s] writing dependency_links to bumperbot_controller.egg-info/dependency_links.txt
[1.181s] writing top-level names to bumperbot_controller.egg-info/top_level.txt
[1.184s] reading manifest file 'bumperbot_controller.egg-info/SOURCES.txt'
[1.185s] writing manifest file 'bumperbot_controller.egg-info/SOURCES.txt'
[1.226s] [100%] Built target ament_cmake_python_build_bumperbot_controller_egg
[1.290s] Invoked command in '/home/ductrung/bumperbot_ws/build/bumperbot_controller' returned '0': CMAKE_PREFIX_PATH=${CMAKE_PREFIX_PATH}:/opt/ros/humble /usr/bin/cmake --build /home/ductrung/bumperbot_ws/build/bumperbot_controller -- -j4 -l4
[1.436s] Invoking command in '/home/ductrung/bumperbot_ws/build/bumperbot_controller': CMAKE_PREFIX_PATH=${CMAKE_PREFIX_PATH}:/opt/ros/humble /usr/bin/cmake --install /home/ductrung/bumperbot_ws/build/bumperbot_controller
[1.450s] -- Install configuration: ""
[1.460s] -- Up-to-date: /home/ductrung/bumperbot_ws/install/bumperbot_controller/share/bumperbot_controller/environment/pythonpath.sh
[1.460s] -- Up-to-date: /home/ductrung/bumperbot_ws/install/bumperbot_controller/share/bumperbot_controller/environment/pythonpath.dsv
[1.460s] -- Up-to-date: /home/ductrung/bumperbot_ws/install/bumperbot_controller/local/lib/python3.10/dist-packages/bumperbot_controller-0.0.0-py3.10.egg-info
[1.460s] -- Installing: /home/ductrung/bumperbot_ws/install/bumperbot_controller/local/lib/python3.10/dist-packages/bumperbot_controller-0.0.0-py3.10.egg-info/dependency_links.txt
[1.460s] -- Installing: /home/ductrung/bumperbot_ws/install/bumperbot_controller/local/lib/python3.10/dist-packages/bumperbot_controller-0.0.0-py3.10.egg-info/top_level.txt
[1.460s] -- Installing: /home/ductrung/bumperbot_ws/install/bumperbot_controller/local/lib/python3.10/dist-packages/bumperbot_controller-0.0.0-py3.10.egg-info/SOURCES.txt
[1.461s] -- Installing: /home/ductrung/bumperbot_ws/install/bumperbot_controller/local/lib/python3.10/dist-packages/bumperbot_controller-0.0.0-py3.10.egg-info/PKG-INFO
[1.461s] -- Up-to-date: /home/ductrung/bumperbot_ws/install/bumperbot_controller/local/lib/python3.10/dist-packages/bumperbot_controller
[1.461s] -- Up-to-date: /home/ductrung/bumperbot_ws/install/bumperbot_controller/local/lib/python3.10/dist-packages/bumperbot_controller/noisy_controller.py
[1.461s] -- Up-to-date: /home/ductrung/bumperbot_ws/install/bumperbot_controller/local/lib/python3.10/dist-packages/bumperbot_controller/__init__.py
[1.461s] -- Up-to-date: /home/ductrung/bumperbot_ws/install/bumperbot_controller/local/lib/python3.10/dist-packages/bumperbot_controller/twist_relay.py
[1.461s] -- Up-to-date: /home/ductrung/bumperbot_ws/install/bumperbot_controller/local/lib/python3.10/dist-packages/bumperbot_controller/simple_controller.py
[1.547s] Listing '/home/ductrung/bumperbot_ws/install/bumperbot_controller/local/lib/python3.10/dist-packages/bumperbot_controller'...
[1.547s] -- Up-to-date: /home/ductrung/bumperbot_ws/install/bumperbot_controller/include/include
[1.547s] -- Up-to-date: /home/ductrung/bumperbot_ws/install/bumperbot_controller/include/include/bumperbot_controller
[1.547s] -- Up-to-date: /home/ductrung/bumperbot_ws/install/bumperbot_controller/include/include/bumperbot_controller/simple_controller.hpp
[1.547s] -- Up-to-date: /home/ductrung/bumperbot_ws/install/bumperbot_controller/include/include/bumperbot_controller/noisy_controller.hpp
[1.548s] -- Up-to-date: /home/ductrung/bumperbot_ws/install/bumperbot_controller/lib/bumperbot_controller/simple_controller
[1.548s] -- Up-to-date: /home/ductrung/bumperbot_ws/install/bumperbot_controller/lib/bumperbot_controller/noisy_controller
[1.548s] -- Up-to-date: /home/ductrung/bumperbot_ws/install/bumperbot_controller/share/bumperbot_controller/launch
[1.548s] -- Up-to-date: /home/ductrung/bumperbot_ws/install/bumperbot_controller/share/bumperbot_controller/launch/joystick_teleop.launch.py
[1.548s] -- Up-to-date: /home/ductrung/bumperbot_ws/install/bumperbot_controller/share/bumperbot_controller/launch/controller.launch.py
[1.549s] -- Up-to-date: /home/ductrung/bumperbot_ws/install/bumperbot_controller/share/bumperbot_controller/config
[1.549s] -- Up-to-date: /home/ductrung/bumperbot_ws/install/bumperbot_controller/share/bumperbot_controller/config/joy_config.yaml
[1.549s] -- Up-to-date: /home/ductrung/bumperbot_ws/install/bumperbot_controller/share/bumperbot_controller/config/joy_teleop.yaml
[1.549s] -- Up-to-date: /home/ductrung/bumperbot_ws/install/bumperbot_controller/share/bumperbot_controller/config/bumperbot_controllers.yaml
[1.549s] -- Up-to-date: /home/ductrung/bumperbot_ws/install/bumperbot_controller/share/bumperbot_controller/config/twist_mux_topics.yaml
[1.549s] -- Up-to-date: /home/ductrung/bumperbot_ws/install/bumperbot_controller/share/bumperbot_controller/config/twist_mux_locks.yaml
[1.549s] -- Up-to-date: /home/ductrung/bumperbot_ws/install/bumperbot_controller/share/bumperbot_controller/config/twist_mux_joy.yaml
[1.549s] -- Up-to-date: /home/ductrung/bumperbot_ws/install/bumperbot_controller/lib/bumperbot_controller/simple_controller.py
[1.549s] -- Up-to-date: /home/ductrung/bumperbot_ws/install/bumperbot_controller/lib/bumperbot_controller/noisy_controller.py
[1.549s] -- Up-to-date: /home/ductrung/bumperbot_ws/install/bumperbot_controller/lib/bumperbot_controller/twist_relay.py
[1.549s] -- Up-to-date: /home/ductrung/bumperbot_ws/install/bumperbot_controller/share/ament_index/resource_index/package_run_dependencies/bumperbot_controller
[1.549s] -- Up-to-date: /home/ductrung/bumperbot_ws/install/bumperbot_controller/share/ament_index/resource_index/parent_prefix_path/bumperbot_controller
[1.549s] -- Up-to-date: /home/ductrung/bumperbot_ws/install/bumperbot_controller/share/bumperbot_controller/environment/ament_prefix_path.sh
[1.549s] -- Up-to-date: /home/ductrung/bumperbot_ws/install/bumperbot_controller/share/bumperbot_controller/environment/ament_prefix_path.dsv
[1.550s] -- Up-to-date: /home/ductrung/bumperbot_ws/install/bumperbot_controller/share/bumperbot_controller/environment/path.sh
[1.550s] -- Up-to-date: /home/ductrung/bumperbot_ws/install/bumperbot_controller/share/bumperbot_controller/environment/path.dsv
[1.550s] -- Up-to-date: /home/ductrung/bumperbot_ws/install/bumperbot_controller/share/bumperbot_controller/local_setup.bash
[1.550s] -- Up-to-date: /home/ductrung/bumperbot_ws/install/bumperbot_controller/share/bumperbot_controller/local_setup.sh
[1.550s] -- Up-to-date: /home/ductrung/bumperbot_ws/install/bumperbot_controller/share/bumperbot_controller/local_setup.zsh
[1.550s] -- Up-to-date: /home/ductrung/bumperbot_ws/install/bumperbot_controller/share/bumperbot_controller/local_setup.dsv
[1.550s] -- Installing: /home/ductrung/bumperbot_ws/install/bumperbot_controller/share/bumperbot_controller/package.dsv
[1.550s] -- Up-to-date: /home/ductrung/bumperbot_ws/install/bumperbot_controller/share/ament_index/resource_index/packages/bumperbot_controller
[1.550s] -- Up-to-date: /home/ductrung/bumperbot_ws/install/bumperbot_controller/share/bumperbot_controller/cmake/bumperbot_controllerConfig.cmake
[1.550s] -- Up-to-date: /home/ductrung/bumperbot_ws/install/bumperbot_controller/share/bumperbot_controller/cmake/bumperbot_controllerConfig-version.cmake
[1.550s] -- Up-to-date: /home/ductrung/bumperbot_ws/install/bumperbot_controller/share/bumperbot_controller/package.xml
[1.556s] Invoked command in '/home/ductrung/bumperbot_ws/build/bumperbot_controller' returned '0': CMAKE_PREFIX_PATH=${CMAKE_PREFIX_PATH}:/opt/ros/humble /usr/bin/cmake --install /home/ductrung/bumperbot_ws/build/bumperbot_controller
