[0.039s] Invoking command in '/home/ductrung/bumperbot_ws/build/bumperbot_firmware': CMAKE_PREFIX_PATH=${CMAKE_PREFIX_PATH}:/opt/ros/humble /usr/bin/cmake --build /home/ductrung/bumperbot_ws/build/bumperbot_firmware -- -j4 -l4
[0.175s] [ 33%] Built target bumperbot_firmware
[0.194s] [ 66%] Built target simple_serial_receiver
[0.194s] [ 66%] Built target ament_cmake_python_copy_bumperbot_firmware
[0.194s] [100%] Built target simple_serial_transmitter
[0.550s] running egg_info
[0.550s] writing bumperbot_firmware.egg-info/PKG-INFO
[0.551s] writing dependency_links to bumperbot_firmware.egg-info/dependency_links.txt
[0.551s] writing top-level names to bumperbot_firmware.egg-info/top_level.txt
[0.563s] reading manifest file 'bumperbot_firmware.egg-info/SOURCES.txt'
[0.563s] writing manifest file 'bumperbot_firmware.egg-info/SOURCES.txt'
[0.598s] [100%] Built target ament_cmake_python_build_bumperbot_firmware_egg
[0.687s] Invoked command in '/home/ductrung/bumperbot_ws/build/bumperbot_firmware' returned '0': CMAKE_PREFIX_PATH=${CMAKE_PREFIX_PATH}:/opt/ros/humble /usr/bin/cmake --build /home/ductrung/bumperbot_ws/build/bumperbot_firmware -- -j4 -l4
[0.838s] Invoking command in '/home/ductrung/bumperbot_ws/build/bumperbot_firmware': CMAKE_PREFIX_PATH=${CMAKE_PREFIX_PATH}:/opt/ros/humble /usr/bin/cmake --install /home/ductrung/bumperbot_ws/build/bumperbot_firmware
[0.849s] -- Install configuration: ""
[0.849s] -- Up-to-date: /home/ductrung/bumperbot_ws/install/bumperbot_firmware/share/bumperbot_firmware/environment/pythonpath.sh
[0.850s] -- Up-to-date: /home/ductrung/bumperbot_ws/install/bumperbot_firmware/share/bumperbot_firmware/environment/pythonpath.dsv
[0.850s] -- Up-to-date: /home/ductrung/bumperbot_ws/install/bumperbot_firmware/local/lib/python3.10/dist-packages/bumperbot_firmware-0.0.0-py3.10.egg-info
[0.850s] -- Installing: /home/ductrung/bumperbot_ws/install/bumperbot_firmware/local/lib/python3.10/dist-packages/bumperbot_firmware-0.0.0-py3.10.egg-info/dependency_links.txt
[0.850s] -- Installing: /home/ductrung/bumperbot_ws/install/bumperbot_firmware/local/lib/python3.10/dist-packages/bumperbot_firmware-0.0.0-py3.10.egg-info/top_level.txt
[0.851s] -- Installing: /home/ductrung/bumperbot_ws/install/bumperbot_firmware/local/lib/python3.10/dist-packages/bumperbot_firmware-0.0.0-py3.10.egg-info/SOURCES.txt
[0.851s] -- Installing: /home/ductrung/bumperbot_ws/install/bumperbot_firmware/local/lib/python3.10/dist-packages/bumperbot_firmware-0.0.0-py3.10.egg-info/PKG-INFO
[0.852s] -- Up-to-date: /home/ductrung/bumperbot_ws/install/bumperbot_firmware/local/lib/python3.10/dist-packages/bumperbot_firmware
[0.852s] -- Up-to-date: /home/ductrung/bumperbot_ws/install/bumperbot_firmware/local/lib/python3.10/dist-packages/bumperbot_firmware/simple_serial_transmitter.py
[0.852s] -- Up-to-date: /home/ductrung/bumperbot_ws/install/bumperbot_firmware/local/lib/python3.10/dist-packages/bumperbot_firmware/__init__.py
[0.852s] -- Up-to-date: /home/ductrung/bumperbot_ws/install/bumperbot_firmware/local/lib/python3.10/dist-packages/bumperbot_firmware/simple_serial_receiver.py
[0.853s] -- Up-to-date: /home/ductrung/bumperbot_ws/install/bumperbot_firmware/local/lib/python3.10/dist-packages/bumperbot_firmware/mpu6050_driver.py
[0.886s] Listing '/home/ductrung/bumperbot_ws/install/bumperbot_firmware/local/lib/python3.10/dist-packages/bumperbot_firmware'...
[0.890s] -- Up-to-date: /home/ductrung/bumperbot_ws/install/bumperbot_firmware/share/bumperbot_firmware/bumperbot_interface.xml
[0.891s] -- Up-to-date: /home/ductrung/bumperbot_ws/install/bumperbot_firmware/lib/libbumperbot_firmware.so
[0.891s] -- Up-to-date: /home/ductrung/bumperbot_ws/install/bumperbot_firmware/include/include
[0.891s] -- Up-to-date: /home/ductrung/bumperbot_ws/install/bumperbot_firmware/include/include/bumperbot_firmware
[0.891s] -- Up-to-date: /home/ductrung/bumperbot_ws/install/bumperbot_firmware/include/include/bumperbot_firmware/bumperbot_interface.hpp
[0.892s] -- Up-to-date: /home/ductrung/bumperbot_ws/install/bumperbot_firmware/share/bumperbot_firmware/launch
[0.892s] -- Up-to-date: /home/ductrung/bumperbot_ws/install/bumperbot_firmware/share/bumperbot_firmware/launch/hardware_interface.launch.py
[0.892s] -- Up-to-date: /home/ductrung/bumperbot_ws/install/bumperbot_firmware/lib/bumperbot_firmware/simple_serial_transmitter.py
[0.892s] -- Up-to-date: /home/ductrung/bumperbot_ws/install/bumperbot_firmware/lib/bumperbot_firmware/simple_serial_receiver.py
[0.892s] -- Up-to-date: /home/ductrung/bumperbot_ws/install/bumperbot_firmware/lib/bumperbot_firmware/mpu6050_driver.py
[0.893s] -- Up-to-date: /home/ductrung/bumperbot_ws/install/bumperbot_firmware/lib/bumperbot_firmware/simple_serial_receiver
[0.893s] -- Up-to-date: /home/ductrung/bumperbot_ws/install/bumperbot_firmware/lib/bumperbot_firmware/simple_serial_transmitter
[0.893s] -- Up-to-date: /home/ductrung/bumperbot_ws/install/bumperbot_firmware/share/bumperbot_firmware/environment/library_path.sh
[0.894s] -- Up-to-date: /home/ductrung/bumperbot_ws/install/bumperbot_firmware/share/bumperbot_firmware/environment/library_path.dsv
[0.894s] -- Up-to-date: /home/ductrung/bumperbot_ws/install/bumperbot_firmware/share/ament_index/resource_index/package_run_dependencies/bumperbot_firmware
[0.894s] -- Up-to-date: /home/ductrung/bumperbot_ws/install/bumperbot_firmware/share/ament_index/resource_index/parent_prefix_path/bumperbot_firmware
[0.894s] -- Up-to-date: /home/ductrung/bumperbot_ws/install/bumperbot_firmware/share/bumperbot_firmware/environment/ament_prefix_path.sh
[0.894s] -- Up-to-date: /home/ductrung/bumperbot_ws/install/bumperbot_firmware/share/bumperbot_firmware/environment/ament_prefix_path.dsv
[0.894s] -- Up-to-date: /home/ductrung/bumperbot_ws/install/bumperbot_firmware/share/bumperbot_firmware/environment/path.sh
[0.894s] -- Up-to-date: /home/ductrung/bumperbot_ws/install/bumperbot_firmware/share/bumperbot_firmware/environment/path.dsv
[0.894s] -- Up-to-date: /home/ductrung/bumperbot_ws/install/bumperbot_firmware/share/bumperbot_firmware/local_setup.bash
[0.894s] -- Up-to-date: /home/ductrung/bumperbot_ws/install/bumperbot_firmware/share/bumperbot_firmware/local_setup.sh
[0.894s] -- Up-to-date: /home/ductrung/bumperbot_ws/install/bumperbot_firmware/share/bumperbot_firmware/local_setup.zsh
[0.894s] -- Up-to-date: /home/ductrung/bumperbot_ws/install/bumperbot_firmware/share/bumperbot_firmware/local_setup.dsv
[0.894s] -- Installing: /home/ductrung/bumperbot_ws/install/bumperbot_firmware/share/bumperbot_firmware/package.dsv
[0.895s] -- Up-to-date: /home/ductrung/bumperbot_ws/install/bumperbot_firmware/share/ament_index/resource_index/packages/bumperbot_firmware
[0.895s] -- Up-to-date: /home/ductrung/bumperbot_ws/install/bumperbot_firmware/share/ament_index/resource_index/hardware_interface__pluginlib__plugin/bumperbot_firmware
[0.895s] -- Up-to-date: /home/ductrung/bumperbot_ws/install/bumperbot_firmware/share/bumperbot_firmware/cmake/ament_cmake_export_include_directories-extras.cmake
[0.895s] -- Up-to-date: /home/ductrung/bumperbot_ws/install/bumperbot_firmware/share/bumperbot_firmware/cmake/ament_cmake_export_libraries-extras.cmake
[0.895s] -- Up-to-date: /home/ductrung/bumperbot_ws/install/bumperbot_firmware/share/bumperbot_firmware/cmake/ament_cmake_export_dependencies-extras.cmake
[0.896s] -- Up-to-date: /home/ductrung/bumperbot_ws/install/bumperbot_firmware/share/bumperbot_firmware/cmake/bumperbot_firmwareConfig.cmake
[0.896s] -- Up-to-date: /home/ductrung/bumperbot_ws/install/bumperbot_firmware/share/bumperbot_firmware/cmake/bumperbot_firmwareConfig-version.cmake
[0.896s] -- Up-to-date: /home/ductrung/bumperbot_ws/install/bumperbot_firmware/share/bumperbot_firmware/package.xml
[0.920s] Invoked command in '/home/ductrung/bumperbot_ws/build/bumperbot_firmware' returned '0': CMAKE_PREFIX_PATH=${CMAKE_PREFIX_PATH}:/opt/ros/humble /usr/bin/cmake --install /home/ductrung/bumperbot_ws/build/bumperbot_firmware
