[0.113s] Invoking command in '/home/ductrung/bumperbot_ws/build/bumperbot_controller': CMAKE_PREFIX_PATH=${CMAKE_PREFIX_PATH}:/opt/ros/humble /usr/bin/cmake --build /home/ductrung/bumperbot_ws/build/bumperbot_controller -- -j4 -l4
[0.271s] [ 50%] Built target noisy_controller
[0.383s] [ 50%] Built target ament_cmake_python_copy_bumperbot_controller
[0.482s] [100%] Built target simple_controller
[1.330s] running egg_info
[1.332s] writing bumperbot_controller.egg-info/PKG-INFO
[1.339s] writing dependency_links to bumperbot_controller.egg-info/dependency_links.txt
[1.340s] writing top-level names to bumperbot_controller.egg-info/top_level.txt
[1.360s] reading manifest file 'bumperbot_controller.egg-info/SOURCES.txt'
[1.362s] writing manifest file 'bumperbot_controller.egg-info/SOURCES.txt'
[1.584s] [100%] Built target ament_cmake_python_build_bumperbot_controller_egg
[1.631s] Invoked command in '/home/ductrung/bumperbot_ws/build/bumperbot_controller' returned '0': CMAKE_PREFIX_PATH=${CMAKE_PREFIX_PATH}:/opt/ros/humble /usr/bin/cmake --build /home/ductrung/bumperbot_ws/build/bumperbot_controller -- -j4 -l4
[1.926s] Invoking command in '/home/ductrung/bumperbot_ws/build/bumperbot_controller': CMAKE_PREFIX_PATH=${CMAKE_PREFIX_PATH}:/opt/ros/humble /usr/bin/cmake --install /home/ductrung/bumperbot_ws/build/bumperbot_controller
[1.975s] -- Install configuration: ""
[1.975s] -- Up-to-date: /home/ductrung/bumperbot_ws/install/bumperbot_controller/share/bumperbot_controller/environment/pythonpath.sh
[1.975s] -- Up-to-date: /home/ductrung/bumperbot_ws/install/bumperbot_controller/share/bumperbot_controller/environment/pythonpath.dsv
[1.975s] -- Up-to-date: /home/ductrung/bumperbot_ws/install/bumperbot_controller/local/lib/python3.10/dist-packages/bumperbot_controller-0.0.0-py3.10.egg-info
[1.975s] -- Installing: /home/ductrung/bumperbot_ws/install/bumperbot_controller/local/lib/python3.10/dist-packages/bumperbot_controller-0.0.0-py3.10.egg-info/dependency_links.txt
[1.975s] -- Installing: /home/ductrung/bumperbot_ws/install/bumperbot_controller/local/lib/python3.10/dist-packages/bumperbot_controller-0.0.0-py3.10.egg-info/top_level.txt
[1.975s] -- Installing: /home/ductrung/bumperbot_ws/install/bumperbot_controller/local/lib/python3.10/dist-packages/bumperbot_controller-0.0.0-py3.10.egg-info/SOURCES.txt
[1.975s] -- Installing: /home/ductrung/bumperbot_ws/install/bumperbot_controller/local/lib/python3.10/dist-packages/bumperbot_controller-0.0.0-py3.10.egg-info/PKG-INFO
[1.975s] -- Up-to-date: /home/ductrung/bumperbot_ws/install/bumperbot_controller/local/lib/python3.10/dist-packages/bumperbot_controller
[1.981s] -- Up-to-date: /home/ductrung/bumperbot_ws/install/bumperbot_controller/local/lib/python3.10/dist-packages/bumperbot_controller/noisy_controller.py
[1.982s] -- Up-to-date: /home/ductrung/bumperbot_ws/install/bumperbot_controller/local/lib/python3.10/dist-packages/bumperbot_controller/__init__.py
[1.982s] -- Up-to-date: /home/ductrung/bumperbot_ws/install/bumperbot_controller/local/lib/python3.10/dist-packages/bumperbot_controller/twist_relay.py
[1.982s] -- Up-to-date: /home/ductrung/bumperbot_ws/install/bumperbot_controller/local/lib/python3.10/dist-packages/bumperbot_controller/simple_controller.py
[2.065s] Listing '/home/ductrung/bumperbot_ws/install/bumperbot_controller/local/lib/python3.10/dist-packages/bumperbot_controller'...
[2.195s] -- Up-to-date: /home/ductrung/bumperbot_ws/install/bumperbot_controller/include/include
[2.237s] -- Up-to-date: /home/ductrung/bumperbot_ws/install/bumperbot_controller/include/include/bumperbot_controller
[2.238s] -- Up-to-date: /home/ductrung/bumperbot_ws/install/bumperbot_controller/include/include/bumperbot_controller/simple_controller.hpp
[2.238s] -- Up-to-date: /home/ductrung/bumperbot_ws/install/bumperbot_controller/include/include/bumperbot_controller/noisy_controller.hpp
[2.239s] -- Up-to-date: /home/ductrung/bumperbot_ws/install/bumperbot_controller/lib/bumperbot_controller/simple_controller
[2.239s] -- Up-to-date: /home/ductrung/bumperbot_ws/install/bumperbot_controller/lib/bumperbot_controller/noisy_controller
[2.239s] -- Up-to-date: /home/ductrung/bumperbot_ws/install/bumperbot_controller/share/bumperbot_controller/launch
[2.240s] -- Up-to-date: /home/ductrung/bumperbot_ws/install/bumperbot_controller/share/bumperbot_controller/launch/joystick_teleop.launch.py
[2.240s] -- Up-to-date: /home/ductrung/bumperbot_ws/install/bumperbot_controller/share/bumperbot_controller/launch/controller.launch.py
[2.240s] -- Up-to-date: /home/ductrung/bumperbot_ws/install/bumperbot_controller/share/bumperbot_controller/config
[2.263s] -- Up-to-date: /home/ductrung/bumperbot_ws/install/bumperbot_controller/share/bumperbot_controller/config/joy_config.yaml
[2.264s] -- Up-to-date: /home/ductrung/bumperbot_ws/install/bumperbot_controller/share/bumperbot_controller/config/joy_teleop.yaml
[2.266s] -- Up-to-date: /home/ductrung/bumperbot_ws/install/bumperbot_controller/share/bumperbot_controller/config/bumperbot_controllers.yaml
[2.266s] -- Up-to-date: /home/ductrung/bumperbot_ws/install/bumperbot_controller/share/bumperbot_controller/config/twist_mux_topics.yaml
[2.266s] -- Up-to-date: /home/ductrung/bumperbot_ws/install/bumperbot_controller/share/bumperbot_controller/config/twist_mux_locks.yaml
[2.266s] -- Up-to-date: /home/ductrung/bumperbot_ws/install/bumperbot_controller/share/bumperbot_controller/config/twist_mux_joy.yaml
[2.266s] -- Up-to-date: /home/ductrung/bumperbot_ws/install/bumperbot_controller/lib/bumperbot_controller/simple_controller.py
[2.266s] -- Up-to-date: /home/ductrung/bumperbot_ws/install/bumperbot_controller/lib/bumperbot_controller/noisy_controller.py
[2.266s] -- Up-to-date: /home/ductrung/bumperbot_ws/install/bumperbot_controller/lib/bumperbot_controller/twist_relay.py
[2.266s] -- Up-to-date: /home/ductrung/bumperbot_ws/install/bumperbot_controller/share/ament_index/resource_index/package_run_dependencies/bumperbot_controller
[2.266s] -- Up-to-date: /home/ductrung/bumperbot_ws/install/bumperbot_controller/share/ament_index/resource_index/parent_prefix_path/bumperbot_controller
[2.266s] -- Up-to-date: /home/ductrung/bumperbot_ws/install/bumperbot_controller/share/bumperbot_controller/environment/ament_prefix_path.sh
[2.266s] -- Up-to-date: /home/ductrung/bumperbot_ws/install/bumperbot_controller/share/bumperbot_controller/environment/ament_prefix_path.dsv
[2.266s] -- Up-to-date: /home/ductrung/bumperbot_ws/install/bumperbot_controller/share/bumperbot_controller/environment/path.sh
[2.266s] -- Up-to-date: /home/ductrung/bumperbot_ws/install/bumperbot_controller/share/bumperbot_controller/environment/path.dsv
[2.266s] -- Up-to-date: /home/ductrung/bumperbot_ws/install/bumperbot_controller/share/bumperbot_controller/local_setup.bash
[2.266s] -- Up-to-date: /home/ductrung/bumperbot_ws/install/bumperbot_controller/share/bumperbot_controller/local_setup.sh
[2.266s] -- Up-to-date: /home/ductrung/bumperbot_ws/install/bumperbot_controller/share/bumperbot_controller/local_setup.zsh
[2.266s] -- Up-to-date: /home/ductrung/bumperbot_ws/install/bumperbot_controller/share/bumperbot_controller/local_setup.dsv
[2.267s] -- Installing: /home/ductrung/bumperbot_ws/install/bumperbot_controller/share/bumperbot_controller/package.dsv
[2.267s] -- Up-to-date: /home/ductrung/bumperbot_ws/install/bumperbot_controller/share/ament_index/resource_index/packages/bumperbot_controller
[2.267s] -- Up-to-date: /home/ductrung/bumperbot_ws/install/bumperbot_controller/share/bumperbot_controller/cmake/bumperbot_controllerConfig.cmake
[2.267s] -- Up-to-date: /home/ductrung/bumperbot_ws/install/bumperbot_controller/share/bumperbot_controller/cmake/bumperbot_controllerConfig-version.cmake
[2.267s] -- Up-to-date: /home/ductrung/bumperbot_ws/install/bumperbot_controller/share/bumperbot_controller/package.xml
[2.267s] Invoked command in '/home/ductrung/bumperbot_ws/build/bumperbot_controller' returned '0': CMAKE_PREFIX_PATH=${CMAKE_PREFIX_PATH}:/opt/ros/humble /usr/bin/cmake --install /home/ductrung/bumperbot_ws/build/bumperbot_controller
