[0.105s] DEBUG:colcon:Command line arguments: ['/usr/bin/colcon', 'build']
[0.105s] DEBUG:colcon:Parsed command line arguments: Namespace(log_base=None, log_level=None, verb_name='build', build_base='build', install_base='install', merge_install=False, symlink_install=False, test_result_base=None, continue_on_error=False, executor='parallel', parallel_workers=4, event_handlers=None, ignore_user_meta=False, metas=['./colcon.meta'], base_paths=['.'], packages_ignore=None, packages_ignore_regex=None, paths=None, packages_up_to=None, packages_up_to_regex=None, packages_above=None, packages_above_and_dependencies=None, packages_above_depth=None, packages_select_by_dep=None, packages_skip_by_dep=None, packages_skip_up_to=None, packages_select_build_failed=False, packages_skip_build_finished=False, packages_select_test_failures=False, packages_skip_test_passed=False, packages_select=None, packages_skip=None, packages_select_regex=None, packages_skip_regex=None, packages_start=None, packages_end=None, allow_overriding=[], cmake_args=None, cmake_target=None, cmake_target_skip_unavailable=False, cmake_clean_cache=False, cmake_clean_first=False, cmake_force_configure=False, ament_cmake_args=None, catkin_cmake_args=None, catkin_skip_building_tests=False, mixin_files=None, mixin=None, verb_parser=<colcon_mixin.mixin.mixin_argument.MixinArgumentDecorator object at 0x71c048852f20>, verb_extension=<colcon_core.verb.build.BuildVerb object at 0x71c048852a40>, main=<bound method BuildVerb.main of <colcon_core.verb.build.BuildVerb object at 0x71c048852a40>>, mixin_verb=('build',))
[0.262s] Level 1:colcon.colcon_core.package_discovery:discover_packages(colcon_meta) check parameters
[0.262s] Level 1:colcon.colcon_core.package_discovery:discover_packages(recursive) check parameters
[0.262s] Level 1:colcon.colcon_core.package_discovery:discover_packages(ignore) check parameters
[0.262s] Level 1:colcon.colcon_core.package_discovery:discover_packages(path) check parameters
[0.262s] Level 1:colcon.colcon_core.package_discovery:discover_packages(colcon_meta) discover
[0.262s] Level 1:colcon.colcon_core.package_discovery:discover_packages(recursive) discover
[0.262s] INFO:colcon.colcon_core.package_discovery:Crawling recursively for packages in '/home/ductrung/bumperbot_ws'
[0.263s] Level 1:colcon.colcon_core.package_identification:_identify(.) by extensions ['ignore', 'ignore_ament_install']
[0.263s] Level 1:colcon.colcon_core.package_identification:_identify(.) by extension 'ignore'
[0.263s] Level 1:colcon.colcon_core.package_identification:_identify(.) by extension 'ignore_ament_install'
[0.263s] Level 1:colcon.colcon_core.package_identification:_identify(.) by extensions ['colcon_pkg']
[0.263s] Level 1:colcon.colcon_core.package_identification:_identify(.) by extension 'colcon_pkg'
[0.263s] Level 1:colcon.colcon_core.package_identification:_identify(.) by extensions ['colcon_meta']
[0.263s] Level 1:colcon.colcon_core.package_identification:_identify(.) by extension 'colcon_meta'
[0.263s] Level 1:colcon.colcon_core.package_identification:_identify(.) by extensions ['ros']
[0.263s] Level 1:colcon.colcon_core.package_identification:_identify(.) by extension 'ros'
[0.273s] Level 1:colcon.colcon_core.package_identification:_identify(.) by extensions ['cmake', 'python']
[0.273s] Level 1:colcon.colcon_core.package_identification:_identify(.) by extension 'cmake'
[0.274s] Level 1:colcon.colcon_core.package_identification:_identify(.) by extension 'python'
[0.274s] Level 1:colcon.colcon_core.package_identification:_identify(.) by extensions ['python_setup_py']
[0.274s] Level 1:colcon.colcon_core.package_identification:_identify(.) by extension 'python_setup_py'
[0.274s] Level 1:colcon.colcon_core.package_identification:_identify(build) by extensions ['ignore', 'ignore_ament_install']
[0.274s] Level 1:colcon.colcon_core.package_identification:_identify(build) by extension 'ignore'
[0.274s] Level 1:colcon.colcon_core.package_identification:_identify(build) ignored
[0.274s] Level 1:colcon.colcon_core.package_identification:_identify(install) by extensions ['ignore', 'ignore_ament_install']
[0.274s] Level 1:colcon.colcon_core.package_identification:_identify(install) by extension 'ignore'
[0.274s] Level 1:colcon.colcon_core.package_identification:_identify(install) ignored
[0.274s] Level 1:colcon.colcon_core.package_identification:_identify(log) by extensions ['ignore', 'ignore_ament_install']
[0.274s] Level 1:colcon.colcon_core.package_identification:_identify(log) by extension 'ignore'
[0.275s] Level 1:colcon.colcon_core.package_identification:_identify(log) ignored
[0.275s] Level 1:colcon.colcon_core.package_identification:_identify(src) by extensions ['ignore', 'ignore_ament_install']
[0.275s] Level 1:colcon.colcon_core.package_identification:_identify(src) by extension 'ignore'
[0.275s] Level 1:colcon.colcon_core.package_identification:_identify(src) by extension 'ignore_ament_install'
[0.275s] Level 1:colcon.colcon_core.package_identification:_identify(src) by extensions ['colcon_pkg']
[0.275s] Level 1:colcon.colcon_core.package_identification:_identify(src) by extension 'colcon_pkg'
[0.275s] Level 1:colcon.colcon_core.package_identification:_identify(src) by extensions ['colcon_meta']
[0.275s] Level 1:colcon.colcon_core.package_identification:_identify(src) by extension 'colcon_meta'
[0.275s] Level 1:colcon.colcon_core.package_identification:_identify(src) by extensions ['ros']
[0.275s] Level 1:colcon.colcon_core.package_identification:_identify(src) by extension 'ros'
[0.275s] Level 1:colcon.colcon_core.package_identification:_identify(src) by extensions ['cmake', 'python']
[0.275s] Level 1:colcon.colcon_core.package_identification:_identify(src) by extension 'cmake'
[0.275s] Level 1:colcon.colcon_core.package_identification:_identify(src) by extension 'python'
[0.275s] Level 1:colcon.colcon_core.package_identification:_identify(src) by extensions ['python_setup_py']
[0.275s] Level 1:colcon.colcon_core.package_identification:_identify(src) by extension 'python_setup_py'
[0.275s] Level 1:colcon.colcon_core.package_identification:_identify(src/bumperbot_bringup) by extensions ['ignore', 'ignore_ament_install']
[0.275s] Level 1:colcon.colcon_core.package_identification:_identify(src/bumperbot_bringup) by extension 'ignore'
[0.275s] Level 1:colcon.colcon_core.package_identification:_identify(src/bumperbot_bringup) by extension 'ignore_ament_install'
[0.276s] Level 1:colcon.colcon_core.package_identification:_identify(src/bumperbot_bringup) by extensions ['colcon_pkg']
[0.276s] Level 1:colcon.colcon_core.package_identification:_identify(src/bumperbot_bringup) by extension 'colcon_pkg'
[0.276s] Level 1:colcon.colcon_core.package_identification:_identify(src/bumperbot_bringup) by extensions ['colcon_meta']
[0.276s] Level 1:colcon.colcon_core.package_identification:_identify(src/bumperbot_bringup) by extension 'colcon_meta'
[0.276s] Level 1:colcon.colcon_core.package_identification:_identify(src/bumperbot_bringup) by extensions ['ros']
[0.276s] Level 1:colcon.colcon_core.package_identification:_identify(src/bumperbot_bringup) by extension 'ros'
[0.278s] DEBUG:colcon.colcon_core.package_identification:Package 'src/bumperbot_bringup' with type 'ros.ament_cmake' and name 'bumperbot_bringup'
[0.278s] Level 1:colcon.colcon_core.package_identification:_identify(src/bumperbot_controller) by extensions ['ignore', 'ignore_ament_install']
[0.278s] Level 1:colcon.colcon_core.package_identification:_identify(src/bumperbot_controller) by extension 'ignore'
[0.278s] Level 1:colcon.colcon_core.package_identification:_identify(src/bumperbot_controller) by extension 'ignore_ament_install'
[0.278s] Level 1:colcon.colcon_core.package_identification:_identify(src/bumperbot_controller) by extensions ['colcon_pkg']
[0.278s] Level 1:colcon.colcon_core.package_identification:_identify(src/bumperbot_controller) by extension 'colcon_pkg'
[0.278s] Level 1:colcon.colcon_core.package_identification:_identify(src/bumperbot_controller) by extensions ['colcon_meta']
[0.278s] Level 1:colcon.colcon_core.package_identification:_identify(src/bumperbot_controller) by extension 'colcon_meta'
[0.278s] Level 1:colcon.colcon_core.package_identification:_identify(src/bumperbot_controller) by extensions ['ros']
[0.278s] Level 1:colcon.colcon_core.package_identification:_identify(src/bumperbot_controller) by extension 'ros'
[0.279s] DEBUG:colcon.colcon_core.package_identification:Package 'src/bumperbot_controller' with type 'ros.ament_cmake' and name 'bumperbot_controller'
[0.280s] Level 1:colcon.colcon_core.package_identification:_identify(src/bumperbot_cpp_examples) by extensions ['ignore', 'ignore_ament_install']
[0.280s] Level 1:colcon.colcon_core.package_identification:_identify(src/bumperbot_cpp_examples) by extension 'ignore'
[0.280s] Level 1:colcon.colcon_core.package_identification:_identify(src/bumperbot_cpp_examples) by extension 'ignore_ament_install'
[0.280s] Level 1:colcon.colcon_core.package_identification:_identify(src/bumperbot_cpp_examples) by extensions ['colcon_pkg']
[0.280s] Level 1:colcon.colcon_core.package_identification:_identify(src/bumperbot_cpp_examples) by extension 'colcon_pkg'
[0.280s] Level 1:colcon.colcon_core.package_identification:_identify(src/bumperbot_cpp_examples) by extensions ['colcon_meta']
[0.280s] Level 1:colcon.colcon_core.package_identification:_identify(src/bumperbot_cpp_examples) by extension 'colcon_meta'
[0.280s] Level 1:colcon.colcon_core.package_identification:_identify(src/bumperbot_cpp_examples) by extensions ['ros']
[0.280s] Level 1:colcon.colcon_core.package_identification:_identify(src/bumperbot_cpp_examples) by extension 'ros'
[0.281s] DEBUG:colcon.colcon_core.package_identification:Package 'src/bumperbot_cpp_examples' with type 'ros.ament_cmake' and name 'bumperbot_cpp_examples'
[0.282s] Level 1:colcon.colcon_core.package_identification:_identify(src/bumperbot_description) by extensions ['ignore', 'ignore_ament_install']
[0.282s] Level 1:colcon.colcon_core.package_identification:_identify(src/bumperbot_description) by extension 'ignore'
[0.282s] Level 1:colcon.colcon_core.package_identification:_identify(src/bumperbot_description) by extension 'ignore_ament_install'
[0.282s] Level 1:colcon.colcon_core.package_identification:_identify(src/bumperbot_description) by extensions ['colcon_pkg']
[0.282s] Level 1:colcon.colcon_core.package_identification:_identify(src/bumperbot_description) by extension 'colcon_pkg'
[0.282s] Level 1:colcon.colcon_core.package_identification:_identify(src/bumperbot_description) by extensions ['colcon_meta']
[0.282s] Level 1:colcon.colcon_core.package_identification:_identify(src/bumperbot_description) by extension 'colcon_meta'
[0.282s] Level 1:colcon.colcon_core.package_identification:_identify(src/bumperbot_description) by extensions ['ros']
[0.282s] Level 1:colcon.colcon_core.package_identification:_identify(src/bumperbot_description) by extension 'ros'
[0.283s] DEBUG:colcon.colcon_core.package_identification:Package 'src/bumperbot_description' with type 'ros.ament_cmake' and name 'bumperbot_description'
[0.284s] Level 1:colcon.colcon_core.package_identification:_identify(src/bumperbot_firmware) by extensions ['ignore', 'ignore_ament_install']
[0.284s] Level 1:colcon.colcon_core.package_identification:_identify(src/bumperbot_firmware) by extension 'ignore'
[0.284s] Level 1:colcon.colcon_core.package_identification:_identify(src/bumperbot_firmware) by extension 'ignore_ament_install'
[0.284s] Level 1:colcon.colcon_core.package_identification:_identify(src/bumperbot_firmware) by extensions ['colcon_pkg']
[0.284s] Level 1:colcon.colcon_core.package_identification:_identify(src/bumperbot_firmware) by extension 'colcon_pkg'
[0.284s] Level 1:colcon.colcon_core.package_identification:_identify(src/bumperbot_firmware) by extensions ['colcon_meta']
[0.284s] Level 1:colcon.colcon_core.package_identification:_identify(src/bumperbot_firmware) by extension 'colcon_meta'
[0.284s] Level 1:colcon.colcon_core.package_identification:_identify(src/bumperbot_firmware) by extensions ['ros']
[0.284s] Level 1:colcon.colcon_core.package_identification:_identify(src/bumperbot_firmware) by extension 'ros'
[0.285s] DEBUG:colcon.colcon_core.package_identification:Package 'src/bumperbot_firmware' with type 'ros.ament_cmake' and name 'bumperbot_firmware'
[0.285s] Level 1:colcon.colcon_core.package_identification:_identify(src/bumperbot_localization) by extensions ['ignore', 'ignore_ament_install']
[0.285s] Level 1:colcon.colcon_core.package_identification:_identify(src/bumperbot_localization) by extension 'ignore'
[0.285s] Level 1:colcon.colcon_core.package_identification:_identify(src/bumperbot_localization) by extension 'ignore_ament_install'
[0.285s] Level 1:colcon.colcon_core.package_identification:_identify(src/bumperbot_localization) by extensions ['colcon_pkg']
[0.285s] Level 1:colcon.colcon_core.package_identification:_identify(src/bumperbot_localization) by extension 'colcon_pkg'
[0.286s] Level 1:colcon.colcon_core.package_identification:_identify(src/bumperbot_localization) by extensions ['colcon_meta']
[0.286s] Level 1:colcon.colcon_core.package_identification:_identify(src/bumperbot_localization) by extension 'colcon_meta'
[0.286s] Level 1:colcon.colcon_core.package_identification:_identify(src/bumperbot_localization) by extensions ['ros']
[0.286s] Level 1:colcon.colcon_core.package_identification:_identify(src/bumperbot_localization) by extension 'ros'
[0.287s] DEBUG:colcon.colcon_core.package_identification:Package 'src/bumperbot_localization' with type 'ros.ament_cmake' and name 'bumperbot_localization'
[0.287s] Level 1:colcon.colcon_core.package_identification:_identify(src/bumperbot_mapping) by extensions ['ignore', 'ignore_ament_install']
[0.287s] Level 1:colcon.colcon_core.package_identification:_identify(src/bumperbot_mapping) by extension 'ignore'
[0.287s] Level 1:colcon.colcon_core.package_identification:_identify(src/bumperbot_mapping) by extension 'ignore_ament_install'
[0.287s] Level 1:colcon.colcon_core.package_identification:_identify(src/bumperbot_mapping) by extensions ['colcon_pkg']
[0.287s] Level 1:colcon.colcon_core.package_identification:_identify(src/bumperbot_mapping) by extension 'colcon_pkg'
[0.287s] Level 1:colcon.colcon_core.package_identification:_identify(src/bumperbot_mapping) by extensions ['colcon_meta']
[0.287s] Level 1:colcon.colcon_core.package_identification:_identify(src/bumperbot_mapping) by extension 'colcon_meta'
[0.287s] Level 1:colcon.colcon_core.package_identification:_identify(src/bumperbot_mapping) by extensions ['ros']
[0.287s] Level 1:colcon.colcon_core.package_identification:_identify(src/bumperbot_mapping) by extension 'ros'
[0.288s] DEBUG:colcon.colcon_core.package_identification:Package 'src/bumperbot_mapping' with type 'ros.ament_cmake' and name 'bumperbot_mapping'
[0.288s] Level 1:colcon.colcon_core.package_identification:_identify(src/bumperbot_msgs) by extensions ['ignore', 'ignore_ament_install']
[0.288s] Level 1:colcon.colcon_core.package_identification:_identify(src/bumperbot_msgs) by extension 'ignore'
[0.289s] Level 1:colcon.colcon_core.package_identification:_identify(src/bumperbot_msgs) by extension 'ignore_ament_install'
[0.289s] Level 1:colcon.colcon_core.package_identification:_identify(src/bumperbot_msgs) by extensions ['colcon_pkg']
[0.289s] Level 1:colcon.colcon_core.package_identification:_identify(src/bumperbot_msgs) by extension 'colcon_pkg'
[0.289s] Level 1:colcon.colcon_core.package_identification:_identify(src/bumperbot_msgs) by extensions ['colcon_meta']
[0.289s] Level 1:colcon.colcon_core.package_identification:_identify(src/bumperbot_msgs) by extension 'colcon_meta'
[0.289s] Level 1:colcon.colcon_core.package_identification:_identify(src/bumperbot_msgs) by extensions ['ros']
[0.289s] Level 1:colcon.colcon_core.package_identification:_identify(src/bumperbot_msgs) by extension 'ros'
[0.290s] DEBUG:colcon.colcon_core.package_identification:Package 'src/bumperbot_msgs' with type 'ros.ament_cmake' and name 'bumperbot_msgs'
[0.290s] Level 1:colcon.colcon_core.package_identification:_identify(src/bumperbot_navigation) by extensions ['ignore', 'ignore_ament_install']
[0.290s] Level 1:colcon.colcon_core.package_identification:_identify(src/bumperbot_navigation) by extension 'ignore'
[0.290s] Level 1:colcon.colcon_core.package_identification:_identify(src/bumperbot_navigation) by extension 'ignore_ament_install'
[0.290s] Level 1:colcon.colcon_core.package_identification:_identify(src/bumperbot_navigation) by extensions ['colcon_pkg']
[0.290s] Level 1:colcon.colcon_core.package_identification:_identify(src/bumperbot_navigation) by extension 'colcon_pkg'
[0.290s] Level 1:colcon.colcon_core.package_identification:_identify(src/bumperbot_navigation) by extensions ['colcon_meta']
[0.290s] Level 1:colcon.colcon_core.package_identification:_identify(src/bumperbot_navigation) by extension 'colcon_meta'
[0.290s] Level 1:colcon.colcon_core.package_identification:_identify(src/bumperbot_navigation) by extensions ['ros']
[0.291s] Level 1:colcon.colcon_core.package_identification:_identify(src/bumperbot_navigation) by extension 'ros'
[0.291s] DEBUG:colcon.colcon_core.package_identification:Failed to parse potential ROS package manifest in'src/bumperbot_navigation': Error(s) in package 'src/bumperbot_navigation/package.xml':
The manifest contains invalid XML:
no element found: line 29, column 0
[0.291s] Level 1:colcon.colcon_core.package_identification:_identify(src/bumperbot_navigation) by extensions ['cmake', 'python']
[0.291s] Level 1:colcon.colcon_core.package_identification:_identify(src/bumperbot_navigation) by extension 'cmake'
[0.292s] Level 1:colcon.colcon_core.package_identification:_identify(src/bumperbot_navigation) by extension 'python'
[0.292s] DEBUG:colcon.colcon_core.package_identification:Package 'src/bumperbot_navigation' with type 'cmake' and name 'bumperbot_navigation'
[0.292s] Level 1:colcon.colcon_core.package_identification:_identify(src/bumperbot_py_examples) by extensions ['ignore', 'ignore_ament_install']
[0.292s] Level 1:colcon.colcon_core.package_identification:_identify(src/bumperbot_py_examples) by extension 'ignore'
[0.292s] Level 1:colcon.colcon_core.package_identification:_identify(src/bumperbot_py_examples) by extension 'ignore_ament_install'
[0.293s] Level 1:colcon.colcon_core.package_identification:_identify(src/bumperbot_py_examples) by extensions ['colcon_pkg']
[0.293s] Level 1:colcon.colcon_core.package_identification:_identify(src/bumperbot_py_examples) by extension 'colcon_pkg'
[0.293s] Level 1:colcon.colcon_core.package_identification:_identify(src/bumperbot_py_examples) by extensions ['colcon_meta']
[0.293s] Level 1:colcon.colcon_core.package_identification:_identify(src/bumperbot_py_examples) by extension 'colcon_meta'
[0.293s] Level 1:colcon.colcon_core.package_identification:_identify(src/bumperbot_py_examples) by extensions ['ros']
[0.293s] Level 1:colcon.colcon_core.package_identification:_identify(src/bumperbot_py_examples) by extension 'ros'
[0.294s] DEBUG:colcon.colcon_core.package_identification:Package 'src/bumperbot_py_examples' with type 'ros.ament_python' and name 'bumperbot_py_examples'
[0.294s] Level 1:colcon.colcon_core.package_identification:_identify(src/bumperbot_utils) by extensions ['ignore', 'ignore_ament_install']
[0.294s] Level 1:colcon.colcon_core.package_identification:_identify(src/bumperbot_utils) by extension 'ignore'
[0.294s] Level 1:colcon.colcon_core.package_identification:_identify(src/bumperbot_utils) by extension 'ignore_ament_install'
[0.294s] Level 1:colcon.colcon_core.package_identification:_identify(src/bumperbot_utils) by extensions ['colcon_pkg']
[0.294s] Level 1:colcon.colcon_core.package_identification:_identify(src/bumperbot_utils) by extension 'colcon_pkg'
[0.294s] Level 1:colcon.colcon_core.package_identification:_identify(src/bumperbot_utils) by extensions ['colcon_meta']
[0.294s] Level 1:colcon.colcon_core.package_identification:_identify(src/bumperbot_utils) by extension 'colcon_meta'
[0.294s] Level 1:colcon.colcon_core.package_identification:_identify(src/bumperbot_utils) by extensions ['ros']
[0.294s] Level 1:colcon.colcon_core.package_identification:_identify(src/bumperbot_utils) by extension 'ros'
[0.295s] DEBUG:colcon.colcon_core.package_identification:Package 'src/bumperbot_utils' with type 'ros.ament_cmake' and name 'bumperbot_utils'
[0.295s] Level 1:colcon.colcon_core.package_discovery:discover_packages(recursive) using defaults
[0.295s] Level 1:colcon.colcon_core.package_discovery:discover_packages(ignore) discover
[0.295s] Level 1:colcon.colcon_core.package_discovery:discover_packages(ignore) using defaults
[0.295s] Level 1:colcon.colcon_core.package_discovery:discover_packages(path) discover
[0.295s] Level 1:colcon.colcon_core.package_discovery:discover_packages(path) using defaults
[0.328s] Level 1:colcon.colcon_core.package_discovery:discover_packages(prefix_path) check parameters
[0.328s] Level 1:colcon.colcon_core.package_discovery:discover_packages(prefix_path) discover
[0.329s] DEBUG:colcon.colcon_installed_package_information.package_discovery:Found 2 installed packages in /home/ductrung/ros2_ws/install
[0.331s] DEBUG:colcon.colcon_installed_package_information.package_discovery:Found 419 installed packages in /opt/ros/humble
[0.333s] Level 1:colcon.colcon_core.package_discovery:discover_packages(prefix_path) using defaults
[0.377s] Level 5:colcon.colcon_core.verb:set package 'bumperbot_controller' build argument 'cmake_args' from command line to 'None'
[0.377s] Level 5:colcon.colcon_core.verb:set package 'bumperbot_controller' build argument 'cmake_target' from command line to 'None'
[0.377s] Level 5:colcon.colcon_core.verb:set package 'bumperbot_controller' build argument 'cmake_target_skip_unavailable' from command line to 'False'
[0.377s] Level 5:colcon.colcon_core.verb:set package 'bumperbot_controller' build argument 'cmake_clean_cache' from command line to 'False'
[0.377s] Level 5:colcon.colcon_core.verb:set package 'bumperbot_controller' build argument 'cmake_clean_first' from command line to 'False'
[0.377s] Level 5:colcon.colcon_core.verb:set package 'bumperbot_controller' build argument 'cmake_force_configure' from command line to 'False'
[0.377s] Level 5:colcon.colcon_core.verb:set package 'bumperbot_controller' build argument 'ament_cmake_args' from command line to 'None'
[0.377s] Level 5:colcon.colcon_core.verb:set package 'bumperbot_controller' build argument 'catkin_cmake_args' from command line to 'None'
[0.377s] Level 5:colcon.colcon_core.verb:set package 'bumperbot_controller' build argument 'catkin_skip_building_tests' from command line to 'False'
[0.377s] DEBUG:colcon.colcon_core.verb:Building package 'bumperbot_controller' with the following arguments: {'ament_cmake_args': None, 'build_base': '/home/ductrung/bumperbot_ws/build/bumperbot_controller', 'catkin_cmake_args': None, 'catkin_skip_building_tests': False, 'cmake_args': None, 'cmake_clean_cache': False, 'cmake_clean_first': False, 'cmake_force_configure': False, 'cmake_target': None, 'cmake_target_skip_unavailable': False, 'install_base': '/home/ductrung/bumperbot_ws/install/bumperbot_controller', 'merge_install': False, 'path': '/home/ductrung/bumperbot_ws/src/bumperbot_controller', 'symlink_install': False, 'test_result_base': None}
[0.377s] Level 5:colcon.colcon_core.verb:set package 'bumperbot_description' build argument 'cmake_args' from command line to 'None'
[0.377s] Level 5:colcon.colcon_core.verb:set package 'bumperbot_description' build argument 'cmake_target' from command line to 'None'
[0.377s] Level 5:colcon.colcon_core.verb:set package 'bumperbot_description' build argument 'cmake_target_skip_unavailable' from command line to 'False'
[0.377s] Level 5:colcon.colcon_core.verb:set package 'bumperbot_description' build argument 'cmake_clean_cache' from command line to 'False'
[0.377s] Level 5:colcon.colcon_core.verb:set package 'bumperbot_description' build argument 'cmake_clean_first' from command line to 'False'
[0.377s] Level 5:colcon.colcon_core.verb:set package 'bumperbot_description' build argument 'cmake_force_configure' from command line to 'False'
[0.377s] Level 5:colcon.colcon_core.verb:set package 'bumperbot_description' build argument 'ament_cmake_args' from command line to 'None'
[0.378s] Level 5:colcon.colcon_core.verb:set package 'bumperbot_description' build argument 'catkin_cmake_args' from command line to 'None'
[0.378s] Level 5:colcon.colcon_core.verb:set package 'bumperbot_description' build argument 'catkin_skip_building_tests' from command line to 'False'
[0.378s] DEBUG:colcon.colcon_core.verb:Building package 'bumperbot_description' with the following arguments: {'ament_cmake_args': None, 'build_base': '/home/ductrung/bumperbot_ws/build/bumperbot_description', 'catkin_cmake_args': None, 'catkin_skip_building_tests': False, 'cmake_args': None, 'cmake_clean_cache': False, 'cmake_clean_first': False, 'cmake_force_configure': False, 'cmake_target': None, 'cmake_target_skip_unavailable': False, 'install_base': '/home/ductrung/bumperbot_ws/install/bumperbot_description', 'merge_install': False, 'path': '/home/ductrung/bumperbot_ws/src/bumperbot_description', 'symlink_install': False, 'test_result_base': None}
[0.378s] Level 5:colcon.colcon_core.verb:set package 'bumperbot_firmware' build argument 'cmake_args' from command line to 'None'
[0.378s] Level 5:colcon.colcon_core.verb:set package 'bumperbot_firmware' build argument 'cmake_target' from command line to 'None'
[0.378s] Level 5:colcon.colcon_core.verb:set package 'bumperbot_firmware' build argument 'cmake_target_skip_unavailable' from command line to 'False'
[0.378s] Level 5:colcon.colcon_core.verb:set package 'bumperbot_firmware' build argument 'cmake_clean_cache' from command line to 'False'
[0.378s] Level 5:colcon.colcon_core.verb:set package 'bumperbot_firmware' build argument 'cmake_clean_first' from command line to 'False'
[0.378s] Level 5:colcon.colcon_core.verb:set package 'bumperbot_firmware' build argument 'cmake_force_configure' from command line to 'False'
[0.378s] Level 5:colcon.colcon_core.verb:set package 'bumperbot_firmware' build argument 'ament_cmake_args' from command line to 'None'
[0.378s] Level 5:colcon.colcon_core.verb:set package 'bumperbot_firmware' build argument 'catkin_cmake_args' from command line to 'None'
[0.378s] Level 5:colcon.colcon_core.verb:set package 'bumperbot_firmware' build argument 'catkin_skip_building_tests' from command line to 'False'
[0.378s] DEBUG:colcon.colcon_core.verb:Building package 'bumperbot_firmware' with the following arguments: {'ament_cmake_args': None, 'build_base': '/home/ductrung/bumperbot_ws/build/bumperbot_firmware', 'catkin_cmake_args': None, 'catkin_skip_building_tests': False, 'cmake_args': None, 'cmake_clean_cache': False, 'cmake_clean_first': False, 'cmake_force_configure': False, 'cmake_target': None, 'cmake_target_skip_unavailable': False, 'install_base': '/home/ductrung/bumperbot_ws/install/bumperbot_firmware', 'merge_install': False, 'path': '/home/ductrung/bumperbot_ws/src/bumperbot_firmware', 'symlink_install': False, 'test_result_base': None}
[0.378s] Level 5:colcon.colcon_core.verb:set package 'bumperbot_localization' build argument 'cmake_args' from command line to 'None'
[0.379s] Level 5:colcon.colcon_core.verb:set package 'bumperbot_localization' build argument 'cmake_target' from command line to 'None'
[0.379s] Level 5:colcon.colcon_core.verb:set package 'bumperbot_localization' build argument 'cmake_target_skip_unavailable' from command line to 'False'
[0.379s] Level 5:colcon.colcon_core.verb:set package 'bumperbot_localization' build argument 'cmake_clean_cache' from command line to 'False'
[0.379s] Level 5:colcon.colcon_core.verb:set package 'bumperbot_localization' build argument 'cmake_clean_first' from command line to 'False'
[0.379s] Level 5:colcon.colcon_core.verb:set package 'bumperbot_localization' build argument 'cmake_force_configure' from command line to 'False'
[0.379s] Level 5:colcon.colcon_core.verb:set package 'bumperbot_localization' build argument 'ament_cmake_args' from command line to 'None'
[0.379s] Level 5:colcon.colcon_core.verb:set package 'bumperbot_localization' build argument 'catkin_cmake_args' from command line to 'None'
[0.379s] Level 5:colcon.colcon_core.verb:set package 'bumperbot_localization' build argument 'catkin_skip_building_tests' from command line to 'False'
[0.379s] DEBUG:colcon.colcon_core.verb:Building package 'bumperbot_localization' with the following arguments: {'ament_cmake_args': None, 'build_base': '/home/ductrung/bumperbot_ws/build/bumperbot_localization', 'catkin_cmake_args': None, 'catkin_skip_building_tests': False, 'cmake_args': None, 'cmake_clean_cache': False, 'cmake_clean_first': False, 'cmake_force_configure': False, 'cmake_target': None, 'cmake_target_skip_unavailable': False, 'install_base': '/home/ductrung/bumperbot_ws/install/bumperbot_localization', 'merge_install': False, 'path': '/home/ductrung/bumperbot_ws/src/bumperbot_localization', 'symlink_install': False, 'test_result_base': None}
[0.379s] Level 5:colcon.colcon_core.verb:set package 'bumperbot_mapping' build argument 'cmake_args' from command line to 'None'
[0.379s] Level 5:colcon.colcon_core.verb:set package 'bumperbot_mapping' build argument 'cmake_target' from command line to 'None'
[0.379s] Level 5:colcon.colcon_core.verb:set package 'bumperbot_mapping' build argument 'cmake_target_skip_unavailable' from command line to 'False'
[0.379s] Level 5:colcon.colcon_core.verb:set package 'bumperbot_mapping' build argument 'cmake_clean_cache' from command line to 'False'
[0.379s] Level 5:colcon.colcon_core.verb:set package 'bumperbot_mapping' build argument 'cmake_clean_first' from command line to 'False'
[0.379s] Level 5:colcon.colcon_core.verb:set package 'bumperbot_mapping' build argument 'cmake_force_configure' from command line to 'False'
[0.379s] Level 5:colcon.colcon_core.verb:set package 'bumperbot_mapping' build argument 'ament_cmake_args' from command line to 'None'
[0.379s] Level 5:colcon.colcon_core.verb:set package 'bumperbot_mapping' build argument 'catkin_cmake_args' from command line to 'None'
[0.379s] Level 5:colcon.colcon_core.verb:set package 'bumperbot_mapping' build argument 'catkin_skip_building_tests' from command line to 'False'
[0.379s] DEBUG:colcon.colcon_core.verb:Building package 'bumperbot_mapping' with the following arguments: {'ament_cmake_args': None, 'build_base': '/home/ductrung/bumperbot_ws/build/bumperbot_mapping', 'catkin_cmake_args': None, 'catkin_skip_building_tests': False, 'cmake_args': None, 'cmake_clean_cache': False, 'cmake_clean_first': False, 'cmake_force_configure': False, 'cmake_target': None, 'cmake_target_skip_unavailable': False, 'install_base': '/home/ductrung/bumperbot_ws/install/bumperbot_mapping', 'merge_install': False, 'path': '/home/ductrung/bumperbot_ws/src/bumperbot_mapping', 'symlink_install': False, 'test_result_base': None}
[0.380s] Level 5:colcon.colcon_core.verb:set package 'bumperbot_msgs' build argument 'cmake_args' from command line to 'None'
[0.380s] Level 5:colcon.colcon_core.verb:set package 'bumperbot_msgs' build argument 'cmake_target' from command line to 'None'
[0.380s] Level 5:colcon.colcon_core.verb:set package 'bumperbot_msgs' build argument 'cmake_target_skip_unavailable' from command line to 'False'
[0.380s] Level 5:colcon.colcon_core.verb:set package 'bumperbot_msgs' build argument 'cmake_clean_cache' from command line to 'False'
[0.380s] Level 5:colcon.colcon_core.verb:set package 'bumperbot_msgs' build argument 'cmake_clean_first' from command line to 'False'
[0.380s] Level 5:colcon.colcon_core.verb:set package 'bumperbot_msgs' build argument 'cmake_force_configure' from command line to 'False'
[0.380s] Level 5:colcon.colcon_core.verb:set package 'bumperbot_msgs' build argument 'ament_cmake_args' from command line to 'None'
[0.380s] Level 5:colcon.colcon_core.verb:set package 'bumperbot_msgs' build argument 'catkin_cmake_args' from command line to 'None'
[0.380s] Level 5:colcon.colcon_core.verb:set package 'bumperbot_msgs' build argument 'catkin_skip_building_tests' from command line to 'False'
[0.380s] DEBUG:colcon.colcon_core.verb:Building package 'bumperbot_msgs' with the following arguments: {'ament_cmake_args': None, 'build_base': '/home/ductrung/bumperbot_ws/build/bumperbot_msgs', 'catkin_cmake_args': None, 'catkin_skip_building_tests': False, 'cmake_args': None, 'cmake_clean_cache': False, 'cmake_clean_first': False, 'cmake_force_configure': False, 'cmake_target': None, 'cmake_target_skip_unavailable': False, 'install_base': '/home/ductrung/bumperbot_ws/install/bumperbot_msgs', 'merge_install': False, 'path': '/home/ductrung/bumperbot_ws/src/bumperbot_msgs', 'symlink_install': False, 'test_result_base': None}
[0.380s] Level 5:colcon.colcon_core.verb:set package 'bumperbot_navigation' build argument 'cmake_args' from command line to 'None'
[0.380s] Level 5:colcon.colcon_core.verb:set package 'bumperbot_navigation' build argument 'cmake_target' from command line to 'None'
[0.380s] Level 5:colcon.colcon_core.verb:set package 'bumperbot_navigation' build argument 'cmake_target_skip_unavailable' from command line to 'False'
[0.380s] Level 5:colcon.colcon_core.verb:set package 'bumperbot_navigation' build argument 'cmake_clean_cache' from command line to 'False'
[0.380s] Level 5:colcon.colcon_core.verb:set package 'bumperbot_navigation' build argument 'cmake_clean_first' from command line to 'False'
[0.380s] Level 5:colcon.colcon_core.verb:set package 'bumperbot_navigation' build argument 'cmake_force_configure' from command line to 'False'
[0.380s] Level 5:colcon.colcon_core.verb:set package 'bumperbot_navigation' build argument 'ament_cmake_args' from command line to 'None'
[0.380s] Level 5:colcon.colcon_core.verb:set package 'bumperbot_navigation' build argument 'catkin_cmake_args' from command line to 'None'
[0.380s] Level 5:colcon.colcon_core.verb:set package 'bumperbot_navigation' build argument 'catkin_skip_building_tests' from command line to 'False'
[0.380s] DEBUG:colcon.colcon_core.verb:Building package 'bumperbot_navigation' with the following arguments: {'ament_cmake_args': None, 'build_base': '/home/ductrung/bumperbot_ws/build/bumperbot_navigation', 'catkin_cmake_args': None, 'catkin_skip_building_tests': False, 'cmake_args': None, 'cmake_clean_cache': False, 'cmake_clean_first': False, 'cmake_force_configure': False, 'cmake_target': None, 'cmake_target_skip_unavailable': False, 'install_base': '/home/ductrung/bumperbot_ws/install/bumperbot_navigation', 'merge_install': False, 'path': '/home/ductrung/bumperbot_ws/src/bumperbot_navigation', 'symlink_install': False, 'test_result_base': None}
[0.381s] Level 5:colcon.colcon_core.verb:set package 'bumperbot_utils' build argument 'cmake_args' from command line to 'None'
[0.381s] Level 5:colcon.colcon_core.verb:set package 'bumperbot_utils' build argument 'cmake_target' from command line to 'None'
[0.381s] Level 5:colcon.colcon_core.verb:set package 'bumperbot_utils' build argument 'cmake_target_skip_unavailable' from command line to 'False'
[0.381s] Level 5:colcon.colcon_core.verb:set package 'bumperbot_utils' build argument 'cmake_clean_cache' from command line to 'False'
[0.381s] Level 5:colcon.colcon_core.verb:set package 'bumperbot_utils' build argument 'cmake_clean_first' from command line to 'False'
[0.381s] Level 5:colcon.colcon_core.verb:set package 'bumperbot_utils' build argument 'cmake_force_configure' from command line to 'False'
[0.381s] Level 5:colcon.colcon_core.verb:set package 'bumperbot_utils' build argument 'ament_cmake_args' from command line to 'None'
[0.381s] Level 5:colcon.colcon_core.verb:set package 'bumperbot_utils' build argument 'catkin_cmake_args' from command line to 'None'
[0.381s] Level 5:colcon.colcon_core.verb:set package 'bumperbot_utils' build argument 'catkin_skip_building_tests' from command line to 'False'
[0.381s] DEBUG:colcon.colcon_core.verb:Building package 'bumperbot_utils' with the following arguments: {'ament_cmake_args': None, 'build_base': '/home/ductrung/bumperbot_ws/build/bumperbot_utils', 'catkin_cmake_args': None, 'catkin_skip_building_tests': False, 'cmake_args': None, 'cmake_clean_cache': False, 'cmake_clean_first': False, 'cmake_force_configure': False, 'cmake_target': None, 'cmake_target_skip_unavailable': False, 'install_base': '/home/ductrung/bumperbot_ws/install/bumperbot_utils', 'merge_install': False, 'path': '/home/ductrung/bumperbot_ws/src/bumperbot_utils', 'symlink_install': False, 'test_result_base': None}
[0.381s] Level 5:colcon.colcon_core.verb:set package 'bumperbot_bringup' build argument 'cmake_args' from command line to 'None'
[0.381s] Level 5:colcon.colcon_core.verb:set package 'bumperbot_bringup' build argument 'cmake_target' from command line to 'None'
[0.381s] Level 5:colcon.colcon_core.verb:set package 'bumperbot_bringup' build argument 'cmake_target_skip_unavailable' from command line to 'False'
[0.381s] Level 5:colcon.colcon_core.verb:set package 'bumperbot_bringup' build argument 'cmake_clean_cache' from command line to 'False'
[0.381s] Level 5:colcon.colcon_core.verb:set package 'bumperbot_bringup' build argument 'cmake_clean_first' from command line to 'False'
[0.381s] Level 5:colcon.colcon_core.verb:set package 'bumperbot_bringup' build argument 'cmake_force_configure' from command line to 'False'
[0.381s] Level 5:colcon.colcon_core.verb:set package 'bumperbot_bringup' build argument 'ament_cmake_args' from command line to 'None'
[0.381s] Level 5:colcon.colcon_core.verb:set package 'bumperbot_bringup' build argument 'catkin_cmake_args' from command line to 'None'
[0.381s] Level 5:colcon.colcon_core.verb:set package 'bumperbot_bringup' build argument 'catkin_skip_building_tests' from command line to 'False'
[0.381s] DEBUG:colcon.colcon_core.verb:Building package 'bumperbot_bringup' with the following arguments: {'ament_cmake_args': None, 'build_base': '/home/ductrung/bumperbot_ws/build/bumperbot_bringup', 'catkin_cmake_args': None, 'catkin_skip_building_tests': False, 'cmake_args': None, 'cmake_clean_cache': False, 'cmake_clean_first': False, 'cmake_force_configure': False, 'cmake_target': None, 'cmake_target_skip_unavailable': False, 'install_base': '/home/ductrung/bumperbot_ws/install/bumperbot_bringup', 'merge_install': False, 'path': '/home/ductrung/bumperbot_ws/src/bumperbot_bringup', 'symlink_install': False, 'test_result_base': None}
[0.382s] Level 5:colcon.colcon_core.verb:set package 'bumperbot_cpp_examples' build argument 'cmake_args' from command line to 'None'
[0.382s] Level 5:colcon.colcon_core.verb:set package 'bumperbot_cpp_examples' build argument 'cmake_target' from command line to 'None'
[0.382s] Level 5:colcon.colcon_core.verb:set package 'bumperbot_cpp_examples' build argument 'cmake_target_skip_unavailable' from command line to 'False'
[0.382s] Level 5:colcon.colcon_core.verb:set package 'bumperbot_cpp_examples' build argument 'cmake_clean_cache' from command line to 'False'
[0.382s] Level 5:colcon.colcon_core.verb:set package 'bumperbot_cpp_examples' build argument 'cmake_clean_first' from command line to 'False'
[0.382s] Level 5:colcon.colcon_core.verb:set package 'bumperbot_cpp_examples' build argument 'cmake_force_configure' from command line to 'False'
[0.382s] Level 5:colcon.colcon_core.verb:set package 'bumperbot_cpp_examples' build argument 'ament_cmake_args' from command line to 'None'
[0.382s] Level 5:colcon.colcon_core.verb:set package 'bumperbot_cpp_examples' build argument 'catkin_cmake_args' from command line to 'None'
[0.382s] Level 5:colcon.colcon_core.verb:set package 'bumperbot_cpp_examples' build argument 'catkin_skip_building_tests' from command line to 'False'
[0.382s] DEBUG:colcon.colcon_core.verb:Building package 'bumperbot_cpp_examples' with the following arguments: {'ament_cmake_args': None, 'build_base': '/home/ductrung/bumperbot_ws/build/bumperbot_cpp_examples', 'catkin_cmake_args': None, 'catkin_skip_building_tests': False, 'cmake_args': None, 'cmake_clean_cache': False, 'cmake_clean_first': False, 'cmake_force_configure': False, 'cmake_target': None, 'cmake_target_skip_unavailable': False, 'install_base': '/home/ductrung/bumperbot_ws/install/bumperbot_cpp_examples', 'merge_install': False, 'path': '/home/ductrung/bumperbot_ws/src/bumperbot_cpp_examples', 'symlink_install': False, 'test_result_base': None}
[0.382s] Level 5:colcon.colcon_core.verb:set package 'bumperbot_py_examples' build argument 'cmake_args' from command line to 'None'
[0.382s] Level 5:colcon.colcon_core.verb:set package 'bumperbot_py_examples' build argument 'cmake_target' from command line to 'None'
[0.382s] Level 5:colcon.colcon_core.verb:set package 'bumperbot_py_examples' build argument 'cmake_target_skip_unavailable' from command line to 'False'
[0.382s] Level 5:colcon.colcon_core.verb:set package 'bumperbot_py_examples' build argument 'cmake_clean_cache' from command line to 'False'
[0.382s] Level 5:colcon.colcon_core.verb:set package 'bumperbot_py_examples' build argument 'cmake_clean_first' from command line to 'False'
[0.383s] Level 5:colcon.colcon_core.verb:set package 'bumperbot_py_examples' build argument 'cmake_force_configure' from command line to 'False'
[0.383s] Level 5:colcon.colcon_core.verb:set package 'bumperbot_py_examples' build argument 'ament_cmake_args' from command line to 'None'
[0.383s] Level 5:colcon.colcon_core.verb:set package 'bumperbot_py_examples' build argument 'catkin_cmake_args' from command line to 'None'
[0.383s] Level 5:colcon.colcon_core.verb:set package 'bumperbot_py_examples' build argument 'catkin_skip_building_tests' from command line to 'False'
[0.383s] DEBUG:colcon.colcon_core.verb:Building package 'bumperbot_py_examples' with the following arguments: {'ament_cmake_args': None, 'build_base': '/home/ductrung/bumperbot_ws/build/bumperbot_py_examples', 'catkin_cmake_args': None, 'catkin_skip_building_tests': False, 'cmake_args': None, 'cmake_clean_cache': False, 'cmake_clean_first': False, 'cmake_force_configure': False, 'cmake_target': None, 'cmake_target_skip_unavailable': False, 'install_base': '/home/ductrung/bumperbot_ws/install/bumperbot_py_examples', 'merge_install': False, 'path': '/home/ductrung/bumperbot_ws/src/bumperbot_py_examples', 'symlink_install': False, 'test_result_base': None}
[0.383s] INFO:colcon.colcon_core.executor:Executing jobs using 'parallel' executor
[0.385s] DEBUG:colcon.colcon_parallel_executor.executor.parallel:run_until_complete
[0.385s] INFO:colcon.colcon_ros.task.ament_cmake.build:Building ROS package in '/home/ductrung/bumperbot_ws/src/bumperbot_msgs' with build type 'ament_cmake'
[0.386s] INFO:colcon.colcon_cmake.task.cmake.build:Building CMake package in '/home/ductrung/bumperbot_ws/src/bumperbot_msgs'
[0.390s] INFO:colcon.colcon_core.plugin_system:Skipping extension 'colcon_core.shell.bat': Not used on non-Windows systems
[0.390s] INFO:colcon.colcon_core.shell:Skip shell extension 'powershell' for command environment: Not usable outside of PowerShell
[0.390s] DEBUG:colcon.colcon_core.shell:Skip shell extension 'dsv' for command environment
[0.395s] INFO:colcon.colcon_ros.task.ament_cmake.build:Building ROS package in '/home/ductrung/bumperbot_ws/src/bumperbot_controller' with build type 'ament_cmake'
[0.395s] INFO:colcon.colcon_cmake.task.cmake.build:Building CMake package in '/home/ductrung/bumperbot_ws/src/bumperbot_controller'
[0.396s] INFO:colcon.colcon_core.shell:Skip shell extension 'powershell' for command environment: Not usable outside of PowerShell
[0.396s] DEBUG:colcon.colcon_core.shell:Skip shell extension 'dsv' for command environment
[0.399s] INFO:colcon.colcon_ros.task.ament_cmake.build:Building ROS package in '/home/ductrung/bumperbot_ws/src/bumperbot_description' with build type 'ament_cmake'
[0.399s] INFO:colcon.colcon_cmake.task.cmake.build:Building CMake package in '/home/ductrung/bumperbot_ws/src/bumperbot_description'
[0.399s] INFO:colcon.colcon_core.shell:Skip shell extension 'powershell' for command environment: Not usable outside of PowerShell
[0.400s] DEBUG:colcon.colcon_core.shell:Skip shell extension 'dsv' for command environment
[0.405s] INFO:colcon.colcon_ros.task.ament_cmake.build:Building ROS package in '/home/ductrung/bumperbot_ws/src/bumperbot_firmware' with build type 'ament_cmake'
[0.405s] INFO:colcon.colcon_cmake.task.cmake.build:Building CMake package in '/home/ductrung/bumperbot_ws/src/bumperbot_firmware'
[0.405s] INFO:colcon.colcon_core.shell:Skip shell extension 'powershell' for command environment: Not usable outside of PowerShell
[0.405s] DEBUG:colcon.colcon_core.shell:Skip shell extension 'dsv' for command environment
[0.480s] DEBUG:colcon.colcon_core.event_handler.log_command:Invoking command in '/home/ductrung/bumperbot_ws/build/bumperbot_msgs': CMAKE_PREFIX_PATH=${CMAKE_PREFIX_PATH}:/opt/ros/humble /usr/bin/cmake --build /home/ductrung/bumperbot_ws/build/bumperbot_msgs -- -j4 -l4
[0.483s] DEBUG:colcon.colcon_core.event_handler.log_command:Invoking command in '/home/ductrung/bumperbot_ws/build/bumperbot_controller': CMAKE_PREFIX_PATH=${CMAKE_PREFIX_PATH}:/opt/ros/humble /usr/bin/cmake --build /home/ductrung/bumperbot_ws/build/bumperbot_controller -- -j4 -l4
[0.484s] DEBUG:colcon.colcon_core.event_handler.log_command:Invoking command in '/home/ductrung/bumperbot_ws/build/bumperbot_description': CMAKE_PREFIX_PATH=${CMAKE_PREFIX_PATH}:/opt/ros/humble /usr/bin/cmake --build /home/ductrung/bumperbot_ws/build/bumperbot_description -- -j4 -l4
[0.496s] DEBUG:colcon.colcon_core.event_handler.log_command:Invoking command in '/home/ductrung/bumperbot_ws/build/bumperbot_firmware': CMAKE_PREFIX_PATH=${CMAKE_PREFIX_PATH}:/opt/ros/humble /usr/bin/cmake --build /home/ductrung/bumperbot_ws/build/bumperbot_firmware -- -j4 -l4
[0.709s] DEBUG:colcon.colcon_core.event_handler.log_command:Invoked command in '/home/ductrung/bumperbot_ws/build/bumperbot_description' returned '0': CMAKE_PREFIX_PATH=${CMAKE_PREFIX_PATH}:/opt/ros/humble /usr/bin/cmake --build /home/ductrung/bumperbot_ws/build/bumperbot_description -- -j4 -l4
[1.196s] DEBUG:colcon.colcon_core.event_handler.log_command:Invoking command in '/home/ductrung/bumperbot_ws/build/bumperbot_description': CMAKE_PREFIX_PATH=${CMAKE_PREFIX_PATH}:/opt/ros/humble /usr/bin/cmake --install /home/ductrung/bumperbot_ws/build/bumperbot_description
[1.330s] Level 1:colcon.colcon_core.environment:create_environment_scripts_only(bumperbot_description)
[1.333s] DEBUG:colcon.colcon_core.event_handler.log_command:Invoked command in '/home/ductrung/bumperbot_ws/build/bumperbot_controller' returned '0': CMAKE_PREFIX_PATH=${CMAKE_PREFIX_PATH}:/opt/ros/humble /usr/bin/cmake --build /home/ductrung/bumperbot_ws/build/bumperbot_controller -- -j4 -l4
[1.341s] DEBUG:colcon.colcon_core.event_handler.log_command:Invoked command in '/home/ductrung/bumperbot_ws/build/bumperbot_description' returned '0': CMAKE_PREFIX_PATH=${CMAKE_PREFIX_PATH}:/opt/ros/humble /usr/bin/cmake --install /home/ductrung/bumperbot_ws/build/bumperbot_description
[1.347s] Level 1:colcon.colcon_core.environment:checking '/home/ductrung/bumperbot_ws/install/bumperbot_description' for CMake module files
[1.348s] Level 1:colcon.colcon_core.environment:checking '/home/ductrung/bumperbot_ws/install/bumperbot_description' for CMake config files
[1.368s] Level 1:colcon.colcon_core.shell:create_environment_hook('bumperbot_description', 'cmake_prefix_path')
[1.368s] INFO:colcon.colcon_core.shell:Creating environment hook '/home/ductrung/bumperbot_ws/install/bumperbot_description/share/bumperbot_description/hook/cmake_prefix_path.ps1'
[1.369s] INFO:colcon.colcon_core.shell:Creating environment descriptor '/home/ductrung/bumperbot_ws/install/bumperbot_description/share/bumperbot_description/hook/cmake_prefix_path.dsv'
[1.370s] INFO:colcon.colcon_core.shell:Creating environment hook '/home/ductrung/bumperbot_ws/install/bumperbot_description/share/bumperbot_description/hook/cmake_prefix_path.sh'
[1.371s] Level 1:colcon.colcon_core.environment:checking '/home/ductrung/bumperbot_ws/install/bumperbot_description/bin'
[1.371s] Level 1:colcon.colcon_core.environment:checking '/home/ductrung/bumperbot_ws/install/bumperbot_description/lib/pkgconfig/bumperbot_description.pc'
[1.372s] Level 1:colcon.colcon_core.environment:checking '/home/ductrung/bumperbot_ws/install/bumperbot_description/lib/python3.10/site-packages'
[1.372s] Level 1:colcon.colcon_core.environment:checking '/home/ductrung/bumperbot_ws/install/bumperbot_description/bin'
[1.372s] INFO:colcon.colcon_core.shell:Creating package script '/home/ductrung/bumperbot_ws/install/bumperbot_description/share/bumperbot_description/package.ps1'
[1.373s] INFO:colcon.colcon_core.shell:Creating package descriptor '/home/ductrung/bumperbot_ws/install/bumperbot_description/share/bumperbot_description/package.dsv'
[1.374s] INFO:colcon.colcon_core.shell:Creating package script '/home/ductrung/bumperbot_ws/install/bumperbot_description/share/bumperbot_description/package.sh'
[1.375s] INFO:colcon.colcon_core.shell:Creating package script '/home/ductrung/bumperbot_ws/install/bumperbot_description/share/bumperbot_description/package.bash'
[1.376s] INFO:colcon.colcon_core.shell:Creating package script '/home/ductrung/bumperbot_ws/install/bumperbot_description/share/bumperbot_description/package.zsh'
[1.377s] Level 1:colcon.colcon_core.environment:create_file_with_runtime_dependencies(/home/ductrung/bumperbot_ws/install/bumperbot_description/share/colcon-core/packages/bumperbot_description)
[1.396s] DEBUG:colcon.colcon_core.event_handler.log_command:Invoked command in '/home/ductrung/bumperbot_ws/build/bumperbot_firmware' returned '0': CMAKE_PREFIX_PATH=${CMAKE_PREFIX_PATH}:/opt/ros/humble /usr/bin/cmake --build /home/ductrung/bumperbot_ws/build/bumperbot_firmware -- -j4 -l4
[1.456s] Level 1:colcon.colcon_core.environment:create_environment_scripts_only(bumperbot_description)
[1.457s] Level 1:colcon.colcon_core.environment:checking '/home/ductrung/bumperbot_ws/install/bumperbot_description' for CMake module files
[1.457s] Level 1:colcon.colcon_core.environment:checking '/home/ductrung/bumperbot_ws/install/bumperbot_description' for CMake config files
[1.463s] Level 1:colcon.colcon_core.shell:create_environment_hook('bumperbot_description', 'cmake_prefix_path')
[1.464s] INFO:colcon.colcon_core.shell:Creating environment hook '/home/ductrung/bumperbot_ws/install/bumperbot_description/share/bumperbot_description/hook/cmake_prefix_path.ps1'
[1.465s] INFO:colcon.colcon_core.shell:Creating environment descriptor '/home/ductrung/bumperbot_ws/install/bumperbot_description/share/bumperbot_description/hook/cmake_prefix_path.dsv'
[1.467s] INFO:colcon.colcon_core.shell:Creating environment hook '/home/ductrung/bumperbot_ws/install/bumperbot_description/share/bumperbot_description/hook/cmake_prefix_path.sh'
[1.468s] Level 1:colcon.colcon_core.environment:checking '/home/ductrung/bumperbot_ws/install/bumperbot_description/bin'
[1.468s] Level 1:colcon.colcon_core.environment:checking '/home/ductrung/bumperbot_ws/install/bumperbot_description/lib/pkgconfig/bumperbot_description.pc'
[1.468s] Level 1:colcon.colcon_core.environment:checking '/home/ductrung/bumperbot_ws/install/bumperbot_description/lib/python3.10/site-packages'
[1.469s] Level 1:colcon.colcon_core.environment:checking '/home/ductrung/bumperbot_ws/install/bumperbot_description/bin'
[1.469s] INFO:colcon.colcon_core.shell:Creating package script '/home/ductrung/bumperbot_ws/install/bumperbot_description/share/bumperbot_description/package.ps1'
[1.471s] INFO:colcon.colcon_core.shell:Creating package descriptor '/home/ductrung/bumperbot_ws/install/bumperbot_description/share/bumperbot_description/package.dsv'
[1.472s] INFO:colcon.colcon_core.shell:Creating package script '/home/ductrung/bumperbot_ws/install/bumperbot_description/share/bumperbot_description/package.sh'
[1.472s] INFO:colcon.colcon_core.shell:Creating package script '/home/ductrung/bumperbot_ws/install/bumperbot_description/share/bumperbot_description/package.bash'
[1.473s] INFO:colcon.colcon_core.shell:Creating package script '/home/ductrung/bumperbot_ws/install/bumperbot_description/share/bumperbot_description/package.zsh'
[1.474s] Level 1:colcon.colcon_core.environment:create_file_with_runtime_dependencies(/home/ductrung/bumperbot_ws/install/bumperbot_description/share/colcon-core/packages/bumperbot_description)
[1.476s] INFO:colcon.colcon_ros.task.ament_cmake.build:Building ROS package in '/home/ductrung/bumperbot_ws/src/bumperbot_localization' with build type 'ament_cmake'
[1.476s] INFO:colcon.colcon_cmake.task.cmake.build:Building CMake package in '/home/ductrung/bumperbot_ws/src/bumperbot_localization'
[1.476s] INFO:colcon.colcon_core.shell:Skip shell extension 'powershell' for command environment: Not usable outside of PowerShell
[1.476s] DEBUG:colcon.colcon_core.shell:Skip shell extension 'dsv' for command environment
[1.510s] DEBUG:colcon.colcon_core.event_handler.log_command:Invoking command in '/home/ductrung/bumperbot_ws/build/bumperbot_controller': CMAKE_PREFIX_PATH=${CMAKE_PREFIX_PATH}:/opt/ros/humble /usr/bin/cmake --install /home/ductrung/bumperbot_ws/build/bumperbot_controller
[1.542s] DEBUG:colcon.colcon_core.event_handler.log_command:Invoking command in '/home/ductrung/bumperbot_ws/build/bumperbot_localization': CMAKE_PREFIX_PATH=${CMAKE_PREFIX_PATH}:/opt/ros/humble /usr/bin/cmake --build /home/ductrung/bumperbot_ws/build/bumperbot_localization -- -j4 -l4
[1.616s] DEBUG:colcon.colcon_core.event_handler.log_command:Invoking command in '/home/ductrung/bumperbot_ws/build/bumperbot_firmware': CMAKE_PREFIX_PATH=${CMAKE_PREFIX_PATH}:/opt/ros/humble /usr/bin/cmake --install /home/ductrung/bumperbot_ws/build/bumperbot_firmware
[1.735s] Level 1:colcon.colcon_core.environment:create_environment_scripts_only(bumperbot_controller)
[1.736s] Level 1:colcon.colcon_core.environment:checking '/home/ductrung/bumperbot_ws/install/bumperbot_controller' for CMake module files
[1.737s] Level 1:colcon.colcon_core.environment:checking '/home/ductrung/bumperbot_ws/install/bumperbot_controller' for CMake config files
[1.738s] DEBUG:colcon.colcon_core.event_handler.log_command:Invoked command in '/home/ductrung/bumperbot_ws/build/bumperbot_controller' returned '0': CMAKE_PREFIX_PATH=${CMAKE_PREFIX_PATH}:/opt/ros/humble /usr/bin/cmake --install /home/ductrung/bumperbot_ws/build/bumperbot_controller
[1.742s] Level 1:colcon.colcon_core.shell:create_environment_hook('bumperbot_controller', 'cmake_prefix_path')
[1.742s] INFO:colcon.colcon_core.shell:Creating environment hook '/home/ductrung/bumperbot_ws/install/bumperbot_controller/share/bumperbot_controller/hook/cmake_prefix_path.ps1'
[1.743s] INFO:colcon.colcon_core.shell:Creating environment descriptor '/home/ductrung/bumperbot_ws/install/bumperbot_controller/share/bumperbot_controller/hook/cmake_prefix_path.dsv'
[1.753s] INFO:colcon.colcon_core.shell:Creating environment hook '/home/ductrung/bumperbot_ws/install/bumperbot_controller/share/bumperbot_controller/hook/cmake_prefix_path.sh'
[1.754s] Level 1:colcon.colcon_core.environment:checking '/home/ductrung/bumperbot_ws/install/bumperbot_controller/lib'
[1.754s] Level 1:colcon.colcon_core.environment:checking '/home/ductrung/bumperbot_ws/install/bumperbot_controller/bin'
[1.754s] Level 1:colcon.colcon_core.environment:checking '/home/ductrung/bumperbot_ws/install/bumperbot_controller/lib/pkgconfig/bumperbot_controller.pc'
[1.755s] Level 1:colcon.colcon_core.environment:checking '/home/ductrung/bumperbot_ws/install/bumperbot_controller/lib/python3.10/site-packages'
[1.755s] Level 1:colcon.colcon_core.environment:checking '/home/ductrung/bumperbot_ws/install/bumperbot_controller/bin'
[1.755s] INFO:colcon.colcon_core.shell:Creating package script '/home/ductrung/bumperbot_ws/install/bumperbot_controller/share/bumperbot_controller/package.ps1'
[1.756s] INFO:colcon.colcon_core.shell:Creating package descriptor '/home/ductrung/bumperbot_ws/install/bumperbot_controller/share/bumperbot_controller/package.dsv'
[1.757s] INFO:colcon.colcon_core.shell:Creating package script '/home/ductrung/bumperbot_ws/install/bumperbot_controller/share/bumperbot_controller/package.sh'
[1.758s] INFO:colcon.colcon_core.shell:Creating package script '/home/ductrung/bumperbot_ws/install/bumperbot_controller/share/bumperbot_controller/package.bash'
[1.758s] INFO:colcon.colcon_core.shell:Creating package script '/home/ductrung/bumperbot_ws/install/bumperbot_controller/share/bumperbot_controller/package.zsh'
[1.759s] Level 1:colcon.colcon_core.environment:create_file_with_runtime_dependencies(/home/ductrung/bumperbot_ws/install/bumperbot_controller/share/colcon-core/packages/bumperbot_controller)
[1.802s] DEBUG:colcon.colcon_core.event_handler.log_command:Invoked command in '/home/ductrung/bumperbot_ws/build/bumperbot_msgs' returned '0': CMAKE_PREFIX_PATH=${CMAKE_PREFIX_PATH}:/opt/ros/humble /usr/bin/cmake --build /home/ductrung/bumperbot_ws/build/bumperbot_msgs -- -j4 -l4
[1.807s] Level 1:colcon.colcon_core.environment:create_environment_scripts_only(bumperbot_firmware)
[1.807s] Level 1:colcon.colcon_core.environment:checking '/home/ductrung/bumperbot_ws/install/bumperbot_firmware' for CMake module files
[1.808s] DEBUG:colcon.colcon_core.event_handler.log_command:Invoked command in '/home/ductrung/bumperbot_ws/build/bumperbot_firmware' returned '0': CMAKE_PREFIX_PATH=${CMAKE_PREFIX_PATH}:/opt/ros/humble /usr/bin/cmake --install /home/ductrung/bumperbot_ws/build/bumperbot_firmware
[1.809s] Level 1:colcon.colcon_core.environment:checking '/home/ductrung/bumperbot_ws/install/bumperbot_firmware' for CMake config files
[1.809s] Level 1:colcon.colcon_core.shell:create_environment_hook('bumperbot_firmware', 'cmake_prefix_path')
[1.810s] INFO:colcon.colcon_core.shell:Creating environment hook '/home/ductrung/bumperbot_ws/install/bumperbot_firmware/share/bumperbot_firmware/hook/cmake_prefix_path.ps1'
[1.810s] INFO:colcon.colcon_core.shell:Creating environment descriptor '/home/ductrung/bumperbot_ws/install/bumperbot_firmware/share/bumperbot_firmware/hook/cmake_prefix_path.dsv'
[1.811s] INFO:colcon.colcon_core.shell:Creating environment hook '/home/ductrung/bumperbot_ws/install/bumperbot_firmware/share/bumperbot_firmware/hook/cmake_prefix_path.sh'
[1.811s] Level 1:colcon.colcon_core.environment:checking '/home/ductrung/bumperbot_ws/install/bumperbot_firmware/lib'
[1.811s] Level 1:colcon.colcon_core.shell:create_environment_hook('bumperbot_firmware', 'ld_library_path_lib')
[1.812s] INFO:colcon.colcon_core.shell:Creating environment hook '/home/ductrung/bumperbot_ws/install/bumperbot_firmware/share/bumperbot_firmware/hook/ld_library_path_lib.ps1'
[1.812s] INFO:colcon.colcon_core.shell:Creating environment descriptor '/home/ductrung/bumperbot_ws/install/bumperbot_firmware/share/bumperbot_firmware/hook/ld_library_path_lib.dsv'
[1.812s] INFO:colcon.colcon_core.shell:Creating environment hook '/home/ductrung/bumperbot_ws/install/bumperbot_firmware/share/bumperbot_firmware/hook/ld_library_path_lib.sh'
[1.819s] Level 1:colcon.colcon_core.environment:checking '/home/ductrung/bumperbot_ws/install/bumperbot_firmware/bin'
[1.819s] Level 1:colcon.colcon_core.environment:checking '/home/ductrung/bumperbot_ws/install/bumperbot_firmware/lib/pkgconfig/bumperbot_firmware.pc'
[1.819s] Level 1:colcon.colcon_core.environment:checking '/home/ductrung/bumperbot_ws/install/bumperbot_firmware/lib/python3.10/site-packages'
[1.820s] Level 1:colcon.colcon_core.environment:checking '/home/ductrung/bumperbot_ws/install/bumperbot_firmware/bin'
[1.820s] INFO:colcon.colcon_core.shell:Creating package script '/home/ductrung/bumperbot_ws/install/bumperbot_firmware/share/bumperbot_firmware/package.ps1'
[1.821s] INFO:colcon.colcon_core.shell:Creating package descriptor '/home/ductrung/bumperbot_ws/install/bumperbot_firmware/share/bumperbot_firmware/package.dsv'
[1.825s] INFO:colcon.colcon_core.shell:Creating package script '/home/ductrung/bumperbot_ws/install/bumperbot_firmware/share/bumperbot_firmware/package.sh'
[1.826s] INFO:colcon.colcon_core.shell:Creating package script '/home/ductrung/bumperbot_ws/install/bumperbot_firmware/share/bumperbot_firmware/package.bash'
[1.827s] INFO:colcon.colcon_core.shell:Creating package script '/home/ductrung/bumperbot_ws/install/bumperbot_firmware/share/bumperbot_firmware/package.zsh'
[1.827s] Level 1:colcon.colcon_core.environment:create_file_with_runtime_dependencies(/home/ductrung/bumperbot_ws/install/bumperbot_firmware/share/colcon-core/packages/bumperbot_firmware)
[1.946s] Level 1:colcon.colcon_core.environment:create_environment_scripts_only(bumperbot_controller)
[1.946s] Level 1:colcon.colcon_core.environment:checking '/home/ductrung/bumperbot_ws/install/bumperbot_controller' for CMake module files
[1.946s] Level 1:colcon.colcon_core.environment:checking '/home/ductrung/bumperbot_ws/install/bumperbot_controller' for CMake config files
[1.947s] Level 1:colcon.colcon_core.shell:create_environment_hook('bumperbot_controller', 'cmake_prefix_path')
[1.947s] INFO:colcon.colcon_core.shell:Creating environment hook '/home/ductrung/bumperbot_ws/install/bumperbot_controller/share/bumperbot_controller/hook/cmake_prefix_path.ps1'
[1.953s] INFO:colcon.colcon_core.shell:Creating environment descriptor '/home/ductrung/bumperbot_ws/install/bumperbot_controller/share/bumperbot_controller/hook/cmake_prefix_path.dsv'
[1.965s] INFO:colcon.colcon_core.shell:Creating environment hook '/home/ductrung/bumperbot_ws/install/bumperbot_controller/share/bumperbot_controller/hook/cmake_prefix_path.sh'
[1.969s] Level 1:colcon.colcon_core.environment:checking '/home/ductrung/bumperbot_ws/install/bumperbot_controller/lib'
[1.969s] Level 1:colcon.colcon_core.environment:checking '/home/ductrung/bumperbot_ws/install/bumperbot_controller/bin'
[1.969s] Level 1:colcon.colcon_core.environment:checking '/home/ductrung/bumperbot_ws/install/bumperbot_controller/lib/pkgconfig/bumperbot_controller.pc'
[1.969s] Level 1:colcon.colcon_core.environment:checking '/home/ductrung/bumperbot_ws/install/bumperbot_controller/lib/python3.10/site-packages'
[1.970s] Level 1:colcon.colcon_core.environment:checking '/home/ductrung/bumperbot_ws/install/bumperbot_controller/bin'
[1.970s] INFO:colcon.colcon_core.shell:Creating package script '/home/ductrung/bumperbot_ws/install/bumperbot_controller/share/bumperbot_controller/package.ps1'
[1.974s] INFO:colcon.colcon_core.shell:Creating package descriptor '/home/ductrung/bumperbot_ws/install/bumperbot_controller/share/bumperbot_controller/package.dsv'
[1.974s] INFO:colcon.colcon_core.shell:Creating package script '/home/ductrung/bumperbot_ws/install/bumperbot_controller/share/bumperbot_controller/package.sh'
[1.977s] INFO:colcon.colcon_core.shell:Creating package script '/home/ductrung/bumperbot_ws/install/bumperbot_controller/share/bumperbot_controller/package.bash'
[1.977s] INFO:colcon.colcon_core.shell:Creating package script '/home/ductrung/bumperbot_ws/install/bumperbot_controller/share/bumperbot_controller/package.zsh'
[1.979s] Level 1:colcon.colcon_core.environment:create_file_with_runtime_dependencies(/home/ductrung/bumperbot_ws/install/bumperbot_controller/share/colcon-core/packages/bumperbot_controller)
[1.980s] INFO:colcon.colcon_ros.task.ament_cmake.build:Building ROS package in '/home/ductrung/bumperbot_ws/src/bumperbot_mapping' with build type 'ament_cmake'
[1.980s] INFO:colcon.colcon_cmake.task.cmake.build:Building CMake package in '/home/ductrung/bumperbot_ws/src/bumperbot_mapping'
[1.980s] INFO:colcon.colcon_core.shell:Skip shell extension 'powershell' for command environment: Not usable outside of PowerShell
[1.980s] DEBUG:colcon.colcon_core.shell:Skip shell extension 'dsv' for command environment
[2.021s] DEBUG:colcon.colcon_core.event_handler.log_command:Invoking command in '/home/ductrung/bumperbot_ws/build/bumperbot_mapping': CMAKE_PREFIX_PATH=${CMAKE_PREFIX_PATH}:/opt/ros/humble /usr/bin/cmake --build /home/ductrung/bumperbot_ws/build/bumperbot_mapping -- -j4 -l4
[2.143s] Level 1:colcon.colcon_core.environment:create_environment_scripts_only(bumperbot_firmware)
[2.144s] Level 1:colcon.colcon_core.environment:checking '/home/ductrung/bumperbot_ws/install/bumperbot_firmware' for CMake module files
[2.145s] Level 1:colcon.colcon_core.environment:checking '/home/ductrung/bumperbot_ws/install/bumperbot_firmware' for CMake config files
[2.145s] Level 1:colcon.colcon_core.shell:create_environment_hook('bumperbot_firmware', 'cmake_prefix_path')
[2.145s] INFO:colcon.colcon_core.shell:Creating environment hook '/home/ductrung/bumperbot_ws/install/bumperbot_firmware/share/bumperbot_firmware/hook/cmake_prefix_path.ps1'
[2.145s] INFO:colcon.colcon_core.shell:Creating environment descriptor '/home/ductrung/bumperbot_ws/install/bumperbot_firmware/share/bumperbot_firmware/hook/cmake_prefix_path.dsv'
[2.146s] INFO:colcon.colcon_core.shell:Creating environment hook '/home/ductrung/bumperbot_ws/install/bumperbot_firmware/share/bumperbot_firmware/hook/cmake_prefix_path.sh'
[2.157s] Level 1:colcon.colcon_core.environment:checking '/home/ductrung/bumperbot_ws/install/bumperbot_firmware/lib'
[2.163s] Level 1:colcon.colcon_core.shell:create_environment_hook('bumperbot_firmware', 'ld_library_path_lib')
[2.163s] INFO:colcon.colcon_core.shell:Creating environment hook '/home/ductrung/bumperbot_ws/install/bumperbot_firmware/share/bumperbot_firmware/hook/ld_library_path_lib.ps1'
[2.164s] INFO:colcon.colcon_core.shell:Creating environment descriptor '/home/ductrung/bumperbot_ws/install/bumperbot_firmware/share/bumperbot_firmware/hook/ld_library_path_lib.dsv'
[2.165s] INFO:colcon.colcon_core.shell:Creating environment hook '/home/ductrung/bumperbot_ws/install/bumperbot_firmware/share/bumperbot_firmware/hook/ld_library_path_lib.sh'
[2.167s] Level 1:colcon.colcon_core.environment:checking '/home/ductrung/bumperbot_ws/install/bumperbot_firmware/bin'
[2.167s] Level 1:colcon.colcon_core.environment:checking '/home/ductrung/bumperbot_ws/install/bumperbot_firmware/lib/pkgconfig/bumperbot_firmware.pc'
[2.167s] Level 1:colcon.colcon_core.environment:checking '/home/ductrung/bumperbot_ws/install/bumperbot_firmware/lib/python3.10/site-packages'
[2.167s] Level 1:colcon.colcon_core.environment:checking '/home/ductrung/bumperbot_ws/install/bumperbot_firmware/bin'
[2.167s] INFO:colcon.colcon_core.shell:Creating package script '/home/ductrung/bumperbot_ws/install/bumperbot_firmware/share/bumperbot_firmware/package.ps1'
[2.182s] INFO:colcon.colcon_core.shell:Creating package descriptor '/home/ductrung/bumperbot_ws/install/bumperbot_firmware/share/bumperbot_firmware/package.dsv'
[2.184s] INFO:colcon.colcon_core.shell:Creating package script '/home/ductrung/bumperbot_ws/install/bumperbot_firmware/share/bumperbot_firmware/package.sh'
[2.186s] INFO:colcon.colcon_core.shell:Creating package script '/home/ductrung/bumperbot_ws/install/bumperbot_firmware/share/bumperbot_firmware/package.bash'
[2.187s] INFO:colcon.colcon_core.shell:Creating package script '/home/ductrung/bumperbot_ws/install/bumperbot_firmware/share/bumperbot_firmware/package.zsh'
[2.189s] Level 1:colcon.colcon_core.environment:create_file_with_runtime_dependencies(/home/ductrung/bumperbot_ws/install/bumperbot_firmware/share/colcon-core/packages/bumperbot_firmware)
[2.190s] INFO:colcon.colcon_cmake.task.cmake.build:Building CMake package in '/home/ductrung/bumperbot_ws/src/bumperbot_navigation'
[2.190s] INFO:colcon.colcon_core.shell:Skip shell extension 'powershell' for command environment: Not usable outside of PowerShell
[2.190s] DEBUG:colcon.colcon_core.shell:Skip shell extension 'dsv' for command environment
[2.233s] DEBUG:colcon.colcon_core.event_handler.log_command:Invoking command in '/home/ductrung/bumperbot_ws/build/bumperbot_navigation': /usr/bin/cmake --build /home/ductrung/bumperbot_ws/build/bumperbot_navigation -- -j4 -l4
[2.466s] DEBUG:colcon.colcon_core.event_handler.log_command:Invoking command in '/home/ductrung/bumperbot_ws/build/bumperbot_msgs': CMAKE_PREFIX_PATH=${CMAKE_PREFIX_PATH}:/opt/ros/humble /usr/bin/cmake --install /home/ductrung/bumperbot_ws/build/bumperbot_msgs
[2.569s] Level 1:colcon.colcon_core.environment:create_environment_scripts_only(bumperbot_msgs)
[2.569s] Level 1:colcon.colcon_core.environment:checking '/home/ductrung/bumperbot_ws/install/bumperbot_msgs' for CMake module files
[2.570s] DEBUG:colcon.colcon_core.event_handler.log_command:Invoked command in '/home/ductrung/bumperbot_ws/build/bumperbot_msgs' returned '0': CMAKE_PREFIX_PATH=${CMAKE_PREFIX_PATH}:/opt/ros/humble /usr/bin/cmake --install /home/ductrung/bumperbot_ws/build/bumperbot_msgs
[2.570s] Level 1:colcon.colcon_core.environment:checking '/home/ductrung/bumperbot_ws/install/bumperbot_msgs' for CMake config files
[2.570s] Level 1:colcon.colcon_core.shell:create_environment_hook('bumperbot_msgs', 'cmake_prefix_path')
[2.571s] INFO:colcon.colcon_core.shell:Creating environment hook '/home/ductrung/bumperbot_ws/install/bumperbot_msgs/share/bumperbot_msgs/hook/cmake_prefix_path.ps1'
[2.571s] INFO:colcon.colcon_core.shell:Creating environment descriptor '/home/ductrung/bumperbot_ws/install/bumperbot_msgs/share/bumperbot_msgs/hook/cmake_prefix_path.dsv'
[2.571s] INFO:colcon.colcon_core.shell:Creating environment hook '/home/ductrung/bumperbot_ws/install/bumperbot_msgs/share/bumperbot_msgs/hook/cmake_prefix_path.sh'
[2.572s] Level 1:colcon.colcon_core.environment:checking '/home/ductrung/bumperbot_ws/install/bumperbot_msgs/lib'
[2.572s] Level 1:colcon.colcon_core.shell:create_environment_hook('bumperbot_msgs', 'ld_library_path_lib')
[2.572s] INFO:colcon.colcon_core.shell:Creating environment hook '/home/ductrung/bumperbot_ws/install/bumperbot_msgs/share/bumperbot_msgs/hook/ld_library_path_lib.ps1'
[2.573s] INFO:colcon.colcon_core.shell:Creating environment descriptor '/home/ductrung/bumperbot_ws/install/bumperbot_msgs/share/bumperbot_msgs/hook/ld_library_path_lib.dsv'
[2.573s] INFO:colcon.colcon_core.shell:Creating environment hook '/home/ductrung/bumperbot_ws/install/bumperbot_msgs/share/bumperbot_msgs/hook/ld_library_path_lib.sh'
[2.574s] Level 1:colcon.colcon_core.environment:checking '/home/ductrung/bumperbot_ws/install/bumperbot_msgs/bin'
[2.574s] Level 1:colcon.colcon_core.environment:checking '/home/ductrung/bumperbot_ws/install/bumperbot_msgs/lib/pkgconfig/bumperbot_msgs.pc'
[2.574s] Level 1:colcon.colcon_core.environment:checking '/home/ductrung/bumperbot_ws/install/bumperbot_msgs/lib/python3.10/site-packages'
[2.574s] Level 1:colcon.colcon_core.environment:checking '/home/ductrung/bumperbot_ws/install/bumperbot_msgs/bin'
[2.574s] INFO:colcon.colcon_core.shell:Creating package script '/home/ductrung/bumperbot_ws/install/bumperbot_msgs/share/bumperbot_msgs/package.ps1'
[2.575s] INFO:colcon.colcon_core.shell:Creating package descriptor '/home/ductrung/bumperbot_ws/install/bumperbot_msgs/share/bumperbot_msgs/package.dsv'
[2.575s] INFO:colcon.colcon_core.shell:Creating package script '/home/ductrung/bumperbot_ws/install/bumperbot_msgs/share/bumperbot_msgs/package.sh'
[2.576s] INFO:colcon.colcon_core.shell:Creating package script '/home/ductrung/bumperbot_ws/install/bumperbot_msgs/share/bumperbot_msgs/package.bash'
[2.576s] INFO:colcon.colcon_core.shell:Creating package script '/home/ductrung/bumperbot_ws/install/bumperbot_msgs/share/bumperbot_msgs/package.zsh'
[2.577s] Level 1:colcon.colcon_core.environment:create_file_with_runtime_dependencies(/home/ductrung/bumperbot_ws/install/bumperbot_msgs/share/colcon-core/packages/bumperbot_msgs)
[2.617s] DEBUG:colcon.colcon_core.event_handler.log_command:Invoked command in '/home/ductrung/bumperbot_ws/build/bumperbot_localization' returned '0': CMAKE_PREFIX_PATH=${CMAKE_PREFIX_PATH}:/opt/ros/humble /usr/bin/cmake --build /home/ductrung/bumperbot_ws/build/bumperbot_localization -- -j4 -l4
[2.862s] DEBUG:colcon.colcon_core.event_handler.log_command:Invoking command in '/home/ductrung/bumperbot_ws/build/bumperbot_localization': CMAKE_PREFIX_PATH=${CMAKE_PREFIX_PATH}:/opt/ros/humble /usr/bin/cmake --install /home/ductrung/bumperbot_ws/build/bumperbot_localization
[2.968s] DEBUG:colcon.colcon_core.event_handler.log_command:Invoked command in '/home/ductrung/bumperbot_ws/build/bumperbot_mapping' returned '0': CMAKE_PREFIX_PATH=${CMAKE_PREFIX_PATH}:/opt/ros/humble /usr/bin/cmake --build /home/ductrung/bumperbot_ws/build/bumperbot_mapping -- -j4 -l4
[2.983s] Level 1:colcon.colcon_core.environment:create_environment_scripts_only(bumperbot_localization)
[2.984s] Level 1:colcon.colcon_core.environment:checking '/home/ductrung/bumperbot_ws/install/bumperbot_localization' for CMake module files
[2.984s] DEBUG:colcon.colcon_core.event_handler.log_command:Invoked command in '/home/ductrung/bumperbot_ws/build/bumperbot_localization' returned '0': CMAKE_PREFIX_PATH=${CMAKE_PREFIX_PATH}:/opt/ros/humble /usr/bin/cmake --install /home/ductrung/bumperbot_ws/build/bumperbot_localization
[2.987s] Level 1:colcon.colcon_core.environment:checking '/home/ductrung/bumperbot_ws/install/bumperbot_localization' for CMake config files
[2.988s] Level 1:colcon.colcon_core.shell:create_environment_hook('bumperbot_localization', 'cmake_prefix_path')
[2.988s] INFO:colcon.colcon_core.shell:Creating environment hook '/home/ductrung/bumperbot_ws/install/bumperbot_localization/share/bumperbot_localization/hook/cmake_prefix_path.ps1'
[2.989s] INFO:colcon.colcon_core.shell:Creating environment descriptor '/home/ductrung/bumperbot_ws/install/bumperbot_localization/share/bumperbot_localization/hook/cmake_prefix_path.dsv'
[2.990s] INFO:colcon.colcon_core.shell:Creating environment hook '/home/ductrung/bumperbot_ws/install/bumperbot_localization/share/bumperbot_localization/hook/cmake_prefix_path.sh'
[2.993s] Level 1:colcon.colcon_core.environment:checking '/home/ductrung/bumperbot_ws/install/bumperbot_localization/lib'
[2.993s] Level 1:colcon.colcon_core.environment:checking '/home/ductrung/bumperbot_ws/install/bumperbot_localization/bin'
[2.993s] Level 1:colcon.colcon_core.environment:checking '/home/ductrung/bumperbot_ws/install/bumperbot_localization/lib/pkgconfig/bumperbot_localization.pc'
[2.994s] Level 1:colcon.colcon_core.environment:checking '/home/ductrung/bumperbot_ws/install/bumperbot_localization/lib/python3.10/site-packages'
[2.994s] Level 1:colcon.colcon_core.environment:checking '/home/ductrung/bumperbot_ws/install/bumperbot_localization/bin'
[2.994s] INFO:colcon.colcon_core.shell:Creating package script '/home/ductrung/bumperbot_ws/install/bumperbot_localization/share/bumperbot_localization/package.ps1'
[2.995s] INFO:colcon.colcon_core.shell:Creating package descriptor '/home/ductrung/bumperbot_ws/install/bumperbot_localization/share/bumperbot_localization/package.dsv'
[2.996s] INFO:colcon.colcon_core.shell:Creating package script '/home/ductrung/bumperbot_ws/install/bumperbot_localization/share/bumperbot_localization/package.sh'
[2.997s] INFO:colcon.colcon_core.shell:Creating package script '/home/ductrung/bumperbot_ws/install/bumperbot_localization/share/bumperbot_localization/package.bash'
[3.000s] INFO:colcon.colcon_core.shell:Creating package script '/home/ductrung/bumperbot_ws/install/bumperbot_localization/share/bumperbot_localization/package.zsh'
[3.001s] Level 1:colcon.colcon_core.environment:create_file_with_runtime_dependencies(/home/ductrung/bumperbot_ws/install/bumperbot_localization/share/colcon-core/packages/bumperbot_localization)
[3.067s] DEBUG:colcon.colcon_core.event_handler.log_command:Invoking command in '/home/ductrung/bumperbot_ws/build/bumperbot_mapping': CMAKE_PREFIX_PATH=${CMAKE_PREFIX_PATH}:/opt/ros/humble /usr/bin/cmake --install /home/ductrung/bumperbot_ws/build/bumperbot_mapping
[3.115s] Level 1:colcon.colcon_core.environment:create_environment_scripts_only(bumperbot_mapping)
[3.116s] Level 1:colcon.colcon_core.environment:checking '/home/ductrung/bumperbot_ws/install/bumperbot_mapping' for CMake module files
[3.126s] Level 1:colcon.colcon_core.environment:checking '/home/ductrung/bumperbot_ws/install/bumperbot_mapping' for CMake config files
[3.145s] Level 1:colcon.colcon_core.shell:create_environment_hook('bumperbot_mapping', 'cmake_prefix_path')
[3.145s] INFO:colcon.colcon_core.shell:Creating environment hook '/home/ductrung/bumperbot_ws/install/bumperbot_mapping/share/bumperbot_mapping/hook/cmake_prefix_path.ps1'
[3.147s] DEBUG:colcon.colcon_core.event_handler.log_command:Invoked command in '/home/ductrung/bumperbot_ws/build/bumperbot_mapping' returned '0': CMAKE_PREFIX_PATH=${CMAKE_PREFIX_PATH}:/opt/ros/humble /usr/bin/cmake --install /home/ductrung/bumperbot_ws/build/bumperbot_mapping
[3.148s] INFO:colcon.colcon_core.shell:Creating environment descriptor '/home/ductrung/bumperbot_ws/install/bumperbot_mapping/share/bumperbot_mapping/hook/cmake_prefix_path.dsv'
[3.149s] INFO:colcon.colcon_core.shell:Creating environment hook '/home/ductrung/bumperbot_ws/install/bumperbot_mapping/share/bumperbot_mapping/hook/cmake_prefix_path.sh'
[3.151s] Level 1:colcon.colcon_core.environment:checking '/home/ductrung/bumperbot_ws/install/bumperbot_mapping/lib'
[3.151s] Level 1:colcon.colcon_core.environment:checking '/home/ductrung/bumperbot_ws/install/bumperbot_mapping/bin'
[3.151s] Level 1:colcon.colcon_core.environment:checking '/home/ductrung/bumperbot_ws/install/bumperbot_mapping/lib/pkgconfig/bumperbot_mapping.pc'
[3.151s] Level 1:colcon.colcon_core.environment:checking '/home/ductrung/bumperbot_ws/install/bumperbot_mapping/lib/python3.10/site-packages'
[3.151s] Level 1:colcon.colcon_core.environment:checking '/home/ductrung/bumperbot_ws/install/bumperbot_mapping/bin'
[3.152s] INFO:colcon.colcon_core.shell:Creating package script '/home/ductrung/bumperbot_ws/install/bumperbot_mapping/share/bumperbot_mapping/package.ps1'
[3.153s] INFO:colcon.colcon_core.shell:Creating package descriptor '/home/ductrung/bumperbot_ws/install/bumperbot_mapping/share/bumperbot_mapping/package.dsv'
[3.153s] INFO:colcon.colcon_core.shell:Creating package script '/home/ductrung/bumperbot_ws/install/bumperbot_mapping/share/bumperbot_mapping/package.sh'
[3.154s] INFO:colcon.colcon_core.shell:Creating package script '/home/ductrung/bumperbot_ws/install/bumperbot_mapping/share/bumperbot_mapping/package.bash'
[3.155s] INFO:colcon.colcon_core.shell:Creating package script '/home/ductrung/bumperbot_ws/install/bumperbot_mapping/share/bumperbot_mapping/package.zsh'
[3.156s] Level 1:colcon.colcon_core.environment:create_file_with_runtime_dependencies(/home/ductrung/bumperbot_ws/install/bumperbot_mapping/share/colcon-core/packages/bumperbot_mapping)
[3.160s] Level 1:colcon.colcon_core.environment:create_environment_scripts_only(bumperbot_localization)
[3.161s] Level 1:colcon.colcon_core.environment:checking '/home/ductrung/bumperbot_ws/install/bumperbot_localization' for CMake module files
[3.161s] Level 1:colcon.colcon_core.environment:checking '/home/ductrung/bumperbot_ws/install/bumperbot_localization' for CMake config files
[3.161s] Level 1:colcon.colcon_core.shell:create_environment_hook('bumperbot_localization', 'cmake_prefix_path')
[3.162s] INFO:colcon.colcon_core.shell:Creating environment hook '/home/ductrung/bumperbot_ws/install/bumperbot_localization/share/bumperbot_localization/hook/cmake_prefix_path.ps1'
[3.163s] INFO:colcon.colcon_core.shell:Creating environment descriptor '/home/ductrung/bumperbot_ws/install/bumperbot_localization/share/bumperbot_localization/hook/cmake_prefix_path.dsv'
[3.163s] INFO:colcon.colcon_core.shell:Creating environment hook '/home/ductrung/bumperbot_ws/install/bumperbot_localization/share/bumperbot_localization/hook/cmake_prefix_path.sh'
[3.164s] Level 1:colcon.colcon_core.environment:checking '/home/ductrung/bumperbot_ws/install/bumperbot_localization/lib'
[3.164s] Level 1:colcon.colcon_core.environment:checking '/home/ductrung/bumperbot_ws/install/bumperbot_localization/bin'
[3.164s] Level 1:colcon.colcon_core.environment:checking '/home/ductrung/bumperbot_ws/install/bumperbot_localization/lib/pkgconfig/bumperbot_localization.pc'
[3.164s] Level 1:colcon.colcon_core.environment:checking '/home/ductrung/bumperbot_ws/install/bumperbot_localization/lib/python3.10/site-packages'
[3.164s] Level 1:colcon.colcon_core.environment:checking '/home/ductrung/bumperbot_ws/install/bumperbot_localization/bin'
[3.165s] INFO:colcon.colcon_core.shell:Creating package script '/home/ductrung/bumperbot_ws/install/bumperbot_localization/share/bumperbot_localization/package.ps1'
[3.165s] INFO:colcon.colcon_core.shell:Creating package descriptor '/home/ductrung/bumperbot_ws/install/bumperbot_localization/share/bumperbot_localization/package.dsv'
[3.166s] INFO:colcon.colcon_core.shell:Creating package script '/home/ductrung/bumperbot_ws/install/bumperbot_localization/share/bumperbot_localization/package.sh'
[3.169s] INFO:colcon.colcon_core.shell:Creating package script '/home/ductrung/bumperbot_ws/install/bumperbot_localization/share/bumperbot_localization/package.bash'
[3.169s] INFO:colcon.colcon_core.shell:Creating package script '/home/ductrung/bumperbot_ws/install/bumperbot_localization/share/bumperbot_localization/package.zsh'
[3.170s] Level 1:colcon.colcon_core.environment:create_file_with_runtime_dependencies(/home/ductrung/bumperbot_ws/install/bumperbot_localization/share/colcon-core/packages/bumperbot_localization)
[3.178s] INFO:colcon.colcon_ros.task.ament_cmake.build:Building ROS package in '/home/ductrung/bumperbot_ws/src/bumperbot_utils' with build type 'ament_cmake'
[3.178s] INFO:colcon.colcon_cmake.task.cmake.build:Building CMake package in '/home/ductrung/bumperbot_ws/src/bumperbot_utils'
[3.178s] INFO:colcon.colcon_core.shell:Skip shell extension 'powershell' for command environment: Not usable outside of PowerShell
[3.178s] DEBUG:colcon.colcon_core.shell:Skip shell extension 'dsv' for command environment
[3.204s] DEBUG:colcon.colcon_core.event_handler.log_command:Invoking command in '/home/ductrung/bumperbot_ws/build/bumperbot_utils': CMAKE_PREFIX_PATH=${CMAKE_PREFIX_PATH}:/opt/ros/humble /usr/bin/cmake --build /home/ductrung/bumperbot_ws/build/bumperbot_utils -- -j4 -l4
[3.289s] Level 1:colcon.colcon_core.environment:create_environment_scripts_only(bumperbot_msgs)
[3.289s] Level 1:colcon.colcon_core.environment:checking '/home/ductrung/bumperbot_ws/install/bumperbot_msgs' for CMake module files
[3.293s] Level 1:colcon.colcon_core.environment:checking '/home/ductrung/bumperbot_ws/install/bumperbot_msgs' for CMake config files
[3.293s] Level 1:colcon.colcon_core.shell:create_environment_hook('bumperbot_msgs', 'cmake_prefix_path')
[3.293s] INFO:colcon.colcon_core.shell:Creating environment hook '/home/ductrung/bumperbot_ws/install/bumperbot_msgs/share/bumperbot_msgs/hook/cmake_prefix_path.ps1'
[3.294s] INFO:colcon.colcon_core.shell:Creating environment descriptor '/home/ductrung/bumperbot_ws/install/bumperbot_msgs/share/bumperbot_msgs/hook/cmake_prefix_path.dsv'
[3.294s] INFO:colcon.colcon_core.shell:Creating environment hook '/home/ductrung/bumperbot_ws/install/bumperbot_msgs/share/bumperbot_msgs/hook/cmake_prefix_path.sh'
[3.295s] Level 1:colcon.colcon_core.environment:checking '/home/ductrung/bumperbot_ws/install/bumperbot_msgs/lib'
[3.295s] Level 1:colcon.colcon_core.shell:create_environment_hook('bumperbot_msgs', 'ld_library_path_lib')
[3.295s] INFO:colcon.colcon_core.shell:Creating environment hook '/home/ductrung/bumperbot_ws/install/bumperbot_msgs/share/bumperbot_msgs/hook/ld_library_path_lib.ps1'
[3.296s] INFO:colcon.colcon_core.shell:Creating environment descriptor '/home/ductrung/bumperbot_ws/install/bumperbot_msgs/share/bumperbot_msgs/hook/ld_library_path_lib.dsv'
[3.296s] INFO:colcon.colcon_core.shell:Creating environment hook '/home/ductrung/bumperbot_ws/install/bumperbot_msgs/share/bumperbot_msgs/hook/ld_library_path_lib.sh'
[3.297s] Level 1:colcon.colcon_core.environment:checking '/home/ductrung/bumperbot_ws/install/bumperbot_msgs/bin'
[3.302s] Level 1:colcon.colcon_core.environment:checking '/home/ductrung/bumperbot_ws/install/bumperbot_msgs/lib/pkgconfig/bumperbot_msgs.pc'
[3.302s] Level 1:colcon.colcon_core.environment:checking '/home/ductrung/bumperbot_ws/install/bumperbot_msgs/lib/python3.10/site-packages'
[3.302s] Level 1:colcon.colcon_core.environment:checking '/home/ductrung/bumperbot_ws/install/bumperbot_msgs/bin'
[3.319s] INFO:colcon.colcon_core.shell:Creating package script '/home/ductrung/bumperbot_ws/install/bumperbot_msgs/share/bumperbot_msgs/package.ps1'
[3.319s] INFO:colcon.colcon_core.shell:Creating package descriptor '/home/ductrung/bumperbot_ws/install/bumperbot_msgs/share/bumperbot_msgs/package.dsv'
[3.320s] INFO:colcon.colcon_core.shell:Creating package script '/home/ductrung/bumperbot_ws/install/bumperbot_msgs/share/bumperbot_msgs/package.sh'
[3.320s] INFO:colcon.colcon_core.shell:Creating package script '/home/ductrung/bumperbot_ws/install/bumperbot_msgs/share/bumperbot_msgs/package.bash'
[3.321s] INFO:colcon.colcon_core.shell:Creating package script '/home/ductrung/bumperbot_ws/install/bumperbot_msgs/share/bumperbot_msgs/package.zsh'
[3.321s] Level 1:colcon.colcon_core.environment:create_file_with_runtime_dependencies(/home/ductrung/bumperbot_ws/install/bumperbot_msgs/share/colcon-core/packages/bumperbot_msgs)
[3.324s] INFO:colcon.colcon_ros.task.ament_cmake.build:Building ROS package in '/home/ductrung/bumperbot_ws/src/bumperbot_bringup' with build type 'ament_cmake'
[3.324s] INFO:colcon.colcon_cmake.task.cmake.build:Building CMake package in '/home/ductrung/bumperbot_ws/src/bumperbot_bringup'
[3.324s] INFO:colcon.colcon_core.shell:Skip shell extension 'powershell' for command environment: Not usable outside of PowerShell
[3.324s] DEBUG:colcon.colcon_core.shell:Skip shell extension 'dsv' for command environment
[3.384s] DEBUG:colcon.colcon_core.event_handler.log_command:Invoking command in '/home/ductrung/bumperbot_ws/build/bumperbot_bringup': AMENT_PREFIX_PATH=/home/ductrung/bumperbot_ws/install/bumperbot_firmware:/home/ductrung/bumperbot_ws/install/bumperbot_description:/home/ductrung/bumperbot_ws/install/bumperbot_controller:${AMENT_PREFIX_PATH} CMAKE_PREFIX_PATH=/home/ductrung/bumperbot_ws/install/bumperbot_firmware:/home/ductrung/bumperbot_ws/install/bumperbot_description:/home/ductrung/bumperbot_ws/install/bumperbot_controller:/home/ductrung/ros2_ws/install/my_robot_bringup:/home/ductrung/ros2_ws/install/my_robot_description:/opt/ros/humble LD_LIBRARY_PATH=/home/ductrung/bumperbot_ws/install/bumperbot_firmware/lib:/usr/lib/x86_64-linux-gnu/gazebo-11/plugins:/opt/ros/humble/opt/rviz_ogre_vendor/lib:/opt/ros/humble/lib/x86_64-linux-gnu:/opt/ros/humble/lib:/usr/share/gazebo/../../lib/x86_64-linux-gnu/gazebo-11/plugins PYTHONPATH=/home/ductrung/bumperbot_ws/install/bumperbot_firmware/local/lib/python3.10/dist-packages:/home/ductrung/bumperbot_ws/install/bumperbot_controller/local/lib/python3.10/dist-packages:${PYTHONPATH} /usr/bin/cmake --build /home/ductrung/bumperbot_ws/build/bumperbot_bringup -- -j4 -l4
[3.408s] Level 1:colcon.colcon_core.environment:create_environment_scripts_only(bumperbot_mapping)
[3.409s] Level 1:colcon.colcon_core.environment:checking '/home/ductrung/bumperbot_ws/install/bumperbot_mapping' for CMake module files
[3.409s] Level 1:colcon.colcon_core.environment:checking '/home/ductrung/bumperbot_ws/install/bumperbot_mapping' for CMake config files
[3.409s] Level 1:colcon.colcon_core.shell:create_environment_hook('bumperbot_mapping', 'cmake_prefix_path')
[3.410s] INFO:colcon.colcon_core.shell:Creating environment hook '/home/ductrung/bumperbot_ws/install/bumperbot_mapping/share/bumperbot_mapping/hook/cmake_prefix_path.ps1'
[3.410s] INFO:colcon.colcon_core.shell:Creating environment descriptor '/home/ductrung/bumperbot_ws/install/bumperbot_mapping/share/bumperbot_mapping/hook/cmake_prefix_path.dsv'
[3.411s] INFO:colcon.colcon_core.shell:Creating environment hook '/home/ductrung/bumperbot_ws/install/bumperbot_mapping/share/bumperbot_mapping/hook/cmake_prefix_path.sh'
[3.429s] Level 1:colcon.colcon_core.environment:checking '/home/ductrung/bumperbot_ws/install/bumperbot_mapping/lib'
[3.430s] Level 1:colcon.colcon_core.environment:checking '/home/ductrung/bumperbot_ws/install/bumperbot_mapping/bin'
[3.430s] Level 1:colcon.colcon_core.environment:checking '/home/ductrung/bumperbot_ws/install/bumperbot_mapping/lib/pkgconfig/bumperbot_mapping.pc'
[3.430s] Level 1:colcon.colcon_core.environment:checking '/home/ductrung/bumperbot_ws/install/bumperbot_mapping/lib/python3.10/site-packages'
[3.430s] Level 1:colcon.colcon_core.environment:checking '/home/ductrung/bumperbot_ws/install/bumperbot_mapping/bin'
[3.430s] INFO:colcon.colcon_core.shell:Creating package script '/home/ductrung/bumperbot_ws/install/bumperbot_mapping/share/bumperbot_mapping/package.ps1'
[3.431s] INFO:colcon.colcon_core.shell:Creating package descriptor '/home/ductrung/bumperbot_ws/install/bumperbot_mapping/share/bumperbot_mapping/package.dsv'
[3.432s] INFO:colcon.colcon_core.shell:Creating package script '/home/ductrung/bumperbot_ws/install/bumperbot_mapping/share/bumperbot_mapping/package.sh'
[3.432s] INFO:colcon.colcon_core.shell:Creating package script '/home/ductrung/bumperbot_ws/install/bumperbot_mapping/share/bumperbot_mapping/package.bash'
[3.433s] INFO:colcon.colcon_core.shell:Creating package script '/home/ductrung/bumperbot_ws/install/bumperbot_mapping/share/bumperbot_mapping/package.zsh'
[3.433s] Level 1:colcon.colcon_core.environment:create_file_with_runtime_dependencies(/home/ductrung/bumperbot_ws/install/bumperbot_mapping/share/colcon-core/packages/bumperbot_mapping)
[3.443s] INFO:colcon.colcon_ros.task.ament_cmake.build:Building ROS package in '/home/ductrung/bumperbot_ws/src/bumperbot_cpp_examples' with build type 'ament_cmake'
[3.443s] INFO:colcon.colcon_cmake.task.cmake.build:Building CMake package in '/home/ductrung/bumperbot_ws/src/bumperbot_cpp_examples'
[3.444s] INFO:colcon.colcon_core.shell:Skip shell extension 'powershell' for command environment: Not usable outside of PowerShell
[3.444s] DEBUG:colcon.colcon_core.shell:Skip shell extension 'dsv' for command environment
[3.500s] DEBUG:colcon.colcon_core.event_handler.log_command:Invoking command in '/home/ductrung/bumperbot_ws/build/bumperbot_cpp_examples': AMENT_PREFIX_PATH=/home/ductrung/bumperbot_ws/install/bumperbot_msgs:${AMENT_PREFIX_PATH} CMAKE_PREFIX_PATH=/home/ductrung/bumperbot_ws/install/bumperbot_msgs:/home/ductrung/ros2_ws/install/my_robot_bringup:/home/ductrung/ros2_ws/install/my_robot_description:/opt/ros/humble LD_LIBRARY_PATH=/home/ductrung/bumperbot_ws/install/bumperbot_msgs/lib:/usr/lib/x86_64-linux-gnu/gazebo-11/plugins:/opt/ros/humble/opt/rviz_ogre_vendor/lib:/opt/ros/humble/lib/x86_64-linux-gnu:/opt/ros/humble/lib:/usr/share/gazebo/../../lib/x86_64-linux-gnu/gazebo-11/plugins PYTHONPATH=/home/ductrung/bumperbot_ws/install/bumperbot_msgs/local/lib/python3.10/dist-packages:${PYTHONPATH} /usr/bin/cmake --build /home/ductrung/bumperbot_ws/build/bumperbot_cpp_examples -- -j4 -l4
[3.534s] DEBUG:colcon.colcon_core.event_handler.log_command:Invoked command in '/home/ductrung/bumperbot_ws/build/bumperbot_bringup' returned '0': AMENT_PREFIX_PATH=/home/ductrung/bumperbot_ws/install/bumperbot_firmware:/home/ductrung/bumperbot_ws/install/bumperbot_description:/home/ductrung/bumperbot_ws/install/bumperbot_controller:${AMENT_PREFIX_PATH} CMAKE_PREFIX_PATH=/home/ductrung/bumperbot_ws/install/bumperbot_firmware:/home/ductrung/bumperbot_ws/install/bumperbot_description:/home/ductrung/bumperbot_ws/install/bumperbot_controller:/home/ductrung/ros2_ws/install/my_robot_bringup:/home/ductrung/ros2_ws/install/my_robot_description:/opt/ros/humble LD_LIBRARY_PATH=/home/ductrung/bumperbot_ws/install/bumperbot_firmware/lib:/usr/lib/x86_64-linux-gnu/gazebo-11/plugins:/opt/ros/humble/opt/rviz_ogre_vendor/lib:/opt/ros/humble/lib/x86_64-linux-gnu:/opt/ros/humble/lib:/usr/share/gazebo/../../lib/x86_64-linux-gnu/gazebo-11/plugins PYTHONPATH=/home/ductrung/bumperbot_ws/install/bumperbot_firmware/local/lib/python3.10/dist-packages:/home/ductrung/bumperbot_ws/install/bumperbot_controller/local/lib/python3.10/dist-packages:${PYTHONPATH} /usr/bin/cmake --build /home/ductrung/bumperbot_ws/build/bumperbot_bringup -- -j4 -l4
[3.684s] DEBUG:colcon.colcon_core.event_handler.log_command:Invoking command in '/home/ductrung/bumperbot_ws/build/bumperbot_bringup': AMENT_PREFIX_PATH=/home/ductrung/bumperbot_ws/install/bumperbot_firmware:/home/ductrung/bumperbot_ws/install/bumperbot_description:/home/ductrung/bumperbot_ws/install/bumperbot_controller:${AMENT_PREFIX_PATH} CMAKE_PREFIX_PATH=/home/ductrung/bumperbot_ws/install/bumperbot_firmware:/home/ductrung/bumperbot_ws/install/bumperbot_description:/home/ductrung/bumperbot_ws/install/bumperbot_controller:/home/ductrung/ros2_ws/install/my_robot_bringup:/home/ductrung/ros2_ws/install/my_robot_description:/opt/ros/humble LD_LIBRARY_PATH=/home/ductrung/bumperbot_ws/install/bumperbot_firmware/lib:/usr/lib/x86_64-linux-gnu/gazebo-11/plugins:/opt/ros/humble/opt/rviz_ogre_vendor/lib:/opt/ros/humble/lib/x86_64-linux-gnu:/opt/ros/humble/lib:/usr/share/gazebo/../../lib/x86_64-linux-gnu/gazebo-11/plugins PYTHONPATH=/home/ductrung/bumperbot_ws/install/bumperbot_firmware/local/lib/python3.10/dist-packages:/home/ductrung/bumperbot_ws/install/bumperbot_controller/local/lib/python3.10/dist-packages:${PYTHONPATH} /usr/bin/cmake --install /home/ductrung/bumperbot_ws/build/bumperbot_bringup
[3.718s] DEBUG:colcon.colcon_core.event_handler.log_command:Invoked command in '/home/ductrung/bumperbot_ws/build/bumperbot_navigation' returned '2': /usr/bin/cmake --build /home/ductrung/bumperbot_ws/build/bumperbot_navigation -- -j4 -l4
[5.038s] DEBUG:colcon.colcon_parallel_executor.executor.parallel:closing loop
[5.040s] DEBUG:colcon.colcon_parallel_executor.executor.parallel:loop closed
[5.041s] DEBUG:colcon.colcon_parallel_executor.executor.parallel:run_until_complete finished with '2'
[5.042s] DEBUG:colcon.colcon_core.event_reactor:joining thread
[5.126s] INFO:colcon.colcon_core.plugin_system:Skipping extension 'colcon_notification.desktop_notification.terminal_notifier': Not used on non-Darwin systems
[5.127s] INFO:colcon.colcon_core.plugin_system:Skipping extension 'colcon_notification.desktop_notification.win32': Not used on non-Windows systems
[5.129s] INFO:colcon.colcon_notification.desktop_notification:Sending desktop notification using 'notify2'
[5.173s] DEBUG:colcon.colcon_core.event_reactor:joined thread
[5.173s] INFO:colcon.colcon_core.shell:Creating prefix script '/home/ductrung/bumperbot_ws/install/local_setup.ps1'
[5.175s] INFO:colcon.colcon_core.shell:Creating prefix util module '/home/ductrung/bumperbot_ws/install/_local_setup_util_ps1.py'
[5.177s] INFO:colcon.colcon_core.shell:Creating prefix chain script '/home/ductrung/bumperbot_ws/install/setup.ps1'
[5.190s] INFO:colcon.colcon_core.shell:Creating prefix script '/home/ductrung/bumperbot_ws/install/local_setup.sh'
[5.199s] INFO:colcon.colcon_core.shell:Creating prefix util module '/home/ductrung/bumperbot_ws/install/_local_setup_util_sh.py'
[5.200s] INFO:colcon.colcon_core.shell:Creating prefix chain script '/home/ductrung/bumperbot_ws/install/setup.sh'
[5.201s] INFO:colcon.colcon_core.shell:Creating prefix script '/home/ductrung/bumperbot_ws/install/local_setup.bash'
[5.202s] INFO:colcon.colcon_core.shell:Creating prefix chain script '/home/ductrung/bumperbot_ws/install/setup.bash'
[5.211s] INFO:colcon.colcon_core.shell:Creating prefix script '/home/ductrung/bumperbot_ws/install/local_setup.zsh'
[5.212s] INFO:colcon.colcon_core.shell:Creating prefix chain script '/home/ductrung/bumperbot_ws/install/setup.zsh'
