[0.077s] Invoking command in '/home/ductrung/bumperbot_ws/build/bumperbot_msgs': CMAKE_PREFIX_PATH=${CMAKE_PREFIX_PATH}:/home/ductrung/bumperbot_ws/install/bumperbot_py_examples:/opt/ros/humble /usr/bin/cmake --build /home/ductrung/bumperbot_ws/build/bumperbot_msgs -- -j4 -l4
[0.412s] [ 10%] Built target bumperbot_msgs__rosidl_generator_c
[0.587s] [ 10%] Built target ament_cmake_python_copy_bumperbot_msgs
[0.663s] [ 20%] Built target bumperbot_msgs__rosidl_typesupport_introspection_c
[1.115s] [ 30%] Built target bumperbot_msgs__rosidl_typesupport_c
[2.375s] running egg_info
[2.375s] writing bumperbot_msgs.egg-info/PKG-INFO
[2.378s] writing dependency_links to bumperbot_msgs.egg-info/dependency_links.txt
[2.381s] writing top-level names to bumperbot_msgs.egg-info/top_level.txt
[2.410s] reading manifest file 'bumperbot_msgs.egg-info/SOURCES.txt'
[2.411s] writing manifest file 'bumperbot_msgs.egg-info/SOURCES.txt'
[2.570s] [ 30%] Built target ament_cmake_python_build_bumperbot_msgs_egg
[2.771s] [ 41%] Built target bumperbot_msgs__rosidl_typesupport_fastrtps_c
[2.897s] [ 43%] Built target bumperbot_msgs__cpp
[3.061s] [ 53%] Built target bumperbot_msgs__rosidl_typesupport_fastrtps_cpp
[3.267s] [ 64%] Built target bumperbot_msgs__rosidl_typesupport_cpp
[3.478s] [ 74%] Built target bumperbot_msgs__rosidl_typesupport_introspection_cpp
[3.621s] [ 74%] Built target bumperbot_msgs
[3.809s] [ 76%] Built target bumperbot_msgs__py
[3.963s] [ 84%] Built target bumperbot_msgs__rosidl_generator_py
[4.082s] [ 89%] Built target bumperbot_msgs__rosidl_typesupport_fastrtps_c__pyext
[4.233s] [ 94%] Built target bumperbot_msgs__rosidl_typesupport_c__pyext
[4.344s] [100%] Built target bumperbot_msgs__rosidl_typesupport_introspection_c__pyext
[4.452s] Invoked command in '/home/ductrung/bumperbot_ws/build/bumperbot_msgs' returned '0': CMAKE_PREFIX_PATH=${CMAKE_PREFIX_PATH}:/home/ductrung/bumperbot_ws/install/bumperbot_py_examples:/opt/ros/humble /usr/bin/cmake --build /home/ductrung/bumperbot_ws/build/bumperbot_msgs -- -j4 -l4
[5.767s] Invoking command in '/home/ductrung/bumperbot_ws/build/bumperbot_msgs': CMAKE_PREFIX_PATH=${CMAKE_PREFIX_PATH}:/home/ductrung/bumperbot_ws/install/bumperbot_py_examples:/opt/ros/humble /usr/bin/cmake --install /home/ductrung/bumperbot_ws/build/bumperbot_msgs
[5.787s] -- Install configuration: ""
[5.788s] -- Up-to-date: /home/ductrung/bumperbot_ws/install/bumperbot_msgs/share/ament_index/resource_index/rosidl_interfaces/bumperbot_msgs
[5.788s] -- Up-to-date: /home/ductrung/bumperbot_ws/install/bumperbot_msgs/include/bumperbot_msgs/bumperbot_msgs
[5.788s] -- Up-to-date: /home/ductrung/bumperbot_ws/install/bumperbot_msgs/include/bumperbot_msgs/bumperbot_msgs/msg
[5.788s] -- Up-to-date: /home/ductrung/bumperbot_ws/install/bumperbot_msgs/include/bumperbot_msgs/bumperbot_msgs/msg/rosidl_generator_c__visibility_control.h
[5.788s] -- Up-to-date: /home/ductrung/bumperbot_ws/install/bumperbot_msgs/include/bumperbot_msgs/bumperbot_msgs/srv
[5.788s] -- Up-to-date: /home/ductrung/bumperbot_ws/install/bumperbot_msgs/include/bumperbot_msgs/bumperbot_msgs/srv/get_transform.h
[5.788s] -- Up-to-date: /home/ductrung/bumperbot_ws/install/bumperbot_msgs/include/bumperbot_msgs/bumperbot_msgs/srv/detail
[5.788s] -- Up-to-date: /home/ductrung/bumperbot_ws/install/bumperbot_msgs/include/bumperbot_msgs/bumperbot_msgs/srv/detail/get_transform__struct.h
[5.788s] -- Up-to-date: /home/ductrung/bumperbot_ws/install/bumperbot_msgs/include/bumperbot_msgs/bumperbot_msgs/srv/detail/add_two_ints__struct.h
[5.788s] -- Up-to-date: /home/ductrung/bumperbot_ws/install/bumperbot_msgs/include/bumperbot_msgs/bumperbot_msgs/srv/detail/get_transform__functions.c
[5.788s] -- Up-to-date: /home/ductrung/bumperbot_ws/install/bumperbot_msgs/include/bumperbot_msgs/bumperbot_msgs/srv/detail/add_two_ints__functions.h
[5.800s] -- Up-to-date: /home/ductrung/bumperbot_ws/install/bumperbot_msgs/include/bumperbot_msgs/bumperbot_msgs/srv/detail/add_two_ints__type_support.h
[5.800s] -- Up-to-date: /home/ductrung/bumperbot_ws/install/bumperbot_msgs/include/bumperbot_msgs/bumperbot_msgs/srv/detail/get_transform__type_support.h
[5.800s] -- Up-to-date: /home/ductrung/bumperbot_ws/install/bumperbot_msgs/include/bumperbot_msgs/bumperbot_msgs/srv/detail/get_transform__functions.h
[5.800s] -- Up-to-date: /home/ductrung/bumperbot_ws/install/bumperbot_msgs/include/bumperbot_msgs/bumperbot_msgs/srv/detail/add_two_ints__functions.c
[5.802s] -- Up-to-date: /home/ductrung/bumperbot_ws/install/bumperbot_msgs/include/bumperbot_msgs/bumperbot_msgs/srv/add_two_ints.h
[5.802s] -- Up-to-date: /home/ductrung/bumperbot_ws/install/bumperbot_msgs/share/bumperbot_msgs/environment/library_path.sh
[5.802s] -- Up-to-date: /home/ductrung/bumperbot_ws/install/bumperbot_msgs/share/bumperbot_msgs/environment/library_path.dsv
[5.802s] -- Up-to-date: /home/ductrung/bumperbot_ws/install/bumperbot_msgs/lib/libbumperbot_msgs__rosidl_generator_c.so
[5.802s] -- Up-to-date: /home/ductrung/bumperbot_ws/install/bumperbot_msgs/include/bumperbot_msgs/bumperbot_msgs
[5.802s] -- Up-to-date: /home/ductrung/bumperbot_ws/install/bumperbot_msgs/include/bumperbot_msgs/bumperbot_msgs/msg
[5.815s] -- Up-to-date: /home/ductrung/bumperbot_ws/install/bumperbot_msgs/include/bumperbot_msgs/bumperbot_msgs/msg/rosidl_typesupport_fastrtps_c__visibility_control.h
[5.815s] -- Up-to-date: /home/ductrung/bumperbot_ws/install/bumperbot_msgs/include/bumperbot_msgs/bumperbot_msgs/srv
[5.815s] -- Up-to-date: /home/ductrung/bumperbot_ws/install/bumperbot_msgs/include/bumperbot_msgs/bumperbot_msgs/srv/detail
[5.815s] -- Up-to-date: /home/ductrung/bumperbot_ws/install/bumperbot_msgs/include/bumperbot_msgs/bumperbot_msgs/srv/detail/add_two_ints__rosidl_typesupport_fastrtps_c.h
[5.815s] -- Up-to-date: /home/ductrung/bumperbot_ws/install/bumperbot_msgs/include/bumperbot_msgs/bumperbot_msgs/srv/detail/get_transform__rosidl_typesupport_fastrtps_c.h
[5.815s] -- Up-to-date: /home/ductrung/bumperbot_ws/install/bumperbot_msgs/lib/libbumperbot_msgs__rosidl_typesupport_fastrtps_c.so
[5.815s] -- Up-to-date: /home/ductrung/bumperbot_ws/install/bumperbot_msgs/include/bumperbot_msgs/bumperbot_msgs
[5.815s] -- Up-to-date: /home/ductrung/bumperbot_ws/install/bumperbot_msgs/include/bumperbot_msgs/bumperbot_msgs/srv
[5.815s] -- Up-to-date: /home/ductrung/bumperbot_ws/install/bumperbot_msgs/include/bumperbot_msgs/bumperbot_msgs/srv/add_two_ints.hpp
[5.815s] -- Up-to-date: /home/ductrung/bumperbot_ws/install/bumperbot_msgs/include/bumperbot_msgs/bumperbot_msgs/srv/get_transform.hpp
[5.815s] -- Up-to-date: /home/ductrung/bumperbot_ws/install/bumperbot_msgs/include/bumperbot_msgs/bumperbot_msgs/srv/detail
[5.815s] -- Up-to-date: /home/ductrung/bumperbot_ws/install/bumperbot_msgs/include/bumperbot_msgs/bumperbot_msgs/srv/detail/add_two_ints__builder.hpp
[5.815s] -- Up-to-date: /home/ductrung/bumperbot_ws/install/bumperbot_msgs/include/bumperbot_msgs/bumperbot_msgs/srv/detail/add_two_ints__traits.hpp
[5.816s] -- Up-to-date: /home/ductrung/bumperbot_ws/install/bumperbot_msgs/include/bumperbot_msgs/bumperbot_msgs/srv/detail/get_transform__struct.hpp
[5.816s] -- Up-to-date: /home/ductrung/bumperbot_ws/install/bumperbot_msgs/include/bumperbot_msgs/bumperbot_msgs/srv/detail/add_two_ints__struct.hpp
[5.816s] -- Up-to-date: /home/ductrung/bumperbot_ws/install/bumperbot_msgs/include/bumperbot_msgs/bumperbot_msgs/srv/detail/get_transform__traits.hpp
[5.816s] -- Up-to-date: /home/ductrung/bumperbot_ws/install/bumperbot_msgs/include/bumperbot_msgs/bumperbot_msgs/srv/detail/get_transform__builder.hpp
[5.816s] -- Up-to-date: /home/ductrung/bumperbot_ws/install/bumperbot_msgs/include/bumperbot_msgs/bumperbot_msgs
[5.816s] -- Up-to-date: /home/ductrung/bumperbot_ws/install/bumperbot_msgs/include/bumperbot_msgs/bumperbot_msgs/msg
[5.816s] -- Up-to-date: /home/ductrung/bumperbot_ws/install/bumperbot_msgs/include/bumperbot_msgs/bumperbot_msgs/msg/rosidl_typesupport_fastrtps_cpp__visibility_control.h
[5.816s] -- Up-to-date: /home/ductrung/bumperbot_ws/install/bumperbot_msgs/include/bumperbot_msgs/bumperbot_msgs/srv
[5.816s] -- Up-to-date: /home/ductrung/bumperbot_ws/install/bumperbot_msgs/include/bumperbot_msgs/bumperbot_msgs/srv/detail
[5.816s] -- Up-to-date: /home/ductrung/bumperbot_ws/install/bumperbot_msgs/include/bumperbot_msgs/bumperbot_msgs/srv/detail/dds_fastrtps
[5.816s] -- Up-to-date: /home/ductrung/bumperbot_ws/install/bumperbot_msgs/include/bumperbot_msgs/bumperbot_msgs/srv/detail/get_transform__rosidl_typesupport_fastrtps_cpp.hpp
[5.816s] -- Up-to-date: /home/ductrung/bumperbot_ws/install/bumperbot_msgs/include/bumperbot_msgs/bumperbot_msgs/srv/detail/add_two_ints__rosidl_typesupport_fastrtps_cpp.hpp
[5.816s] -- Up-to-date: /home/ductrung/bumperbot_ws/install/bumperbot_msgs/lib/libbumperbot_msgs__rosidl_typesupport_fastrtps_cpp.so
[5.816s] -- Up-to-date: /home/ductrung/bumperbot_ws/install/bumperbot_msgs/include/bumperbot_msgs/bumperbot_msgs
[5.816s] -- Up-to-date: /home/ductrung/bumperbot_ws/install/bumperbot_msgs/include/bumperbot_msgs/bumperbot_msgs/msg
[5.816s] -- Up-to-date: /home/ductrung/bumperbot_ws/install/bumperbot_msgs/include/bumperbot_msgs/bumperbot_msgs/msg/rosidl_typesupport_introspection_c__visibility_control.h
[5.816s] -- Up-to-date: /home/ductrung/bumperbot_ws/install/bumperbot_msgs/include/bumperbot_msgs/bumperbot_msgs/srv
[5.816s] -- Up-to-date: /home/ductrung/bumperbot_ws/install/bumperbot_msgs/include/bumperbot_msgs/bumperbot_msgs/srv/detail
[5.816s] -- Up-to-date: /home/ductrung/bumperbot_ws/install/bumperbot_msgs/include/bumperbot_msgs/bumperbot_msgs/srv/detail/get_transform__type_support.c
[5.816s] -- Up-to-date: /home/ductrung/bumperbot_ws/install/bumperbot_msgs/include/bumperbot_msgs/bumperbot_msgs/srv/detail/get_transform__rosidl_typesupport_introspection_c.h
[5.816s] -- Up-to-date: /home/ductrung/bumperbot_ws/install/bumperbot_msgs/include/bumperbot_msgs/bumperbot_msgs/srv/detail/add_two_ints__type_support.c
[5.816s] -- Up-to-date: /home/ductrung/bumperbot_ws/install/bumperbot_msgs/include/bumperbot_msgs/bumperbot_msgs/srv/detail/add_two_ints__rosidl_typesupport_introspection_c.h
[5.816s] -- Up-to-date: /home/ductrung/bumperbot_ws/install/bumperbot_msgs/lib/libbumperbot_msgs__rosidl_typesupport_introspection_c.so
[5.816s] -- Up-to-date: /home/ductrung/bumperbot_ws/install/bumperbot_msgs/lib/libbumperbot_msgs__rosidl_typesupport_c.so
[5.816s] -- Up-to-date: /home/ductrung/bumperbot_ws/install/bumperbot_msgs/include/bumperbot_msgs/bumperbot_msgs
[5.816s] -- Up-to-date: /home/ductrung/bumperbot_ws/install/bumperbot_msgs/include/bumperbot_msgs/bumperbot_msgs/srv
[5.816s] -- Up-to-date: /home/ductrung/bumperbot_ws/install/bumperbot_msgs/include/bumperbot_msgs/bumperbot_msgs/srv/detail
[5.816s] -- Up-to-date: /home/ductrung/bumperbot_ws/install/bumperbot_msgs/include/bumperbot_msgs/bumperbot_msgs/srv/detail/get_transform__type_support.cpp
[5.817s] -- Up-to-date: /home/ductrung/bumperbot_ws/install/bumperbot_msgs/include/bumperbot_msgs/bumperbot_msgs/srv/detail/get_transform__rosidl_typesupport_introspection_cpp.hpp
[5.817s] -- Up-to-date: /home/ductrung/bumperbot_ws/install/bumperbot_msgs/include/bumperbot_msgs/bumperbot_msgs/srv/detail/add_two_ints__type_support.cpp
[5.817s] -- Up-to-date: /home/ductrung/bumperbot_ws/install/bumperbot_msgs/include/bumperbot_msgs/bumperbot_msgs/srv/detail/add_two_ints__rosidl_typesupport_introspection_cpp.hpp
[5.817s] -- Up-to-date: /home/ductrung/bumperbot_ws/install/bumperbot_msgs/lib/libbumperbot_msgs__rosidl_typesupport_introspection_cpp.so
[5.817s] -- Up-to-date: /home/ductrung/bumperbot_ws/install/bumperbot_msgs/lib/libbumperbot_msgs__rosidl_typesupport_cpp.so
[5.817s] -- Up-to-date: /home/ductrung/bumperbot_ws/install/bumperbot_msgs/share/bumperbot_msgs/environment/pythonpath.sh
[5.817s] -- Up-to-date: /home/ductrung/bumperbot_ws/install/bumperbot_msgs/share/bumperbot_msgs/environment/pythonpath.dsv
[5.817s] -- Up-to-date: /home/ductrung/bumperbot_ws/install/bumperbot_msgs/local/lib/python3.10/dist-packages/bumperbot_msgs-0.0.0-py3.10.egg-info
[5.817s] -- Installing: /home/ductrung/bumperbot_ws/install/bumperbot_msgs/local/lib/python3.10/dist-packages/bumperbot_msgs-0.0.0-py3.10.egg-info/dependency_links.txt
[5.817s] -- Installing: /home/ductrung/bumperbot_ws/install/bumperbot_msgs/local/lib/python3.10/dist-packages/bumperbot_msgs-0.0.0-py3.10.egg-info/top_level.txt
[5.817s] -- Installing: /home/ductrung/bumperbot_ws/install/bumperbot_msgs/local/lib/python3.10/dist-packages/bumperbot_msgs-0.0.0-py3.10.egg-info/SOURCES.txt
[5.817s] -- Installing: /home/ductrung/bumperbot_ws/install/bumperbot_msgs/local/lib/python3.10/dist-packages/bumperbot_msgs-0.0.0-py3.10.egg-info/PKG-INFO
[5.817s] -- Up-to-date: /home/ductrung/bumperbot_ws/install/bumperbot_msgs/local/lib/python3.10/dist-packages/bumperbot_msgs
[5.817s] -- Up-to-date: /home/ductrung/bumperbot_ws/install/bumperbot_msgs/local/lib/python3.10/dist-packages/bumperbot_msgs/_bumperbot_msgs_s.ep.rosidl_typesupport_fastrtps_c.c
[5.817s] -- Up-to-date: /home/ductrung/bumperbot_ws/install/bumperbot_msgs/local/lib/python3.10/dist-packages/bumperbot_msgs/libbumperbot_msgs__rosidl_generator_py.so
[5.817s] -- Up-to-date: /home/ductrung/bumperbot_ws/install/bumperbot_msgs/local/lib/python3.10/dist-packages/bumperbot_msgs/bumperbot_msgs_s__rosidl_typesupport_introspection_c.cpython-310-x86_64-linux-gnu.so
[5.817s] -- Up-to-date: /home/ductrung/bumperbot_ws/install/bumperbot_msgs/local/lib/python3.10/dist-packages/bumperbot_msgs/_bumperbot_msgs_s.ep.rosidl_typesupport_introspection_c.c
[5.817s] -- Up-to-date: /home/ductrung/bumperbot_ws/install/bumperbot_msgs/local/lib/python3.10/dist-packages/bumperbot_msgs/_bumperbot_msgs_s.ep.rosidl_typesupport_c.c
[5.817s] -- Up-to-date: /home/ductrung/bumperbot_ws/install/bumperbot_msgs/local/lib/python3.10/dist-packages/bumperbot_msgs/srv
[5.817s] -- Up-to-date: /home/ductrung/bumperbot_ws/install/bumperbot_msgs/local/lib/python3.10/dist-packages/bumperbot_msgs/srv/_add_two_ints.py
[5.817s] -- Up-to-date: /home/ductrung/bumperbot_ws/install/bumperbot_msgs/local/lib/python3.10/dist-packages/bumperbot_msgs/srv/_add_two_ints_s.c
[5.817s] -- Up-to-date: /home/ductrung/bumperbot_ws/install/bumperbot_msgs/local/lib/python3.10/dist-packages/bumperbot_msgs/srv/_get_transform_s.c
[5.817s] -- Up-to-date: /home/ductrung/bumperbot_ws/install/bumperbot_msgs/local/lib/python3.10/dist-packages/bumperbot_msgs/srv/__init__.py
[5.817s] -- Up-to-date: /home/ductrung/bumperbot_ws/install/bumperbot_msgs/local/lib/python3.10/dist-packages/bumperbot_msgs/srv/_get_transform.py
[5.817s] -- Up-to-date: /home/ductrung/bumperbot_ws/install/bumperbot_msgs/local/lib/python3.10/dist-packages/bumperbot_msgs/__init__.py
[5.817s] -- Up-to-date: /home/ductrung/bumperbot_ws/install/bumperbot_msgs/local/lib/python3.10/dist-packages/bumperbot_msgs/bumperbot_msgs_s__rosidl_typesupport_c.cpython-310-x86_64-linux-gnu.so
[5.817s] -- Up-to-date: /home/ductrung/bumperbot_ws/install/bumperbot_msgs/local/lib/python3.10/dist-packages/bumperbot_msgs/bumperbot_msgs_s__rosidl_typesupport_fastrtps_c.cpython-310-x86_64-linux-gnu.so
[5.892s] Listing '/home/ductrung/bumperbot_ws/install/bumperbot_msgs/local/lib/python3.10/dist-packages/bumperbot_msgs'...
[5.892s] Listing '/home/ductrung/bumperbot_ws/install/bumperbot_msgs/local/lib/python3.10/dist-packages/bumperbot_msgs/srv'...
[5.895s] -- Up-to-date: /home/ductrung/bumperbot_ws/install/bumperbot_msgs/local/lib/python3.10/dist-packages/bumperbot_msgs/bumperbot_msgs_s__rosidl_typesupport_fastrtps_c.cpython-310-x86_64-linux-gnu.so
[5.895s] -- Up-to-date: /home/ductrung/bumperbot_ws/install/bumperbot_msgs/local/lib/python3.10/dist-packages/bumperbot_msgs/bumperbot_msgs_s__rosidl_typesupport_introspection_c.cpython-310-x86_64-linux-gnu.so
[5.896s] -- Up-to-date: /home/ductrung/bumperbot_ws/install/bumperbot_msgs/local/lib/python3.10/dist-packages/bumperbot_msgs/bumperbot_msgs_s__rosidl_typesupport_c.cpython-310-x86_64-linux-gnu.so
[5.897s] -- Up-to-date: /home/ductrung/bumperbot_ws/install/bumperbot_msgs/lib/libbumperbot_msgs__rosidl_generator_py.so
[5.897s] -- Up-to-date: /home/ductrung/bumperbot_ws/install/bumperbot_msgs/share/bumperbot_msgs/srv/AddTwoInts.idl
[5.897s] -- Up-to-date: /home/ductrung/bumperbot_ws/install/bumperbot_msgs/share/bumperbot_msgs/srv/GetTransform.idl
[5.897s] -- Up-to-date: /home/ductrung/bumperbot_ws/install/bumperbot_msgs/share/bumperbot_msgs/srv/AddTwoInts.srv
[5.898s] -- Up-to-date: /home/ductrung/bumperbot_ws/install/bumperbot_msgs/share/bumperbot_msgs/srv/AddTwoInts_Request.msg
[5.898s] -- Up-to-date: /home/ductrung/bumperbot_ws/install/bumperbot_msgs/share/bumperbot_msgs/srv/AddTwoInts_Response.msg
[5.898s] -- Up-to-date: /home/ductrung/bumperbot_ws/install/bumperbot_msgs/share/bumperbot_msgs/srv/GetTransform.srv
[5.900s] -- Up-to-date: /home/ductrung/bumperbot_ws/install/bumperbot_msgs/share/bumperbot_msgs/srv/GetTransform_Request.msg
[5.900s] -- Up-to-date: /home/ductrung/bumperbot_ws/install/bumperbot_msgs/share/bumperbot_msgs/srv/GetTransform_Response.msg
[5.900s] -- Up-to-date: /home/ductrung/bumperbot_ws/install/bumperbot_msgs/share/ament_index/resource_index/package_run_dependencies/bumperbot_msgs
[5.902s] -- Up-to-date: /home/ductrung/bumperbot_ws/install/bumperbot_msgs/share/ament_index/resource_index/parent_prefix_path/bumperbot_msgs
[5.902s] -- Up-to-date: /home/ductrung/bumperbot_ws/install/bumperbot_msgs/share/bumperbot_msgs/environment/ament_prefix_path.sh
[5.902s] -- Up-to-date: /home/ductrung/bumperbot_ws/install/bumperbot_msgs/share/bumperbot_msgs/environment/ament_prefix_path.dsv
[5.902s] -- Up-to-date: /home/ductrung/bumperbot_ws/install/bumperbot_msgs/share/bumperbot_msgs/environment/path.sh
[5.902s] -- Up-to-date: /home/ductrung/bumperbot_ws/install/bumperbot_msgs/share/bumperbot_msgs/environment/path.dsv
[5.902s] -- Up-to-date: /home/ductrung/bumperbot_ws/install/bumperbot_msgs/share/bumperbot_msgs/local_setup.bash
[5.902s] -- Up-to-date: /home/ductrung/bumperbot_ws/install/bumperbot_msgs/share/bumperbot_msgs/local_setup.sh
[5.902s] -- Up-to-date: /home/ductrung/bumperbot_ws/install/bumperbot_msgs/share/bumperbot_msgs/local_setup.zsh
[5.902s] -- Up-to-date: /home/ductrung/bumperbot_ws/install/bumperbot_msgs/share/bumperbot_msgs/local_setup.dsv
[5.902s] -- Installing: /home/ductrung/bumperbot_ws/install/bumperbot_msgs/share/bumperbot_msgs/package.dsv
[5.902s] -- Up-to-date: /home/ductrung/bumperbot_ws/install/bumperbot_msgs/share/ament_index/resource_index/packages/bumperbot_msgs
[5.912s] -- Up-to-date: /home/ductrung/bumperbot_ws/install/bumperbot_msgs/share/bumperbot_msgs/cmake/export_bumperbot_msgs__rosidl_generator_cExport.cmake
[5.912s] -- Up-to-date: /home/ductrung/bumperbot_ws/install/bumperbot_msgs/share/bumperbot_msgs/cmake/export_bumperbot_msgs__rosidl_generator_cExport-noconfig.cmake
[5.912s] -- Up-to-date: /home/ductrung/bumperbot_ws/install/bumperbot_msgs/share/bumperbot_msgs/cmake/export_bumperbot_msgs__rosidl_typesupport_fastrtps_cExport.cmake
[5.912s] -- Up-to-date: /home/ductrung/bumperbot_ws/install/bumperbot_msgs/share/bumperbot_msgs/cmake/export_bumperbot_msgs__rosidl_typesupport_fastrtps_cExport-noconfig.cmake
[5.912s] -- Up-to-date: /home/ductrung/bumperbot_ws/install/bumperbot_msgs/share/bumperbot_msgs/cmake/export_bumperbot_msgs__rosidl_generator_cppExport.cmake
[5.912s] -- Up-to-date: /home/ductrung/bumperbot_ws/install/bumperbot_msgs/share/bumperbot_msgs/cmake/export_bumperbot_msgs__rosidl_typesupport_fastrtps_cppExport.cmake
[5.912s] -- Up-to-date: /home/ductrung/bumperbot_ws/install/bumperbot_msgs/share/bumperbot_msgs/cmake/export_bumperbot_msgs__rosidl_typesupport_fastrtps_cppExport-noconfig.cmake
[5.915s] -- Up-to-date: /home/ductrung/bumperbot_ws/install/bumperbot_msgs/share/bumperbot_msgs/cmake/bumperbot_msgs__rosidl_typesupport_introspection_cExport.cmake
[5.915s] -- Up-to-date: /home/ductrung/bumperbot_ws/install/bumperbot_msgs/share/bumperbot_msgs/cmake/bumperbot_msgs__rosidl_typesupport_introspection_cExport-noconfig.cmake
[5.915s] -- Up-to-date: /home/ductrung/bumperbot_ws/install/bumperbot_msgs/share/bumperbot_msgs/cmake/bumperbot_msgs__rosidl_typesupport_cExport.cmake
[5.916s] -- Up-to-date: /home/ductrung/bumperbot_ws/install/bumperbot_msgs/share/bumperbot_msgs/cmake/bumperbot_msgs__rosidl_typesupport_cExport-noconfig.cmake
[5.916s] -- Up-to-date: /home/ductrung/bumperbot_ws/install/bumperbot_msgs/share/bumperbot_msgs/cmake/bumperbot_msgs__rosidl_typesupport_introspection_cppExport.cmake
[5.916s] -- Up-to-date: /home/ductrung/bumperbot_ws/install/bumperbot_msgs/share/bumperbot_msgs/cmake/bumperbot_msgs__rosidl_typesupport_introspection_cppExport-noconfig.cmake
[5.934s] -- Up-to-date: /home/ductrung/bumperbot_ws/install/bumperbot_msgs/share/bumperbot_msgs/cmake/bumperbot_msgs__rosidl_typesupport_cppExport.cmake
[5.934s] -- Up-to-date: /home/ductrung/bumperbot_ws/install/bumperbot_msgs/share/bumperbot_msgs/cmake/bumperbot_msgs__rosidl_typesupport_cppExport-noconfig.cmake
[5.934s] -- Up-to-date: /home/ductrung/bumperbot_ws/install/bumperbot_msgs/share/bumperbot_msgs/cmake/export_bumperbot_msgs__rosidl_generator_pyExport.cmake
[5.934s] -- Up-to-date: /home/ductrung/bumperbot_ws/install/bumperbot_msgs/share/bumperbot_msgs/cmake/export_bumperbot_msgs__rosidl_generator_pyExport-noconfig.cmake
[5.934s] -- Up-to-date: /home/ductrung/bumperbot_ws/install/bumperbot_msgs/share/bumperbot_msgs/cmake/rosidl_cmake-extras.cmake
[5.934s] -- Up-to-date: /home/ductrung/bumperbot_ws/install/bumperbot_msgs/share/bumperbot_msgs/cmake/ament_cmake_export_dependencies-extras.cmake
[5.938s] -- Up-to-date: /home/ductrung/bumperbot_ws/install/bumperbot_msgs/share/bumperbot_msgs/cmake/ament_cmake_export_include_directories-extras.cmake
[5.938s] -- Up-to-date: /home/ductrung/bumperbot_ws/install/bumperbot_msgs/share/bumperbot_msgs/cmake/ament_cmake_export_libraries-extras.cmake
[5.938s] -- Up-to-date: /home/ductrung/bumperbot_ws/install/bumperbot_msgs/share/bumperbot_msgs/cmake/ament_cmake_export_targets-extras.cmake
[5.938s] -- Up-to-date: /home/ductrung/bumperbot_ws/install/bumperbot_msgs/share/bumperbot_msgs/cmake/rosidl_cmake_export_typesupport_targets-extras.cmake
[5.939s] -- Up-to-date: /home/ductrung/bumperbot_ws/install/bumperbot_msgs/share/bumperbot_msgs/cmake/rosidl_cmake_export_typesupport_libraries-extras.cmake
[5.939s] -- Up-to-date: /home/ductrung/bumperbot_ws/install/bumperbot_msgs/share/bumperbot_msgs/cmake/bumperbot_msgsConfig.cmake
[5.939s] -- Up-to-date: /home/ductrung/bumperbot_ws/install/bumperbot_msgs/share/bumperbot_msgs/cmake/bumperbot_msgsConfig-version.cmake
[5.939s] -- Up-to-date: /home/ductrung/bumperbot_ws/install/bumperbot_msgs/share/bumperbot_msgs/package.xml
[6.026s] Invoked command in '/home/ductrung/bumperbot_ws/build/bumperbot_msgs' returned '0': CMAKE_PREFIX_PATH=${CMAKE_PREFIX_PATH}:/home/ductrung/bumperbot_ws/install/bumperbot_py_examples:/opt/ros/humble /usr/bin/cmake --install /home/ductrung/bumperbot_ws/build/bumperbot_msgs
