[0.019s] Invoking command in '/home/ductrung/bumperbot_ws/build/bumperbot_navigation': CMAKE_PREFIX_PATH=${CMAKE_PREFIX_PATH}:/opt/ros/humble /usr/bin/cmake /home/ductrung/bumperbot_ws/src/bumperbot_navigation -DCMAKE_INSTALL_PREFIX=/home/ductrung/bumperbot_ws/install/bumperbot_navigation
[0.425s] -- The C compiler identification is GNU 11.4.0
[0.891s] -- The CXX compiler identification is GNU 11.4.0
[0.948s] -- Detecting C compiler ABI info
[1.098s] -- Detecting C compiler ABI info - done
[1.104s] -- Check for working C compiler: /usr/bin/cc - skipped
[1.113s] -- Detecting C compile features
[1.122s] -- Detecting C compile features - done
[1.161s] -- Detecting CXX compiler ABI info
[1.422s] -- Detecting CXX compiler ABI info - done
[1.453s] -- Check for working CXX compiler: /usr/bin/c++ - skipped
[1.464s] -- Detecting CXX compile features
[1.464s] -- Detecting CXX compile features - done
[1.464s] -- Found ament_cmake: 1.3.10 (/opt/ros/humble/share/ament_cmake/cmake)
[1.848s] -- Found Python3: /usr/bin/python3 (found version "3.10.12") found components: Interpreter 
[2.018s] -- Found ament_lint_auto: 0.12.11 (/opt/ros/humble/share/ament_lint_auto/cmake)
[2.342s] -- Added test 'flake8' to check Python code syntax and style conventions
[2.351s] -- Added test 'lint_cmake' to check CMake code style
[2.351s] -- Added test 'pep257' to check Python code against some of the docstring style conventions in PEP 257
[2.358s] -- Added test 'xmllint' to check XML markup files
[2.391s] -- Configuring done
[2.391s] -- Generating done
[2.410s] -- Build files have been written to: /home/ductrung/bumperbot_ws/build/bumperbot_navigation
[2.436s] Invoked command in '/home/ductrung/bumperbot_ws/build/bumperbot_navigation' returned '0': CMAKE_PREFIX_PATH=${CMAKE_PREFIX_PATH}:/opt/ros/humble /usr/bin/cmake /home/ductrung/bumperbot_ws/src/bumperbot_navigation -DCMAKE_INSTALL_PREFIX=/home/ductrung/bumperbot_ws/install/bumperbot_navigation
[2.437s] Invoking command in '/home/ductrung/bumperbot_ws/build/bumperbot_navigation': CMAKE_PREFIX_PATH=${CMAKE_PREFIX_PATH}:/opt/ros/humble /usr/bin/cmake --build /home/ductrung/bumperbot_ws/build/bumperbot_navigation -- -j4 -l4
[2.864s] Invoked command in '/home/ductrung/bumperbot_ws/build/bumperbot_navigation' returned '0': CMAKE_PREFIX_PATH=${CMAKE_PREFIX_PATH}:/opt/ros/humble /usr/bin/cmake --build /home/ductrung/bumperbot_ws/build/bumperbot_navigation -- -j4 -l4
[3.416s] Invoking command in '/home/ductrung/bumperbot_ws/build/bumperbot_navigation': CMAKE_PREFIX_PATH=${CMAKE_PREFIX_PATH}:/opt/ros/humble /usr/bin/cmake --install /home/ductrung/bumperbot_ws/build/bumperbot_navigation
