[0.020s] Invoking command in '/home/ductrung/bumperbot_ws/build/bumperbot_mapping': CMAKE_PREFIX_PATH=${CMAKE_PREFIX_PATH}:/opt/ros/humble /usr/bin/cmake --build /home/ductrung/bumperbot_ws/build/bumperbot_mapping -- -j4 -l4
[0.439s] Built target ament_cmake_python_copy_bumperbot_mapping
[1.173s] running egg_info
[1.176s] writing bumperbot_mapping.egg-info/PKG-INFO
[1.202s] writing dependency_links to bumperbot_mapping.egg-info/dependency_links.txt
[1.202s] writing top-level names to bumperbot_mapping.egg-info/top_level.txt
[1.207s] reading manifest file 'bumperbot_mapping.egg-info/SOURCES.txt'
[1.207s] writing manifest file 'bumperbot_mapping.egg-info/SOURCES.txt'
[1.336s] Built target ament_cmake_python_build_bumperbot_mapping_egg
[1.353s] Invoked command in '/home/ductrung/bumperbot_ws/build/bumperbot_mapping' returned '0': CMAKE_PREFIX_PATH=${CMAKE_PREFIX_PATH}:/opt/ros/humble /usr/bin/cmake --build /home/ductrung/bumperbot_ws/build/bumperbot_mapping -- -j4 -l4
[1.620s] Invoking command in '/home/ductrung/bumperbot_ws/build/bumperbot_mapping': CMAKE_PREFIX_PATH=${CMAKE_PREFIX_PATH}:/opt/ros/humble /usr/bin/cmake --install /home/ductrung/bumperbot_ws/build/bumperbot_mapping
[1.752s] -- Install configuration: ""
[1.752s] -- Up-to-date: /home/ductrung/bumperbot_ws/install/bumperbot_mapping/share/bumperbot_mapping/environment/pythonpath.sh
[1.752s] -- Up-to-date: /home/ductrung/bumperbot_ws/install/bumperbot_mapping/share/bumperbot_mapping/environment/pythonpath.dsv
[1.752s] -- Up-to-date: /home/ductrung/bumperbot_ws/install/bumperbot_mapping/local/lib/python3.10/dist-packages/bumperbot_mapping-0.0.0-py3.10.egg-info
[1.752s] -- Installing: /home/ductrung/bumperbot_ws/install/bumperbot_mapping/local/lib/python3.10/dist-packages/bumperbot_mapping-0.0.0-py3.10.egg-info/dependency_links.txt
[1.752s] -- Installing: /home/ductrung/bumperbot_ws/install/bumperbot_mapping/local/lib/python3.10/dist-packages/bumperbot_mapping-0.0.0-py3.10.egg-info/top_level.txt
[1.753s] -- Installing: /home/ductrung/bumperbot_ws/install/bumperbot_mapping/local/lib/python3.10/dist-packages/bumperbot_mapping-0.0.0-py3.10.egg-info/SOURCES.txt
[1.753s] -- Installing: /home/ductrung/bumperbot_ws/install/bumperbot_mapping/local/lib/python3.10/dist-packages/bumperbot_mapping-0.0.0-py3.10.egg-info/PKG-INFO
[1.753s] -- Up-to-date: /home/ductrung/bumperbot_ws/install/bumperbot_mapping/local/lib/python3.10/dist-packages/bumperbot_mapping
[1.753s] -- Up-to-date: /home/ductrung/bumperbot_ws/install/bumperbot_mapping/local/lib/python3.10/dist-packages/bumperbot_mapping/__init__.py
[1.753s] -- Up-to-date: /home/ductrung/bumperbot_ws/install/bumperbot_mapping/local/lib/python3.10/dist-packages/bumperbot_mapping/mapping_with_known_poses.py
[1.755s] Listing '/home/ductrung/bumperbot_ws/install/bumperbot_mapping/local/lib/python3.10/dist-packages/bumperbot_mapping'...
[1.762s] -- Up-to-date: /home/ductrung/bumperbot_ws/install/bumperbot_mapping/share/bumperbot_mapping/maps
[1.763s] -- Up-to-date: /home/ductrung/bumperbot_ws/install/bumperbot_mapping/share/bumperbot_mapping/maps/small_house
[1.763s] -- Up-to-date: /home/ductrung/bumperbot_ws/install/bumperbot_mapping/share/bumperbot_mapping/maps/small_house/map.pgm
[1.763s] -- Up-to-date: /home/ductrung/bumperbot_ws/install/bumperbot_mapping/share/bumperbot_mapping/maps/small_house/map.yaml
[1.763s] -- Up-to-date: /home/ductrung/bumperbot_ws/install/bumperbot_mapping/share/bumperbot_mapping/launch
[1.766s] -- Up-to-date: /home/ductrung/bumperbot_ws/install/bumperbot_mapping/share/bumperbot_mapping/launch/slam.launch.py
[1.766s] -- Up-to-date: /home/ductrung/bumperbot_ws/install/bumperbot_mapping/share/bumperbot_mapping/config
[1.766s] -- Up-to-date: /home/ductrung/bumperbot_ws/install/bumperbot_mapping/share/bumperbot_mapping/config/slam_toolbox.yaml
[1.766s] -- Up-to-date: /home/ductrung/bumperbot_ws/install/bumperbot_mapping/lib/bumperbot_mapping/mapping_with_known_poses.py
[1.766s] -- Up-to-date: /home/ductrung/bumperbot_ws/install/bumperbot_mapping/share/ament_index/resource_index/package_run_dependencies/bumperbot_mapping
[1.766s] -- Up-to-date: /home/ductrung/bumperbot_ws/install/bumperbot_mapping/share/ament_index/resource_index/parent_prefix_path/bumperbot_mapping
[1.766s] -- Up-to-date: /home/ductrung/bumperbot_ws/install/bumperbot_mapping/share/bumperbot_mapping/environment/ament_prefix_path.sh
[1.766s] -- Up-to-date: /home/ductrung/bumperbot_ws/install/bumperbot_mapping/share/bumperbot_mapping/environment/ament_prefix_path.dsv
[1.766s] -- Up-to-date: /home/ductrung/bumperbot_ws/install/bumperbot_mapping/share/bumperbot_mapping/environment/path.sh
[1.766s] -- Up-to-date: /home/ductrung/bumperbot_ws/install/bumperbot_mapping/share/bumperbot_mapping/environment/path.dsv
[1.766s] -- Up-to-date: /home/ductrung/bumperbot_ws/install/bumperbot_mapping/share/bumperbot_mapping/local_setup.bash
[1.766s] -- Up-to-date: /home/ductrung/bumperbot_ws/install/bumperbot_mapping/share/bumperbot_mapping/local_setup.sh
[1.766s] -- Up-to-date: /home/ductrung/bumperbot_ws/install/bumperbot_mapping/share/bumperbot_mapping/local_setup.zsh
[1.767s] -- Up-to-date: /home/ductrung/bumperbot_ws/install/bumperbot_mapping/share/bumperbot_mapping/local_setup.dsv
[1.767s] -- Installing: /home/ductrung/bumperbot_ws/install/bumperbot_mapping/share/bumperbot_mapping/package.dsv
[1.767s] -- Up-to-date: /home/ductrung/bumperbot_ws/install/bumperbot_mapping/share/ament_index/resource_index/packages/bumperbot_mapping
[1.767s] -- Up-to-date: /home/ductrung/bumperbot_ws/install/bumperbot_mapping/share/bumperbot_mapping/cmake/bumperbot_mappingConfig.cmake
[1.767s] -- Up-to-date: /home/ductrung/bumperbot_ws/install/bumperbot_mapping/share/bumperbot_mapping/cmake/bumperbot_mappingConfig-version.cmake
[1.767s] -- Up-to-date: /home/ductrung/bumperbot_ws/install/bumperbot_mapping/share/bumperbot_mapping/package.xml
[1.859s] Invoked command in '/home/ductrung/bumperbot_ws/build/bumperbot_mapping' returned '0': CMAKE_PREFIX_PATH=${CMAKE_PREFIX_PATH}:/opt/ros/humble /usr/bin/cmake --install /home/ductrung/bumperbot_ws/build/bumperbot_mapping
