[0.727s] Invoking command in '/home/ductrung/bumperbot_ws/src/bumperbot_py_examples': CMAKE_PREFIX_PATH=/home/ductrung/bumperbot_ws/install/bumperbot_msgs:/home/ductrung/bumperbot_ws/install/bumperbot_cpp_examples:/home/ductrung/bumperbot_ws/install/bumperbot_localization:/home/ductrung/bumperbot_ws/install/bumperbot_bringup:/home/ductrung/bumperbot_ws/install/bumperbot_firmware:/home/ductrung/bumperbot_ws/install/bumperbot_description:/home/ductrung/bumperbot_ws/install/bumperbot_controller:/home/ductrung/ros2_ws/install/my_robot_bringup:/home/ductrung/ros2_ws/install/my_robot_description LD_LIBRARY_PATH=/home/ductrung/bumperbot_ws/install/bumperbot_msgs/lib:/home/ductrung/bumperbot_ws/install/bumperbot_firmware/lib:/usr/lib/x86_64-linux-gnu/gazebo-11/plugins:/opt/ros/humble/opt/rviz_ogre_vendor/lib:/opt/ros/humble/lib/x86_64-linux-gnu:/opt/ros/humble/lib:/usr/share/gazebo/../../lib/x86_64-linux-gnu/gazebo-11/plugins PYTHONPATH=/home/ductrung/bumperbot_ws/build/bumperbot_py_examples/prefix_override:/usr/lib/python3/dist-packages/colcon_core/task/python/colcon_distutils_commands:/home/ductrung/bumperbot_ws/install/bumperbot_py_examples/lib/python3.10/site-packages:${PYTHONPATH} /usr/bin/python3 -W ignore:setup.py install is deprecated setup.py egg_info --egg-base ../../build/bumperbot_py_examples build --build-base /home/ductrung/bumperbot_ws/build/bumperbot_py_examples/build install --record /home/ductrung/bumperbot_ws/build/bumperbot_py_examples/install.log --single-version-externally-managed install_data
[0.963s] running egg_info
[0.963s] writing ../../build/bumperbot_py_examples/bumperbot_py_examples.egg-info/PKG-INFO
[0.963s] writing dependency_links to ../../build/bumperbot_py_examples/bumperbot_py_examples.egg-info/dependency_links.txt
[0.963s] writing entry points to ../../build/bumperbot_py_examples/bumperbot_py_examples.egg-info/entry_points.txt
[0.963s] writing requirements to ../../build/bumperbot_py_examples/bumperbot_py_examples.egg-info/requires.txt
[0.963s] writing top-level names to ../../build/bumperbot_py_examples/bumperbot_py_examples.egg-info/top_level.txt
[0.970s] reading manifest file '../../build/bumperbot_py_examples/bumperbot_py_examples.egg-info/SOURCES.txt'
[0.971s] writing manifest file '../../build/bumperbot_py_examples/bumperbot_py_examples.egg-info/SOURCES.txt'
[0.971s] running build
[0.971s] running build_py
[0.972s] running install
[0.972s] running install_lib
[0.975s] running install_data
[0.975s] running install_egg_info
[0.981s] removing '/home/ductrung/bumperbot_ws/install/bumperbot_py_examples/lib/python3.10/site-packages/bumperbot_py_examples-0.0.0-py3.10.egg-info' (and everything under it)
[0.981s] Copying ../../build/bumperbot_py_examples/bumperbot_py_examples.egg-info to /home/ductrung/bumperbot_ws/install/bumperbot_py_examples/lib/python3.10/site-packages/bumperbot_py_examples-0.0.0-py3.10.egg-info
[0.981s] running install_scripts
[1.000s] Installing simple_parameter script to /home/ductrung/bumperbot_ws/install/bumperbot_py_examples/lib/bumperbot_py_examples
[1.000s] Installing simple_publisher script to /home/ductrung/bumperbot_ws/install/bumperbot_py_examples/lib/bumperbot_py_examples
[1.000s] Installing simple_service_client script to /home/ductrung/bumperbot_ws/install/bumperbot_py_examples/lib/bumperbot_py_examples
[1.000s] Installing simple_service_server script to /home/ductrung/bumperbot_ws/install/bumperbot_py_examples/lib/bumperbot_py_examples
[1.001s] Installing simple_subscriber script to /home/ductrung/bumperbot_ws/install/bumperbot_py_examples/lib/bumperbot_py_examples
[1.001s] Installing simple_tf_kinematics script to /home/ductrung/bumperbot_ws/install/bumperbot_py_examples/lib/bumperbot_py_examples
[1.002s] Installing simple_turtlesim_kinematics script to /home/ductrung/bumperbot_ws/install/bumperbot_py_examples/lib/bumperbot_py_examples
[1.002s] writing list of installed files to '/home/ductrung/bumperbot_ws/build/bumperbot_py_examples/install.log'
[1.027s] Invoked command in '/home/ductrung/bumperbot_ws/src/bumperbot_py_examples' returned '0': CMAKE_PREFIX_PATH=/home/ductrung/bumperbot_ws/install/bumperbot_msgs:/home/ductrung/bumperbot_ws/install/bumperbot_cpp_examples:/home/ductrung/bumperbot_ws/install/bumperbot_localization:/home/ductrung/bumperbot_ws/install/bumperbot_bringup:/home/ductrung/bumperbot_ws/install/bumperbot_firmware:/home/ductrung/bumperbot_ws/install/bumperbot_description:/home/ductrung/bumperbot_ws/install/bumperbot_controller:/home/ductrung/ros2_ws/install/my_robot_bringup:/home/ductrung/ros2_ws/install/my_robot_description LD_LIBRARY_PATH=/home/ductrung/bumperbot_ws/install/bumperbot_msgs/lib:/home/ductrung/bumperbot_ws/install/bumperbot_firmware/lib:/usr/lib/x86_64-linux-gnu/gazebo-11/plugins:/opt/ros/humble/opt/rviz_ogre_vendor/lib:/opt/ros/humble/lib/x86_64-linux-gnu:/opt/ros/humble/lib:/usr/share/gazebo/../../lib/x86_64-linux-gnu/gazebo-11/plugins PYTHONPATH=/home/ductrung/bumperbot_ws/build/bumperbot_py_examples/prefix_override:/usr/lib/python3/dist-packages/colcon_core/task/python/colcon_distutils_commands:/home/ductrung/bumperbot_ws/install/bumperbot_py_examples/lib/python3.10/site-packages:${PYTHONPATH} /usr/bin/python3 -W ignore:setup.py install is deprecated setup.py egg_info --egg-base ../../build/bumperbot_py_examples build --build-base /home/ductrung/bumperbot_ws/build/bumperbot_py_examples/build install --record /home/ductrung/bumperbot_ws/build/bumperbot_py_examples/install.log --single-version-externally-managed install_data
