[0.019s] Invoking command in '/home/ductrung/bumperbot_ws/build/bumperbot_localization': CMAKE_PREFIX_PATH=${CMAKE_PREFIX_PATH}:/opt/ros/humble /usr/bin/cmake --build /home/ductrung/bumperbot_ws/build/bumperbot_localization -- -j4 -l4
[0.166s] [ 50%] Built target imu_republisher
[0.171s] [ 50%] Built target ament_cmake_python_copy_bumperbot_localization
[0.172s] [100%] Built target kalman_filter
[0.561s] running egg_info
[0.561s] writing bumperbot_localization.egg-info/PKG-INFO
[0.561s] writing dependency_links to bumperbot_localization.egg-info/dependency_links.txt
[0.561s] writing top-level names to bumperbot_localization.egg-info/top_level.txt
[0.561s] reading manifest file 'bumperbot_localization.egg-info/SOURCES.txt'
[0.561s] writing manifest file 'bumperbot_localization.egg-info/SOURCES.txt'
[0.561s] [100%] Built target ament_cmake_python_build_bumperbot_localization_egg
[0.574s] Invoked command in '/home/ductrung/bumperbot_ws/build/bumperbot_localization' returned '0': CMAKE_PREFIX_PATH=${CMAKE_PREFIX_PATH}:/opt/ros/humble /usr/bin/cmake --build /home/ductrung/bumperbot_ws/build/bumperbot_localization -- -j4 -l4
[0.666s] Invoking command in '/home/ductrung/bumperbot_ws/build/bumperbot_localization': CMAKE_PREFIX_PATH=${CMAKE_PREFIX_PATH}:/opt/ros/humble /usr/bin/cmake --install /home/ductrung/bumperbot_ws/build/bumperbot_localization
[0.681s] -- Install configuration: ""
[0.682s] -- Up-to-date: /home/ductrung/bumperbot_ws/install/bumperbot_localization/share/bumperbot_localization/environment/pythonpath.sh
[0.682s] -- Up-to-date: /home/ductrung/bumperbot_ws/install/bumperbot_localization/share/bumperbot_localization/environment/pythonpath.dsv
[0.682s] -- Up-to-date: /home/ductrung/bumperbot_ws/install/bumperbot_localization/local/lib/python3.10/dist-packages/bumperbot_localization-0.0.0-py3.10.egg-info
[0.682s] -- Installing: /home/ductrung/bumperbot_ws/install/bumperbot_localization/local/lib/python3.10/dist-packages/bumperbot_localization-0.0.0-py3.10.egg-info/dependency_links.txt
[0.682s] -- Installing: /home/ductrung/bumperbot_ws/install/bumperbot_localization/local/lib/python3.10/dist-packages/bumperbot_localization-0.0.0-py3.10.egg-info/top_level.txt
[0.682s] -- Installing: /home/ductrung/bumperbot_ws/install/bumperbot_localization/local/lib/python3.10/dist-packages/bumperbot_localization-0.0.0-py3.10.egg-info/SOURCES.txt
[0.682s] -- Installing: /home/ductrung/bumperbot_ws/install/bumperbot_localization/local/lib/python3.10/dist-packages/bumperbot_localization-0.0.0-py3.10.egg-info/PKG-INFO
[0.683s] -- Up-to-date: /home/ductrung/bumperbot_ws/install/bumperbot_localization/local/lib/python3.10/dist-packages/bumperbot_localization
[0.683s] -- Up-to-date: /home/ductrung/bumperbot_ws/install/bumperbot_localization/local/lib/python3.10/dist-packages/bumperbot_localization/kalman_filter.py
[0.683s] -- Up-to-date: /home/ductrung/bumperbot_ws/install/bumperbot_localization/local/lib/python3.10/dist-packages/bumperbot_localization/__init__.py
[0.683s] -- Up-to-date: /home/ductrung/bumperbot_ws/install/bumperbot_localization/local/lib/python3.10/dist-packages/bumperbot_localization/imu_republisher.py
[0.683s] -- Up-to-date: /home/ductrung/bumperbot_ws/install/bumperbot_localization/local/lib/python3.10/dist-packages/bumperbot_localization/odometry_motion_model.py
[0.718s] Listing '/home/ductrung/bumperbot_ws/install/bumperbot_localization/local/lib/python3.10/dist-packages/bumperbot_localization'...
[0.721s] -- Up-to-date: /home/ductrung/bumperbot_ws/install/bumperbot_localization/include/include
[0.721s] -- Up-to-date: /home/ductrung/bumperbot_ws/install/bumperbot_localization/include/include/bumperbot_localization
[0.721s] -- Up-to-date: /home/ductrung/bumperbot_ws/install/bumperbot_localization/include/include/bumperbot_localization/kalman_filter.hpp
[0.721s] -- Up-to-date: /home/ductrung/bumperbot_ws/install/bumperbot_localization/lib/bumperbot_localization/kalman_filter
[0.722s] -- Up-to-date: /home/ductrung/bumperbot_ws/install/bumperbot_localization/lib/bumperbot_localization/imu_republisher
[0.722s] -- Up-to-date: /home/ductrung/bumperbot_ws/install/bumperbot_localization/share/bumperbot_localization/launch
[0.722s] -- Up-to-date: /home/ductrung/bumperbot_ws/install/bumperbot_localization/share/bumperbot_localization/launch/local_localization.launch.py
[0.722s] -- Up-to-date: /home/ductrung/bumperbot_ws/install/bumperbot_localization/share/bumperbot_localization/config
[0.722s] -- Up-to-date: /home/ductrung/bumperbot_ws/install/bumperbot_localization/share/bumperbot_localization/config/ekf.yaml
[0.722s] -- Up-to-date: /home/ductrung/bumperbot_ws/install/bumperbot_localization/lib/bumperbot_localization/kalman_filter.py
[0.722s] -- Up-to-date: /home/ductrung/bumperbot_ws/install/bumperbot_localization/lib/bumperbot_localization/imu_republisher.py
[0.722s] -- Up-to-date: /home/ductrung/bumperbot_ws/install/bumperbot_localization/lib/bumperbot_localization/odometry_motion_model.py
[0.722s] -- Up-to-date: /home/ductrung/bumperbot_ws/install/bumperbot_localization/share/ament_index/resource_index/package_run_dependencies/bumperbot_localization
[0.723s] -- Up-to-date: /home/ductrung/bumperbot_ws/install/bumperbot_localization/share/ament_index/resource_index/parent_prefix_path/bumperbot_localization
[0.723s] -- Up-to-date: /home/ductrung/bumperbot_ws/install/bumperbot_localization/share/bumperbot_localization/environment/ament_prefix_path.sh
[0.723s] -- Up-to-date: /home/ductrung/bumperbot_ws/install/bumperbot_localization/share/bumperbot_localization/environment/ament_prefix_path.dsv
[0.723s] -- Up-to-date: /home/ductrung/bumperbot_ws/install/bumperbot_localization/share/bumperbot_localization/environment/path.sh
[0.723s] -- Up-to-date: /home/ductrung/bumperbot_ws/install/bumperbot_localization/share/bumperbot_localization/environment/path.dsv
[0.723s] -- Up-to-date: /home/ductrung/bumperbot_ws/install/bumperbot_localization/share/bumperbot_localization/local_setup.bash
[0.723s] -- Up-to-date: /home/ductrung/bumperbot_ws/install/bumperbot_localization/share/bumperbot_localization/local_setup.sh
[0.723s] -- Up-to-date: /home/ductrung/bumperbot_ws/install/bumperbot_localization/share/bumperbot_localization/local_setup.zsh
[0.723s] -- Up-to-date: /home/ductrung/bumperbot_ws/install/bumperbot_localization/share/bumperbot_localization/local_setup.dsv
[0.723s] -- Installing: /home/ductrung/bumperbot_ws/install/bumperbot_localization/share/bumperbot_localization/package.dsv
[0.723s] -- Up-to-date: /home/ductrung/bumperbot_ws/install/bumperbot_localization/share/ament_index/resource_index/packages/bumperbot_localization
[0.723s] -- Up-to-date: /home/ductrung/bumperbot_ws/install/bumperbot_localization/share/bumperbot_localization/cmake/bumperbot_localizationConfig.cmake
[0.723s] -- Up-to-date: /home/ductrung/bumperbot_ws/install/bumperbot_localization/share/bumperbot_localization/cmake/bumperbot_localizationConfig-version.cmake
[0.723s] -- Up-to-date: /home/ductrung/bumperbot_ws/install/bumperbot_localization/share/bumperbot_localization/package.xml
[0.729s] Invoked command in '/home/ductrung/bumperbot_ws/build/bumperbot_localization' returned '0': CMAKE_PREFIX_PATH=${CMAKE_PREFIX_PATH}:/opt/ros/humble /usr/bin/cmake --install /home/ductrung/bumperbot_ws/build/bumperbot_localization
