[0.023s] Invoking command in '/home/ductrung/bumperbot_ws/build/bumperbot_utils': CMAKE_PREFIX_PATH=${CMAKE_PREFIX_PATH}:/opt/ros/humble /usr/bin/cmake --build /home/ductrung/bumperbot_ws/build/bumperbot_utils -- -j4 -l4
[0.303s] Built target ament_cmake_python_copy_bumperbot_utils
[0.881s] running egg_info
[0.895s] writing bumperbot_utils.egg-info/PKG-INFO
[0.896s] writing dependency_links to bumperbot_utils.egg-info/dependency_links.txt
[0.897s] writing top-level names to bumperbot_utils.egg-info/top_level.txt
[0.911s] reading manifest file 'bumperbot_utils.egg-info/SOURCES.txt'
[0.913s] writing manifest file 'bumperbot_utils.egg-info/SOURCES.txt'
[1.012s] Built target ament_cmake_python_build_bumperbot_utils_egg
[1.084s] Invoked command in '/home/ductrung/bumperbot_ws/build/bumperbot_utils' returned '0': CMAKE_PREFIX_PATH=${CMAKE_PREFIX_PATH}:/opt/ros/humble /usr/bin/cmake --build /home/ductrung/bumperbot_ws/build/bumperbot_utils -- -j4 -l4
[1.664s] Invoking command in '/home/ductrung/bumperbot_ws/build/bumperbot_utils': CMAKE_PREFIX_PATH=${CMAKE_PREFIX_PATH}:/opt/ros/humble /usr/bin/cmake --install /home/ductrung/bumperbot_ws/build/bumperbot_utils
[1.667s] -- Install configuration: ""
[1.668s] -- Up-to-date: /home/ductrung/bumperbot_ws/install/bumperbot_utils/share/bumperbot_utils/environment/pythonpath.sh
[1.671s] -- Up-to-date: /home/ductrung/bumperbot_ws/install/bumperbot_utils/share/bumperbot_utils/environment/pythonpath.dsv
[1.671s] -- Up-to-date: /home/ductrung/bumperbot_ws/install/bumperbot_utils/local/lib/python3.10/dist-packages/bumperbot_utils-0.0.0-py3.10.egg-info
[1.672s] -- Installing: /home/ductrung/bumperbot_ws/install/bumperbot_utils/local/lib/python3.10/dist-packages/bumperbot_utils-0.0.0-py3.10.egg-info/dependency_links.txt
[1.672s] -- Installing: /home/ductrung/bumperbot_ws/install/bumperbot_utils/local/lib/python3.10/dist-packages/bumperbot_utils-0.0.0-py3.10.egg-info/top_level.txt
[1.672s] -- Installing: /home/ductrung/bumperbot_ws/install/bumperbot_utils/local/lib/python3.10/dist-packages/bumperbot_utils-0.0.0-py3.10.egg-info/SOURCES.txt
[1.672s] -- Installing: /home/ductrung/bumperbot_ws/install/bumperbot_utils/local/lib/python3.10/dist-packages/bumperbot_utils-0.0.0-py3.10.egg-info/PKG-INFO
[1.673s] -- Up-to-date: /home/ductrung/bumperbot_ws/install/bumperbot_utils/local/lib/python3.10/dist-packages/bumperbot_utils
[1.673s] -- Up-to-date: /home/ductrung/bumperbot_ws/install/bumperbot_utils/local/lib/python3.10/dist-packages/bumperbot_utils/__init__.py
[1.673s] -- Up-to-date: /home/ductrung/bumperbot_ws/install/bumperbot_utils/local/lib/python3.10/dist-packages/bumperbot_utils/safety_stop.py
[1.761s] Listing '/home/ductrung/bumperbot_ws/install/bumperbot_utils/local/lib/python3.10/dist-packages/bumperbot_utils'...
[1.767s] -- Up-to-date: /home/ductrung/bumperbot_ws/install/bumperbot_utils/lib/bumperbot_utils/safety_stop.py
[1.767s] -- Up-to-date: /home/ductrung/bumperbot_ws/install/bumperbot_utils/share/ament_index/resource_index/package_run_dependencies/bumperbot_utils
[1.767s] -- Up-to-date: /home/ductrung/bumperbot_ws/install/bumperbot_utils/share/ament_index/resource_index/parent_prefix_path/bumperbot_utils
[1.767s] -- Up-to-date: /home/ductrung/bumperbot_ws/install/bumperbot_utils/share/bumperbot_utils/environment/ament_prefix_path.sh
[1.767s] -- Up-to-date: /home/ductrung/bumperbot_ws/install/bumperbot_utils/share/bumperbot_utils/environment/ament_prefix_path.dsv
[1.767s] -- Up-to-date: /home/ductrung/bumperbot_ws/install/bumperbot_utils/share/bumperbot_utils/environment/path.sh
[1.767s] -- Up-to-date: /home/ductrung/bumperbot_ws/install/bumperbot_utils/share/bumperbot_utils/environment/path.dsv
[1.767s] -- Up-to-date: /home/ductrung/bumperbot_ws/install/bumperbot_utils/share/bumperbot_utils/local_setup.bash
[1.767s] -- Up-to-date: /home/ductrung/bumperbot_ws/install/bumperbot_utils/share/bumperbot_utils/local_setup.sh
[1.767s] -- Up-to-date: /home/ductrung/bumperbot_ws/install/bumperbot_utils/share/bumperbot_utils/local_setup.zsh
[1.767s] -- Up-to-date: /home/ductrung/bumperbot_ws/install/bumperbot_utils/share/bumperbot_utils/local_setup.dsv
[1.767s] -- Installing: /home/ductrung/bumperbot_ws/install/bumperbot_utils/share/bumperbot_utils/package.dsv
[1.767s] -- Up-to-date: /home/ductrung/bumperbot_ws/install/bumperbot_utils/share/ament_index/resource_index/packages/bumperbot_utils
[1.767s] -- Up-to-date: /home/ductrung/bumperbot_ws/install/bumperbot_utils/share/bumperbot_utils/cmake/bumperbot_utilsConfig.cmake
[1.768s] -- Up-to-date: /home/ductrung/bumperbot_ws/install/bumperbot_utils/share/bumperbot_utils/cmake/bumperbot_utilsConfig-version.cmake
[1.768s] -- Up-to-date: /home/ductrung/bumperbot_ws/install/bumperbot_utils/share/bumperbot_utils/package.xml
[1.768s] Invoked command in '/home/ductrung/bumperbot_ws/build/bumperbot_utils' returned '0': CMAKE_PREFIX_PATH=${CMAKE_PREFIX_PATH}:/opt/ros/humble /usr/bin/cmake --install /home/ductrung/bumperbot_ws/build/bumperbot_utils
