[0.000s] Invoking command in '/home/ductrung/bumperbot_ws/build/navigation': /usr/bin/cmake /home/ductrung/bumperbot_ws/src/navigation/navigation -DCATKIN_INSTALL_INTO_PREFIX_ROOT=0 -DCMAKE_INSTALL_PREFIX=/home/ductrung/bumperbot_ws/install/navigation
[0.001s] -- Found ament_cmake: 1.3.10 (/opt/ros/humble/share/ament_cmake/cmake)
[0.141s] -- Found rclcpp: 16.0.10 (/opt/ros/humble/share/rclcpp/cmake)
[0.141s] [33mCMake Warning (dev) at /opt/ros/humble/share/ament_cmake_core/cmake/core/list_append_unique.cmake:30 (if):
[0.142s]   Policy CMP0057 is not set: Support new IN_LIST if() operator.  Run "cmake
[0.142s]   --help-policy CMP0057" for policy details.  Use the cmake_policy command to
[0.142s]   set the policy and suppress this warning.
[0.142s] 
[0.142s]   IN_LIST will be interpreted as an operator when the policy is set to NEW.
[0.142s]   Since the policy is not set the OLD behavior will be used.
[0.142s] Call Stack (most recent call first):
[0.142s]   /opt/ros/humble/share/rclcpp/cmake/ament_cmake_export_dependencies-extras.cmake:34 (list_append_unique)
[0.142s]   /opt/ros/humble/share/rclcpp/cmake/rclcppConfig.cmake:41 (include)
[0.142s]   CMakeLists.txt:11 (find_package)
[0.142s] This warning is for project developers.  Use -Wno-dev to suppress it.
[0.142s] [0m
[0.142s] [31mCMake Error at /opt/ros/humble/share/ament_cmake_core/cmake/core/list_append_unique.cmake:30 (if):
[0.142s]   if given arguments:
[0.143s] 
[0.143s]     "NOT" "element" "IN_LIST" "rclcpp_INCLUDE_DIRS"
[0.143s] 
[0.143s]   Unknown arguments specified
[0.143s] Call Stack (most recent call first):
[0.143s]   /opt/ros/humble/share/rclcpp/cmake/ament_cmake_export_dependencies-extras.cmake:34 (list_append_unique)
[0.143s]   /opt/ros/humble/share/rclcpp/cmake/rclcppConfig.cmake:41 (include)
[0.143s]   CMakeLists.txt:11 (find_package)
[0.143s] 
[0.143s] [0m
[0.143s] -- Configuring incomplete, errors occurred!
[0.145s] See also "/home/ductrung/bumperbot_ws/build/navigation/CMakeFiles/CMakeOutput.log".
[0.158s] Invoked command in '/home/ductrung/bumperbot_ws/build/navigation' returned '1': /usr/bin/cmake /home/ductrung/bumperbot_ws/src/navigation/navigation -DCATKIN_INSTALL_INTO_PREFIX_ROOT=0 -DCMAKE_INSTALL_PREFIX=/home/ductrung/bumperbot_ws/install/navigation
